Mplus VERSION 8.1
MUTHEN & MUTHEN
01/05/2019   2:50 PM

INPUT INSTRUCTIONS

  TITLE:   Multilevel CFA - Dichotomous Car Pride Scale
           !Strong factorial invariance model

  DATA:	
  	FILE IS CarPrideItems.txt;

  VARIABLE:	
  	NAMES ARE
  	R_ID iso_num
  	q14A	q14B	q14C	q14D	q14E	
  	q14F	q14G	q14H	q14I	q14J	
  	q14K	q14L	q15A	q15B	q15C	
  	q15D	q15E	q15F;

    USEVARIABLES ARE
     	iso_num
      	q14A q14B q14F q14K
      	q15A q15B q15C q15D q15F;

    CATEGORICAL ARE
          q14A q14B q14F q14K	
      	q15A q15B q15C q15D q15F;
    WITHIN = ;
    BETWEEN = ;

    CLUSTER = iso_num;
    IDVARIABLE = R_ID;	
    MISSING = ALL (-9999);

  ANALYSIS:
      TYPE = TWOLEVEL;
      ESTIMATOR = WLSM;
      PROCESSORS = 4;

  MODEL:
      %WITHIN%
      CarPr_Id BY q14A@1
      	   q14B (f2)
      	   q14F (f3)
      	   q14K (f4)
      	   q15A (f5)
      	   q15B (f6)
      	   q15C (f7)
      	   q15D (f8)
      	   q15F (f9);
      CarPr_Id*;

      %BETWEEN%
      CarPr_Co BY q14A@1
              q14B (f2)
              q14F (f3)
              q14K (f4)
              q15A (f5)
              q15B (f6)
              q15C (f7)
              q15D (f8)
              q15F (f9);
      CarPr_CO*;
      q14A@0;
      q14B@0;
      q14F@0;
      q14K@0;
      q15A@0;
      q15B@0;
      q15C@0;
      q15D@0;
      q15F@0;

  OUTPUT:
      SVALUES STANDARDIZED;



INPUT READING TERMINATED NORMALLY



Multilevel CFA - Dichotomous Car Pride Scale

SUMMARY OF ANALYSIS

Number of groups                                                 1
Number of observations                                       41932

Number of dependent variables                                    9
Number of independent variables                                  0
Number of continuous latent variables                            2

Observed dependent variables

  Binary and ordered categorical (ordinal)
   Q14A        Q14B        Q14F        Q14K        Q15A        Q15B
   Q15C        Q15D        Q15F

Continuous latent variables
   CARPR_ID    CARPR_CO

Variables with special functions

  Cluster variable      ISO_NUM
  ID variable           R_ID

Estimator                                                     WLSM
Optimization Specifications for the Quasi-Newton Algorithm for
Continuous Outcomes
  Maximum number of iterations                                1000
  Convergence criterion                                  0.100D-05
Optimization Specifications for the EM Algorithm
  Maximum number of iterations                                 500
  Convergence criteria
    Loglikelihood change                                 0.100D-02
    Relative loglikelihood change                        0.100D-05
    Derivative                                           0.100D-02
Optimization Specifications for the M step of the EM Algorithm for
Categorical Latent variables
  Number of M step iterations                                    1
  M step convergence criterion                           0.100D-02
  Basis for M step termination                           ITERATION
Optimization Specifications for the M step of the EM Algorithm for
Censored, Binary or Ordered Categorical (Ordinal), Unordered
Categorical (Nominal) and Count Outcomes
  Number of M step iterations                                    1
  M step convergence criterion                           0.100D-02
  Basis for M step termination                           ITERATION
  Maximum value for logit thresholds                            10
  Minimum value for logit thresholds                           -10
  Minimum expected cell size for chi-square              0.100D-01
Maximum number of iterations for H1                           2000
Convergence criterion for H1                             0.100D-03
Optimization algorithm                                          FS
Integration Specifications
  Type                                                    STANDARD
  Number of integration points                                   7
  Dimensions of numerical integration                            2
  Adaptive quadrature                                           ON
Link                                                        PROBIT
Cholesky                                                        ON

Input data file(s)
  CarPrideItems.txt
Input data format  FREE


SUMMARY OF DATA

     Number of clusters                         51

     Average cluster size      822.196

     Estimated Intraclass Correlations for the Y Variables

                Intraclass              Intraclass              Intraclass
     Variable  Correlation   Variable  Correlation   Variable  Correlation

     Q14A         0.046      Q14B         0.038      Q14F         0.050
     Q14K         0.022      Q15A         0.031      Q15B         0.059
     Q15C         0.072      Q15D         0.086      Q15F         0.032



COVARIANCE COVERAGE OF DATA

Minimum covariance coverage value   0.100


UNIVARIATE PROPORTIONS AND COUNTS FOR CATEGORICAL VARIABLES

    Q14A
      Category 1    0.895        37543.000
      Category 2    0.105         4389.000
    Q14B
      Category 1    0.898        37640.000
      Category 2    0.102         4292.000
    Q14F
      Category 1    0.947        39709.000
      Category 2    0.053         2223.000
    Q14K
      Category 1    0.966        40521.000
      Category 2    0.034         1411.000
    Q15A
      Category 1    0.862        36154.000
      Category 2    0.138         5778.000
    Q15B
      Category 1    0.754        31608.000
      Category 2    0.246        10324.000
    Q15C
      Category 1    0.799        33505.000
      Category 2    0.201         8427.000
    Q15D
      Category 1    0.792        33231.000
      Category 2    0.208         8701.000
    Q15F
      Category 1    0.878        36825.000
      Category 2    0.122         5107.000



THE MODEL ESTIMATION TERMINATED NORMALLY



MODEL FIT INFORMATION

Number of Free Parameters                       19

Chi-Square Test of Model Fit

          Value                           1731.651*
          Degrees of Freedom                    71
          P-Value                           0.0000
          Scaling Correction Factor         0.6686
            for WLSM

*   The chi-square value for MLM, MLMV, MLR, ULSMV, WLSM and WLSMV cannot be used
    for chi-square difference testing in the regular way.  MLM, MLR and WLSM
    chi-square difference testing is described on the Mplus website.  MLMV, WLSMV,
    and ULSMV difference testing is done using the DIFFTEST option.

RMSEA (Root Mean Square Error Of Approximation)

          Estimate                           0.024

CFI/TLI

          CFI                                0.981
          TLI                                0.981

Chi-Square Test of Model Fit for the Baseline Model

          Value                          89261.874
          Degrees of Freedom                    72
          P-Value                           0.0000

SRMR (Standardized Root Mean Square Residual)

          Value for Within                   0.049
          Value for Between                  0.404



MODEL RESULTS

                                                    Two-Tailed
                    Estimate       S.E.  Est./S.E.    P-Value

Within Level

 CARPR_ID BY
    Q14A               1.000      0.000    999.000    999.000
    Q14B               0.863      0.026     33.020      0.000
    Q14F               0.752      0.015     48.563      0.000
    Q14K               0.439      0.012     36.641      0.000
    Q15A               0.746      0.014     52.792      0.000
    Q15B               0.534      0.012     45.961      0.000
    Q15C               0.472      0.007     63.921      0.000
    Q15D               0.429      0.008     51.183      0.000
    Q15F               0.646      0.015     43.713      0.000

 Variances
    CARPR_ID           1.765      0.054     32.633      0.000

Between Level

 CARPR_CO BY
    Q14A               1.000      0.000    999.000    999.000
    Q14B               0.863      0.026     33.020      0.000
    Q14F               0.752      0.015     48.563      0.000
    Q14K               0.439      0.012     36.641      0.000
    Q15A               0.746      0.014     52.792      0.000
    Q15B               0.534      0.012     45.961      0.000
    Q15C               0.472      0.007     63.921      0.000
    Q15D               0.429      0.008     51.183      0.000
    Q15F               0.646      0.015     43.713      0.000

 Thresholds
    Q14A$1             2.095      0.067     31.368      0.000
    Q14B$1             1.963      0.033     59.207      0.000
    Q14F$1             2.329      0.054     42.844      0.000
    Q14K$1             2.144      0.037     57.431      0.000
    Q15A$1             1.542      0.041     37.814      0.000
    Q15B$1             0.876      0.045     19.428      0.000
    Q15C$1             1.013      0.048     20.939      0.000
    Q15D$1             0.955      0.053     18.045      0.000
    Q15F$1             1.541      0.033     46.395      0.000

 Variances
    CARPR_CO           0.109      0.021      5.092      0.000

 Residual Variances
    Q14A               0.000      0.000    999.000    999.000
    Q14B               0.000      0.000    999.000    999.000
    Q14F               0.000      0.000    999.000    999.000
    Q14K               0.000      0.000    999.000    999.000
    Q15A               0.000      0.000    999.000    999.000
    Q15B               0.000      0.000    999.000    999.000
    Q15C               0.000      0.000    999.000    999.000
    Q15D               0.000      0.000    999.000    999.000
    Q15F               0.000      0.000    999.000    999.000


STANDARDIZED MODEL RESULTS


STDYX Standardization

                                                    Two-Tailed
                    Estimate       S.E.  Est./S.E.    P-Value

Within Level

 CARPR_ID BY
    Q14A               0.799      0.004    180.475      0.000
    Q14B               0.753      0.008     92.439      0.000
    Q14F               0.707      0.007    102.447      0.000
    Q14K               0.504      0.010     52.743      0.000
    Q15A               0.704      0.005    141.155      0.000
    Q15B               0.578      0.006    103.908      0.000
    Q15C               0.531      0.006     92.218      0.000
    Q15D               0.495      0.007     72.604      0.000
    Q15F               0.651      0.006    106.579      0.000

 Variances
    CARPR_ID           1.000      0.000    999.000    999.000

Between Level

 CARPR_CO BY
    Q14A               1.000      0.000    999.000    999.000
    Q14B               1.000      0.000    999.000    999.000
    Q14F               1.000      0.000    999.000    999.000
    Q14K               1.000      0.000    999.000    999.000
    Q15A               1.000      0.000    999.000    999.000
    Q15B               1.000      0.000  *********      0.000
    Q15C               1.000      0.000  *********      0.000
    Q15D               1.000      0.000  *********      0.000
    Q15F               1.000      0.000    999.000    999.000

 Thresholds
    Q14A$1             1.260      0.035     36.420      0.000
    Q14B$1             1.290      0.031     41.891      0.000
    Q14F$1             1.647      0.035     46.513      0.000
    Q14K$1             1.852      0.029     63.383      0.000
    Q15A$1             1.095      0.027     40.172      0.000
    Q15B$1             0.714      0.036     19.927      0.000
    Q15C$1             0.858      0.040     21.551      0.000
    Q15D$1             0.830      0.044     19.011      0.000
    Q15F$1             1.169      0.029     40.999      0.000

 Variances
    CARPR_CO           1.000      0.000    999.000    999.000

 Residual Variances
    Q14A               0.000    999.000    999.000    999.000
    Q14B               0.000    999.000    999.000    999.000
    Q14F               0.000    999.000    999.000    999.000
    Q14K               0.000    999.000    999.000    999.000
    Q15A               0.000    999.000    999.000    999.000
    Q15B               0.000    999.000    999.000    999.000
    Q15C               0.000    999.000    999.000    999.000
    Q15D               0.000    999.000    999.000    999.000
    Q15F               0.000    999.000    999.000    999.000


STDY Standardization

                                                    Two-Tailed
                    Estimate       S.E.  Est./S.E.    P-Value

Within Level

 CARPR_ID BY
    Q14A               0.799      0.004    180.475      0.000
    Q14B               0.753      0.008     92.439      0.000
    Q14F               0.707      0.007    102.447      0.000
    Q14K               0.504      0.010     52.743      0.000
    Q15A               0.704      0.005    141.155      0.000
    Q15B               0.578      0.006    103.908      0.000
    Q15C               0.531      0.006     92.218      0.000
    Q15D               0.495      0.007     72.604      0.000
    Q15F               0.651      0.006    106.579      0.000

 Variances
    CARPR_ID           1.000      0.000    999.000    999.000

Between Level

 CARPR_CO BY
    Q14A               1.000      0.000    999.000    999.000
    Q14B               1.000      0.000    999.000    999.000
    Q14F               1.000      0.000    999.000    999.000
    Q14K               1.000      0.000    999.000    999.000
    Q15A               1.000      0.000    999.000    999.000
    Q15B               1.000      0.000  *********      0.000
    Q15C               1.000      0.000  *********      0.000
    Q15D               1.000      0.000  *********      0.000
    Q15F               1.000      0.000    999.000    999.000

 Thresholds
    Q14A$1             1.260      0.035     36.420      0.000
    Q14B$1             1.290      0.031     41.891      0.000
    Q14F$1             1.647      0.035     46.513      0.000
    Q14K$1             1.852      0.029     63.383      0.000
    Q15A$1             1.095      0.027     40.172      0.000
    Q15B$1             0.714      0.036     19.927      0.000
    Q15C$1             0.858      0.040     21.551      0.000
    Q15D$1             0.830      0.044     19.011      0.000
    Q15F$1             1.169      0.029     40.999      0.000

 Variances
    CARPR_CO           1.000      0.000    999.000    999.000

 Residual Variances
    Q14A             999.000    999.000    999.000    999.000
    Q14B             999.000    999.000    999.000    999.000
    Q14F             999.000    999.000    999.000    999.000
    Q14K             999.000    999.000    999.000    999.000
    Q15A             999.000    999.000    999.000    999.000
    Q15B             999.000    999.000    999.000    999.000
    Q15C             999.000    999.000    999.000    999.000
    Q15D             999.000    999.000    999.000    999.000
    Q15F             999.000    999.000    999.000    999.000


STD Standardization

                                                    Two-Tailed
                    Estimate       S.E.  Est./S.E.    P-Value

Within Level

 CARPR_ID BY
    Q14A               1.329      0.020     65.266      0.000
    Q14B               1.146      0.029     39.961      0.000
    Q14F               1.000      0.020     51.242      0.000
    Q14K               0.583      0.015     39.350      0.000
    Q15A               0.991      0.014     71.245      0.000
    Q15B               0.709      0.010     69.136      0.000
    Q15C               0.627      0.009     66.218      0.000
    Q15D               0.570      0.010     54.813      0.000
    Q15F               0.859      0.014     61.352      0.000

 Variances
    CARPR_ID           1.000      0.000    999.000    999.000

Between Level

 CARPR_CO BY
    Q14A               0.330      0.032     10.185      0.000
    Q14B               0.285      0.029      9.962      0.000
    Q14F               0.248      0.025      9.845      0.000
    Q14K               0.145      0.015      9.793      0.000
    Q15A               0.246      0.025      9.818      0.000
    Q15B               0.176      0.017     10.074      0.000
    Q15C               0.156      0.016     10.003      0.000
    Q15D               0.142      0.015      9.758      0.000
    Q15F               0.213      0.021     10.045      0.000

 Thresholds
    Q14A$1             2.095      0.067     31.368      0.000
    Q14B$1             1.963      0.033     59.207      0.000
    Q14F$1             2.329      0.054     42.844      0.000
    Q14K$1             2.144      0.037     57.431      0.000
    Q15A$1             1.542      0.041     37.814      0.000
    Q15B$1             0.876      0.045     19.428      0.000
    Q15C$1             1.013      0.048     20.939      0.000
    Q15D$1             0.955      0.053     18.045      0.000
    Q15F$1             1.541      0.033     46.395      0.000

 Variances
    CARPR_CO           1.000      0.000    999.000    999.000

 Residual Variances
    Q14A             999.000    999.000    999.000    999.000
    Q14B             999.000    999.000    999.000    999.000
    Q14F             999.000    999.000    999.000    999.000
    Q14K             999.000    999.000    999.000    999.000
    Q15A             999.000    999.000    999.000    999.000
    Q15B             999.000    999.000    999.000    999.000
    Q15C             999.000    999.000    999.000    999.000
    Q15D             999.000    999.000    999.000    999.000
    Q15F             999.000    999.000    999.000    999.000


R-SQUARE

Within Level

    Observed                                        Two-Tailed     Scale
    Variable        Estimate       S.E.  Est./S.E.    P-Value     Factors

    Q14A               0.638      0.007     90.238      0.000      0.601
    Q14B               0.568      0.012     46.219      0.000      0.657
    Q14F               0.500      0.010     51.223      0.000      0.707
    Q14K               0.254      0.010     26.372      0.000      0.864
    Q15A               0.495      0.007     70.577      0.000      0.710
    Q15B               0.335      0.006     51.954      0.000      0.816
    Q15C               0.282      0.006     46.109      0.000      0.847
    Q15D               0.245      0.007     36.302      0.000      0.869
    Q15F               0.424      0.008     53.290      0.000      0.759

Between Level

    Observed                                        Two-Tailed
    Variable        Estimate       S.E.  Est./S.E.    P-Value

    Q14A               1.000    999.000    999.000    999.000
    Q14B               1.000    999.000    999.000    999.000
    Q14F               1.000    999.000    999.000    999.000
    Q14K               1.000    999.000    999.000    999.000
    Q15A               1.000    999.000    999.000    999.000
    Q15B               1.000    999.000    999.000    999.000
    Q15C               1.000    999.000    999.000    999.000
    Q15D               1.000    999.000    999.000    999.000
    Q15F               1.000    999.000    999.000    999.000


QUALITY OF NUMERICAL RESULTS

     Condition Number for the Information Matrix              0.460E-02
       (ratio of smallest to largest eigenvalue)


MODEL COMMAND WITH FINAL ESTIMATES USED AS STARTING VALUES

     %WITHIN%

     carpr_id BY q14a@1;
     carpr_id BY q14b*0.86253 (f2);
     carpr_id BY q14f*0.75239 (f3);
     carpr_id BY q14k*0.43911 (f4);
     carpr_id BY q15a*0.74558 (f5);
     carpr_id BY q15b*0.53377 (f6);
     carpr_id BY q15c*0.47163 (f7);
     carpr_id BY q15d*0.42880 (f8);
     carpr_id BY q15f*0.64624 (f9);

     carpr_id*1.76521;

     %BETWEEN%

     carpr_co BY q14a@1;
     carpr_co BY q14b*0.86253 (f2);
     carpr_co BY q14f*0.75239 (f3);
     carpr_co BY q14k*0.43911 (f4);
     carpr_co BY q15a*0.74558 (f5);
     carpr_co BY q15b*0.53377 (f6);
     carpr_co BY q15c*0.47163 (f7);
     carpr_co BY q15d*0.42880 (f8);
     carpr_co BY q15f*0.64624 (f9);

     [ q14a$1*2.09451 ];
     [ q14b$1*1.96273 ];
     [ q14f$1*2.32931 ];
     [ q14k$1*2.14375 ];
     [ q15a$1*1.54188 ];
     [ q15b$1*0.87571 ];
     [ q15c$1*1.01297 ];
     [ q15d$1*0.95474 ];
     [ q15f$1*1.54104 ];

     q14a@0;
     q14b@0;
     q14f@0;
     q14k@0;
     q15a@0;
     q15b@0;
     q15c@0;
     q15d@0;
     q15f@0;
     carpr_co*0.10896;



DIAGRAM INFORMATION

  Mplus diagrams are currently not available for multilevel analysis.
  No diagram output was produced.


     Beginning Time:  14:50:17
        Ending Time:  14:59:51
       Elapsed Time:  00:09:34



MUTHEN & MUTHEN
3463 Stoner Ave.
Los Angeles, CA  90066

Tel: (310) 391-9971
Fax: (310) 391-8971
Web: www.StatModel.com
Support: Support@StatModel.com

Copyright (c) 1998-2018 Muthen & Muthen
