Mplus VERSION 8.1 (Mac)
MUTHEN & MUTHEN
04/08/2019   1:37 PM

INPUT INSTRUCTIONS

  TITLE: Car Pride by City -- Stong Invariance
  !      (equal factor loadings and intercepts)

    DATA:
    	FILE = 20190407_CarPride_CarUse_SEM.txt;

    VARIABLE:
    	NAMES ARE
    	    R_ID	City	Age	Female	White	
    	    HHPers	HHWkPers	Educ	FullTime	
    	    Student	HHIncome	HHCars	
    	    CarOwner	Avg_VO	License	PTPass	
    	    TT_CAR	TT_PT	PT_AV	CarCost	DriveAlone	
    	    CarAlone_Freq	CarPool_Freq	CarAlone_WB	CarPool_WB	
    	    Q28_2	Q28_3	Q28_4	Q28_5	Q28_6	Q28_8	Q28_9	
    	    Q51_1	Q51_2	Q51_3	Q51_4	Q51_5	Q51_6	
    	    Q31_1	Q31_2	Q31_3	Q31_4	Q31_5	
    	    Q53_5	Q53_6	Q53_7	Q53_8	Q53_9	
    	    Q43_1	Q43_2	Q43_3	Q43_4	Q43_5	Q43_6	Q43_7	Q43_8	
    	    Q54_1	Q54_2	Q54_3	Q54_4	Q54_6	Q54_7	Q54_8	
    	    DW	D;

  	USEVARIABLES ARE
  	    Q28_3 Q28_4 Q28_6 Q51_3	
    	    Q51_4 Q51_5 Q31_1 Q31_2
    	    Q31_3 Q31_4 Q53_6 Q53_9;

           IDVARIABLE IS R_ID;

  	MISSING = ALL (-9999);

           GROUPING = CITY (1 = NYC 2 = HOU);

  ANALYSIS:
  	ESTIMATOR = MLR;
  	TYPE = mgroup;
  	
  MODEL:
    ! Define the latent variable by its indicators
        CarPride BY Q28_3@1 	
        		Q28_4	Q28_6	Q51_3  (l2-l4)
    		Q51_4	Q51_5	Q31_1	Q31_2 (l5-l8)
      		Q31_3	Q31_4	Q53_6	Q53_9 (l9-l12);

        Q28_3 WITH Q28_6;
        Q51_3 WITH Q51_4 Q51_5;
        Q51_4 WITH Q51_5;
        Q31_4 WITH Q31_2;

        [Q28_3  Q28_4  Q28_6  Q51_3] (i1-i4);
        [Q51_4  Q51_5  Q31_1  Q31_2] (i5-i8);
        [Q31_3  Q31_4  Q53_6  Q53_9] (i9-i12);

  !MODEL NYC:
        !CarPride BY Q28_3@1	
        !		Q28_4	Q28_6	Q51_3
        !		Q51_4	Q51_5	Q31_1	Q31_2
        !		Q31_3	Q31_4	Q53_6	Q53_9;

        Q28_3 WITH Q28_6;
        Q51_3 WITH Q51_4 Q51_5;
        Q51_4 WITH Q51_5;
        Q31_4 WITH Q31_2;

        ![Q28_3  Q28_4 Q28_6	Q51_3];
        ![Q51_4  Q51_5 Q31_1	Q31_2];
        ![Q31_3  Q31_4 Q53_6	Q53_9];




*** WARNING
  Data set contains cases with missing on all variables.
  These cases were not included in the analysis.
  Number of cases with missing on all variables:  14
   1 WARNING(S) FOUND IN THE INPUT INSTRUCTIONS



Car Pride by City -- Stong Invariance

SUMMARY OF ANALYSIS

Number of groups                                                 2
Number of observations
   Group NYC                                                   766
   Group HOU                                                   470
   Total sample size                                          1236

Number of dependent variables                                   12
Number of independent variables                                  0
Number of continuous latent variables                            1

Observed dependent variables

  Continuous
   Q28_3       Q28_4       Q28_6       Q51_3       Q51_4       Q51_5
   Q31_1       Q31_2       Q31_3       Q31_4       Q53_6       Q53_9

Continuous latent variables
   CARPRIDE

Variables with special functions

  Grouping variable     CITY
  ID variable           R_ID

Estimator                                                      MLR
Information matrix                                        OBSERVED
Maximum number of iterations                                  1000
Convergence criterion                                    0.500D-04
Maximum number of steepest descent iterations                   20
Maximum number of iterations for H1                           2000
Convergence criterion for H1                             0.100D-03

Input data file(s)
  20190407_CarPride_CarUse_SEM.txt

Input data format  FREE


SUMMARY OF DATA

   Group NYC
     Number of missing data patterns            54

   Group HOU
     Number of missing data patterns            19


COVARIANCE COVERAGE OF DATA

Minimum covariance coverage value   0.100


     PROPORTION OF DATA PRESENT FOR NYC


           Covariance Coverage
              Q28_3         Q28_4         Q28_6         Q51_3         Q51_4
              ________      ________      ________      ________      ________
 Q28_3          0.918
 Q28_4          0.911         0.923
 Q28_6          0.911         0.918         0.932
 Q51_3          0.909         0.913         0.920         0.945
 Q51_4          0.907         0.911         0.919         0.933         0.939
 Q51_5          0.898         0.907         0.911         0.924         0.922
 Q31_1          0.911         0.916         0.924         0.935         0.928
 Q31_2          0.913         0.918         0.926         0.937         0.931
 Q31_3          0.909         0.914         0.920         0.933         0.927
 Q31_4          0.910         0.915         0.920         0.933         0.927
 Q53_6          0.896         0.903         0.910         0.916         0.913
 Q53_9          0.909         0.914         0.922         0.932         0.926


           Covariance Coverage
              Q51_5         Q31_1         Q31_2         Q31_3         Q31_4
              ________      ________      ________      ________      ________
 Q51_5          0.931
 Q31_1          0.919         0.984
 Q31_2          0.922         0.980         0.984
 Q31_3          0.918         0.975         0.977         0.978
 Q31_4          0.918         0.974         0.977         0.975         0.977
 Q53_6          0.906         0.944         0.945         0.944         0.941
 Q53_9          0.916         0.960         0.961         0.960         0.958


           Covariance Coverage
              Q53_6         Q53_9
              ________      ________
 Q53_6          0.952
 Q53_9          0.943         0.967


     PROPORTION OF DATA PRESENT FOR HOU


           Covariance Coverage
              Q28_3         Q28_4         Q28_6         Q51_3         Q51_4
              ________      ________      ________      ________      ________
 Q28_3          0.985
 Q28_4          0.983         0.985
 Q28_6          0.981         0.981         0.983
 Q51_3          0.981         0.979         0.977         0.989
 Q51_4          0.972         0.972         0.968         0.977         0.979
 Q51_5          0.979         0.979         0.977         0.979         0.972
 Q31_1          0.985         0.985         0.983         0.989         0.979
 Q31_2          0.983         0.983         0.981         0.987         0.977
 Q31_3          0.981         0.981         0.979         0.985         0.974
 Q31_4          0.985         0.985         0.983         0.989         0.979
 Q53_6          0.979         0.979         0.977         0.983         0.972
 Q53_9          0.981         0.981         0.979         0.985         0.974


           Covariance Coverage
              Q51_5         Q31_1         Q31_2         Q31_3         Q31_4
              ________      ________      ________      ________      ________
 Q51_5          0.983
 Q31_1          0.983         1.000
 Q31_2          0.981         0.998         0.998
 Q31_3          0.979         0.996         0.994         0.996
 Q31_4          0.983         1.000         0.998         0.996         1.000
 Q53_6          0.977         0.991         0.989         0.987         0.991
 Q53_9          0.979         0.996         0.994         0.991         0.996


           Covariance Coverage
              Q53_6         Q53_9
              ________      ________
 Q53_6          0.991
 Q53_9          0.989         0.996



UNIVARIATE SAMPLE STATISTICS


     UNIVARIATE HIGHER-ORDER MOMENT DESCRIPTIVE STATISTICS FOR NYC

         Variable/         Mean/     Skewness/   Minimum/ % with                Percentiles
        Sample Size      Variance    Kurtosis    Maximum  Min/Max      20%/60%    40%/80%    Median

     Q28_3                 0.785      -0.650      -3.000    7.54%       0.000      0.000      1.000
             703.000       3.144      -0.453       3.000   17.78%       2.000      2.000
     Q28_4                -0.236       0.048      -3.000   19.52%      -2.000     -1.000      0.000
             707.000       3.937      -1.210       3.000   10.33%       0.000      2.000
     Q28_6                 0.440      -0.435      -3.000    9.94%      -1.000      0.000      1.000
             714.000       3.246      -0.705       3.000   13.31%       1.000      2.000
     Q51_3                 0.116      -0.107      -3.000   10.50%      -2.000      0.000      0.000
             724.000       3.398      -0.999       3.000   11.74%       0.000      2.000
     Q51_4                -0.417       0.261      -3.000   19.33%      -2.000     -1.000      0.000
             719.000       3.851      -1.087       3.000   10.85%       0.000      2.000
     Q51_5                -0.355       0.096      -3.000   19.07%      -2.000     -1.000      0.000
             713.000       3.758      -1.210       3.000    8.13%       0.000      2.000
     Q31_1                 0.597      -0.580      -3.000    8.22%      -1.000      0.000      1.000
             754.000       3.095      -0.540       3.000   13.53%       1.000      2.000
     Q31_2                 0.615      -0.572      -3.000    7.69%       0.000      0.000      1.000
             754.000       2.948      -0.456       3.000   12.73%       1.000      2.000
     Q31_3                 0.437      -0.466      -3.000   10.68%      -2.000      0.000      1.000
             749.000       3.389      -0.805       3.000   12.68%       1.000      2.000
     Q31_4                 0.497      -0.474      -3.000    8.02%      -1.000      0.000      1.000
             748.000       2.993      -0.605       3.000   11.63%       1.000      2.000
     Q53_6                 0.808      -0.688      -3.000    7.00%       0.000      1.000      1.000
             729.000       2.888      -0.214       3.000   16.60%       1.000      2.000
     Q53_9                 0.583      -0.585      -3.000    8.64%      -1.000      0.000      1.000
             741.000       3.037      -0.498       3.000   12.42%       1.000      2.000


     UNIVARIATE HIGHER-ORDER MOMENT DESCRIPTIVE STATISTICS FOR HOU

         Variable/         Mean/     Skewness/   Minimum/ % with                Percentiles
        Sample Size      Variance    Kurtosis    Maximum  Min/Max      20%/60%    40%/80%    Median

     Q28_3                 1.140      -0.882      -3.000    4.32%       0.000      1.000      2.000
             463.000       2.401       0.369       3.000   19.44%       2.000      2.000
     Q28_4                -0.302       0.101      -3.000   17.49%      -2.000     -1.000      0.000
             463.000       3.593      -1.039       3.000    9.94%       0.000      1.000
     Q28_6                 0.677      -0.530      -3.000    6.93%       0.000      0.000      1.000
             462.000       2.768      -0.260       3.000   15.37%       1.000      2.000
     Q51_3                -0.206       0.075      -3.000   11.18%      -2.000      0.000      0.000
             465.000       2.861      -0.674       3.000    7.53%       0.000      1.000
     Q51_4                -0.811       0.455      -3.000   21.30%      -3.000     -2.000     -1.000
             460.000       3.097      -0.738       3.000    5.00%       0.000      1.000
     Q51_5                -0.556       0.212      -3.000   18.61%      -2.000     -1.000      0.000
             462.000       3.186      -0.939       3.000    5.41%       0.000      1.000
     Q31_1                 0.762      -0.664      -3.000    5.96%       0.000      1.000      1.000
             470.000       2.633      -0.096       3.000   14.04%       1.000      2.000
     Q31_2                 0.793      -0.541      -3.000    4.69%       0.000      0.000      1.000
             469.000       2.595      -0.268       3.000   15.99%       1.000      2.000
     Q31_3                 0.536      -0.479      -3.000    7.48%      -1.000      0.000      1.000
             468.000       2.984      -0.569       3.000   13.25%       1.000      2.000
     Q31_4                 0.796      -0.569      -3.000    3.83%       0.000      0.000      1.000
             470.000       2.363      -0.142       3.000   12.98%       1.000      2.000
     Q53_6                 1.094      -0.792      -3.000    2.58%       0.000      1.000      1.000
             466.000       2.124       0.409       3.000   17.17%       2.000      2.000
     Q53_9                 0.850      -0.610      -3.000    5.77%       0.000      1.000      1.000
             468.000       2.918      -0.385       3.000   19.44%       2.000      2.000


THE MODEL ESTIMATION TERMINATED NORMALLY



MODEL FIT INFORMATION

Number of Free Parameters                       60

Loglikelihood

          H0 Value                      -23292.487
          H0 Scaling Correction Factor      1.4323
            for MLR
          H1 Value                      -22963.019
          H1 Scaling Correction Factor      1.3752
            for MLR

Information Criteria

          Akaike (AIC)                   46704.974
          Bayesian (BIC)                 47012.152
          Sample-Size Adjusted BIC       46821.566
            (n* = (n + 2) / 24)

Chi-Square Test of Model Fit

          Value                            489.331*
          Degrees of Freedom                   120
          P-Value                           0.0000
          Scaling Correction Factor         1.3466
            for MLR

Chi-Square Contribution From Each Group

          NYC                              289.968
          HOU                              199.363

*   The chi-square value for MLM, MLMV, MLR, ULSMV, WLSM and WLSMV cannot be used
    for chi-square difference testing in the regular way.  MLM, MLR and WLSM
    chi-square difference testing is described on the Mplus website.  MLMV, WLSMV,
    and ULSMV difference testing is done using the DIFFTEST option.

RMSEA (Root Mean Square Error Of Approximation)

          Estimate                           0.071
          90 Percent C.I.                    0.064  0.077
          Probability RMSEA <= .05           0.000

CFI/TLI

          CFI                                0.946
          TLI                                0.940

Chi-Square Test of Model Fit for the Baseline Model

          Value                           6959.479
          Degrees of Freedom                   132
          P-Value                           0.0000

SRMR (Standardized Root Mean Square Residual)

          Value                              0.053



MODEL RESULTS

                                                    Two-Tailed
                    Estimate       S.E.  Est./S.E.    P-Value

Group NYC

 CARPRIDE BY
    Q28_3              1.000      0.000    999.000    999.000
    Q28_4              1.116      0.045     24.647      0.000
    Q28_6              1.012      0.035     28.870      0.000
    Q51_3              1.014      0.043     23.820      0.000
    Q51_4              1.051      0.048     22.004      0.000
    Q51_5              1.094      0.047     23.476      0.000
    Q31_1              1.109      0.049     22.682      0.000
    Q31_2              1.109      0.044     25.111      0.000
    Q31_3              1.122      0.051     22.043      0.000
    Q31_4              1.074      0.047     22.881      0.000
    Q53_6              1.098      0.040     27.577      0.000
    Q53_9              1.096      0.045     24.591      0.000

 Q28_3    WITH
    Q28_6              0.634      0.097      6.526      0.000

 Q51_3    WITH
    Q51_4              0.899      0.094      9.539      0.000
    Q51_5              0.602      0.092      6.551      0.000

 Q51_4    WITH
    Q51_5              1.101      0.105     10.444      0.000

 Q31_4    WITH
    Q31_2              0.375      0.068      5.488      0.000

 Means
    CARPRIDE           0.000      0.000    999.000    999.000

 Intercepts
    Q28_3              0.808      0.061     13.161      0.000
    Q28_4             -0.380      0.067     -5.700      0.000
    Q28_6              0.429      0.061      6.986      0.000
    Q51_3             -0.083      0.063     -1.312      0.189
    Q51_4             -0.645      0.066     -9.799      0.000
    Q51_5             -0.524      0.066     -7.906      0.000
    Q31_1              0.585      0.061      9.607      0.000
    Q31_2              0.606      0.060     10.113      0.000
    Q31_3              0.397      0.063      6.266      0.000
    Q31_4              0.532      0.059      8.949      0.000
    Q53_6              0.822      0.059     13.864      0.000
    Q53_9              0.586      0.061      9.630      0.000

 Variances
    CARPRIDE           1.720      0.141     12.172      0.000

 Residual Variances
    Q28_3              1.398      0.111     12.574      0.000
    Q28_4              1.838      0.133     13.862      0.000
    Q28_6              1.558      0.124     12.516      0.000
    Q51_3              1.604      0.112     14.292      0.000
    Q51_4              1.850      0.110     16.792      0.000
    Q51_5              1.638      0.110     14.833      0.000
    Q31_1              0.995      0.093     10.738      0.000
    Q31_2              0.940      0.082     11.436      0.000
    Q31_3              1.231      0.099     12.426      0.000
    Q31_4              1.031      0.085     12.181      0.000
    Q53_6              0.807      0.069     11.644      0.000
    Q53_9              1.050      0.075     14.087      0.000

Group HOU

 CARPRIDE BY
    Q28_3              1.000      0.000    999.000    999.000
    Q28_4              1.116      0.045     24.647      0.000
    Q28_6              1.012      0.035     28.870      0.000
    Q51_3              1.014      0.043     23.820      0.000
    Q51_4              1.051      0.048     22.004      0.000
    Q51_5              1.094      0.047     23.476      0.000
    Q31_1              1.109      0.049     22.682      0.000
    Q31_2              1.109      0.044     25.111      0.000
    Q31_3              1.122      0.051     22.043      0.000
    Q31_4              1.074      0.047     22.881      0.000
    Q53_6              1.098      0.040     27.577      0.000
    Q53_9              1.096      0.045     24.591      0.000

 Q28_3    WITH
    Q28_6              0.485      0.115      4.213      0.000

 Q51_3    WITH
    Q51_4              1.394      0.144      9.706      0.000
    Q51_5              1.122      0.150      7.464      0.000

 Q51_4    WITH
    Q51_5              1.380      0.142      9.689      0.000

 Q31_4    WITH
    Q31_2              0.337      0.095      3.560      0.000

 Means
    CARPRIDE           0.176      0.074      2.392      0.017

 Intercepts
    Q28_3              0.808      0.061     13.161      0.000
    Q28_4             -0.380      0.067     -5.700      0.000
    Q28_6              0.429      0.061      6.986      0.000
    Q51_3             -0.083      0.063     -1.312      0.189
    Q51_4             -0.645      0.066     -9.799      0.000
    Q51_5             -0.524      0.066     -7.906      0.000
    Q31_1              0.585      0.061      9.607      0.000
    Q31_2              0.606      0.060     10.113      0.000
    Q31_3              0.397      0.063      6.266      0.000
    Q31_4              0.532      0.059      8.949      0.000
    Q53_6              0.822      0.059     13.864      0.000
    Q53_9              0.586      0.061      9.630      0.000

 Variances
    CARPRIDE           1.161      0.110     10.542      0.000

 Residual Variances
    Q28_3              1.419      0.131     10.868      0.000
    Q28_4              2.176      0.167     13.005      0.000
    Q28_6              1.560      0.163      9.567      0.000
    Q51_3              1.921      0.160     11.973      0.000
    Q51_4              2.185      0.152     14.372      0.000
    Q51_5              2.041      0.148     13.790      0.000
    Q31_1              1.156      0.115     10.037      0.000
    Q31_2              0.997      0.101      9.878      0.000
    Q31_3              1.499      0.161      9.339      0.000
    Q31_4              1.043      0.100     10.463      0.000
    Q53_6              0.761      0.069     10.971      0.000
    Q53_9              1.425      0.117     12.132      0.000


QUALITY OF NUMERICAL RESULTS

     Condition Number for the Information Matrix              0.482E-02
       (ratio of smallest to largest eigenvalue)


DIAGRAM INFORMATION

  Use View Diagram under the Diagram menu in the Mplus Editor to view the diagram.
  If running Mplus from the Mplus Diagrammer, the diagram opens automatically.

  Diagram output
    /Users/jcmoody/Dropbox (MIT)/Joanna_Jinhua/Papers/CarPride_Validation_CarOwn/Analysis/20190217_MGFA/CarPride_MGFAcit

     Beginning Time:  13:37:40
        Ending Time:  13:37:40
       Elapsed Time:  00:00:00



MUTHEN & MUTHEN
3463 Stoner Ave.
Los Angeles, CA  90066

Tel: (310) 391-9971
Fax: (310) 391-8971
Web: www.StatModel.com
Support: Support@StatModel.com

Copyright (c) 1998-2018 Muthen & Muthen
