Mplus VERSION 8.1 (Mac)
MUTHEN & MUTHEN
02/09/2019   3:53 PM

INPUT INSTRUCTIONS

  TITLE:

  DATA:
  	FILE = 20190209_CarPride_CarUse_SEM.txt;

  VARIABLE:
  	NAMES ARE
  	    R_ID	CITY Age Female White Q22 Q45_1
  	    Educ	FullTime	Student	HHIncome	HHCars
  	    CarOwner censusVO License PTPass
  	    TT_CAR TT_PT PT_AV CarCost CarCost2
  	    !CA = CarAlone; CP = CarPool; WB = work block
  	    CA_Freq CP_Freq CA_WB CP_WB
  	    Q28_2 Q28_3 Q28_4 Q28_5 Q28_6 Q28_8 Q28_9
  	    Q51_1 Q51_2 Q51_3 Q51_4 Q51_5 Q51_6
  	    Q31_1 Q31_2 Q31_3 Q31_4 Q31_5
  	    Q53_5 Q53_6 Q53_7 Q53_8 Q53_9
  	    Q54_1 Q54_2 Q54_3 Q54_4 Q54_6 Q54_7 Q54_8
  	    DW D;
  	
  	USEVARIABLES ARE
  	    CarOwner CA_Freq
  	    Q28_3 Q28_4 Q28_6 Q51_3	
    	    Q51_4 Q51_5 Q31_1 Q31_2
    	    Q31_3 Q31_4 Q53_6 Q53_9
    	    Q54_1 Q54_2 Q54_3	
    	    Q54_4 Q54_6 Q54_8
    	    DW;

  	MISSING = ALL (-9999);
  	
  	CATEGORICAL = CarOwner;

  ANALYSIS:
  	ESTIMATOR = WLSMV;
  	PARAMETERIZATION = THETA;
  	STARTS = 30;
  	
  MODEL:
    !Define the latent variable by its indicators
        CarPride BY Q28_3	Q28_4	Q28_6	Q51_3	
    		Q51_4	Q51_5	Q31_1	Q31_2
    		Q31_3	Q31_4	Q53_6	Q53_9;
        GenPride BY Q54_1	Q54_2	Q54_3	Q54_4	Q54_6	Q54_8;

    !Add correlations among item error terms
        Q28_3 WITH Q28_6;
        Q51_3 WITH Q51_4 Q51_5;
        Q51_4 WITH Q51_5;
        Q31_4 WITH Q31_2;

        CarPride WITH DW;
        GenPride WITH DW;

        CarOwner WITH CarPride DW;
        CA_Freq WITH CarPride DW;

        CarOwner WITH CA_Freq;

  OUTPUT:
        STANDARDIZED SAMPSTAT;



INPUT READING TERMINATED NORMALLY




SUMMARY OF ANALYSIS

Number of groups                                                 1
Number of observations                                        1362

Number of dependent variables                                   21
Number of independent variables                                  0
Number of continuous latent variables                            2

Observed dependent variables

  Continuous
   CA_FREQ     Q28_3       Q28_4       Q28_6       Q51_3       Q51_4
   Q51_5       Q31_1       Q31_2       Q31_3       Q31_4       Q53_6
   Q53_9       Q54_1       Q54_2       Q54_3       Q54_4       Q54_6
   Q54_8       DW

  Binary and ordered categorical (ordinal)
   CAROWNER

Continuous latent variables
   CARPRIDE    GENPRIDE


Estimator                                                    WLSMV
Maximum number of iterations                                  1000
Convergence criterion                                    0.500D-04
Maximum number of steepest descent iterations                   20
Maximum number of iterations for H1                           2000
Convergence criterion for H1                             0.100D-03
Random Starts Specifications
  Number of random starts                                       30
  Random starts scale                                    0.500D+01
Parameterization                                             THETA
Link                                                        PROBIT

Input data file(s)
  20190209_CarPride_CarUse_SEM.txt

Input data format  FREE


SUMMARY OF DATA

     Number of missing data patterns             2


COVARIANCE COVERAGE OF DATA

Minimum covariance coverage value   0.100


     PROPORTION OF DATA PRESENT


           Covariance Coverage
              CAROWNER      CA_FREQ       Q28_3         Q28_4         Q28_6
              ________      ________      ________      ________      ________
 CAROWNER       1.000
 CA_FREQ        1.000         1.000
 Q28_3          1.000         1.000         1.000
 Q28_4          1.000         1.000         1.000         1.000
 Q28_6          1.000         1.000         1.000         1.000         1.000
 Q51_3          1.000         1.000         1.000         1.000         1.000
 Q51_4          1.000         1.000         1.000         1.000         1.000
 Q51_5          1.000         1.000         1.000         1.000         1.000
 Q31_1          1.000         1.000         1.000         1.000         1.000
 Q31_2          1.000         1.000         1.000         1.000         1.000
 Q31_3          1.000         1.000         1.000         1.000         1.000
 Q31_4          1.000         1.000         1.000         1.000         1.000
 Q53_6          1.000         1.000         1.000         1.000         1.000
 Q53_9          1.000         1.000         1.000         1.000         1.000
 Q54_1          1.000         1.000         1.000         1.000         1.000
 Q54_2          1.000         1.000         1.000         1.000         1.000
 Q54_3          1.000         1.000         1.000         1.000         1.000
 Q54_4          1.000         1.000         1.000         1.000         1.000
 Q54_6          1.000         1.000         1.000         1.000         1.000
 Q54_8          1.000         1.000         1.000         1.000         1.000
 DW             0.981         0.981         0.981         0.981         0.981


           Covariance Coverage
              Q51_3         Q51_4         Q51_5         Q31_1         Q31_2
              ________      ________      ________      ________      ________
 Q51_3          1.000
 Q51_4          1.000         1.000
 Q51_5          1.000         1.000         1.000
 Q31_1          1.000         1.000         1.000         1.000
 Q31_2          1.000         1.000         1.000         1.000         1.000
 Q31_3          1.000         1.000         1.000         1.000         1.000
 Q31_4          1.000         1.000         1.000         1.000         1.000
 Q53_6          1.000         1.000         1.000         1.000         1.000
 Q53_9          1.000         1.000         1.000         1.000         1.000
 Q54_1          1.000         1.000         1.000         1.000         1.000
 Q54_2          1.000         1.000         1.000         1.000         1.000
 Q54_3          1.000         1.000         1.000         1.000         1.000
 Q54_4          1.000         1.000         1.000         1.000         1.000
 Q54_6          1.000         1.000         1.000         1.000         1.000
 Q54_8          1.000         1.000         1.000         1.000         1.000
 DW             0.981         0.981         0.981         0.981         0.981


           Covariance Coverage
              Q31_3         Q31_4         Q53_6         Q53_9         Q54_1
              ________      ________      ________      ________      ________
 Q31_3          1.000
 Q31_4          1.000         1.000
 Q53_6          1.000         1.000         1.000
 Q53_9          1.000         1.000         1.000         1.000
 Q54_1          1.000         1.000         1.000         1.000         1.000
 Q54_2          1.000         1.000         1.000         1.000         1.000
 Q54_3          1.000         1.000         1.000         1.000         1.000
 Q54_4          1.000         1.000         1.000         1.000         1.000
 Q54_6          1.000         1.000         1.000         1.000         1.000
 Q54_8          1.000         1.000         1.000         1.000         1.000
 DW             0.981         0.981         0.981         0.981         0.981


           Covariance Coverage
              Q54_2         Q54_3         Q54_4         Q54_6         Q54_8
              ________      ________      ________      ________      ________
 Q54_2          1.000
 Q54_3          1.000         1.000
 Q54_4          1.000         1.000         1.000
 Q54_6          1.000         1.000         1.000         1.000
 Q54_8          1.000         1.000         1.000         1.000         1.000
 DW             0.981         0.981         0.981         0.981         0.981


           Covariance Coverage
              DW
              ________
 DW             0.981


UNIVARIATE PROPORTIONS AND COUNTS FOR CATEGORICAL VARIABLES

    CAROWNER
      Category 1    0.122          166.000
      Category 2    0.878         1196.000


SAMPLE STATISTICS


     ESTIMATED SAMPLE STATISTICS


           MEANS/INTERCEPTS/THRESHOLDS
              CAROWNER      CA_FREQ       Q28_3         Q28_4         Q28_6
              ________      ________      ________      ________      ________
               -1.166        14.171         0.610        -0.461         0.277


           MEANS/INTERCEPTS/THRESHOLDS
              Q51_3         Q51_4         Q51_5         Q31_1         Q31_2
              ________      ________      ________      ________      ________
               -0.189        -0.747        -0.628         0.581         0.615


           MEANS/INTERCEPTS/THRESHOLDS
              Q31_3         Q31_4         Q53_6         Q53_9         Q54_1
              ________      ________      ________      ________      ________
                0.380         0.529         0.738         0.552         1.807


           MEANS/INTERCEPTS/THRESHOLDS
              Q54_2         Q54_3         Q54_4         Q54_6         Q54_8
              ________      ________      ________      ________      ________
                1.782         1.272         1.446         1.913         1.839


           MEANS/INTERCEPTS/THRESHOLDS
              DW
              ________
                0.185


           CORRELATION MATRIX (WITH VARIANCES ON THE DIAGONAL)
              CAROWNER      CA_FREQ       Q28_3         Q28_4         Q28_6
              ________      ________      ________      ________      ________
 CAROWNER
 CA_FREQ        0.766       104.499
 Q28_3          0.513         0.371         4.139
 Q28_4          0.452         0.297         0.659         4.422
 Q28_6          0.425         0.308         0.755         0.652         4.033
 Q51_3          0.349         0.215         0.586         0.586         0.573
 Q51_4          0.376         0.245         0.530         0.656         0.540
 Q51_5          0.402         0.250         0.577         0.665         0.597
 Q31_1          0.344         0.257         0.555         0.541         0.575
 Q31_2          0.398         0.275         0.596         0.545         0.557
 Q31_3          0.364         0.218         0.504         0.534         0.511
 Q31_4          0.446         0.323         0.570         0.528         0.537
 Q53_6          0.506         0.384         0.642         0.561         0.626
 Q53_9          0.395         0.270         0.578         0.527         0.548
 Q54_1          0.261         0.183         0.223         0.183         0.174
 Q54_2          0.214         0.127         0.172         0.121         0.123
 Q54_3          0.267         0.206         0.252         0.282         0.207
 Q54_4          0.254         0.172         0.248         0.263         0.227
 Q54_6          0.202         0.148         0.183         0.102         0.121
 Q54_8          0.171         0.089         0.091         0.047         0.034
 DW             0.050         0.062         0.034         0.003         0.024


           CORRELATION MATRIX (WITH VARIANCES ON THE DIAGONAL)
              Q51_3         Q51_4         Q51_5         Q31_1         Q31_2
              ________      ________      ________      ________      ________
 Q51_3          3.776
 Q51_4          0.791         4.036
 Q51_5          0.748         0.818         4.047
 Q31_1          0.548         0.530         0.577         3.264
 Q31_2          0.545         0.514         0.536         0.692         3.178
 Q31_3          0.533         0.527         0.556         0.676         0.653
 Q31_4          0.510         0.498         0.509         0.662         0.789
 Q53_6          0.542         0.507         0.537         0.673         0.681
 Q53_9          0.502         0.501         0.499         0.608         0.681
 Q54_1          0.195         0.162         0.181         0.236         0.262
 Q54_2          0.113         0.112         0.097         0.159         0.211
 Q54_3          0.277         0.292         0.270         0.246         0.317
 Q54_4          0.233         0.244         0.249         0.241         0.287
 Q54_6          0.098         0.051         0.084         0.125         0.188
 Q54_8         -0.005        -0.021         0.018         0.063         0.095
 DW            -0.013        -0.031        -0.023         0.054         0.024


           CORRELATION MATRIX (WITH VARIANCES ON THE DIAGONAL)
              Q31_3         Q31_4         Q53_6         Q53_9         Q54_1
              ________      ________      ________      ________      ________
 Q31_3          3.633
 Q31_4          0.677         3.201
 Q53_6          0.592         0.680         3.456
 Q53_9          0.619         0.706         0.689         3.569
 Q54_1          0.134         0.298         0.300         0.180         1.441
 Q54_2          0.076         0.237         0.215         0.136         0.763
 Q54_3          0.202         0.338         0.300         0.244         0.708
 Q54_4          0.196         0.326         0.300         0.251         0.689
 Q54_6          0.108         0.218         0.201         0.165         0.599
 Q54_8          0.017         0.137         0.141         0.086         0.553
 DW             0.012         0.039         0.053         0.040         0.041


           CORRELATION MATRIX (WITH VARIANCES ON THE DIAGONAL)
              Q54_2         Q54_3         Q54_4         Q54_6         Q54_8
              ________      ________      ________      ________      ________
 Q54_2          1.372
 Q54_3          0.661         1.941
 Q54_4          0.656         0.701         1.752
 Q54_6          0.630         0.537         0.593         1.252
 Q54_8          0.624         0.482         0.544         0.589         1.583
 DW             0.031         0.018         0.034         0.045         0.042


           CORRELATION MATRIX (WITH VARIANCES ON THE DIAGONAL)
              DW
              ________
 DW             0.227


UNIVARIATE SAMPLE STATISTICS


     UNIVARIATE HIGHER-ORDER MOMENT DESCRIPTIVE STATISTICS

         Variable/         Mean/     Skewness/   Minimum/ % with                Percentiles
        Sample Size      Variance    Kurtosis    Maximum  Min/Max      20%/60%    40%/80%    Median

     CA_FREQ              14.171      -0.385       0.000   28.85%       0.000     14.000     20.000
            1362.000     104.499      -1.440      28.000    3.30%      20.000     26.000
     Q28_3                 0.610      -0.846      -4.000    6.31%      -1.000      0.000      1.000
            1362.000       4.139      -0.201       3.000   17.03%       2.000      2.000
     Q28_4                -0.461       0.015      -4.000    5.95%      -3.000     -1.000      0.000
            1362.000       4.422      -1.139       3.000    9.84%       0.000      2.000
     Q28_6                 0.277      -0.570      -4.000    5.58%      -2.000      0.000      0.000
            1362.000       4.033      -0.556       3.000   13.58%       1.000      2.000
     Q51_3                -0.189      -0.142      -4.000    4.63%      -2.000      0.000      0.000
            1362.000       3.776      -0.832       3.000    9.54%       0.000      2.000
     Q51_4                -0.747       0.284      -4.000    5.36%      -3.000     -2.000     -1.000
            1362.000       4.036      -0.938       3.000    8.30%       0.000      1.000
     Q51_5                -0.628       0.094      -4.000    5.65%      -3.000     -2.000      0.000
            1362.000       4.047      -1.092       3.000    6.53%       0.000      1.000
     Q31_1                 0.581      -0.697      -4.000    1.91%      -1.000      0.000      1.000
            1362.000       3.264      -0.242       3.000   13.58%       1.000      2.000
     Q31_2                 0.615      -0.672      -4.000    1.98%       0.000      0.000      1.000
            1362.000       3.178      -0.179       3.000   14.24%       1.000      2.000
     Q31_3                 0.380      -0.535      -4.000    2.42%      -2.000      0.000      1.000
            1362.000       3.633      -0.630       3.000   12.85%       1.000      2.000
     Q31_4                 0.529      -0.639      -4.000    2.35%      -1.000      0.000      1.000
            1362.000       3.201      -0.233       3.000   12.63%       1.000      2.000
     Q53_6                 0.738      -0.912      -4.000    4.04%       0.000      1.000      1.000
            1362.000       3.456       0.219       3.000   16.67%       2.000      2.000
     Q53_9                 0.552      -0.677      -4.000    3.01%      -1.000      0.000      1.000
            1362.000       3.569      -0.333       3.000   15.12%       1.000      2.000
     Q54_1                 1.807      -1.375      -3.000    0.73%       1.000      2.000      2.000
            1362.000       1.441       2.202       3.000   31.06%       2.000      3.000
     Q54_2                 1.782      -1.359      -3.000    0.66%       1.000      2.000      2.000
            1362.000       1.372       2.274       3.000   28.12%       2.000      3.000
     Q54_3                 1.272      -0.783      -3.000    1.03%       0.000      1.000      2.000
            1362.000       1.941       0.161       3.000   19.46%       2.000      2.000
     Q54_4                 1.446      -0.907      -3.000    1.03%       0.000      1.000      2.000
            1362.000       1.752       0.607       3.000   22.47%       2.000      3.000
     Q54_6                 1.913      -1.275      -3.000    0.37%       1.000      2.000      2.000
            1362.000       1.252       1.866       3.000   34.73%       2.000      3.000
     Q54_8                 1.839      -1.312      -3.000    0.73%       1.000      2.000      2.000
            1362.000       1.583       1.603       3.000   35.90%       2.000      3.000
     DW                    0.185      -0.160      -1.551    0.15%      -0.178      0.074      0.176
            1336.000       0.227       0.405       1.705    0.07%       0.297      0.589


RANDOM STARTS RESULTS RANKED FROM THE BEST TO THE WORST FIT FUNCTION VALUES

Fit function values at local maxima and random start numbers:

           1021.6380         13
           1021.6380         29
           1021.6380         28
           1021.6380         24
           1021.6380         9
           1021.6380         5
           1021.6380         3
           1021.6380         30
           1021.6380         11
           1021.6380         27
           1021.6380         16
           1021.6380         10
           1021.6380         21
           1021.6381         6
           1021.6381         1
           1021.6381         23
           1021.6381         12
           1021.6381         14
           1021.6381         8
           1021.6381         15
           1021.6381         unperturbed
           1021.6381         22
           1021.6381         17
           1021.6381         7
           1021.6381         4
           1021.6382         19
           1021.6383         20
           1021.6383         18
           1021.6383         26
           1021.6383         2
           1021.6384         25

THE MODEL ESTIMATION TERMINATED NORMALLY



MODEL FIT INFORMATION

Number of Free Parameters                       72

Chi-Square Test of Model Fit

          Value                           1390.050*
          Degrees of Freedom                   179
          P-Value                           0.0000

*   The chi-square value for MLM, MLMV, MLR, ULSMV, WLSM and WLSMV cannot be used
    for chi-square difference testing in the regular way.  MLM, MLR and WLSM
    chi-square difference testing is described on the Mplus website.  MLMV, WLSMV,
    and ULSMV difference testing is done using the DIFFTEST option.

RMSEA (Root Mean Square Error Of Approximation)

          Estimate                           0.070
          90 Percent C.I.                    0.067  0.074
          Probability RMSEA <= .05           0.000

CFI/TLI

          CFI                                0.764
          TLI                                0.723

Chi-Square Test of Model Fit for the Baseline Model

          Value                           5334.405
          Degrees of Freedom                   210
          P-Value                           0.0000

SRMR (Standardized Root Mean Square Residual)

          Value                              0.066

Optimum Function Value for Weighted Least-Squares Estimator

          Value                     0.37505066D+00



MODEL RESULTS

                                                    Two-Tailed
                    Estimate       S.E.  Est./S.E.    P-Value

 CARPRIDE BY
    Q28_3              1.000      0.000    999.000    999.000
    Q28_4              1.001      0.041     24.253      0.000
    Q28_6              0.933      0.034     27.440      0.000
    Q51_3              0.839      0.038     22.238      0.000
    Q51_4              0.843      0.043     19.552      0.000
    Q51_5              0.888      0.043     20.663      0.000
    Q31_1              0.897      0.041     21.777      0.000
    Q31_2              0.923      0.041     22.421      0.000
    Q31_3              0.872      0.044     19.614      0.000
    Q31_4              0.933      0.042     22.297      0.000
    Q53_6              1.000      0.041     24.659      0.000
    Q53_9              0.922      0.042     22.134      0.000

 GENPRIDE BY
    Q54_1              1.000      0.000    999.000    999.000
    Q54_2              0.893      0.029     31.254      0.000
    Q54_3              1.172      0.039     30.383      0.000
    Q54_4              1.125      0.037     30.585      0.000
    Q54_6              0.746      0.030     25.181      0.000
    Q54_8              0.704      0.033     21.367      0.000

 CARPRIDE WITH
    DW                 0.020      0.021      0.918      0.359
    CAROWNER           0.866      0.067     12.866      0.000
    CA_FREQ            5.987      0.691      8.661      0.000

 GENPRIDE WITH
    DW                 0.021      0.014      1.477      0.140
    CARPRIDE           0.510      0.051      9.929      0.000

 Q28_3    WITH
    Q28_6              0.763      0.060     12.692      0.000

 Q51_3    WITH
    Q51_4              1.328      0.086     15.349      0.000
    Q51_5              1.066      0.081     13.096      0.000

 Q51_4    WITH
    Q51_5              1.438      0.092     15.647      0.000

 Q31_4    WITH
    Q31_2              0.370      0.037      9.993      0.000

 CAROWNER WITH
    DW                 0.024      0.021      1.146      0.252
    CA_FREQ            7.827      0.520     15.049      0.000

 CA_FREQ  WITH
    DW                 0.300      0.136      2.207      0.027

 Means
    CA_FREQ           14.171      0.323     43.863      0.000
    DW                 0.185      0.013     14.136      0.000

 Intercepts
    Q28_3              0.610      0.071      8.590      0.000
    Q28_4             -0.461      0.057     -8.092      0.000
    Q28_6              0.277      0.062      4.478      0.000
    Q51_3             -0.189      0.053     -3.566      0.000
    Q51_4             -0.747      0.057    -13.184      0.000
    Q51_5             -0.628      0.055    -11.460      0.000
    Q31_1              0.581      0.058     10.089      0.000
    Q31_2              0.615      0.056     11.048      0.000
    Q31_3              0.380      0.058      6.536      0.000
    Q31_4              0.529      0.055      9.577      0.000
    Q53_6              0.738      0.064     11.580      0.000
    Q53_9              0.552      0.060      9.185      0.000
    Q54_1              1.807      0.044     41.205      0.000
    Q54_2              1.782      0.042     42.324      0.000
    Q54_3              1.272      0.045     28.522      0.000
    Q54_4              1.446      0.043     33.338      0.000
    Q54_6              1.913      0.040     48.036      0.000
    Q54_8              1.839      0.047     38.979      0.000

 Thresholds
    CAROWNER$1        -1.166      0.044    -26.594      0.000

 Variances
    CA_FREQ          104.499      8.827     11.838      0.000
    DW                 0.227      0.008     28.191      0.000
    CARPRIDE           2.491      0.207     12.039      0.000
    GENPRIDE           1.093      0.061     18.018      0.000

 Residual Variances
    Q28_3              1.648      0.065     25.296      0.000
    Q28_4              1.924      0.087     22.108      0.000
    Q28_6              1.866      0.088     21.211      0.000
    Q51_3              2.023      0.090     22.365      0.000
    Q51_4              2.265      0.106     21.361      0.000
    Q51_5              2.081      0.102     20.451      0.000
    Q31_1              1.260      0.056     22.602      0.000
    Q31_2              1.055      0.044     24.091      0.000
    Q31_3              1.738      0.075     23.242      0.000
    Q31_4              1.033      0.044     23.414      0.000
    Q53_6              0.963      0.045     21.436      0.000
    Q53_9              1.451      0.063     23.103      0.000
    Q54_1              0.348      0.028     12.616      0.000
    Q54_2              0.500      0.026     18.928      0.000
    Q54_3              0.439      0.041     10.721      0.000
    Q54_4              0.368      0.033     11.067      0.000
    Q54_6              0.645      0.025     25.774      0.000
    Q54_8              1.041      0.042     24.535      0.000


STANDARDIZED MODEL RESULTS


STDYX Standardization

                                                    Two-Tailed
                    Estimate       S.E.  Est./S.E.    P-Value

 CARPRIDE BY
    Q28_3              0.776      0.014     54.113      0.000
    Q28_4              0.752      0.017     44.522      0.000
    Q28_6              0.733      0.017     43.555      0.000
    Q51_3              0.681      0.018     38.401      0.000
    Q51_4              0.662      0.021     32.175      0.000
    Q51_5              0.697      0.020     35.666      0.000
    Q31_1              0.784      0.014     57.332      0.000
    Q31_2              0.817      0.012     65.444      0.000
    Q31_3              0.722      0.016     44.814      0.000
    Q31_4              0.823      0.012     67.444      0.000
    Q53_6              0.849      0.010     81.846      0.000
    Q53_9              0.770      0.014     53.224      0.000

 GENPRIDE BY
    Q54_1              0.871      0.012     69.791      0.000
    Q54_2              0.797      0.013     59.439      0.000
    Q54_3              0.880      0.014     62.294      0.000
    Q54_4              0.889      0.012     71.166      0.000
    Q54_6              0.697      0.016     44.240      0.000
    Q54_8              0.585      0.019     30.414      0.000

 CARPRIDE WITH
    DW                 0.026      0.028      0.921      0.357
    CAROWNER           0.549      0.030     18.057      0.000
    CA_FREQ            0.371      0.026     14.031      0.000

 GENPRIDE WITH
    DW                 0.043      0.029      1.480      0.139
    CARPRIDE           0.309      0.024     12.978      0.000

 Q28_3    WITH
    Q28_6              0.435      0.020     22.166      0.000

 Q51_3    WITH
    Q51_4              0.620      0.016     38.327      0.000
    Q51_5              0.520      0.020     26.005      0.000

 Q51_4    WITH
    Q51_5              0.662      0.015     45.231      0.000

 Q31_4    WITH
    Q31_2              0.354      0.024     14.687      0.000

 CAROWNER WITH
    DW                 0.050      0.043      1.147      0.251
    CA_FREQ            0.766      0.024     31.463      0.000

 CA_FREQ  WITH
    DW                 0.062      0.027      2.242      0.025

 Means
    CA_FREQ            1.386      0.050     27.604      0.000
    DW                 0.389      0.028     14.058      0.000

 Intercepts
    Q28_3              0.300      0.031      9.801      0.000
    Q28_4             -0.219      0.028     -7.904      0.000
    Q28_6              0.138      0.029      4.709      0.000
    Q51_3             -0.097      0.028     -3.511      0.000
    Q51_4             -0.372      0.027    -13.664      0.000
    Q51_5             -0.312      0.028    -11.222      0.000
    Q31_1              0.321      0.029     11.254      0.000
    Q31_2              0.345      0.028     12.270      0.000
    Q31_3              0.199      0.028      6.994      0.000
    Q31_4              0.296      0.028     10.476      0.000
    Q53_6              0.397      0.030     13.420      0.000
    Q53_9              0.292      0.029     10.182      0.000
    Q54_1              1.505      0.027     55.354      0.000
    Q54_2              1.521      0.027     55.846      0.000
    Q54_3              0.913      0.027     33.521      0.000
    Q54_4              1.092      0.027     39.925      0.000
    Q54_6              1.710      0.028     60.593      0.000
    Q54_8              1.462      0.027     53.634      0.000

 Thresholds
    CAROWNER$1        -1.166      0.044    -26.594      0.000

 Variances
    CA_FREQ            1.000      0.000    999.000    999.000
    DW                 1.000      0.000    999.000    999.000
    CARPRIDE           1.000      0.000    999.000    999.000
    GENPRIDE           1.000      0.000    999.000    999.000

 Residual Variances
    Q28_3              0.398      0.022     17.899      0.000
    Q28_4              0.435      0.025     17.153      0.000
    Q28_6              0.463      0.025     18.747      0.000
    Q51_3              0.536      0.024     22.151      0.000
    Q51_4              0.561      0.027     20.573      0.000
    Q51_5              0.514      0.027     18.880      0.000
    Q31_1              0.386      0.021     18.026      0.000
    Q31_2              0.332      0.020     16.270      0.000
    Q31_3              0.478      0.023     20.550      0.000
    Q31_4              0.323      0.020     16.062      0.000
    Q53_6              0.279      0.018     15.800      0.000
    Q53_9              0.407      0.022     18.239      0.000
    Q54_1              0.241      0.022     11.097      0.000
    Q54_2              0.364      0.021     17.037      0.000
    Q54_3              0.226      0.025      9.106      0.000
    Q54_4              0.210      0.022      9.454      0.000
    Q54_6              0.515      0.022     23.462      0.000
    Q54_8              0.658      0.023     29.200      0.000


STDY Standardization

                                                    Two-Tailed
                    Estimate       S.E.  Est./S.E.    P-Value

 CARPRIDE BY
    Q28_3              0.776      0.014     54.113      0.000
    Q28_4              0.752      0.017     44.522      0.000
    Q28_6              0.733      0.017     43.555      0.000
    Q51_3              0.681      0.018     38.401      0.000
    Q51_4              0.662      0.021     32.175      0.000
    Q51_5              0.697      0.020     35.666      0.000
    Q31_1              0.784      0.014     57.332      0.000
    Q31_2              0.817      0.012     65.444      0.000
    Q31_3              0.722      0.016     44.814      0.000
    Q31_4              0.823      0.012     67.444      0.000
    Q53_6              0.849      0.010     81.846      0.000
    Q53_9              0.770      0.014     53.224      0.000

 GENPRIDE BY
    Q54_1              0.871      0.012     69.791      0.000
    Q54_2              0.797      0.013     59.439      0.000
    Q54_3              0.880      0.014     62.294      0.000
    Q54_4              0.889      0.012     71.166      0.000
    Q54_6              0.697      0.016     44.240      0.000
    Q54_8              0.585      0.019     30.414      0.000

 CARPRIDE WITH
    DW                 0.026      0.028      0.921      0.357
    CAROWNER           0.549      0.030     18.057      0.000
    CA_FREQ            0.371      0.026     14.031      0.000

 GENPRIDE WITH
    DW                 0.043      0.029      1.480      0.139
    CARPRIDE           0.309      0.024     12.978      0.000

 Q28_3    WITH
    Q28_6              0.435      0.020     22.166      0.000

 Q51_3    WITH
    Q51_4              0.620      0.016     38.327      0.000
    Q51_5              0.520      0.020     26.005      0.000

 Q51_4    WITH
    Q51_5              0.662      0.015     45.231      0.000

 Q31_4    WITH
    Q31_2              0.354      0.024     14.687      0.000

 CAROWNER WITH
    DW                 0.050      0.043      1.147      0.251
    CA_FREQ            0.766      0.024     31.463      0.000

 CA_FREQ  WITH
    DW                 0.062      0.027      2.242      0.025

 Means
    CA_FREQ            1.386      0.050     27.604      0.000
    DW                 0.389      0.028     14.058      0.000

 Intercepts
    Q28_3              0.300      0.031      9.801      0.000
    Q28_4             -0.219      0.028     -7.904      0.000
    Q28_6              0.138      0.029      4.709      0.000
    Q51_3             -0.097      0.028     -3.511      0.000
    Q51_4             -0.372      0.027    -13.664      0.000
    Q51_5             -0.312      0.028    -11.222      0.000
    Q31_1              0.321      0.029     11.254      0.000
    Q31_2              0.345      0.028     12.270      0.000
    Q31_3              0.199      0.028      6.994      0.000
    Q31_4              0.296      0.028     10.476      0.000
    Q53_6              0.397      0.030     13.420      0.000
    Q53_9              0.292      0.029     10.182      0.000
    Q54_1              1.505      0.027     55.354      0.000
    Q54_2              1.521      0.027     55.846      0.000
    Q54_3              0.913      0.027     33.521      0.000
    Q54_4              1.092      0.027     39.925      0.000
    Q54_6              1.710      0.028     60.593      0.000
    Q54_8              1.462      0.027     53.634      0.000

 Thresholds
    CAROWNER$1        -1.166      0.044    -26.594      0.000

 Variances
    CA_FREQ            1.000      0.000    999.000    999.000
    DW                 1.000      0.000    999.000    999.000
    CARPRIDE           1.000      0.000    999.000    999.000
    GENPRIDE           1.000      0.000    999.000    999.000

 Residual Variances
    Q28_3              0.398      0.022     17.899      0.000
    Q28_4              0.435      0.025     17.153      0.000
    Q28_6              0.463      0.025     18.747      0.000
    Q51_3              0.536      0.024     22.151      0.000
    Q51_4              0.561      0.027     20.573      0.000
    Q51_5              0.514      0.027     18.880      0.000
    Q31_1              0.386      0.021     18.026      0.000
    Q31_2              0.332      0.020     16.270      0.000
    Q31_3              0.478      0.023     20.550      0.000
    Q31_4              0.323      0.020     16.062      0.000
    Q53_6              0.279      0.018     15.800      0.000
    Q53_9              0.407      0.022     18.239      0.000
    Q54_1              0.241      0.022     11.097      0.000
    Q54_2              0.364      0.021     17.037      0.000
    Q54_3              0.226      0.025      9.106      0.000
    Q54_4              0.210      0.022      9.454      0.000
    Q54_6              0.515      0.022     23.462      0.000
    Q54_8              0.658      0.023     29.200      0.000


STD Standardization

                                                    Two-Tailed
                    Estimate       S.E.  Est./S.E.    P-Value

 CARPRIDE BY
    Q28_3              1.578      0.066     24.078      0.000
    Q28_4              1.580      0.075     20.966      0.000
    Q28_6              1.472      0.064     23.051      0.000
    Q51_3              1.324      0.060     21.997      0.000
    Q51_4              1.331      0.069     19.154      0.000
    Q51_5              1.402      0.071     19.697      0.000
    Q31_1              1.416      0.053     26.528      0.000
    Q31_2              1.457      0.052     27.829      0.000
    Q31_3              1.377      0.060     22.846      0.000
    Q31_4              1.472      0.052     28.153      0.000
    Q53_6              1.579      0.051     30.719      0.000
    Q53_9              1.455      0.058     25.230      0.000

 GENPRIDE BY
    Q54_1              1.046      0.029     36.035      0.000
    Q54_2              0.934      0.027     34.251      0.000
    Q54_3              1.226      0.041     29.928      0.000
    Q54_4              1.177      0.036     32.980      0.000
    Q54_6              0.780      0.028     28.075      0.000
    Q54_8              0.736      0.033     22.436      0.000

 CARPRIDE WITH
    DW                 0.012      0.013      0.920      0.357
    CAROWNER           0.549      0.030     18.057      0.000
    CA_FREQ            3.793      0.378     10.041      0.000

 GENPRIDE WITH
    DW                 0.020      0.014      1.478      0.139
    CARPRIDE           0.309      0.024     12.978      0.000

 Q28_3    WITH
    Q28_6              0.763      0.060     12.692      0.000

 Q51_3    WITH
    Q51_4              1.328      0.086     15.349      0.000
    Q51_5              1.066      0.081     13.096      0.000

 Q51_4    WITH
    Q51_5              1.438      0.092     15.647      0.000

 Q31_4    WITH
    Q31_2              0.370      0.037      9.993      0.000

 CAROWNER WITH
    DW                 0.024      0.021      1.146      0.252
    CA_FREQ            7.827      0.520     15.049      0.000

 CA_FREQ  WITH
    DW                 0.300      0.136      2.207      0.027

 Means
    CA_FREQ           14.171      0.323     43.863      0.000
    DW                 0.185      0.013     14.136      0.000

 Intercepts
    Q28_3              0.610      0.071      8.590      0.000
    Q28_4             -0.461      0.057     -8.092      0.000
    Q28_6              0.277      0.062      4.478      0.000
    Q51_3             -0.189      0.053     -3.566      0.000
    Q51_4             -0.747      0.057    -13.184      0.000
    Q51_5             -0.628      0.055    -11.460      0.000
    Q31_1              0.581      0.058     10.089      0.000
    Q31_2              0.615      0.056     11.048      0.000
    Q31_3              0.380      0.058      6.536      0.000
    Q31_4              0.529      0.055      9.577      0.000
    Q53_6              0.738      0.064     11.580      0.000
    Q53_9              0.552      0.060      9.185      0.000
    Q54_1              1.807      0.044     41.205      0.000
    Q54_2              1.782      0.042     42.324      0.000
    Q54_3              1.272      0.045     28.522      0.000
    Q54_4              1.446      0.043     33.338      0.000
    Q54_6              1.913      0.040     48.036      0.000
    Q54_8              1.839      0.047     38.979      0.000

 Thresholds
    CAROWNER$1        -1.166      0.044    -26.594      0.000

 Variances
    CA_FREQ          104.499      8.827     11.838      0.000
    DW                 0.227      0.008     28.191      0.000
    CARPRIDE           1.000      0.000    999.000    999.000
    GENPRIDE           1.000      0.000    999.000    999.000

 Residual Variances
    Q28_3              1.648      0.065     25.296      0.000
    Q28_4              1.924      0.087     22.108      0.000
    Q28_6              1.866      0.088     21.211      0.000
    Q51_3              2.023      0.090     22.365      0.000
    Q51_4              2.265      0.106     21.361      0.000
    Q51_5              2.081      0.102     20.451      0.000
    Q31_1              1.260      0.056     22.602      0.000
    Q31_2              1.055      0.044     24.091      0.000
    Q31_3              1.738      0.075     23.242      0.000
    Q31_4              1.033      0.044     23.414      0.000
    Q53_6              0.963      0.045     21.436      0.000
    Q53_9              1.451      0.063     23.103      0.000
    Q54_1              0.348      0.028     12.616      0.000
    Q54_2              0.500      0.026     18.928      0.000
    Q54_3              0.439      0.041     10.721      0.000
    Q54_4              0.368      0.033     11.067      0.000
    Q54_6              0.645      0.025     25.774      0.000
    Q54_8              1.041      0.042     24.535      0.000


R-SQUARE

    Observed                                        Two-Tailed     Scale
    Variable        Estimate       S.E.  Est./S.E.    P-Value     Factors

    Q28_3              0.602      0.022     27.057      0.000
    Q28_4              0.565      0.025     22.261      0.000
    Q28_6              0.537      0.025     21.777      0.000
    Q51_3              0.464      0.024     19.201      0.000
    Q51_4              0.439      0.027     16.088      0.000
    Q51_5              0.486      0.027     17.833      0.000
    Q31_1              0.614      0.021     28.666      0.000
    Q31_2              0.668      0.020     32.722      0.000
    Q31_3              0.522      0.023     22.407      0.000
    Q31_4              0.677      0.020     33.722      0.000
    Q53_6              0.721      0.018     40.923      0.000
    Q53_9              0.593      0.022     26.612      0.000
    Q54_1              0.759      0.022     34.896      0.000
    Q54_2              0.636      0.021     29.719      0.000
    Q54_3              0.774      0.025     31.147      0.000
    Q54_4              0.790      0.022     35.583      0.000
    Q54_6              0.485      0.022     22.120      0.000
    Q54_8              0.342      0.023     15.207      0.000


QUALITY OF NUMERICAL RESULTS

     Condition Number for the Information Matrix              0.663E-03
       (ratio of smallest to largest eigenvalue)


DIAGRAM INFORMATION

  Use View Diagram under the Diagram menu in the Mplus Editor to view the diagram.
  If running Mplus from the Mplus Diagrammer, the diagram opens automatically.

  Diagram output
    /Users/jcmoody/Dropbox (MIT)/Joanna_Jinhua/DissertationDoc/Code/Chap4/DivergentValidity/GenPrideCarPride_CFA_DW_outc

     Beginning Time:  15:53:47
        Ending Time:  15:53:48
       Elapsed Time:  00:00:01



MUTHEN & MUTHEN
3463 Stoner Ave.
Los Angeles, CA  90066

Tel: (310) 391-9971
Fax: (310) 391-8971
Web: www.StatModel.com
Support: Support@StatModel.com

Copyright (c) 1998-2018 Muthen & Muthen
