Mplus VERSION 8.1 (Mac)
MUTHEN & MUTHEN
04/08/2019   2:26 PM

INPUT INSTRUCTIONS

  TITLE: Car Pride by CarUser -- Free Baseline

  DATA:
  	FILE = 20190407_CarPride_CarUse_SEM.txt;

  VARIABLE:
  	NAMES ARE
  	    R_ID	City	Age	Female	White	
  	    HHPers	HHWkPers	Educ	FullTime	
  	    Student	HHIncome	HHCars	
  	    CarOwner	Avg_VO	License	PTPass	
  	    TT_CAR	TT_PT	PT_AV	CarCost	DriveAlone	
  	    CarAlone_Freq	CarPool_Freq	CarAlone_WB	CarPool_WB	
  	    Q28_2	Q28_3	Q28_4	Q28_5	Q28_6	Q28_8	Q28_9	
  	    Q51_1	Q51_2	Q51_3	Q51_4	Q51_5	Q51_6	
  	    Q31_1	Q31_2	Q31_3	Q31_4	Q31_5	
  	    Q53_5	Q53_6	Q53_7	Q53_8	Q53_9	
  	    Q43_1	Q43_2	Q43_3	Q43_4	Q43_5	Q43_6	Q43_7	Q43_8	
  	    Q54_1	Q54_2	Q54_3	Q54_4	Q54_6	Q54_7	Q54_8	
  	    DW	D;

  	USEVARIABLES ARE
  	    Q28_3 Q28_4 Q28_6 Q51_3	
    	    Q51_4 Q51_5 Q31_1 Q31_2
    	    Q31_3 Q31_4 Q53_6 Q53_9;

           IDVARIABLE IS R_ID;

  	MISSING = ALL (-9999);

           GROUPING = DriveAlone (1 = Yes 0 = No);

  ANALYSIS:
  	ESTIMATOR = MLR;
  	TYPE = mgroup;

  	
  MODEL:
    ! Define the latent variable by its indicators
        CarPride BY Q28_3@1 	
        		Q28_4	Q28_6	Q51_3
    		Q51_4	Q51_5	Q31_1	Q31_2
      		Q31_3	Q31_4	Q53_6	Q53_9;

        Q28_3 WITH Q28_6;
        Q51_3 WITH Q51_4 Q51_5;
        Q51_4 WITH Q51_5;
        Q31_4 WITH Q31_2;

        [CarPride@0]
        [Q28_3  Q28_4 Q28_6	Q51_3];
        [Q51_4  Q51_5 Q31_1	Q31_2];
        [Q31_3  Q31_4 Q53_6	Q53_9];

  MODEL Yes:
        CarPride BY Q28_3@1	
        		Q28_4	Q28_6	Q51_3
    		Q51_4	Q51_5	Q31_1	Q31_2
      		Q31_3	Q31_4	Q53_6	Q53_9;

        Q28_3 WITH Q28_6;
        Q51_3 WITH Q51_4 Q51_5;
        Q51_4 WITH Q51_5;
        Q31_4 WITH Q31_2;

        [Q28_3  Q28_4 Q28_6	Q51_3];
        [Q51_4  Q51_5 Q31_1	Q31_2];
        [Q31_3  Q31_4 Q53_6	Q53_9];


  OUTPUT:
        STANDARDIZED SAMPSTAT;



*** WARNING
  Data set contains cases with missing on all variables.
  These cases were not included in the analysis.
  Number of cases with missing on all variables:  14
   1 WARNING(S) FOUND IN THE INPUT INSTRUCTIONS



Car Pride by CarUser -- Free Baseline

SUMMARY OF ANALYSIS

Number of groups                                                 2
Number of observations
   Group NO                                                    379
   Group YES                                                   857
   Total sample size                                          1236

Number of dependent variables                                   12
Number of independent variables                                  0
Number of continuous latent variables                            1

Observed dependent variables

  Continuous
   Q28_3       Q28_4       Q28_6       Q51_3       Q51_4       Q51_5
   Q31_1       Q31_2       Q31_3       Q31_4       Q53_6       Q53_9

Continuous latent variables
   CARPRIDE

Variables with special functions

  Grouping variable     DRIVEALO
  ID variable           R_ID

Estimator                                                      MLR
Information matrix                                        OBSERVED
Maximum number of iterations                                  1000
Convergence criterion                                    0.500D-04
Maximum number of steepest descent iterations                   20
Maximum number of iterations for H1                           2000
Convergence criterion for H1                             0.100D-03

Input data file(s)
  20190407_CarPride_CarUse_SEM.txt

Input data format  FREE


SUMMARY OF DATA

   Group NO
     Number of missing data patterns            49

   Group YES
     Number of missing data patterns            18


COVARIANCE COVERAGE OF DATA

Minimum covariance coverage value   0.100


     PROPORTION OF DATA PRESENT FOR NO


           Covariance Coverage
              Q28_3         Q28_4         Q28_6         Q51_3         Q51_4
              ________      ________      ________      ________      ________
 Q28_3          0.836
 Q28_4          0.823         0.839
 Q28_6          0.826         0.831         0.860
 Q51_3          0.823         0.823         0.842         0.894
 Q51_4          0.821         0.821         0.839         0.876         0.881
 Q51_5          0.799         0.810         0.821         0.850         0.842
 Q31_1          0.826         0.828         0.847         0.879         0.865
 Q31_2          0.823         0.826         0.844         0.876         0.863
 Q31_3          0.818         0.821         0.836         0.871         0.858
 Q31_4          0.823         0.826         0.839         0.873         0.860
 Q53_6          0.786         0.794         0.807         0.831         0.823
 Q53_9          0.813         0.815         0.834         0.863         0.850


           Covariance Coverage
              Q51_5         Q31_1         Q31_2         Q31_3         Q31_4
              ________      ________      ________      ________      ________
 Q51_5          0.855
 Q31_1          0.836         0.974
 Q31_2          0.834         0.963         0.966
 Q31_3          0.828         0.955         0.950         0.955
 Q31_4          0.831         0.955         0.953         0.950         0.955
 Q53_6          0.799         0.884         0.879         0.879         0.876
 Q53_9          0.821         0.918         0.913         0.913         0.913


           Covariance Coverage
              Q53_6         Q53_9
              ________      ________
 Q53_6          0.894
 Q53_9          0.873         0.929


     PROPORTION OF DATA PRESENT FOR YES


           Covariance Coverage
              Q28_3         Q28_4         Q28_6         Q51_3         Q51_4
              ________      ________      ________      ________      ________
 Q28_3          0.991
 Q28_4          0.989         0.994
 Q28_6          0.987         0.991         0.992
 Q51_3          0.986         0.988         0.986         0.992
 Q51_4          0.981         0.985         0.981         0.982         0.986
 Q51_5          0.986         0.989         0.987         0.987         0.985
 Q31_1          0.989         0.993         0.991         0.989         0.984
 Q31_2          0.991         0.994         0.992         0.992         0.986
 Q31_3          0.988         0.992         0.989         0.989         0.984
 Q31_4          0.989         0.993         0.991         0.991         0.985
 Q53_6          0.989         0.993         0.992         0.991         0.985
 Q53_9          0.991         0.994         0.992         0.992         0.986


           Covariance Coverage
              Q51_5         Q31_1         Q31_2         Q31_3         Q31_4
              ________      ________      ________      ________      ________
 Q51_5          0.993
 Q31_1          0.991         0.998
 Q31_2          0.993         0.998         1.000
 Q31_3          0.991         0.995         0.998         0.998
 Q31_4          0.992         0.996         0.999         0.998         0.999
 Q53_6          0.992         0.996         0.999         0.996         0.998
 Q53_9          0.993         0.998         1.000         0.998         0.999


           Covariance Coverage
              Q53_6         Q53_9
              ________      ________
 Q53_6          0.999
 Q53_9          0.999         1.000


SAMPLE STATISTICS


     ESTIMATED SAMPLE STATISTICS FOR NO


           Means
              Q28_3         Q28_4         Q28_6         Q51_3         Q51_4
              ________      ________      ________      ________      ________
                0.198        -0.806         0.008        -0.244        -0.995


           Means
              Q51_5         Q31_1         Q31_2         Q31_3         Q31_4
              ________      ________      ________      ________      ________
               -0.814         0.246         0.208         0.116        -0.017


           Means
              Q53_6         Q53_9
              ________      ________
                0.232         0.191


           Covariances
              Q28_3         Q28_4         Q28_6         Q51_3         Q51_4
              ________      ________      ________      ________      ________
 Q28_3          3.481
 Q28_4          1.942         3.355
 Q28_6          2.428         1.948         3.393
 Q51_3          2.162         1.657         1.911         3.246
 Q51_4          1.711         1.891         1.603         2.155         2.942
 Q51_5          1.860         1.960         1.804         2.144         2.407
 Q31_1          1.390         1.547         1.678         1.419         1.215
 Q31_2          1.784         1.528         1.653         1.522         1.394
 Q31_3          1.590         1.722         1.670         1.575         1.539
 Q31_4          1.536         1.568         1.514         1.411         1.391
 Q53_6          1.811         1.659         1.758         1.659         1.424
 Q53_9          1.730         1.527         1.574         1.587         1.504


           Covariances
              Q51_5         Q31_1         Q31_2         Q31_3         Q31_4
              ________      ________      ________      ________      ________
 Q51_5          3.247
 Q31_1          1.483         3.008
 Q31_2          1.615         1.778         2.990
 Q31_3          1.752         1.949         2.071         3.505
 Q31_4          1.441         1.705         2.145         2.196         2.961
 Q53_6          1.531         1.803         1.765         1.906         1.819
 Q53_9          1.461         1.534         1.987         2.186         2.080


           Covariances
              Q53_6         Q53_9
              ________      ________
 Q53_6          2.751
 Q53_9          1.997         3.231


           Correlations
              Q28_3         Q28_4         Q28_6         Q51_3         Q51_4
              ________      ________      ________      ________      ________
 Q28_3          1.000
 Q28_4          0.568         1.000
 Q28_6          0.706         0.578         1.000
 Q51_3          0.643         0.502         0.576         1.000
 Q51_4          0.535         0.602         0.507         0.697         1.000
 Q51_5          0.553         0.594         0.543         0.660         0.779
 Q31_1          0.429         0.487         0.525         0.454         0.409
 Q31_2          0.553         0.483         0.519         0.488         0.470
 Q31_3          0.455         0.502         0.484         0.467         0.479
 Q31_4          0.479         0.497         0.478         0.455         0.471
 Q53_6          0.585         0.546         0.575         0.555         0.500
 Q53_9          0.516         0.464         0.475         0.490         0.488


           Correlations
              Q51_5         Q31_1         Q31_2         Q31_3         Q31_4
              ________      ________      ________      ________      ________
 Q51_5          1.000
 Q31_1          0.475         1.000
 Q31_2          0.518         0.593         1.000
 Q31_3          0.519         0.600         0.640         1.000
 Q31_4          0.465         0.571         0.721         0.682         1.000
 Q53_6          0.512         0.627         0.616         0.614         0.637
 Q53_9          0.451         0.492         0.640         0.650         0.672


           Correlations
              Q53_6         Q53_9
              ________      ________
 Q53_6          1.000
 Q53_9          0.670         1.000


     ESTIMATED SAMPLE STATISTICS FOR YES


           Means
              Q28_3         Q28_4         Q28_6         Q51_3         Q51_4
              ________      ________      ________      ________      ________
                1.161        -0.085         0.705         0.053        -0.425


           Means
              Q51_5         Q31_1         Q31_2         Q31_3         Q31_4
              ________      ________      ________      ________      ________
               -0.320         0.839         0.884         0.623         0.875


           Means
              Q53_6         Q53_9
              ________      ________
                1.176         0.875


           Covariances
              Q28_3         Q28_4         Q28_6         Q51_3         Q51_4
              ________      ________      ________      ________      ________
 Q28_3          2.449
 Q28_4          1.684         3.861
 Q28_6          1.788         1.888         2.849
 Q51_3          1.404         2.086         1.559         3.212
 Q51_4          1.369         2.463         1.569         2.811         3.778
 Q51_5          1.472         2.493         1.721         2.513         3.020
 Q31_1          1.489         1.767         1.585         1.682         1.852
 Q31_2          1.430         1.661         1.456         1.613         1.626
 Q31_3          1.370         1.819         1.466         1.711         1.828
 Q31_4          1.282         1.442         1.307         1.448         1.452
 Q53_6          1.475         1.520         1.567         1.484         1.491
 Q53_9          1.387         1.584         1.372         1.480         1.604


           Covariances
              Q51_5         Q31_1         Q31_2         Q31_3         Q31_4
              ________      ________      ________      ________      ________
 Q51_5          3.615
 Q31_1          1.966         2.774
 Q31_2          1.652         1.847         2.623
 Q31_3          1.881         1.910         1.759         3.056
 Q31_4          1.489         1.647         1.992         1.721         2.469
 Q53_6          1.540         1.779         1.718         1.535         1.589
 Q53_9          1.631         1.693         1.787         1.723         1.755


           Covariances
              Q53_6         Q53_9
              ________      ________
 Q53_6          2.303
 Q53_9          1.680         2.800


           Correlations
              Q28_3         Q28_4         Q28_6         Q51_3         Q51_4
              ________      ________      ________      ________      ________
 Q28_3          1.000
 Q28_4          0.548         1.000
 Q28_6          0.677         0.569         1.000
 Q51_3          0.501         0.592         0.516         1.000
 Q51_4          0.450         0.645         0.478         0.807         1.000
 Q51_5          0.495         0.667         0.536         0.737         0.817
 Q31_1          0.571         0.540         0.564         0.563         0.572
 Q31_2          0.564         0.522         0.533         0.556         0.517
 Q31_3          0.501         0.529         0.497         0.546         0.538
 Q31_4          0.521         0.467         0.493         0.514         0.475
 Q53_6          0.621         0.510         0.612         0.546         0.506
 Q53_9          0.530         0.482         0.486         0.493         0.493


           Correlations
              Q51_5         Q31_1         Q31_2         Q31_3         Q31_4
              ________      ________      ________      ________      ________
 Q51_5          1.000
 Q31_1          0.621         1.000
 Q31_2          0.536         0.685         1.000
 Q31_3          0.566         0.656         0.621         1.000
 Q31_4          0.498         0.629         0.783         0.627         1.000
 Q53_6          0.534         0.704         0.699         0.579         0.666
 Q53_9          0.512         0.607         0.660         0.589         0.668


           Correlations
              Q53_6         Q53_9
              ________      ________
 Q53_6          1.000
 Q53_9          0.662         1.000


     MAXIMUM LOG-LIKELIHOOD VALUE FOR THE UNRESTRICTED (H1) MODEL IS -22898.578


UNIVARIATE SAMPLE STATISTICS


     UNIVARIATE HIGHER-ORDER MOMENT DESCRIPTIVE STATISTICS FOR NO

         Variable/         Mean/     Skewness/   Minimum/ % with                Percentiles
        Sample Size      Variance    Kurtosis    Maximum  Min/Max      20%/60%    40%/80%    Median

     Q28_3                 0.284      -0.320      -3.000   10.73%      -2.000      0.000      0.000
             317.000       3.459      -0.969       3.000   11.99%       1.000      2.000
     Q28_4                -0.739       0.313      -3.000   24.53%      -3.000     -2.000     -1.000
             318.000       3.350      -0.979       3.000    5.35%       0.000      1.000
     Q28_6                 0.083      -0.200      -3.000   12.88%      -2.000      0.000      0.000
             326.000       3.358      -0.915       3.000   10.43%       1.000      2.000
     Q51_3                -0.189       0.013      -3.000   12.98%      -2.000      0.000      0.000
             339.000       3.174      -0.926       3.000    7.96%       0.000      1.000
     Q51_4                -0.949       0.478      -3.000   24.25%      -3.000     -2.000     -1.000
             334.000       2.911      -0.674       3.000    3.59%       0.000      0.000
     Q51_5                -0.741       0.299      -3.000   21.91%      -3.000     -2.000     -1.000
             324.000       3.192      -0.992       3.000    4.63%       0.000      1.000
     Q31_1                 0.238      -0.468      -3.000   10.57%      -2.000      0.000      1.000
             369.000       3.016      -0.767       3.000    6.23%       1.000      2.000
     Q31_2                 0.213      -0.396      -3.000   11.20%      -2.000      0.000      0.000
             366.000       2.966      -0.630       3.000    7.92%       1.000      2.000
     Q31_3                 0.122      -0.315      -3.000   14.09%      -2.000      0.000      0.000
             362.000       3.477      -1.020       3.000    8.29%       1.000      2.000
     Q31_4                -0.006      -0.245      -3.000   12.15%      -2.000      0.000      0.000
             362.000       2.939      -0.787       3.000    6.08%       0.000      2.000
     Q53_6                 0.271      -0.517      -3.000   10.03%      -1.000      0.000      0.000
             339.000       2.794      -0.533       3.000    6.19%       1.000      2.000
     Q53_9                 0.227      -0.378      -3.000   12.22%      -2.000      0.000      0.000
             352.000       3.215      -0.775       3.000    9.66%       1.000      2.000


     UNIVARIATE HIGHER-ORDER MOMENT DESCRIPTIVE STATISTICS FOR YES

         Variable/         Mean/     Skewness/   Minimum/ % with                Percentiles
        Sample Size      Variance    Kurtosis    Maximum  Min/Max      20%/60%    40%/80%    Median

     Q28_3                 1.166      -0.904      -3.000    4.59%       0.000      1.000      2.000
             849.000       2.452       0.402       3.000   20.85%       2.000      3.000
     Q28_4                -0.085      -0.032      -3.000   16.55%      -2.000      0.000      0.000
             852.000       3.854      -1.155       3.000   11.97%       0.000      2.000
     Q28_6                 0.706      -0.583      -3.000    7.18%       0.000      0.000      1.000
             850.000       2.855      -0.291       3.000   15.53%       1.000      2.000
     Q51_3                 0.061      -0.042      -3.000    9.88%      -2.000      0.000      0.000
             850.000       3.210      -0.894       3.000   10.94%       0.000      2.000
     Q51_4                -0.421       0.273      -3.000   18.46%      -2.000     -1.000      0.000
             845.000       3.785      -1.069       3.000   10.53%       0.000      2.000
     Q51_5                -0.317       0.082      -3.000   17.74%      -2.000     -1.000      0.000
             851.000       3.627      -1.143       3.000    7.99%       0.000      2.000
     Q31_1                 0.842      -0.694      -3.000    5.96%       0.000      1.000      1.000
             855.000       2.774      -0.155       3.000   16.96%       1.000      2.000
     Q31_2                 0.884      -0.645      -3.000    4.55%       0.000      1.000      1.000
             857.000       2.623      -0.211       3.000   16.57%       2.000      2.000
     Q31_3                 0.625      -0.537      -3.000    7.49%      -1.000      0.000      1.000
             855.000       3.058      -0.552       3.000   14.85%       1.000      2.000
     Q31_4                 0.874      -0.643      -3.000    3.97%       0.000      1.000      1.000
             856.000       2.470      -0.140       3.000   14.72%       2.000      2.000
     Q53_6                 1.176      -0.859      -3.000    3.39%       0.000      1.000      1.000
             856.000       2.304       0.412       3.000   21.03%       2.000      3.000
     Q53_9                 0.875      -0.684      -3.000    5.60%       0.000      1.000      1.000
             857.000       2.800      -0.246       3.000   17.39%       2.000      2.000


THE MODEL ESTIMATION TERMINATED NORMALLY



MODEL FIT INFORMATION

Number of Free Parameters                       82

Loglikelihood

          H0 Value                      -23187.616
          H0 Scaling Correction Factor      1.3051
            for MLR
          H1 Value                      -22898.578
          H1 Scaling Correction Factor      1.3583
            for MLR

Information Criteria

          Akaike (AIC)                   46539.232
          Bayesian (BIC)                 46959.042
          Sample-Size Adjusted BIC       46698.574
            (n* = (n + 2) / 24)

Chi-Square Test of Model Fit

          Value                            412.100*
          Degrees of Freedom                    98
          P-Value                           0.0000
          Scaling Correction Factor         1.4028
            for MLR

Chi-Square Contribution From Each Group

          NO                               142.302
          YES                              269.798

*   The chi-square value for MLM, MLMV, MLR, ULSMV, WLSM and WLSMV cannot be used
    for chi-square difference testing in the regular way.  MLM, MLR and WLSM
    chi-square difference testing is described on the Mplus website.  MLMV, WLSMV,
    and ULSMV difference testing is done using the DIFFTEST option.

RMSEA (Root Mean Square Error Of Approximation)

          Estimate                           0.072
          90 Percent C.I.                    0.065  0.079
          Probability RMSEA <= .05           0.000

CFI/TLI

          CFI                                0.954
          TLI                                0.937

Chi-Square Test of Model Fit for the Baseline Model

          Value                           6887.622
          Degrees of Freedom                   132
          P-Value                           0.0000

SRMR (Standardized Root Mean Square Residual)

          Value                              0.044



MODEL RESULTS

                                                    Two-Tailed
                    Estimate       S.E.  Est./S.E.    P-Value

Group NO

 CARPRIDE BY
    Q28_3              1.000      0.000    999.000    999.000
    Q28_4              0.975      0.076     12.904      0.000
    Q28_6              0.984      0.069     14.348      0.000
    Q51_3              0.923      0.064     14.360      0.000
    Q51_4              0.859      0.069     12.528      0.000
    Q51_5              0.930      0.074     12.605      0.000
    Q31_1              0.965      0.091     10.555      0.000
    Q31_2              1.046      0.080     13.146      0.000
    Q31_3              1.134      0.099     11.479      0.000
    Q31_4              1.043      0.089     11.752      0.000
    Q53_6              1.052      0.075     14.086      0.000
    Q53_9              1.080      0.087     12.384      0.000

 Q28_3    WITH
    Q28_6              0.787      0.173      4.543      0.000

 Q51_3    WITH
    Q51_4              0.817      0.142      5.743      0.000
    Q51_5              0.697      0.162      4.307      0.000

 Q51_4    WITH
    Q51_5              1.075      0.154      6.974      0.000

 Q31_4    WITH
    Q31_2              0.310      0.110      2.807      0.005

 Means
    CARPRIDE           0.000      0.000    999.000    999.000

 Intercepts
    Q28_3              0.186      0.102      1.817      0.069
    Q28_4             -0.830      0.098     -8.506      0.000
    Q28_6             -0.002      0.100     -0.021      0.983
    Q51_3             -0.246      0.096     -2.564      0.010
    Q51_4             -1.003      0.091    -11.072      0.000
    Q51_5             -0.819      0.095     -8.597      0.000
    Q31_1              0.249      0.090      2.778      0.005
    Q31_2              0.210      0.089      2.348      0.019
    Q31_3              0.122      0.097      1.255      0.210
    Q31_4             -0.012      0.089     -0.132      0.895
    Q53_6              0.229      0.088      2.607      0.009
    Q53_9              0.191      0.094      2.025      0.043

 Variances
    CARPRIDE           1.679      0.244      6.886      0.000

 Residual Variances
    Q28_3              1.798      0.199      9.024      0.000
    Q28_4              1.788      0.167     10.690      0.000
    Q28_6              1.787      0.206      8.669      0.000
    Q51_3              1.799      0.186      9.677      0.000
    Q51_4              1.709      0.148     11.519      0.000
    Q51_5              1.809      0.166     10.897      0.000
    Q31_1              1.451      0.160      9.080      0.000
    Q31_2              1.150      0.148      7.779      0.000
    Q31_3              1.336      0.165      8.075      0.000
    Q31_4              1.126      0.130      8.672      0.000
    Q53_6              0.906      0.103      8.819      0.000
    Q53_9              1.277      0.131      9.743      0.000

Group YES

 CARPRIDE BY
    Q28_3              1.000      0.000    999.000    999.000
    Q28_4              1.218      0.063     19.442      0.000
    Q28_6              1.061      0.046     23.190      0.000
    Q51_3              1.125      0.062     18.259      0.000
    Q51_4              1.184      0.067     17.552      0.000
    Q51_5              1.228      0.066     18.701      0.000
    Q31_1              1.249      0.060     20.644      0.000
    Q31_2              1.195      0.059     20.128      0.000
    Q31_3              1.199      0.067     17.845      0.000
    Q31_4              1.102      0.063     17.595      0.000
    Q53_6              1.136      0.052     21.717      0.000
    Q53_9              1.158      0.061     19.029      0.000

 Q28_3    WITH
    Q28_6              0.493      0.082      6.008      0.000

 Q51_3    WITH
    Q51_4              1.184      0.095     12.511      0.000
    Q51_5              0.826      0.093      8.846      0.000

 Q51_4    WITH
    Q51_5              1.244      0.100     12.449      0.000

 Q31_4    WITH
    Q31_2              0.382      0.065      5.832      0.000

 Means
    CARPRIDE           0.000      0.000    999.000    999.000

 Intercepts
    Q28_3              1.160      0.054     21.603      0.000
    Q28_4             -0.085      0.067     -1.259      0.208
    Q28_6              0.705      0.058     12.177      0.000
    Q51_3              0.053      0.061      0.870      0.384
    Q51_4             -0.423      0.067     -6.357      0.000
    Q51_5             -0.318      0.065     -4.888      0.000
    Q31_1              0.839      0.057     14.733      0.000
    Q31_2              0.884      0.055     15.989      0.000
    Q31_3              0.623      0.060     10.425      0.000
    Q31_4              0.875      0.054     16.293      0.000
    Q53_6              1.176      0.052     22.674      0.000
    Q53_9              0.875      0.057     15.310      0.000

 Variances
    CARPRIDE           1.223      0.118     10.345      0.000

 Residual Variances
    Q28_3              1.228      0.092     13.395      0.000
    Q28_4              2.045      0.134     15.257      0.000
    Q28_6              1.477      0.119     12.450      0.000
    Q51_3              1.665      0.104     16.012      0.000
    Q51_4              2.064      0.109     19.007      0.000
    Q51_5              1.772      0.106     16.734      0.000
    Q31_1              0.868      0.076     11.479      0.000
    Q31_2              0.876      0.070     12.585      0.000
    Q31_3              1.298      0.106     12.197      0.000
    Q31_4              0.984      0.076     12.980      0.000
    Q53_6              0.725      0.056     12.941      0.000
    Q53_9              1.160      0.078     14.942      0.000


STANDARDIZED MODEL RESULTS


STDYX Standardization

                                                    Two-Tailed
                    Estimate       S.E.  Est./S.E.    P-Value

Group NO

 CARPRIDE BY
    Q28_3              0.695      0.042     16.667      0.000
    Q28_4              0.687      0.036     19.012      0.000
    Q28_6              0.690      0.043     16.055      0.000
    Q51_3              0.666      0.043     15.440      0.000
    Q51_4              0.648      0.036     17.924      0.000
    Q51_5              0.667      0.039     17.166      0.000
    Q31_1              0.720      0.038     19.142      0.000
    Q31_2              0.784      0.032     24.400      0.000
    Q31_3              0.786      0.031     25.427      0.000
    Q31_4              0.787      0.029     26.803      0.000
    Q53_6              0.820      0.025     33.270      0.000
    Q53_9              0.778      0.029     26.726      0.000

 Q28_3    WITH
    Q28_6              0.439      0.073      6.051      0.000

 Q51_3    WITH
    Q51_4              0.466      0.058      8.077      0.000
    Q51_5              0.386      0.069      5.587      0.000

 Q51_4    WITH
    Q51_5              0.611      0.058     10.520      0.000

 Q31_4    WITH
    Q31_2              0.272      0.085      3.220      0.001

 Means
    CARPRIDE           0.000      0.000    999.000    999.000

 Intercepts
    Q28_3              0.100      0.056      1.786      0.074
    Q28_4             -0.451      0.058     -7.772      0.000
    Q28_6             -0.001      0.054     -0.021      0.983
    Q51_3             -0.137      0.053     -2.556      0.011
    Q51_4             -0.584      0.062     -9.351      0.000
    Q51_5             -0.454      0.058     -7.860      0.000
    Q31_1              0.144      0.054      2.681      0.007
    Q31_2              0.122      0.053      2.287      0.022
    Q31_3              0.065      0.053      1.242      0.214
    Q31_4             -0.007      0.052     -0.132      0.895
    Q53_6              0.138      0.055      2.511      0.012
    Q53_9              0.106      0.054      1.982      0.047

 Variances
    CARPRIDE           1.000      0.000    999.000    999.000

 Residual Variances
    Q28_3              0.517      0.058      8.924      0.000
    Q28_4              0.529      0.050     10.659      0.000
    Q28_6              0.524      0.059      8.831      0.000
    Q51_3              0.557      0.057      9.704      0.000
    Q51_4              0.580      0.047     12.370      0.000
    Q51_5              0.555      0.052     10.699      0.000
    Q31_1              0.481      0.054      8.873      0.000
    Q31_2              0.385      0.050      7.632      0.000
    Q31_3              0.382      0.049      7.866      0.000
    Q31_4              0.381      0.046      8.256      0.000
    Q53_6              0.328      0.040      8.113      0.000
    Q53_9              0.395      0.045      8.721      0.000

Group YES

 CARPRIDE BY
    Q28_3              0.706      0.024     29.295      0.000
    Q28_4              0.686      0.024     28.076      0.000
    Q28_6              0.695      0.027     25.989      0.000
    Q51_3              0.694      0.023     30.748      0.000
    Q51_4              0.674      0.021     31.385      0.000
    Q51_5              0.714      0.021     34.472      0.000
    Q31_1              0.829      0.017     49.938      0.000
    Q31_2              0.816      0.017     47.681      0.000
    Q31_3              0.759      0.022     33.962      0.000
    Q31_4              0.776      0.021     37.040      0.000
    Q53_6              0.828      0.015     54.408      0.000
    Q53_9              0.765      0.019     41.119      0.000

 Q28_3    WITH
    Q28_6              0.366      0.047      7.872      0.000

 Q51_3    WITH
    Q51_4              0.639      0.031     20.713      0.000
    Q51_5              0.481      0.040     12.053      0.000

 Q51_4    WITH
    Q51_5              0.650      0.030     21.363      0.000

 Q31_4    WITH
    Q31_2              0.411      0.051      8.010      0.000

 Means
    CARPRIDE           0.000      0.000    999.000    999.000

 Intercepts
    Q28_3              0.741      0.048     15.290      0.000
    Q28_4             -0.043      0.034     -1.260      0.208
    Q28_6              0.417      0.039     10.612      0.000
    Q51_3              0.030      0.034      0.870      0.385
    Q51_4             -0.218      0.035     -6.143      0.000
    Q51_5             -0.167      0.035     -4.840      0.000
    Q31_1              0.504      0.041     12.170      0.000
    Q31_2              0.546      0.042     13.117      0.000
    Q31_3              0.356      0.038      9.373      0.000
    Q31_4              0.557      0.042     13.291      0.000
    Q53_6              0.775      0.049     15.926      0.000
    Q53_9              0.523      0.042     12.595      0.000

 Variances
    CARPRIDE           1.000      0.000    999.000    999.000

 Residual Variances
    Q28_3              0.501      0.034     14.709      0.000
    Q28_4              0.530      0.033     15.816      0.000
    Q28_6              0.517      0.037     13.928      0.000
    Q51_3              0.518      0.031     16.543      0.000
    Q51_4              0.546      0.029     18.883      0.000
    Q51_5              0.490      0.030     16.566      0.000
    Q31_1              0.313      0.028     11.355      0.000
    Q31_2              0.334      0.028     11.963      0.000
    Q31_3              0.424      0.034     12.524      0.000
    Q31_4              0.398      0.032     12.264      0.000
    Q53_6              0.315      0.025     12.508      0.000
    Q53_9              0.414      0.028     14.539      0.000


STDY Standardization

                                                    Two-Tailed
                    Estimate       S.E.  Est./S.E.    P-Value

Group NO

 CARPRIDE BY
    Q28_3              0.695      0.042     16.667      0.000
    Q28_4              0.687      0.036     19.012      0.000
    Q28_6              0.690      0.043     16.055      0.000
    Q51_3              0.666      0.043     15.440      0.000
    Q51_4              0.648      0.036     17.924      0.000
    Q51_5              0.667      0.039     17.166      0.000
    Q31_1              0.720      0.038     19.142      0.000
    Q31_2              0.784      0.032     24.400      0.000
    Q31_3              0.786      0.031     25.427      0.000
    Q31_4              0.787      0.029     26.803      0.000
    Q53_6              0.820      0.025     33.270      0.000
    Q53_9              0.778      0.029     26.726      0.000

 Q28_3    WITH
    Q28_6              0.439      0.073      6.051      0.000

 Q51_3    WITH
    Q51_4              0.466      0.058      8.077      0.000
    Q51_5              0.386      0.069      5.587      0.000

 Q51_4    WITH
    Q51_5              0.611      0.058     10.520      0.000

 Q31_4    WITH
    Q31_2              0.272      0.085      3.220      0.001

 Means
    CARPRIDE           0.000      0.000    999.000    999.000

 Intercepts
    Q28_3              0.100      0.056      1.786      0.074
    Q28_4             -0.451      0.058     -7.772      0.000
    Q28_6             -0.001      0.054     -0.021      0.983
    Q51_3             -0.137      0.053     -2.556      0.011
    Q51_4             -0.584      0.062     -9.351      0.000
    Q51_5             -0.454      0.058     -7.860      0.000
    Q31_1              0.144      0.054      2.681      0.007
    Q31_2              0.122      0.053      2.287      0.022
    Q31_3              0.065      0.053      1.242      0.214
    Q31_4             -0.007      0.052     -0.132      0.895
    Q53_6              0.138      0.055      2.511      0.012
    Q53_9              0.106      0.054      1.982      0.047

 Variances
    CARPRIDE           1.000      0.000    999.000    999.000

 Residual Variances
    Q28_3              0.517      0.058      8.924      0.000
    Q28_4              0.529      0.050     10.659      0.000
    Q28_6              0.524      0.059      8.831      0.000
    Q51_3              0.557      0.057      9.704      0.000
    Q51_4              0.580      0.047     12.370      0.000
    Q51_5              0.555      0.052     10.699      0.000
    Q31_1              0.481      0.054      8.873      0.000
    Q31_2              0.385      0.050      7.632      0.000
    Q31_3              0.382      0.049      7.866      0.000
    Q31_4              0.381      0.046      8.256      0.000
    Q53_6              0.328      0.040      8.113      0.000
    Q53_9              0.395      0.045      8.721      0.000

Group YES

 CARPRIDE BY
    Q28_3              0.706      0.024     29.295      0.000
    Q28_4              0.686      0.024     28.076      0.000
    Q28_6              0.695      0.027     25.989      0.000
    Q51_3              0.694      0.023     30.748      0.000
    Q51_4              0.674      0.021     31.385      0.000
    Q51_5              0.714      0.021     34.472      0.000
    Q31_1              0.829      0.017     49.938      0.000
    Q31_2              0.816      0.017     47.681      0.000
    Q31_3              0.759      0.022     33.962      0.000
    Q31_4              0.776      0.021     37.040      0.000
    Q53_6              0.828      0.015     54.408      0.000
    Q53_9              0.765      0.019     41.119      0.000

 Q28_3    WITH
    Q28_6              0.366      0.047      7.872      0.000

 Q51_3    WITH
    Q51_4              0.639      0.031     20.713      0.000
    Q51_5              0.481      0.040     12.053      0.000

 Q51_4    WITH
    Q51_5              0.650      0.030     21.363      0.000

 Q31_4    WITH
    Q31_2              0.411      0.051      8.010      0.000

 Means
    CARPRIDE           0.000      0.000    999.000    999.000

 Intercepts
    Q28_3              0.741      0.048     15.290      0.000
    Q28_4             -0.043      0.034     -1.260      0.208
    Q28_6              0.417      0.039     10.612      0.000
    Q51_3              0.030      0.034      0.870      0.385
    Q51_4             -0.218      0.035     -6.143      0.000
    Q51_5             -0.167      0.035     -4.840      0.000
    Q31_1              0.504      0.041     12.170      0.000
    Q31_2              0.546      0.042     13.117      0.000
    Q31_3              0.356      0.038      9.373      0.000
    Q31_4              0.557      0.042     13.291      0.000
    Q53_6              0.775      0.049     15.926      0.000
    Q53_9              0.523      0.042     12.595      0.000

 Variances
    CARPRIDE           1.000      0.000    999.000    999.000

 Residual Variances
    Q28_3              0.501      0.034     14.709      0.000
    Q28_4              0.530      0.033     15.816      0.000
    Q28_6              0.517      0.037     13.928      0.000
    Q51_3              0.518      0.031     16.543      0.000
    Q51_4              0.546      0.029     18.883      0.000
    Q51_5              0.490      0.030     16.566      0.000
    Q31_1              0.313      0.028     11.355      0.000
    Q31_2              0.334      0.028     11.963      0.000
    Q31_3              0.424      0.034     12.524      0.000
    Q31_4              0.398      0.032     12.264      0.000
    Q53_6              0.315      0.025     12.508      0.000
    Q53_9              0.414      0.028     14.539      0.000


STD Standardization

                                                    Two-Tailed
                    Estimate       S.E.  Est./S.E.    P-Value

Group NO

 CARPRIDE BY
    Q28_3              1.296      0.094     13.773      0.000
    Q28_4              1.263      0.085     14.902      0.000
    Q28_6              1.275      0.094     13.572      0.000
    Q51_3              1.196      0.092     12.960      0.000
    Q51_4              1.113      0.080     13.885      0.000
    Q51_5              1.205      0.087     13.804      0.000
    Q31_1              1.251      0.084     14.968      0.000
    Q31_2              1.356      0.078     17.433      0.000
    Q31_3              1.469      0.077     19.070      0.000
    Q31_4              1.352      0.073     18.448      0.000
    Q53_6              1.363      0.071     19.237      0.000
    Q53_9              1.399      0.079     17.629      0.000

 Q28_3    WITH
    Q28_6              0.787      0.173      4.543      0.000

 Q51_3    WITH
    Q51_4              0.817      0.142      5.743      0.000
    Q51_5              0.697      0.162      4.307      0.000

 Q51_4    WITH
    Q51_5              1.075      0.154      6.974      0.000

 Q31_4    WITH
    Q31_2              0.310      0.110      2.807      0.005

 Means
    CARPRIDE           0.000      0.000    999.000    999.000

 Intercepts
    Q28_3              0.186      0.102      1.817      0.069
    Q28_4             -0.830      0.098     -8.506      0.000
    Q28_6             -0.002      0.100     -0.021      0.983
    Q51_3             -0.246      0.096     -2.564      0.010
    Q51_4             -1.003      0.091    -11.072      0.000
    Q51_5             -0.819      0.095     -8.597      0.000
    Q31_1              0.249      0.090      2.778      0.005
    Q31_2              0.210      0.089      2.348      0.019
    Q31_3              0.122      0.097      1.255      0.210
    Q31_4             -0.012      0.089     -0.132      0.895
    Q53_6              0.229      0.088      2.607      0.009
    Q53_9              0.191      0.094      2.025      0.043

 Variances
    CARPRIDE           1.000      0.000    999.000    999.000

 Residual Variances
    Q28_3              1.798      0.199      9.024      0.000
    Q28_4              1.788      0.167     10.690      0.000
    Q28_6              1.787      0.206      8.669      0.000
    Q51_3              1.799      0.186      9.677      0.000
    Q51_4              1.709      0.148     11.519      0.000
    Q51_5              1.809      0.166     10.897      0.000
    Q31_1              1.451      0.160      9.080      0.000
    Q31_2              1.150      0.148      7.779      0.000
    Q31_3              1.336      0.165      8.075      0.000
    Q31_4              1.126      0.130      8.672      0.000
    Q53_6              0.906      0.103      8.819      0.000
    Q53_9              1.277      0.131      9.743      0.000

Group YES

 CARPRIDE BY
    Q28_3              1.106      0.053     20.691      0.000
    Q28_4              1.347      0.056     24.177      0.000
    Q28_6              1.174      0.055     21.465      0.000
    Q51_3              1.244      0.051     24.518      0.000
    Q51_4              1.310      0.053     24.766      0.000
    Q51_5              1.358      0.050     27.198      0.000
    Q31_1              1.381      0.048     28.839      0.000
    Q31_2              1.321      0.048     27.651      0.000
    Q31_3              1.326      0.052     25.504      0.000
    Q31_4              1.219      0.051     23.907      0.000
    Q53_6              1.256      0.047     26.597      0.000
    Q53_9              1.281      0.050     25.739      0.000

 Q28_3    WITH
    Q28_6              0.493      0.082      6.008      0.000

 Q51_3    WITH
    Q51_4              1.184      0.095     12.511      0.000
    Q51_5              0.826      0.093      8.846      0.000

 Q51_4    WITH
    Q51_5              1.244      0.100     12.449      0.000

 Q31_4    WITH
    Q31_2              0.382      0.065      5.832      0.000

 Means
    CARPRIDE           0.000      0.000    999.000    999.000

 Intercepts
    Q28_3              1.160      0.054     21.603      0.000
    Q28_4             -0.085      0.067     -1.259      0.208
    Q28_6              0.705      0.058     12.177      0.000
    Q51_3              0.053      0.061      0.870      0.384
    Q51_4             -0.423      0.067     -6.357      0.000
    Q51_5             -0.318      0.065     -4.888      0.000
    Q31_1              0.839      0.057     14.733      0.000
    Q31_2              0.884      0.055     15.989      0.000
    Q31_3              0.623      0.060     10.425      0.000
    Q31_4              0.875      0.054     16.293      0.000
    Q53_6              1.176      0.052     22.674      0.000
    Q53_9              0.875      0.057     15.310      0.000

 Variances
    CARPRIDE           1.000      0.000    999.000    999.000

 Residual Variances
    Q28_3              1.228      0.092     13.395      0.000
    Q28_4              2.045      0.134     15.257      0.000
    Q28_6              1.477      0.119     12.450      0.000
    Q51_3              1.665      0.104     16.012      0.000
    Q51_4              2.064      0.109     19.007      0.000
    Q51_5              1.772      0.106     16.734      0.000
    Q31_1              0.868      0.076     11.479      0.000
    Q31_2              0.876      0.070     12.585      0.000
    Q31_3              1.298      0.106     12.197      0.000
    Q31_4              0.984      0.076     12.980      0.000
    Q53_6              0.725      0.056     12.941      0.000
    Q53_9              1.160      0.078     14.942      0.000


R-SQUARE

Group NO

    Observed                                        Two-Tailed
    Variable        Estimate       S.E.  Est./S.E.    P-Value

    Q28_3              0.483      0.058      8.333      0.000
    Q28_4              0.471      0.050      9.506      0.000
    Q28_6              0.476      0.059      8.028      0.000
    Q51_3              0.443      0.057      7.720      0.000
    Q51_4              0.420      0.047      8.962      0.000
    Q51_5              0.445      0.052      8.583      0.000
    Q31_1              0.519      0.054      9.571      0.000
    Q31_2              0.615      0.050     12.200      0.000
    Q31_3              0.618      0.049     12.714      0.000
    Q31_4              0.619      0.046     13.401      0.000
    Q53_6              0.672      0.040     16.635      0.000
    Q53_9              0.605      0.045     13.363      0.000

Group YES

    Observed                                        Two-Tailed
    Variable        Estimate       S.E.  Est./S.E.    P-Value

    Q28_3              0.499      0.034     14.647      0.000
    Q28_4              0.470      0.033     14.038      0.000
    Q28_6              0.483      0.037     12.995      0.000
    Q51_3              0.482      0.031     15.374      0.000
    Q51_4              0.454      0.029     15.692      0.000
    Q51_5              0.510      0.030     17.236      0.000
    Q31_1              0.687      0.028     24.969      0.000
    Q31_2              0.666      0.028     23.841      0.000
    Q31_3              0.576      0.034     16.981      0.000
    Q31_4              0.602      0.032     18.520      0.000
    Q53_6              0.685      0.025     27.204      0.000
    Q53_9              0.586      0.028     20.560      0.000


QUALITY OF NUMERICAL RESULTS

     Condition Number for the Information Matrix              0.469E-02
       (ratio of smallest to largest eigenvalue)


DIAGRAM INFORMATION

  Use View Diagram under the Diagram menu in the Mplus Editor to view the diagram.
  If running Mplus from the Mplus Diagrammer, the diagram opens automatically.

  Diagram output
    /Users/jcmoody/Dropbox (MIT)/Joanna_Jinhua/Papers/CarPride_Validation_CarOwn/Analysis/20190217_MGFA/CarPride_MGFAcar

     Beginning Time:  14:26:18
        Ending Time:  14:26:18
       Elapsed Time:  00:00:00



MUTHEN & MUTHEN
3463 Stoner Ave.
Los Angeles, CA  90066

Tel: (310) 391-9971
Fax: (310) 391-8971
Web: www.StatModel.com
Support: Support@StatModel.com

Copyright (c) 1998-2018 Muthen & Muthen
