Mplus VERSION 8.1 (Mac)
MUTHEN & MUTHEN
04/08/2019  12:52 PM

INPUT INSTRUCTIONS

  TITLE: Car Pride by CarOwner -- Free Baseline

  DATA:
  	FILE = 20190407_CarPride_CarUse_SEM.txt;

  VARIABLE:
  	NAMES ARE
  	    R_ID	City	Age	Female	White	
  	    HHPers	HHWkPers	Educ	FullTime	
  	    Student	HHIncome	HHCars	
  	    CarOwner	Avg_VO	License	PTPass	
  	    TT_CAR	TT_PT	PT_AV	CarCost	DriveAlone	
  	    CarAlone_Freq	CarPool_Freq	CarAlone_WB	CarPool_WB	
  	    Q28_2	Q28_3	Q28_4	Q28_5	Q28_6	Q28_8	Q28_9	
  	    Q51_1	Q51_2	Q51_3	Q51_4	Q51_5	Q51_6	
  	    Q31_1	Q31_2	Q31_3	Q31_4	Q31_5	
  	    Q53_5	Q53_6	Q53_7	Q53_8	Q53_9	
  	    Q43_1	Q43_2	Q43_3	Q43_4	Q43_5	Q43_6	Q43_7	Q43_8	
  	    Q54_1	Q54_2	Q54_3	Q54_4	Q54_6	Q54_7	Q54_8	
  	    DW	D;

  	USEVARIABLES ARE
  	    Q28_3 Q28_4 Q28_6 Q51_3	
    	    Q51_4 Q51_5 Q31_1 Q31_2
    	    Q31_3 Q31_4 Q53_6 Q53_9;

           IDVARIABLE IS R_ID;

  	MISSING = ALL (-9999);

           GROUPING = CarOwner (1 = Yes 0 = No);

  ANALYSIS:
  	ESTIMATOR = MLR;
  	TYPE = mgroup;

  	
  MODEL:
    ! Define the latent variable by its indicators
        CarPride BY Q28_3@1 	
        		Q28_4	Q28_6	Q51_3
    		Q51_4	Q51_5	Q31_1	Q31_2
      		Q31_3	Q31_4	Q53_6	Q53_9;

        Q28_3 WITH Q28_6;
        Q51_3 WITH Q51_4 Q51_5;
        Q51_4 WITH Q51_5;
        Q31_4 WITH Q31_2;

        [CarPride@0]
        [Q28_3  Q28_4 Q28_6	Q51_3];
        [Q51_4  Q51_5 Q31_1	Q31_2];
        [Q31_3  Q31_4 Q53_6	Q53_9];

  MODEL Yes:
        CarPride BY Q28_3@1	
        		Q28_4	Q28_6	Q51_3
    		Q51_4	Q51_5	Q31_1	Q31_2
      		Q31_3	Q31_4	Q53_6	Q53_9;

        Q28_3 WITH Q28_6;
        Q51_3 WITH Q51_4 Q51_5;
        Q51_4 WITH Q51_5;
        Q31_4 WITH Q31_2;

        [Q28_3  Q28_4 Q28_6	Q51_3];
        [Q51_4  Q51_5 Q31_1	Q31_2];
        [Q31_3  Q31_4 Q53_6	Q53_9];


  OUTPUT:
        STANDARDIZED SAMPSTAT;



*** WARNING
  Data set contains cases with missing on all variables.
  These cases were not included in the analysis.
  Number of cases with missing on all variables:  14
   1 WARNING(S) FOUND IN THE INPUT INSTRUCTIONS



Car Pride by CarOwner -- Free Baseline

SUMMARY OF ANALYSIS

Number of groups                                                 2
Number of observations
   Group NO                                                    144
   Group YES                                                  1092
   Total sample size                                          1236

Number of dependent variables                                   12
Number of independent variables                                  0
Number of continuous latent variables                            1

Observed dependent variables

  Continuous
   Q28_3       Q28_4       Q28_6       Q51_3       Q51_4       Q51_5
   Q31_1       Q31_2       Q31_3       Q31_4       Q53_6       Q53_9

Continuous latent variables
   CARPRIDE

Variables with special functions

  Grouping variable     CAROWNER
  ID variable           R_ID

Estimator                                                      MLR
Information matrix                                        OBSERVED
Maximum number of iterations                                  1000
Convergence criterion                                    0.500D-04
Maximum number of steepest descent iterations                   20
Maximum number of iterations for H1                           2000
Convergence criterion for H1                             0.100D-03

Input data file(s)
  20190407_CarPride_CarUse_SEM.txt

Input data format  FREE


SUMMARY OF DATA

   Group NO
     Number of missing data patterns            35

   Group YES
     Number of missing data patterns            35


COVARIANCE COVERAGE OF DATA

Minimum covariance coverage value   0.100


     PROPORTION OF DATA PRESENT FOR NO


           Covariance Coverage
              Q28_3         Q28_4         Q28_6         Q51_3         Q51_4
              ________      ________      ________      ________      ________
 Q28_3          0.674
 Q28_4          0.653         0.674
 Q28_6          0.674         0.674         0.729
 Q51_3          0.653         0.653         0.701         0.764
 Q51_4          0.653         0.653         0.694         0.736         0.743
 Q51_5          0.625         0.632         0.667         0.701         0.694
 Q31_1          0.653         0.653         0.708         0.736         0.715
 Q31_2          0.653         0.653         0.708         0.736         0.715
 Q31_3          0.646         0.646         0.694         0.729         0.708
 Q31_4          0.653         0.653         0.694         0.729         0.708
 Q53_6          0.604         0.611         0.646         0.667         0.660
 Q53_9          0.639         0.639         0.681         0.708         0.688


           Covariance Coverage
              Q51_5         Q31_1         Q31_2         Q31_3         Q31_4
              ________      ________      ________      ________      ________
 Q51_5          0.708
 Q31_1          0.674         0.944
 Q31_2          0.674         0.924         0.931
 Q31_3          0.667         0.910         0.903         0.910
 Q31_4          0.667         0.903         0.903         0.896         0.903
 Q53_6          0.618         0.778         0.771         0.771         0.757
 Q53_9          0.646         0.833         0.826         0.833         0.826


           Covariance Coverage
              Q53_6         Q53_9
              ________      ________
 Q53_6          0.799
 Q53_9          0.764         0.847


     PROPORTION OF DATA PRESENT FOR YES


           Covariance Coverage
              Q28_3         Q28_4         Q28_6         Q51_3         Q51_4
              ________      ________      ________      ________      ________
 Q28_3          0.979
 Q28_4          0.976         0.983
 Q28_6          0.973         0.977         0.981
 Q51_3          0.973         0.975         0.973         0.988
 Q51_4          0.969         0.972         0.970         0.978         0.982
 Q51_5          0.969         0.974         0.972         0.977         0.973
 Q31_1          0.977         0.981         0.978         0.984         0.978
 Q31_2          0.977         0.981         0.978         0.985         0.979
 Q31_3          0.974         0.978         0.975         0.983         0.976
 Q31_4          0.976         0.980         0.977         0.984         0.978
 Q53_6          0.970         0.974         0.973         0.978         0.972
 Q53_9          0.975         0.979         0.978         0.984         0.978


           Covariance Coverage
              Q51_5         Q31_1         Q31_2         Q31_3         Q31_4
              ________      ________      ________      ________      ________
 Q51_5          0.983
 Q31_1          0.979         0.996
 Q31_2          0.980         0.995         0.997
 Q31_3          0.977         0.993         0.994         0.995
 Q31_4          0.979         0.995         0.995         0.995         0.996
 Q53_6          0.974         0.986         0.987         0.985         0.987
 Q53_9          0.979         0.992         0.993         0.990         0.992


           Covariance Coverage
              Q53_6         Q53_9
              ________      ________
 Q53_6          0.989
 Q53_9          0.986         0.995


SAMPLE STATISTICS


     ESTIMATED SAMPLE STATISTICS FOR NO


           Means
              Q28_3         Q28_4         Q28_6         Q51_3         Q51_4
              ________      ________      ________      ________      ________
               -0.346        -1.004        -0.311        -0.444        -1.167


           Means
              Q51_5         Q31_1         Q31_2         Q31_3         Q31_4
              ________      ________      ________      ________      ________
               -1.054        -0.113        -0.252        -0.389        -0.466


           Means
              Q53_6         Q53_9
              ________      ________
               -0.419        -0.193


           Covariances
              Q28_3         Q28_4         Q28_6         Q51_3         Q51_4
              ________      ________      ________      ________      ________
 Q28_3          3.691
 Q28_4          2.443         3.589
 Q28_6          2.973         2.340         4.172
 Q51_3          2.573         2.017         2.252         3.519
 Q51_4          1.846         2.128         1.791         2.223         3.199
 Q51_5          1.812         2.056         1.603         2.223         2.438
 Q31_1          1.710         1.360         2.184         1.371         1.348
 Q31_2          2.541         1.740         2.221         1.969         1.389
 Q31_3          2.249         2.089         2.544         2.270         1.732
 Q31_4          2.047         1.684         2.011         1.759         1.661
 Q53_6          2.471         2.276         2.361         2.266         1.943
 Q53_9          2.144         1.898         2.126         2.046         1.693


           Covariances
              Q51_5         Q31_1         Q31_2         Q31_3         Q31_4
              ________      ________      ________      ________      ________
 Q51_5          3.086
 Q31_1          1.400         3.313
 Q31_2          1.422         2.053         3.296
 Q31_3          1.669         2.063         2.474         3.844
 Q31_4          1.478         1.910         2.604         2.676         3.340
 Q53_6          1.618         1.840         2.252         2.712         2.502
 Q53_9          1.503         1.676         2.275         3.003         2.559


           Covariances
              Q53_6         Q53_9
              ________      ________
 Q53_6          3.340
 Q53_9          2.732         3.994


           Correlations
              Q28_3         Q28_4         Q28_6         Q51_3         Q51_4
              ________      ________      ________      ________      ________
 Q28_3          1.000
 Q28_4          0.671         1.000
 Q28_6          0.758         0.605         1.000
 Q51_3          0.714         0.568         0.588         1.000
 Q51_4          0.537         0.628         0.490         0.663         1.000
 Q51_5          0.537         0.618         0.447         0.674         0.776
 Q31_1          0.489         0.395         0.587         0.402         0.414
 Q31_2          0.729         0.506         0.599         0.578         0.428
 Q31_3          0.597         0.562         0.635         0.617         0.494
 Q31_4          0.583         0.486         0.539         0.513         0.508
 Q53_6          0.704         0.657         0.632         0.661         0.594
 Q53_9          0.558         0.501         0.521         0.546         0.474


           Correlations
              Q51_5         Q31_1         Q31_2         Q31_3         Q31_4
              ________      ________      ________      ________      ________
 Q51_5          1.000
 Q31_1          0.438         1.000
 Q31_2          0.446         0.621         1.000
 Q31_3          0.484         0.578         0.695         1.000
 Q31_4          0.460         0.574         0.785         0.747         1.000
 Q53_6          0.504         0.553         0.679         0.757         0.749
 Q53_9          0.428         0.461         0.627         0.766         0.701


           Correlations
              Q53_6         Q53_9
              ________      ________
 Q53_6          1.000
 Q53_9          0.748         1.000


     ESTIMATED SAMPLE STATISTICS FOR YES


           Means
              Q28_3         Q28_4         Q28_6         Q51_3         Q51_4
              ________      ________      ________      ________      ________
                1.017        -0.206         0.595         0.021        -0.519


           Means
              Q51_5         Q31_1         Q31_2         Q31_3         Q31_4
              ________      ________      ________      ________      ________
               -0.390         0.758         0.797         0.579         0.741


           Means
              Q53_6         Q53_9
              ________      ________
                1.053         0.777


           Covariances
              Q28_3         Q28_4         Q28_6         Q51_3         Q51_4
              ________      ________      ________      ________      ________
 Q28_3          2.665
 Q28_4          1.728         3.773
 Q28_6          1.889         1.894         2.907
 Q51_3          1.509         1.960         1.592         3.181
 Q51_4          1.447         2.347         1.575         2.663         3.596
 Q51_5          1.559         2.384         1.759         2.415         2.896
 Q31_1          1.445         1.740         1.555         1.610         1.712
 Q31_2          1.430         1.612         1.439         1.528         1.572
 Q31_3          1.319         1.747         1.404         1.581         1.726
 Q31_4          1.306         1.473         1.317         1.385         1.422
 Q53_6          1.486         1.511         1.559         1.443         1.434
 Q53_9          1.420         1.552         1.371         1.444         1.570


           Covariances
              Q51_5         Q31_1         Q31_2         Q31_3         Q31_4
              ________      ________      ________      ________      ________
 Q51_5          3.551
 Q31_1          1.868         2.786
 Q31_2          1.642         1.792         2.647
 Q31_3          1.827         1.875         1.739         3.057
 Q31_4          1.468         1.640         1.970         1.732         2.549
 Q53_6          1.514         1.770         1.652         1.474         1.562
 Q53_9          1.584         1.643         1.787         1.697         1.774


           Covariances
              Q53_6         Q53_9
              ________      ________
 Q53_6          2.306
 Q53_9          1.658         2.806


           Correlations
              Q28_3         Q28_4         Q28_6         Q51_3         Q51_4
              ________      ________      ________      ________      ________
 Q28_3          1.000
 Q28_4          0.545         1.000
 Q28_6          0.679         0.572         1.000
 Q51_3          0.518         0.566         0.524         1.000
 Q51_4          0.467         0.637         0.487         0.787         1.000
 Q51_5          0.507         0.651         0.548         0.719         0.810
 Q31_1          0.530         0.537         0.547         0.541         0.541
 Q31_2          0.538         0.510         0.519         0.526         0.510
 Q31_3          0.462         0.514         0.471         0.507         0.521
 Q31_4          0.501         0.475         0.484         0.486         0.470
 Q53_6          0.599         0.512         0.602         0.533         0.498
 Q53_9          0.519         0.477         0.480         0.483         0.494


           Correlations
              Q51_5         Q31_1         Q31_2         Q31_3         Q31_4
              ________      ________      ________      ________      ________
 Q51_5          1.000
 Q31_1          0.594         1.000
 Q31_2          0.536         0.660         1.000
 Q31_3          0.554         0.643         0.611         1.000
 Q31_4          0.488         0.615         0.758         0.621         1.000
 Q53_6          0.529         0.698         0.669         0.555         0.644
 Q53_9          0.502         0.588         0.656         0.579         0.663


           Correlations
              Q53_6         Q53_9
              ________      ________
 Q53_6          1.000
 Q53_9          0.652         1.000


     MAXIMUM LOG-LIKELIHOOD VALUE FOR THE UNRESTRICTED (H1) MODEL IS -22922.345


UNIVARIATE SAMPLE STATISTICS


     UNIVARIATE HIGHER-ORDER MOMENT DESCRIPTIVE STATISTICS FOR NO

         Variable/         Mean/     Skewness/   Minimum/ % with                Percentiles
        Sample Size      Variance    Kurtosis    Maximum  Min/Max      20%/60%    40%/80%    Median

     Q28_3                -0.258      -0.047      -3.000   19.59%      -3.000      0.000      0.000
              97.000       3.717      -1.211       3.000    7.22%       0.000      2.000
     Q28_4                -1.021       0.432      -3.000   35.05%      -3.000     -2.000     -1.000
              97.000       3.525      -1.095       3.000    4.12%       0.000      1.000
     Q28_6                -0.210       0.002      -3.000   20.95%      -3.000      0.000      0.000
             105.000       4.070      -1.208       3.000   12.38%       0.000      2.000
     Q51_3                -0.409       0.043      -3.000   20.00%      -3.000     -1.000      0.000
             110.000       3.387      -1.058       3.000    6.36%       0.000      1.000
     Q51_4                -1.121       0.665      -3.000   29.91%      -3.000     -2.000     -2.000
             107.000       3.153      -0.588       3.000    4.67%      -1.000      0.000
     Q51_5                -1.049       0.393      -3.000   30.39%      -3.000     -2.000     -2.000
             102.000       3.066      -1.045       3.000    2.94%       0.000      1.000
     Q31_1                -0.162      -0.235      -3.000   16.91%      -2.000      0.000      0.000
             136.000       3.312      -1.097       3.000    4.41%       0.000      2.000
     Q31_2                -0.269      -0.148      -3.000   18.66%      -2.000      0.000      0.000
             134.000       3.241      -1.031       3.000    4.48%       0.000      1.000
     Q31_3                -0.427       0.026      -3.000   24.43%      -3.000     -1.000      0.000
             131.000       3.817      -1.276       3.000    6.11%       0.000      1.000
     Q31_4                -0.485       0.056      -3.000   21.54%      -3.000     -1.000      0.000
             130.000       3.311      -1.019       3.000    5.38%       0.000      1.000
     Q53_6                -0.383      -0.076      -3.000   20.87%      -3.000     -1.000      0.000
             115.000       3.488      -1.251       3.000    4.35%       0.000      1.000
     Q53_9                -0.156      -0.138      -3.000   22.13%      -3.000      0.000      0.000
             122.000       4.033      -1.245       3.000    9.84%       1.000      2.000


     UNIVARIATE HIGHER-ORDER MOMENT DESCRIPTIVE STATISTICS FOR YES

         Variable/         Mean/     Skewness/   Minimum/ % with                Percentiles
        Sample Size      Variance    Kurtosis    Maximum  Min/Max      20%/60%    40%/80%    Median

     Q28_3                 1.034      -0.802      -3.000    5.05%       0.000      1.000      1.000
            1069.000       2.665       0.035       3.000   19.46%       2.000      2.000
     Q28_4                -0.194       0.040      -3.000   17.24%      -2.000     -1.000      0.000
            1073.000       3.770      -1.133       3.000   10.72%       0.000      2.000
     Q28_6                 0.606      -0.512      -3.000    7.56%       0.000      0.000      1.000
            1071.000       2.915      -0.426       3.000   14.29%       1.000      2.000
     Q51_3                 0.031      -0.027      -3.000    9.82%      -2.000      0.000      0.000
            1079.000       3.177      -0.890       3.000   10.47%       0.000      2.000
     Q51_4                -0.516       0.320      -3.000   19.12%      -2.000     -1.000      0.000
            1072.000       3.604      -0.980       3.000    8.96%       0.000      1.000
     Q51_5                -0.376       0.122      -3.000   17.80%      -2.000     -1.000      0.000
            1073.000       3.549      -1.117       3.000    7.46%       0.000      1.000
     Q31_1                 0.763      -0.661      -3.000    6.16%       0.000      1.000      1.000
            1088.000       2.780      -0.237       3.000   14.89%       1.000      2.000
     Q31_2                 0.801      -0.607      -3.000    5.05%       0.000      0.000      1.000
            1089.000       2.643      -0.241       3.000   15.15%       1.000      2.000
     Q31_3                 0.584      -0.522      -3.000    7.64%      -1.000      0.000      1.000
            1086.000       3.055      -0.586       3.000   13.72%       1.000      2.000
     Q31_4                 0.744      -0.569      -3.000    4.60%       0.000      0.000      1.000
            1088.000       2.545      -0.278       3.000   12.96%       1.000      2.000
     Q53_6                 1.058      -0.776      -3.000    3.61%       0.000      1.000      1.000
            1080.000       2.316       0.269       3.000   18.15%       2.000      2.000
     Q53_9                 0.781      -0.618      -3.000    5.89%       0.000      1.000      1.000
            1087.000       2.804      -0.328       3.000   15.73%       1.000      2.000


THE MODEL ESTIMATION TERMINATED NORMALLY



MODEL FIT INFORMATION

Number of Free Parameters                       82

Loglikelihood

          H0 Value                      -23216.231
          H0 Scaling Correction Factor      1.3407
            for MLR
          H1 Value                      -22922.345
          H1 Scaling Correction Factor      1.3643
            for MLR

Information Criteria

          Akaike (AIC)                   46596.463
          Bayesian (BIC)                 47016.273
          Sample-Size Adjusted BIC       46755.805
            (n* = (n + 2) / 24)

Chi-Square Test of Model Fit

          Value                            424.654*
          Degrees of Freedom                    98
          P-Value                           0.0000
          Scaling Correction Factor         1.3841
            for MLR

Chi-Square Contribution From Each Group

          NO                                89.448
          YES                              335.206

*   The chi-square value for MLM, MLMV, MLR, ULSMV, WLSM and WLSMV cannot be used
    for chi-square difference testing in the regular way.  MLM, MLR and WLSM
    chi-square difference testing is described on the Mplus website.  MLMV, WLSMV,
    and ULSMV difference testing is done using the DIFFTEST option.

RMSEA (Root Mean Square Error Of Approximation)

          Estimate                           0.073
          90 Percent C.I.                    0.066  0.081
          Probability RMSEA <= .05           0.000

CFI/TLI

          CFI                                0.951
          TLI                                0.934

Chi-Square Test of Model Fit for the Baseline Model

          Value                           6764.657
          Degrees of Freedom                   132
          P-Value                           0.0000

SRMR (Standardized Root Mean Square Residual)

          Value                              0.043



MODEL RESULTS

                                                    Two-Tailed
                    Estimate       S.E.  Est./S.E.    P-Value

Group NO

 CARPRIDE BY
    Q28_3              1.000      0.000    999.000    999.000
    Q28_4              0.882      0.094      9.393      0.000
    Q28_6              0.987      0.099      9.922      0.000
    Q51_3              0.912      0.077     11.798      0.000
    Q51_4              0.776      0.113      6.849      0.000
    Q51_5              0.714      0.114      6.290      0.000
    Q31_1              0.809      0.127      6.380      0.000
    Q31_2              0.986      0.096     10.266      0.000
    Q31_3              1.155      0.118      9.801      0.000
    Q31_4              1.028      0.112      9.216      0.000
    Q53_6              1.095      0.102     10.739      0.000
    Q53_9              1.103      0.126      8.738      0.000

 Q28_3    WITH
    Q28_6              0.759      0.378      2.006      0.045

 Q51_3    WITH
    Q51_4              0.644      0.210      3.068      0.002
    Q51_5              0.800      0.246      3.259      0.001

 Q51_4    WITH
    Q51_5              1.224      0.313      3.913      0.000

 Q31_4    WITH
    Q31_2              0.382      0.220      1.731      0.083

 Means
    CARPRIDE           0.000      0.000    999.000    999.000

 Intercepts
    Q28_3             -0.314      0.177     -1.773      0.076
    Q28_4             -1.053      0.176     -5.980      0.000
    Q28_6             -0.269      0.188     -1.435      0.151
    Q51_3             -0.464      0.168     -2.766      0.006
    Q51_4             -1.179      0.161     -7.317      0.000
    Q51_5             -1.040      0.163     -6.394      0.000
    Q31_1             -0.112      0.154     -0.726      0.468
    Q31_2             -0.243      0.153     -1.583      0.113
    Q31_3             -0.387      0.167     -2.316      0.021
    Q31_4             -0.451      0.155     -2.905      0.004
    Q53_6             -0.422      0.159     -2.659      0.008
    Q53_9             -0.192      0.174     -1.103      0.270

 Variances
    CARPRIDE           2.178      0.413      5.271      0.000

 Residual Variances
    Q28_3              1.440      0.362      3.981      0.000
    Q28_4              1.777      0.293      6.065      0.000
    Q28_6              1.999      0.490      4.082      0.000
    Q51_3              1.626      0.294      5.521      0.000
    Q51_4              1.874      0.304      6.165      0.000
    Q51_5              1.979      0.300      6.594      0.000
    Q31_1              1.888      0.324      5.820      0.000
    Q31_2              1.168      0.249      4.686      0.000
    Q31_3              0.950      0.187      5.078      0.000
    Q31_4              1.029      0.230      4.473      0.000
    Q53_6              0.730      0.147      4.951      0.000
    Q53_9              1.354      0.248      5.454      0.000

Group YES

 CARPRIDE BY
    Q28_3              1.000      0.000    999.000    999.000
    Q28_4              1.191      0.054     21.861      0.000
    Q28_6              1.049      0.041     25.494      0.000
    Q51_3              1.074      0.052     20.577      0.000
    Q51_4              1.131      0.057     19.945      0.000
    Q51_5              1.192      0.056     21.212      0.000
    Q31_1              1.206      0.056     21.615      0.000
    Q31_2              1.157      0.053     21.691      0.000
    Q31_3              1.157      0.062     18.681      0.000
    Q31_4              1.089      0.056     19.464      0.000
    Q53_6              1.105      0.046     23.867      0.000
    Q53_9              1.135      0.053     21.533      0.000

 Q28_3    WITH
    Q28_6              0.565      0.076      7.454      0.000

 Q51_3    WITH
    Q51_4              1.120      0.085     13.181      0.000
    Q51_5              0.789      0.085      9.270      0.000

 Q51_4    WITH
    Q51_5              1.186      0.088     13.511      0.000

 Q31_4    WITH
    Q31_2              0.369      0.059      6.203      0.000

 Means
    CARPRIDE           0.000      0.000    999.000    999.000

 Intercepts
    Q28_3              1.016      0.050     20.355      0.000
    Q28_4             -0.208      0.059     -3.534      0.000
    Q28_6              0.593      0.052     11.401      0.000
    Q51_3              0.022      0.054      0.398      0.691
    Q51_4             -0.519      0.058     -9.010      0.000
    Q51_5             -0.391      0.057     -6.832      0.000
    Q31_1              0.758      0.051     14.982      0.000
    Q31_2              0.798      0.049     16.188      0.000
    Q31_3              0.580      0.053     10.938      0.000
    Q31_4              0.741      0.048     15.330      0.000
    Q53_6              1.053      0.046     22.815      0.000
    Q53_9              0.777      0.051     15.313      0.000

 Variances
    CARPRIDE           1.268      0.109     11.667      0.000

 Residual Variances
    Q28_3              1.398      0.087     16.015      0.000
    Q28_4              1.981      0.115     17.191      0.000
    Q28_6              1.521      0.103     14.721      0.000
    Q51_3              1.714      0.096     17.876      0.000
    Q51_4              1.973      0.093     21.108      0.000
    Q51_5              1.748      0.094     18.578      0.000
    Q31_1              0.939      0.069     13.600      0.000
    Q31_2              0.945      0.069     13.642      0.000
    Q31_3              1.359      0.096     14.155      0.000
    Q31_4              1.043      0.070     14.976      0.000
    Q53_6              0.762      0.051     14.942      0.000
    Q53_9              1.172      0.069     16.993      0.000


STANDARDIZED MODEL RESULTS


STDYX Standardization

                                                    Two-Tailed
                    Estimate       S.E.  Est./S.E.    P-Value

Group NO

 CARPRIDE BY
    Q28_3              0.776      0.063     12.404      0.000
    Q28_4              0.699      0.055     12.717      0.000
    Q28_6              0.718      0.076      9.442      0.000
    Q51_3              0.726      0.059     12.403      0.000
    Q51_4              0.641      0.067      9.504      0.000
    Q51_5              0.600      0.080      7.536      0.000
    Q31_1              0.656      0.073      8.930      0.000
    Q31_2              0.803      0.049     16.456      0.000
    Q31_3              0.868      0.029     30.088      0.000
    Q31_4              0.831      0.043     19.527      0.000
    Q53_6              0.884      0.026     33.745      0.000
    Q53_9              0.813      0.042     19.295      0.000

 Q28_3    WITH
    Q28_6              0.447      0.170      2.631      0.009

 Q51_3    WITH
    Q51_4              0.369      0.101      3.665      0.000
    Q51_5              0.446      0.104      4.298      0.000

 Q51_4    WITH
    Q51_5              0.635      0.113      5.647      0.000

 Q31_4    WITH
    Q31_2              0.348      0.155      2.251      0.024

 Means
    CARPRIDE           0.000      0.000    999.000    999.000

 Intercepts
    Q28_3             -0.165      0.094     -1.765      0.078
    Q28_4             -0.565      0.110     -5.130      0.000
    Q28_6             -0.133      0.093     -1.427      0.154
    Q51_3             -0.250      0.092     -2.717      0.007
    Q51_4             -0.660      0.116     -5.706      0.000
    Q51_5             -0.592      0.106     -5.564      0.000
    Q31_1             -0.061      0.084     -0.731      0.465
    Q31_2             -0.134      0.084     -1.595      0.111
    Q31_3             -0.197      0.086     -2.302      0.021
    Q31_4             -0.247      0.086     -2.865      0.004
    Q53_6             -0.231      0.087     -2.659      0.008
    Q53_9             -0.096      0.086     -1.109      0.267

 Variances
    CARPRIDE           1.000      0.000    999.000    999.000

 Residual Variances
    Q28_3              0.398      0.097      4.103      0.000
    Q28_4              0.512      0.077      6.673      0.000
    Q28_6              0.485      0.109      4.448      0.000
    Q51_3              0.473      0.085      5.568      0.000
    Q51_4              0.589      0.087      6.800      0.000
    Q51_5              0.641      0.095      6.714      0.000
    Q31_1              0.570      0.096      5.909      0.000
    Q31_2              0.356      0.078      4.540      0.000
    Q31_3              0.247      0.050      4.922      0.000
    Q31_4              0.309      0.071      4.364      0.000
    Q53_6              0.219      0.046      4.720      0.000
    Q53_9              0.338      0.069      4.932      0.000

Group YES

 CARPRIDE BY
    Q28_3              0.690      0.022     31.495      0.000
    Q28_4              0.690      0.022     31.878      0.000
    Q28_6              0.692      0.024     29.427      0.000
    Q51_3              0.679      0.021     31.574      0.000
    Q51_4              0.672      0.020     34.286      0.000
    Q51_5              0.712      0.019     37.647      0.000
    Q31_1              0.814      0.016     52.520      0.000
    Q31_2              0.802      0.017     47.350      0.000
    Q31_3              0.745      0.021     35.820      0.000
    Q31_4              0.768      0.019     41.161      0.000
    Q53_6              0.819      0.014     58.491      0.000
    Q53_9              0.763      0.017     45.240      0.000

 Q28_3    WITH
    Q28_6              0.388      0.039      9.859      0.000

 Q51_3    WITH
    Q51_4              0.609      0.028     21.532      0.000
    Q51_5              0.456      0.036     12.645      0.000

 Q51_4    WITH
    Q51_5              0.639      0.028     22.993      0.000

 Q31_4    WITH
    Q31_2              0.371      0.047      7.915      0.000

 Means
    CARPRIDE           0.000      0.000    999.000    999.000

 Intercepts
    Q28_3              0.622      0.040     15.650      0.000
    Q28_4             -0.107      0.030     -3.521      0.000
    Q28_6              0.347      0.034     10.303      0.000
    Q51_3              0.012      0.030      0.398      0.691
    Q51_4             -0.274      0.032     -8.562      0.000
    Q51_5             -0.207      0.031     -6.714      0.000
    Q31_1              0.454      0.036     12.704      0.000
    Q31_2              0.490      0.036     13.665      0.000
    Q31_3              0.332      0.033      9.935      0.000
    Q31_4              0.465      0.035     13.155      0.000
    Q53_6              0.693      0.041     16.965      0.000
    Q53_9              0.464      0.036     13.050      0.000

 Variances
    CARPRIDE           1.000      0.000    999.000    999.000

 Residual Variances
    Q28_3              0.524      0.030     17.355      0.000
    Q28_4              0.524      0.030     17.561      0.000
    Q28_6              0.521      0.033     16.030      0.000
    Q51_3              0.539      0.029     18.480      0.000
    Q51_4              0.549      0.026     20.855      0.000
    Q51_5              0.492      0.027     18.263      0.000
    Q31_1              0.337      0.025     13.357      0.000
    Q31_2              0.357      0.027     13.172      0.000
    Q31_3              0.445      0.031     14.333      0.000
    Q31_4              0.410      0.029     14.278      0.000
    Q53_6              0.330      0.023     14.397      0.000
    Q53_9              0.418      0.026     16.224      0.000


STDY Standardization

                                                    Two-Tailed
                    Estimate       S.E.  Est./S.E.    P-Value

Group NO

 CARPRIDE BY
    Q28_3              0.776      0.063     12.404      0.000
    Q28_4              0.699      0.055     12.717      0.000
    Q28_6              0.718      0.076      9.442      0.000
    Q51_3              0.726      0.059     12.403      0.000
    Q51_4              0.641      0.067      9.504      0.000
    Q51_5              0.600      0.080      7.536      0.000
    Q31_1              0.656      0.073      8.930      0.000
    Q31_2              0.803      0.049     16.456      0.000
    Q31_3              0.868      0.029     30.088      0.000
    Q31_4              0.831      0.043     19.527      0.000
    Q53_6              0.884      0.026     33.745      0.000
    Q53_9              0.813      0.042     19.295      0.000

 Q28_3    WITH
    Q28_6              0.447      0.170      2.631      0.009

 Q51_3    WITH
    Q51_4              0.369      0.101      3.665      0.000
    Q51_5              0.446      0.104      4.298      0.000

 Q51_4    WITH
    Q51_5              0.635      0.113      5.647      0.000

 Q31_4    WITH
    Q31_2              0.348      0.155      2.251      0.024

 Means
    CARPRIDE           0.000      0.000    999.000    999.000

 Intercepts
    Q28_3             -0.165      0.094     -1.765      0.078
    Q28_4             -0.565      0.110     -5.130      0.000
    Q28_6             -0.133      0.093     -1.427      0.154
    Q51_3             -0.250      0.092     -2.717      0.007
    Q51_4             -0.660      0.116     -5.706      0.000
    Q51_5             -0.592      0.106     -5.564      0.000
    Q31_1             -0.061      0.084     -0.731      0.465
    Q31_2             -0.134      0.084     -1.595      0.111
    Q31_3             -0.197      0.086     -2.302      0.021
    Q31_4             -0.247      0.086     -2.865      0.004
    Q53_6             -0.231      0.087     -2.659      0.008
    Q53_9             -0.096      0.086     -1.109      0.267

 Variances
    CARPRIDE           1.000      0.000    999.000    999.000

 Residual Variances
    Q28_3              0.398      0.097      4.103      0.000
    Q28_4              0.512      0.077      6.673      0.000
    Q28_6              0.485      0.109      4.448      0.000
    Q51_3              0.473      0.085      5.568      0.000
    Q51_4              0.589      0.087      6.800      0.000
    Q51_5              0.641      0.095      6.714      0.000
    Q31_1              0.570      0.096      5.909      0.000
    Q31_2              0.356      0.078      4.540      0.000
    Q31_3              0.247      0.050      4.922      0.000
    Q31_4              0.309      0.071      4.364      0.000
    Q53_6              0.219      0.046      4.720      0.000
    Q53_9              0.338      0.069      4.932      0.000

Group YES

 CARPRIDE BY
    Q28_3              0.690      0.022     31.495      0.000
    Q28_4              0.690      0.022     31.878      0.000
    Q28_6              0.692      0.024     29.427      0.000
    Q51_3              0.679      0.021     31.574      0.000
    Q51_4              0.672      0.020     34.286      0.000
    Q51_5              0.712      0.019     37.647      0.000
    Q31_1              0.814      0.016     52.520      0.000
    Q31_2              0.802      0.017     47.350      0.000
    Q31_3              0.745      0.021     35.820      0.000
    Q31_4              0.768      0.019     41.161      0.000
    Q53_6              0.819      0.014     58.491      0.000
    Q53_9              0.763      0.017     45.240      0.000

 Q28_3    WITH
    Q28_6              0.388      0.039      9.859      0.000

 Q51_3    WITH
    Q51_4              0.609      0.028     21.532      0.000
    Q51_5              0.456      0.036     12.645      0.000

 Q51_4    WITH
    Q51_5              0.639      0.028     22.993      0.000

 Q31_4    WITH
    Q31_2              0.371      0.047      7.915      0.000

 Means
    CARPRIDE           0.000      0.000    999.000    999.000

 Intercepts
    Q28_3              0.622      0.040     15.650      0.000
    Q28_4             -0.107      0.030     -3.521      0.000
    Q28_6              0.347      0.034     10.303      0.000
    Q51_3              0.012      0.030      0.398      0.691
    Q51_4             -0.274      0.032     -8.562      0.000
    Q51_5             -0.207      0.031     -6.714      0.000
    Q31_1              0.454      0.036     12.704      0.000
    Q31_2              0.490      0.036     13.665      0.000
    Q31_3              0.332      0.033      9.935      0.000
    Q31_4              0.465      0.035     13.155      0.000
    Q53_6              0.693      0.041     16.965      0.000
    Q53_9              0.464      0.036     13.050      0.000

 Variances
    CARPRIDE           1.000      0.000    999.000    999.000

 Residual Variances
    Q28_3              0.524      0.030     17.355      0.000
    Q28_4              0.524      0.030     17.561      0.000
    Q28_6              0.521      0.033     16.030      0.000
    Q51_3              0.539      0.029     18.480      0.000
    Q51_4              0.549      0.026     20.855      0.000
    Q51_5              0.492      0.027     18.263      0.000
    Q31_1              0.337      0.025     13.357      0.000
    Q31_2              0.357      0.027     13.172      0.000
    Q31_3              0.445      0.031     14.333      0.000
    Q31_4              0.410      0.029     14.278      0.000
    Q53_6              0.330      0.023     14.397      0.000
    Q53_9              0.418      0.026     16.224      0.000


STD Standardization

                                                    Two-Tailed
                    Estimate       S.E.  Est./S.E.    P-Value

Group NO

 CARPRIDE BY
    Q28_3              1.476      0.140     10.542      0.000
    Q28_4              1.301      0.128     10.129      0.000
    Q28_6              1.457      0.162      9.009      0.000
    Q51_3              1.346      0.137      9.852      0.000
    Q51_4              1.144      0.151      7.575      0.000
    Q51_5              1.054      0.160      6.570      0.000
    Q31_1              1.194      0.152      7.864      0.000
    Q31_2              1.455      0.121     12.073      0.000
    Q31_3              1.704      0.094     18.040      0.000
    Q31_4              1.517      0.113     13.465      0.000
    Q53_6              1.615      0.090     18.046      0.000
    Q53_9              1.628      0.125     13.062      0.000

 Q28_3    WITH
    Q28_6              0.759      0.378      2.006      0.045

 Q51_3    WITH
    Q51_4              0.644      0.210      3.068      0.002
    Q51_5              0.800      0.246      3.259      0.001

 Q51_4    WITH
    Q51_5              1.224      0.313      3.913      0.000

 Q31_4    WITH
    Q31_2              0.382      0.220      1.731      0.083

 Means
    CARPRIDE           0.000      0.000    999.000    999.000

 Intercepts
    Q28_3             -0.314      0.177     -1.773      0.076
    Q28_4             -1.053      0.176     -5.980      0.000
    Q28_6             -0.269      0.188     -1.435      0.151
    Q51_3             -0.464      0.168     -2.766      0.006
    Q51_4             -1.179      0.161     -7.317      0.000
    Q51_5             -1.040      0.163     -6.394      0.000
    Q31_1             -0.112      0.154     -0.726      0.468
    Q31_2             -0.243      0.153     -1.583      0.113
    Q31_3             -0.387      0.167     -2.316      0.021
    Q31_4             -0.451      0.155     -2.905      0.004
    Q53_6             -0.422      0.159     -2.659      0.008
    Q53_9             -0.192      0.174     -1.103      0.270

 Variances
    CARPRIDE           1.000      0.000    999.000    999.000

 Residual Variances
    Q28_3              1.440      0.362      3.981      0.000
    Q28_4              1.777      0.293      6.065      0.000
    Q28_6              1.999      0.490      4.082      0.000
    Q51_3              1.626      0.294      5.521      0.000
    Q51_4              1.874      0.304      6.165      0.000
    Q51_5              1.979      0.300      6.594      0.000
    Q31_1              1.888      0.324      5.820      0.000
    Q31_2              1.168      0.249      4.686      0.000
    Q31_3              0.950      0.187      5.078      0.000
    Q31_4              1.029      0.230      4.473      0.000
    Q53_6              0.730      0.147      4.951      0.000
    Q53_9              1.354      0.248      5.454      0.000

Group YES

 CARPRIDE BY
    Q28_3              1.126      0.048     23.334      0.000
    Q28_4              1.341      0.050     27.021      0.000
    Q28_6              1.182      0.049     24.119      0.000
    Q51_3              1.210      0.047     25.826      0.000
    Q51_4              1.273      0.048     26.806      0.000
    Q51_5              1.342      0.045     29.702      0.000
    Q31_1              1.359      0.043     31.668      0.000
    Q31_2              1.304      0.044     29.773      0.000
    Q31_3              1.303      0.048     27.328      0.000
    Q31_4              1.226      0.045     27.341      0.000
    Q53_6              1.244      0.042     29.973      0.000
    Q53_9              1.278      0.044     28.786      0.000

 Q28_3    WITH
    Q28_6              0.565      0.076      7.454      0.000

 Q51_3    WITH
    Q51_4              1.120      0.085     13.181      0.000
    Q51_5              0.789      0.085      9.270      0.000

 Q51_4    WITH
    Q51_5              1.186      0.088     13.511      0.000

 Q31_4    WITH
    Q31_2              0.369      0.059      6.203      0.000

 Means
    CARPRIDE           0.000      0.000    999.000    999.000

 Intercepts
    Q28_3              1.016      0.050     20.355      0.000
    Q28_4             -0.208      0.059     -3.534      0.000
    Q28_6              0.593      0.052     11.401      0.000
    Q51_3              0.022      0.054      0.398      0.691
    Q51_4             -0.519      0.058     -9.010      0.000
    Q51_5             -0.391      0.057     -6.832      0.000
    Q31_1              0.758      0.051     14.982      0.000
    Q31_2              0.798      0.049     16.188      0.000
    Q31_3              0.580      0.053     10.938      0.000
    Q31_4              0.741      0.048     15.330      0.000
    Q53_6              1.053      0.046     22.815      0.000
    Q53_9              0.777      0.051     15.313      0.000

 Variances
    CARPRIDE           1.000      0.000    999.000    999.000

 Residual Variances
    Q28_3              1.398      0.087     16.015      0.000
    Q28_4              1.981      0.115     17.191      0.000
    Q28_6              1.521      0.103     14.721      0.000
    Q51_3              1.714      0.096     17.876      0.000
    Q51_4              1.973      0.093     21.108      0.000
    Q51_5              1.748      0.094     18.578      0.000
    Q31_1              0.939      0.069     13.600      0.000
    Q31_2              0.945      0.069     13.642      0.000
    Q31_3              1.359      0.096     14.155      0.000
    Q31_4              1.043      0.070     14.976      0.000
    Q53_6              0.762      0.051     14.942      0.000
    Q53_9              1.172      0.069     16.993      0.000


R-SQUARE

Group NO

    Observed                                        Two-Tailed
    Variable        Estimate       S.E.  Est./S.E.    P-Value

    Q28_3              0.602      0.097      6.202      0.000
    Q28_4              0.488      0.077      6.359      0.000
    Q28_6              0.515      0.109      4.721      0.000
    Q51_3              0.527      0.085      6.202      0.000
    Q51_4              0.411      0.087      4.752      0.000
    Q51_5              0.359      0.095      3.768      0.000
    Q31_1              0.430      0.096      4.465      0.000
    Q31_2              0.644      0.078      8.228      0.000
    Q31_3              0.753      0.050     15.044      0.000
    Q31_4              0.691      0.071      9.763      0.000
    Q53_6              0.781      0.046     16.873      0.000
    Q53_9              0.662      0.069      9.648      0.000

Group YES

    Observed                                        Two-Tailed
    Variable        Estimate       S.E.  Est./S.E.    P-Value

    Q28_3              0.476      0.030     15.748      0.000
    Q28_4              0.476      0.030     15.939      0.000
    Q28_6              0.479      0.033     14.714      0.000
    Q51_3              0.461      0.029     15.787      0.000
    Q51_4              0.451      0.026     17.143      0.000
    Q51_5              0.508      0.027     18.823      0.000
    Q31_1              0.663      0.025     26.260      0.000
    Q31_2              0.643      0.027     23.675      0.000
    Q31_3              0.555      0.031     17.910      0.000
    Q31_4              0.590      0.029     20.581      0.000
    Q53_6              0.670      0.023     29.245      0.000
    Q53_9              0.582      0.026     22.620      0.000


QUALITY OF NUMERICAL RESULTS

     Condition Number for the Information Matrix              0.174E-02
       (ratio of smallest to largest eigenvalue)


DIAGRAM INFORMATION

  Use View Diagram under the Diagram menu in the Mplus Editor to view the diagram.
  If running Mplus from the Mplus Diagrammer, the diagram opens automatically.

  Diagram output
    /Users/jcmoody/Dropbox (MIT)/Joanna_Jinhua/Papers/CarPride_Validation_CarOwn/Analysis/20190217_MGFA/CarPride_MGFAcar

     Beginning Time:  12:52:35
        Ending Time:  12:52:36
       Elapsed Time:  00:00:01



MUTHEN & MUTHEN
3463 Stoner Ave.
Los Angeles, CA  90066

Tel: (310) 391-9971
Fax: (310) 391-8971
Web: www.StatModel.com
Support: Support@StatModel.com

Copyright (c) 1998-2018 Muthen & Muthen
