Mplus VERSION 8.1 (Mac)
MUTHEN & MUTHEN
01/02/2019   3:57 PM

INPUT INSTRUCTIONS

  TITLE: Single-Level Alpha Reliability for Polytomous Car Pride Scale
         !Combined sample from two U.S. cities (NYC and HOU)

  DATA:
  	FILE = 20180410_AllLikertItems-3to3_SEM_ID.txt;

  VARIABLE:
      ! Enter the names of the variables in the data set
      ! a.k.a. provide the header that corresponds with the data file above
      NAMES = R_ID   CITY	AGE	FEM	WHITE
      	   HH_PER	HHWkPER	HHIncome	Educ	
      	   FullTime	HHCars	CarOwner	
      	   Q28_2	Q28_3	Q28_4	Q28_5	Q28_6	
      	   Q28_8	Q28_9	Q51_1	Q51_2	Q51_3	
      	   Q51_4	Q51_5	Q51_6	Q31_1	Q31_2	
      	   Q31_3	Q31_4	Q31_5	Q53_5	Q53_6	
      	   Q53_7	Q53_8	Q53_9	Q43_1	Q43_2	
      	   Q43_3	Q43_4	Q43_5	Q43_6	Q43_7	
      	   Q43_8	Q54_1	Q54_2	Q54_3	Q54_4	
      	   Q54_6	Q54_7	Q54_8;

      USEVARIABLES = Q28_3	Q28_4	Q28_6	Q51_3	
  		 Q51_4	Q51_5	Q31_1	Q31_2
  		 Q31_3	Q31_4	Q53_6	Q53_9;

      IDVARIABLE = R_ID;
      MISSING = ALL (-9999);

  ANALYSIS:
      ESTIMATOR = MLR;

  MODEL:
  !all item covariances/correlations
   Q28_3 WITH
        Q28_4 (C1)
        Q28_6 (C2)
        Q51_3 (C3)
        Q51_4 (C4)
        Q51_5 (C5)
        Q31_1 (C6)
        Q31_2 (C7)
        Q31_3 (C8)
        Q31_4 (C9)
        Q53_6 (C10)
        Q53_9 (C11);
   Q28_4 WITH
        Q28_6 (C12)
        Q51_3 (C13)
        Q51_4 (C14)
        Q51_5 (C15)
        Q31_1 (C16)
        Q31_2 (C17)
        Q31_3 (C18)
        Q31_4 (C19)
        Q53_6 (C20)
        Q53_9 (C21);
   Q28_6 WITH
        Q51_3 (C22)
        Q51_4 (C23)
        Q51_5 (C24)
        Q31_1 (C25)
        Q31_2 (C26)
        Q31_3 (C27)
        Q31_4 (C28)
        Q53_6 (C29)
        Q53_9 (C30);
   Q51_3 WITH
        Q51_4 (C31)
        Q51_5 (C32)
        Q31_1 (C33)
        Q31_2 (C34)
        Q31_3 (C35)
        Q31_4 (C36)
        Q53_6 (C37)
        Q53_9 (C38);
   Q51_4 WITH
        Q51_5 (C39)
        Q31_1 (C40)
        Q31_2 (C41)
        Q31_3 (C42)
        Q31_4 (C43)
        Q53_6 (C44)
        Q53_9 (C45);
   Q51_5 WITH
        Q31_1 (C46)
        Q31_2 (C47)
        Q31_3 (C48)
        Q31_4 (C49)
        Q53_6 (C50)
        Q53_9 (C51);
   Q31_1 WITH
        Q31_2 (C52)
        Q31_3 (C53)
        Q31_4 (C54)
        Q53_6 (C55)
        Q53_9 (C56);
   Q31_2 WITH
        Q31_3 (C57)
        Q31_4 (C58)
        Q53_6 (C59)
        Q53_9 (C60);
   Q31_3 WITH
        Q31_4 (C61)
        Q53_6 (C62)
        Q53_9 (C63);
   Q31_4 WITH
        Q53_6 (C64)
        Q53_9 (C65);
   Q53_6 WITH
        Q53_9 (C66);

  !item variances
    Q28_3 (V1);
    Q28_4 (V2);
    Q28_6 (V3);
    Q51_3 (V4);
    Q51_4 (V5);
    Q51_5 (V6);
    Q31_1 (V7);
    Q31_2 (V8);
    Q31_3 (V9);
    Q31_4 (V10);
    Q53_6 (V11);
    Q53_9 (V12);

  OUTPUT:
      STANDARDIZED;

  MODEL CONSTRAINT:
        NEW(COMP_V ALPHA);
        COMP_V = (V1+V2+V3+V4+V5+V6+V7+V8+V9+V10+V11+V12+
                 2*(C1+C2+C3+C4+C5+C6+C7+C8+C9+
                 C10+C11+C12+C13+C14+C15+C16+C17+C18+C19+
                 C20+C21+C22+C23+C24+C25+C26+C27+C28+C29+
                 C30+C31+C32+C33+C34+C35+C36+C37+C38+C39+
                 C40+C41+C42+C43+C44+C45+C46+C47+C48+C49+
                 C50+C51+C52+C53+C54+C55+C56+C57+C58+C59+
                 C60+C61+C62+C63+C64+C65+C66));
        ALPHA = (144*((C1+C2+C3+C4+C5+C6+C7+C8+C9+
                 C10+C11+C12+C13+C14+C15+C16+C17+C18+C19+
                 C20+C21+C22+C23+C24+C25+C26+C27+C28+C29+
                 C30+C31+C32+C33+C34+C35+C36+C37+C38+C39+
                 C40+C41+C42+C43+C44+C45+C46+C47+C48+C49+
                 C50+C51+C52+C53+C54+C55+C56+C57+C58+C59+
                 C60+C61+C62+C63+C64+C65+C66)/66))/COMP_V;



*** WARNING
  Data set contains cases with missing on all variables.
  These cases were not included in the analysis.
  Number of cases with missing on all variables:  14
   1 WARNING(S) FOUND IN THE INPUT INSTRUCTIONS



Single-Level Alpha Reliability for Polytomous Car Pride Scale

SUMMARY OF ANALYSIS

Number of groups                                                 1
Number of observations                                        1236

Number of dependent variables                                   12
Number of independent variables                                  0
Number of continuous latent variables                            0

Observed dependent variables

  Continuous
   Q28_3       Q28_4       Q28_6       Q51_3       Q51_4       Q51_5
   Q31_1       Q31_2       Q31_3       Q31_4       Q53_6       Q53_9

Variables with special functions

  ID variable           R_ID

Estimator                                                      MLR
Information matrix                                        OBSERVED
Maximum number of iterations                                  1000
Convergence criterion                                    0.500D-04
Maximum number of steepest descent iterations                   20
Maximum number of iterations for H1                           2000
Convergence criterion for H1                             0.100D-03

Input data file(s)
  20180410_AllLikertItems-3to3_SEM_ID.txt

Input data format  FREE


SUMMARY OF DATA

     Number of missing data patterns            57


COVARIANCE COVERAGE OF DATA

Minimum covariance coverage value   0.100


     PROPORTION OF DATA PRESENT


           Covariance Coverage
              Q28_3         Q28_4         Q28_6         Q51_3         Q51_4
              ________      ________      ________      ________      ________
 Q28_3          0.943
 Q28_4          0.939         0.947
 Q28_6          0.938         0.942         0.951
 Q51_3          0.936         0.938         0.942         0.962
 Q51_4          0.932         0.934         0.938         0.950         0.954
 Q51_5          0.929         0.934         0.936         0.945         0.941
 Q31_1          0.939         0.943         0.947         0.956         0.947
 Q31_2          0.939         0.943         0.947         0.956         0.948
 Q31_3          0.936         0.939         0.943         0.953         0.945
 Q31_4          0.939         0.942         0.944         0.955         0.947
 Q53_6          0.927         0.932         0.935         0.942         0.935
 Q53_9          0.936         0.939         0.943         0.952         0.944


           Covariance Coverage
              Q51_5         Q31_1         Q31_2         Q31_3         Q31_4
              ________      ________      ________      ________      ________
 Q51_5          0.951
 Q31_1          0.943         0.990
 Q31_2          0.944         0.987         0.989
 Q31_3          0.941         0.983         0.983         0.985
 Q31_4          0.943         0.984         0.985         0.983         0.985
 Q53_6          0.933         0.962         0.962         0.960         0.960
 Q53_9          0.940         0.973         0.973         0.972         0.972


           Covariance Coverage
              Q53_6         Q53_9
              ________      ________
 Q53_6          0.967
 Q53_9          0.960         0.978



UNIVARIATE SAMPLE STATISTICS


     UNIVARIATE HIGHER-ORDER MOMENT DESCRIPTIVE STATISTICS

         Variable/         Mean/     Skewness/   Minimum/ % with                Percentiles
        Sample Size      Variance    Kurtosis    Maximum  Min/Max      20%/60%    40%/80%    Median

     Q28_3                 0.926      -0.752      -3.000    6.26%       0.000      1.000      1.000
            1166.000       2.880      -0.166       3.000   18.44%       2.000      2.000
     Q28_4                -0.262       0.070      -3.000   18.72%      -2.000     -1.000      0.000
            1170.000       3.802      -1.147       3.000   10.17%       0.000      2.000
     Q28_6                 0.533      -0.480      -3.000    8.76%      -1.000      0.000      1.000
            1176.000       3.072      -0.542       3.000   14.12%       1.000      2.000
     Q51_3                -0.010      -0.025      -3.000   10.77%      -2.000      0.000      0.000
            1189.000       3.213      -0.902       3.000   10.09%       0.000      2.000
     Q51_4                -0.571       0.349      -3.000   20.10%      -3.000     -1.000      0.000
            1179.000       3.594      -0.962       3.000    8.57%       0.000      1.000
     Q51_5                -0.434       0.147      -3.000   18.89%      -2.000     -1.000      0.000
            1175.000       3.543      -1.115       3.000    7.06%       0.000      1.000
     Q31_1                 0.660      -0.618      -3.000    7.35%       0.000      0.000      1.000
            1224.000       2.924      -0.380       3.000   13.73%       1.000      2.000
     Q31_2                 0.684      -0.569      -3.000    6.54%       0.000      0.000      1.000
            1223.000       2.820      -0.370       3.000   13.98%       1.000      2.000
     Q31_3                 0.475      -0.476      -3.000    9.45%      -1.000      0.000      1.000
            1217.000       3.235      -0.715       3.000   12.90%       1.000      2.000
     Q31_4                 0.612      -0.529      -3.000    6.40%       0.000      0.000      1.000
            1218.000       2.771      -0.425       3.000   12.15%       1.000      2.000
     Q53_6                 0.920      -0.752      -3.000    5.27%       0.000      1.000      1.000
            1195.000       2.609       0.041       3.000   16.82%       2.000      2.000
     Q53_9                 0.687      -0.594      -3.000    7.53%      -1.000      0.000      1.000
            1209.000       3.008      -0.449       3.000   15.14%       1.000      2.000


THE MODEL ESTIMATION TERMINATED NORMALLY



MODEL FIT INFORMATION

Number of Free Parameters                       90

Loglikelihood

          H0 Value                      -23079.271
          H0 Scaling Correction Factor      1.3972
            for MLR
          H1 Value                      -23079.271
          H1 Scaling Correction Factor      1.3972
            for MLR

Information Criteria

          Akaike (AIC)                   46338.542
          Bayesian (BIC)                 46799.310
          Sample-Size Adjusted BIC       46513.430
            (n* = (n + 2) / 24)

Chi-Square Test of Model Fit

          Value                              0.000*
          Degrees of Freedom                     0
          P-Value                           0.0000
          Scaling Correction Factor         1.0000
            for MLR

*   The chi-square value for MLM, MLMV, MLR, ULSMV, WLSM and WLSMV cannot be used
    for chi-square difference testing in the regular way.  MLM, MLR and WLSM
    chi-square difference testing is described on the Mplus website.  MLMV, WLSMV,
    and ULSMV difference testing is done using the DIFFTEST option.

RMSEA (Root Mean Square Error Of Approximation)

          Estimate                           0.000
          90 Percent C.I.                    0.000  0.000
          Probability RMSEA <= .05           0.000

CFI/TLI

          CFI                                1.000
          TLI                                1.000

Chi-Square Test of Model Fit for the Baseline Model

          Value                           6747.090
          Degrees of Freedom                    66
          P-Value                           0.0000

SRMR (Standardized Root Mean Square Residual)

          Value                              0.000



MODEL RESULTS

                                                    Two-Tailed
                    Estimate       S.E.  Est./S.E.    P-Value

 Q28_3    WITH
    Q28_4              1.893      0.104     18.230      0.000
    Q28_6              2.099      0.105     20.010      0.000
    Q51_3              1.674      0.100     16.800      0.000
    Q51_4              1.573      0.097     16.158      0.000
    Q51_5              1.678      0.099     17.003      0.000
    Q31_1              1.573      0.103     15.238      0.000
    Q31_2              1.659      0.101     16.479      0.000
    Q31_3              1.534      0.105     14.625      0.000
    Q31_4              1.529      0.099     15.377      0.000
    Q53_6              1.747      0.100     17.407      0.000
    Q53_9              1.620      0.103     15.713      0.000

 Q28_4    WITH
    Q28_6              2.009      0.107     18.715      0.000
    Q51_3              2.018      0.108     18.710      0.000
    Q51_4              2.394      0.113     21.264      0.000
    Q51_5              2.426      0.109     22.219      0.000
    Q31_1              1.794      0.104     17.327      0.000
    Q31_2              1.725      0.101     17.123      0.000
    Q31_3              1.871      0.108     17.316      0.000
    Q31_4              1.612      0.102     15.837      0.000
    Q53_6              1.697      0.099     17.160      0.000
    Q53_9              1.677      0.103     16.311      0.000

 Q28_6    WITH
    Q51_3              1.703      0.103     16.493      0.000
    Q51_4              1.661      0.103     16.114      0.000
    Q51_5              1.820      0.102     17.799      0.000
    Q31_1              1.693      0.100     16.966      0.000
    Q31_2              1.610      0.101     16.024      0.000
    Q31_3              1.601      0.105     15.215      0.000
    Q31_4              1.498      0.100     15.011      0.000
    Q53_6              1.759      0.102     17.288      0.000
    Q53_9              1.531      0.100     15.368      0.000

 Q51_3    WITH
    Q51_4              2.671      0.103     26.023      0.000
    Q51_5              2.451      0.102     24.073      0.000
    Q31_1              1.655      0.099     16.708      0.000
    Q31_2              1.642      0.098     16.789      0.000
    Q31_3              1.707      0.102     16.714      0.000
    Q31_4              1.507      0.097     15.523      0.000
    Q53_6              1.599      0.095     16.752      0.000
    Q53_9              1.561      0.100     15.640      0.000

 Q51_4    WITH
    Q51_5              2.917      0.105     27.778      0.000
    Q31_1              1.754      0.098     17.816      0.000
    Q31_2              1.644      0.095     17.325      0.000
    Q31_3              1.808      0.102     17.680      0.000
    Q31_4              1.544      0.096     16.038      0.000
    Q53_6              1.588      0.094     16.981      0.000
    Q53_9              1.666      0.099     16.909      0.000

 Q51_5    WITH
    Q31_1              1.905      0.099     19.153      0.000
    Q31_2              1.715      0.096     17.789      0.000
    Q31_3              1.899      0.102     18.556      0.000
    Q31_4              1.572      0.098     16.071      0.000
    Q53_6              1.637      0.095     17.266      0.000
    Q53_9              1.664      0.100     16.614      0.000

 Q31_1    WITH
    Q31_2              1.913      0.101     18.937      0.000
    Q31_3              1.985      0.106     18.778      0.000
    Q31_4              1.774      0.100     17.687      0.000
    Q53_6              1.900      0.100     18.987      0.000
    Q53_9              1.735      0.103     16.924      0.000

 Q31_2    WITH
    Q31_3              1.925      0.105     18.395      0.000
    Q31_4              2.167      0.098     22.057      0.000
    Q53_6              1.865      0.097     19.139      0.000
    Q53_9              1.946      0.100     19.364      0.000

 Q31_3    WITH
    Q31_4              1.956      0.104     18.799      0.000
    Q53_6              1.736      0.101     17.164      0.000
    Q53_9              1.931      0.105     18.391      0.000

 Q31_4    WITH
    Q53_6              1.829      0.095     19.197      0.000
    Q53_9              1.979      0.099     19.978      0.000

 Q53_6    WITH
    Q53_9              1.904      0.100     19.029      0.000

 Means
    Q28_3              0.877      0.050     17.640      0.000
    Q28_4             -0.301      0.056     -5.368      0.000
    Q28_6              0.495      0.051      9.720      0.000
    Q51_3             -0.044      0.052     -0.850      0.395
    Q51_4             -0.600      0.054    -11.040      0.000
    Q51_5             -0.473      0.054     -8.756      0.000
    Q31_1              0.659      0.049     13.519      0.000
    Q31_2              0.677      0.048     14.115      0.000
    Q31_3              0.468      0.051      9.095      0.000
    Q31_4              0.605      0.048     12.687      0.000
    Q53_6              0.893      0.046     19.256      0.000
    Q53_9              0.665      0.050     13.349      0.000

 Variances
    Q28_3              2.913      0.114     25.527      0.000
    Q28_4              3.830      0.104     36.776      0.000
    Q28_6              3.103      0.109     28.590      0.000
    Q51_3              3.248      0.099     32.790      0.000
    Q51_4              3.619      0.109     33.311      0.000
    Q51_5              3.575      0.099     36.157      0.000
    Q31_1              2.921      0.106     27.538      0.000
    Q31_2              2.831      0.103     27.416      0.000
    Q31_3              3.242      0.105     30.886      0.000
    Q31_4              2.782      0.100     27.831      0.000
    Q53_6              2.610      0.107     24.490      0.000
    Q53_9              3.027      0.108     28.056      0.000

New/Additional Parameters
    COMP_V           276.363     10.142     27.250      0.000
    ALPHA              0.942      0.003    338.276      0.000


STANDARDIZED MODEL RESULTS


STDYX Standardization

                                                    Two-Tailed
                    Estimate       S.E.  Est./S.E.    P-Value

 Q28_3    WITH
    Q28_4              0.567      0.021     26.490      0.000
    Q28_6              0.698      0.020     34.257      0.000
    Q51_3              0.544      0.024     22.932      0.000
    Q51_4              0.485      0.022     21.825      0.000
    Q51_5              0.520      0.022     23.276      0.000
    Q31_1              0.539      0.028     19.461      0.000
    Q31_2              0.578      0.025     22.710      0.000
    Q31_3              0.499      0.028     18.120      0.000
    Q31_4              0.537      0.027     20.130      0.000
    Q53_6              0.634      0.023     27.743      0.000
    Q53_9              0.546      0.025     21.611      0.000

 Q28_4    WITH
    Q28_6              0.583      0.023     25.407      0.000
    Q51_3              0.572      0.024     23.688      0.000
    Q51_4              0.643      0.022     29.678      0.000
    Q51_5              0.656      0.021     31.251      0.000
    Q31_1              0.536      0.024     22.826      0.000
    Q31_2              0.524      0.023     22.823      0.000
    Q31_3              0.531      0.024     22.089      0.000
    Q31_4              0.494      0.024     20.163      0.000
    Q53_6              0.537      0.023     23.423      0.000
    Q53_9              0.493      0.023     21.013      0.000

 Q28_6    WITH
    Q51_3              0.536      0.026     20.627      0.000
    Q51_4              0.496      0.024     20.289      0.000
    Q51_5              0.546      0.024     23.038      0.000
    Q31_1              0.562      0.025     22.577      0.000
    Q31_2              0.543      0.026     20.687      0.000
    Q31_3              0.505      0.027     18.637      0.000
    Q31_4              0.510      0.027     18.600      0.000
    Q53_6              0.618      0.024     25.251      0.000
    Q53_9              0.500      0.026     19.476      0.000

 Q51_3    WITH
    Q51_4              0.779      0.015     50.589      0.000
    Q51_5              0.719      0.018     39.294      0.000
    Q31_1              0.537      0.024     22.225      0.000
    Q31_2              0.542      0.024     22.374      0.000
    Q31_3              0.526      0.024     21.476      0.000
    Q31_4              0.501      0.025     19.839      0.000
    Q53_6              0.549      0.023     23.609      0.000
    Q53_9              0.498      0.025     20.320      0.000

 Q51_4    WITH
    Q51_5              0.811      0.014     56.486      0.000
    Q31_1              0.539      0.021     25.565      0.000
    Q31_2              0.514      0.022     23.875      0.000
    Q31_3              0.528      0.022     23.977      0.000
    Q31_4              0.487      0.023     21.077      0.000
    Q53_6              0.517      0.021     24.805      0.000
    Q53_9              0.503      0.022     22.994      0.000

 Q51_5    WITH
    Q31_1              0.589      0.021     28.497      0.000
    Q31_2              0.539      0.022     24.888      0.000
    Q31_3              0.558      0.022     24.864      0.000
    Q31_4              0.498      0.024     20.937      0.000
    Q53_6              0.536      0.022     24.516      0.000
    Q53_9              0.506      0.023     22.048      0.000

 Q31_1    WITH
    Q31_2              0.665      0.022     29.958      0.000
    Q31_3              0.645      0.023     28.003      0.000
    Q31_4              0.622      0.024     26.237      0.000
    Q53_6              0.688      0.022     31.746      0.000
    Q53_9              0.583      0.025     23.719      0.000

 Q31_2    WITH
    Q31_3              0.635      0.024     26.811      0.000
    Q31_4              0.772      0.017     45.957      0.000
    Q53_6              0.686      0.021     32.466      0.000
    Q53_9              0.665      0.021     31.188      0.000

 Q31_3    WITH
    Q31_4              0.651      0.023     28.030      0.000
    Q53_6              0.597      0.024     25.184      0.000
    Q53_9              0.616      0.023     26.561      0.000

 Q31_4    WITH
    Q53_6              0.679      0.020     33.597      0.000
    Q53_9              0.682      0.019     35.079      0.000

 Q53_6    WITH
    Q53_9              0.677      0.020     34.373      0.000

 Means
    Q28_3              0.514      0.036     14.374      0.000
    Q28_4             -0.154      0.029     -5.326      0.000
    Q28_6              0.281      0.031      9.002      0.000
    Q51_3             -0.024      0.029     -0.850      0.395
    Q51_4             -0.315      0.030    -10.355      0.000
    Q51_5             -0.250      0.029     -8.541      0.000
    Q31_1              0.385      0.032     11.863      0.000
    Q31_2              0.403      0.032     12.393      0.000
    Q31_3              0.260      0.031      8.498      0.000
    Q31_4              0.362      0.032     11.368      0.000
    Q53_6              0.553      0.036     15.377      0.000
    Q53_9              0.382      0.032     11.778      0.000

 Variances
    Q28_3              1.000      0.000    999.000    999.000
    Q28_4              1.000      0.000    999.000    999.000
    Q28_6              1.000      0.000    999.000    999.000
    Q51_3              1.000      0.000    999.000    999.000
    Q51_4              1.000      0.000    999.000    999.000
    Q51_5              1.000      0.000    999.000    999.000
    Q31_1              1.000      0.000    999.000    999.000
    Q31_2              1.000      0.000    999.000    999.000
    Q31_3              1.000      0.000    999.000    999.000
    Q31_4              1.000      0.000    999.000    999.000
    Q53_6              1.000      0.000    999.000    999.000
    Q53_9              1.000      0.000    999.000    999.000


STDY Standardization

                                                    Two-Tailed
                    Estimate       S.E.  Est./S.E.    P-Value

 Q28_3    WITH
    Q28_4              0.567      0.021     26.490      0.000
    Q28_6              0.698      0.020     34.257      0.000
    Q51_3              0.544      0.024     22.932      0.000
    Q51_4              0.485      0.022     21.825      0.000
    Q51_5              0.520      0.022     23.276      0.000
    Q31_1              0.539      0.028     19.461      0.000
    Q31_2              0.578      0.025     22.710      0.000
    Q31_3              0.499      0.028     18.120      0.000
    Q31_4              0.537      0.027     20.130      0.000
    Q53_6              0.634      0.023     27.743      0.000
    Q53_9              0.546      0.025     21.611      0.000

 Q28_4    WITH
    Q28_6              0.583      0.023     25.407      0.000
    Q51_3              0.572      0.024     23.688      0.000
    Q51_4              0.643      0.022     29.678      0.000
    Q51_5              0.656      0.021     31.251      0.000
    Q31_1              0.536      0.024     22.826      0.000
    Q31_2              0.524      0.023     22.823      0.000
    Q31_3              0.531      0.024     22.089      0.000
    Q31_4              0.494      0.024     20.163      0.000
    Q53_6              0.537      0.023     23.423      0.000
    Q53_9              0.493      0.023     21.013      0.000

 Q28_6    WITH
    Q51_3              0.536      0.026     20.627      0.000
    Q51_4              0.496      0.024     20.289      0.000
    Q51_5              0.546      0.024     23.038      0.000
    Q31_1              0.562      0.025     22.577      0.000
    Q31_2              0.543      0.026     20.687      0.000
    Q31_3              0.505      0.027     18.637      0.000
    Q31_4              0.510      0.027     18.600      0.000
    Q53_6              0.618      0.024     25.251      0.000
    Q53_9              0.500      0.026     19.476      0.000

 Q51_3    WITH
    Q51_4              0.779      0.015     50.589      0.000
    Q51_5              0.719      0.018     39.294      0.000
    Q31_1              0.537      0.024     22.225      0.000
    Q31_2              0.542      0.024     22.374      0.000
    Q31_3              0.526      0.024     21.476      0.000
    Q31_4              0.501      0.025     19.839      0.000
    Q53_6              0.549      0.023     23.609      0.000
    Q53_9              0.498      0.025     20.320      0.000

 Q51_4    WITH
    Q51_5              0.811      0.014     56.486      0.000
    Q31_1              0.539      0.021     25.565      0.000
    Q31_2              0.514      0.022     23.875      0.000
    Q31_3              0.528      0.022     23.977      0.000
    Q31_4              0.487      0.023     21.077      0.000
    Q53_6              0.517      0.021     24.805      0.000
    Q53_9              0.503      0.022     22.994      0.000

 Q51_5    WITH
    Q31_1              0.589      0.021     28.497      0.000
    Q31_2              0.539      0.022     24.888      0.000
    Q31_3              0.558      0.022     24.864      0.000
    Q31_4              0.498      0.024     20.937      0.000
    Q53_6              0.536      0.022     24.516      0.000
    Q53_9              0.506      0.023     22.048      0.000

 Q31_1    WITH
    Q31_2              0.665      0.022     29.958      0.000
    Q31_3              0.645      0.023     28.003      0.000
    Q31_4              0.622      0.024     26.237      0.000
    Q53_6              0.688      0.022     31.746      0.000
    Q53_9              0.583      0.025     23.719      0.000

 Q31_2    WITH
    Q31_3              0.635      0.024     26.811      0.000
    Q31_4              0.772      0.017     45.957      0.000
    Q53_6              0.686      0.021     32.466      0.000
    Q53_9              0.665      0.021     31.188      0.000

 Q31_3    WITH
    Q31_4              0.651      0.023     28.030      0.000
    Q53_6              0.597      0.024     25.184      0.000
    Q53_9              0.616      0.023     26.561      0.000

 Q31_4    WITH
    Q53_6              0.679      0.020     33.597      0.000
    Q53_9              0.682      0.019     35.079      0.000

 Q53_6    WITH
    Q53_9              0.677      0.020     34.373      0.000

 Means
    Q28_3              0.514      0.036     14.374      0.000
    Q28_4             -0.154      0.029     -5.326      0.000
    Q28_6              0.281      0.031      9.002      0.000
    Q51_3             -0.024      0.029     -0.850      0.395
    Q51_4             -0.315      0.030    -10.355      0.000
    Q51_5             -0.250      0.029     -8.541      0.000
    Q31_1              0.385      0.032     11.863      0.000
    Q31_2              0.403      0.032     12.393      0.000
    Q31_3              0.260      0.031      8.498      0.000
    Q31_4              0.362      0.032     11.368      0.000
    Q53_6              0.553      0.036     15.377      0.000
    Q53_9              0.382      0.032     11.778      0.000

 Variances
    Q28_3              1.000      0.000    999.000    999.000
    Q28_4              1.000      0.000    999.000    999.000
    Q28_6              1.000      0.000    999.000    999.000
    Q51_3              1.000      0.000    999.000    999.000
    Q51_4              1.000      0.000    999.000    999.000
    Q51_5              1.000      0.000    999.000    999.000
    Q31_1              1.000      0.000    999.000    999.000
    Q31_2              1.000      0.000    999.000    999.000
    Q31_3              1.000      0.000    999.000    999.000
    Q31_4              1.000      0.000    999.000    999.000
    Q53_6              1.000      0.000    999.000    999.000
    Q53_9              1.000      0.000    999.000    999.000


STD Standardization

                                                    Two-Tailed
                    Estimate       S.E.  Est./S.E.    P-Value

 Q28_3    WITH
    Q28_4              1.893      0.104     18.230      0.000
    Q28_6              2.099      0.105     20.010      0.000
    Q51_3              1.674      0.100     16.800      0.000
    Q51_4              1.573      0.097     16.158      0.000
    Q51_5              1.678      0.099     17.003      0.000
    Q31_1              1.573      0.103     15.238      0.000
    Q31_2              1.659      0.101     16.479      0.000
    Q31_3              1.534      0.105     14.625      0.000
    Q31_4              1.529      0.099     15.377      0.000
    Q53_6              1.747      0.100     17.407      0.000
    Q53_9              1.620      0.103     15.713      0.000

 Q28_4    WITH
    Q28_6              2.009      0.107     18.715      0.000
    Q51_3              2.018      0.108     18.710      0.000
    Q51_4              2.394      0.113     21.264      0.000
    Q51_5              2.426      0.109     22.219      0.000
    Q31_1              1.794      0.104     17.327      0.000
    Q31_2              1.725      0.101     17.123      0.000
    Q31_3              1.871      0.108     17.316      0.000
    Q31_4              1.612      0.102     15.837      0.000
    Q53_6              1.697      0.099     17.160      0.000
    Q53_9              1.677      0.103     16.311      0.000

 Q28_6    WITH
    Q51_3              1.703      0.103     16.493      0.000
    Q51_4              1.661      0.103     16.114      0.000
    Q51_5              1.820      0.102     17.799      0.000
    Q31_1              1.693      0.100     16.966      0.000
    Q31_2              1.610      0.101     16.024      0.000
    Q31_3              1.601      0.105     15.215      0.000
    Q31_4              1.498      0.100     15.011      0.000
    Q53_6              1.759      0.102     17.288      0.000
    Q53_9              1.531      0.100     15.368      0.000

 Q51_3    WITH
    Q51_4              2.671      0.103     26.023      0.000
    Q51_5              2.451      0.102     24.073      0.000
    Q31_1              1.655      0.099     16.708      0.000
    Q31_2              1.642      0.098     16.789      0.000
    Q31_3              1.707      0.102     16.714      0.000
    Q31_4              1.507      0.097     15.523      0.000
    Q53_6              1.599      0.095     16.752      0.000
    Q53_9              1.561      0.100     15.640      0.000

 Q51_4    WITH
    Q51_5              2.917      0.105     27.778      0.000
    Q31_1              1.754      0.098     17.816      0.000
    Q31_2              1.644      0.095     17.325      0.000
    Q31_3              1.808      0.102     17.680      0.000
    Q31_4              1.544      0.096     16.038      0.000
    Q53_6              1.588      0.094     16.981      0.000
    Q53_9              1.666      0.099     16.909      0.000

 Q51_5    WITH
    Q31_1              1.905      0.099     19.153      0.000
    Q31_2              1.715      0.096     17.789      0.000
    Q31_3              1.899      0.102     18.556      0.000
    Q31_4              1.572      0.098     16.071      0.000
    Q53_6              1.637      0.095     17.266      0.000
    Q53_9              1.664      0.100     16.614      0.000

 Q31_1    WITH
    Q31_2              1.913      0.101     18.937      0.000
    Q31_3              1.985      0.106     18.778      0.000
    Q31_4              1.774      0.100     17.687      0.000
    Q53_6              1.900      0.100     18.987      0.000
    Q53_9              1.735      0.103     16.924      0.000

 Q31_2    WITH
    Q31_3              1.925      0.105     18.395      0.000
    Q31_4              2.167      0.098     22.057      0.000
    Q53_6              1.865      0.097     19.139      0.000
    Q53_9              1.946      0.100     19.364      0.000

 Q31_3    WITH
    Q31_4              1.956      0.104     18.799      0.000
    Q53_6              1.736      0.101     17.164      0.000
    Q53_9              1.931      0.105     18.391      0.000

 Q31_4    WITH
    Q53_6              1.829      0.095     19.197      0.000
    Q53_9              1.979      0.099     19.978      0.000

 Q53_6    WITH
    Q53_9              1.904      0.100     19.029      0.000

 Means
    Q28_3              0.877      0.050     17.640      0.000
    Q28_4             -0.301      0.056     -5.368      0.000
    Q28_6              0.495      0.051      9.720      0.000
    Q51_3             -0.044      0.052     -0.850      0.395
    Q51_4             -0.600      0.054    -11.040      0.000
    Q51_5             -0.473      0.054     -8.756      0.000
    Q31_1              0.659      0.049     13.519      0.000
    Q31_2              0.677      0.048     14.115      0.000
    Q31_3              0.468      0.051      9.095      0.000
    Q31_4              0.605      0.048     12.687      0.000
    Q53_6              0.893      0.046     19.256      0.000
    Q53_9              0.665      0.050     13.349      0.000

 Variances
    Q28_3              2.913      0.114     25.527      0.000
    Q28_4              3.830      0.104     36.776      0.000
    Q28_6              3.103      0.109     28.590      0.000
    Q51_3              3.248      0.099     32.790      0.000
    Q51_4              3.619      0.109     33.311      0.000
    Q51_5              3.575      0.099     36.157      0.000
    Q31_1              2.921      0.106     27.538      0.000
    Q31_2              2.831      0.103     27.416      0.000
    Q31_3              3.242      0.105     30.886      0.000
    Q31_4              2.782      0.100     27.831      0.000
    Q53_6              2.610      0.107     24.490      0.000
    Q53_9              3.027      0.108     28.056      0.000


R-SQUARE


QUALITY OF NUMERICAL RESULTS

     Condition Number for the Information Matrix              0.524E-04
       (ratio of smallest to largest eigenvalue)


DIAGRAM INFORMATION

  Use View Diagram under the Diagram menu in the Mplus Editor to view the diagram.
  If running Mplus from the Mplus Diagrammer, the diagram opens automatically.

  Diagram output
    /Users/jcmoody/Dropbox (MIT)/Joanna_Jinhua/Papers/CarPride_Validation/Analysis/20190102_Reliability/CarPrideCFA_MLR_

     Beginning Time:  15:57:53
        Ending Time:  15:57:53
       Elapsed Time:  00:00:00



MUTHEN & MUTHEN
3463 Stoner Ave.
Los Angeles, CA  90066

Tel: (310) 391-9971
Fax: (310) 391-8971
Web: www.StatModel.com
Support: Support@StatModel.com

Copyright (c) 1998-2018 Muthen & Muthen
