Mplus VERSION 8.1
MUTHEN & MUTHEN
03/05/2019  10:11 AM

INPUT INSTRUCTIONS

  TITLE: Model 3 - Car Use

  DATA:	
  	FILE IS 20190227_DaliaCarPride_Mplus.txt;

  VARIABLE:	
  	NAMES ARE
  	R_ID	iso_num	
  	age	gen	inc	log_inc	
  	edu_high	edu_low	empC	ess	log_ess	
  	carown	caraccess	q09	q01D	
  	developing	GDP_percap_PPP	Gini_index	
  	PassKm_perCap	LogPassKm_Cap	RegVeh_perCap	
  	age_m	inc_m	linc_m	gen_m	
  	eduH_m	eduL_m	emp_m	ess_m	less_m	
  	age_cen	gen_cen	inc_cen	linc_cen	
  	eduH_cen	eduL_cen	emp_cen	ess_cen	less_cen	
  	CARPR_ID	CARPR_CO	
  	q14A	q14B	q14F	q14K	
  	q15A	q15B	q15C	q15D	q15F;
  	
    USEVARIABLES ARE
      	iso_num
      	CARPR_ID CARPR_CO
      	age_cen	gen_cen	inc_cen	
  	    eduH_cen emp_cen less_cen
          carown q01D logMiles;

    !USEOBSERVATIONS ARE (caraccess EQ 1);

    CATEGORICAL = carown q01D;

    WITHIN = CARPR_ID age_cen gen_cen	inc_cen	
  	       eduH_cen emp_cen less_cen;

    BETWEEN = CARPR_CO;

    CLUSTER = iso_num;
    IDVARIABLE = R_ID;	
    MISSING = ALL (-9999);

  DEFINE: logMiles = log(q09);

  ANALYSIS:
      TYPE = TWOLEVEL RANDOM;
      ESTIMATOR = BAYES;
      ALGORITHM=GIBBS(RW);
      BITERATIONS = 60000(5000); !maximum of 60,000, minimum of 2000
      THIN = 10;
      PROCESSORS = 2;
      !H1ITERATIONS = 7500;
      !MITERATIONS = 5000;

  MODEL:
      %WITHIN%
      carown ON age_cen gen_cen inc_cen	
  	     eduH_cen emp_cen less_cen
           CARPR_ID (a);
      CARPR_ID ON age_cen gen_cen inc_cen	
  	       eduH_cen emp_cen less_cen;
             !q01D logMiles;
      q01D ON age_cen gen_cen inc_cen
               eduH_cen emp_cen less_cen
               carown (b1);
      s1 | q01D ON CARPR_ID;
      logMiles ON age_cen gen_cen inc_cen
               eduH_cen emp_cen less_cen
               carown (b2);
      s2 | logMiles ON CARPR_ID;
      logMiles WITH q01D;
      inc_cen eduH_cen;

      %BETWEEN%
      s1 s2;
      s1 s2 WITH q01D carown logMiles CARPR_CO;
      q01D carown logMiles;
      logMiles WITH q01D carown;
      q01D WITH carown;
      q01D logMiles carown WITH CARPR_CO;

  MODEL CONSTRAINT:
       NEW (b1ind b2ind);
       b1ind = a * b1;
       b2ind = a * b2;

  SAVEDATA:
      FILE IS Model3_caruse_bayes_rndm.dat;
      SAVE = FSCORES(50,10);
      FACTORS = q01D logMiles s1 s2;

  OUTPUT:
      STANDARDIZED TECH1;



INPUT READING TERMINATED NORMALLY



Model 3 - Car Use

SUMMARY OF ANALYSIS

Number of groups                                                 1
Number of observations                                       41932

Number of dependent variables                                    5
Number of independent variables                                  6
Number of continuous latent variables                            2

Observed dependent variables

  Continuous
   CARPR_CO    CARPR_ID    LOGMILES

  Binary and ordered categorical (ordinal)
   CAROWN      Q01D

Observed independent variables
   AGE_CEN     GEN_CEN     INC_CEN     EDUH_CEN    EMP_CEN     LESS_CEN

Continuous latent variables
   S1          S2

Variables with special functions

  Cluster variable      ISO_NUM
  ID variable           R_ID

  Within variables
   CARPR_ID    AGE_CEN     GEN_CEN     INC_CEN     EDUH_CEN    EMP_CEN
   LESS_CEN

  Between variables
   CARPR_CO


Estimator                                                    BAYES
Specifications for Bayesian Estimation
  Point estimate                                            MEDIAN
  Number of Markov chain Monte Carlo (MCMC) chains               2
  Random seed for the first chain                                0
  Starting value information                           UNPERTURBED
  Algorithm used for Markov chain Monte Carlo            GIBBS(RW)
  Convergence criterion                                  0.500D-01
  Maximum number of iterations                               60000
  K-th iteration used for thinning                              10
Link                                                        PROBIT
Specifications for Bayes Factor Score Estimation
  Number of imputed data sets                                   50
  Iteration intervals for thinning                              10

Input data file(s)
  20190227_DaliaCarPride_Mplus.txt
Input data format  FREE


SUMMARY OF DATA

     Number of clusters                         51

       Size (s)    Cluster ID with Size s

        208        22
        345        6
        500        17
        504        37
        507        10 48
        516        16
        517        3
        519        31
        521        9 25 29
        522        2
        523        50
        525        51
        528        15
        529        24
        535        1 23
        773        38
        993        49
       1000        34
       1001        45
       1002        46
       1003        26 42
       1004        41
       1005        39
       1008        13
       1010        27
       1016        18 32
       1017        44
       1020        40 4
       1022        36
       1024        20
       1025        7
       1027        33 5
       1029        28
       1035        52
       1036        21
       1038        12
       1040        8
       1049        30
       1051        14
       1055        43
       1056        35
       1064        19
       1080        11



SUMMARY OF MISSING DATA PATTERNS

     Number of missing data patterns             8


     MISSING DATA PATTERNS (x = not missing)

           1  2  3  4  5  6  7  8
 CAROWN    x  x  x  x  x  x  x  x
 Q01D      x  x  x  x  x  x  x  x
 CARPR_CO  x  x  x  x  x  x  x  x
 CARPR_ID  x  x  x  x  x  x  x  x
 INC_CEN   x        x  x     x
 EDUH_CEN  x  x     x     x
 LOGMILES  x              x  x  x
 AGE_CEN   x  x  x  x  x  x  x  x
 GEN_CEN   x  x  x  x  x  x  x  x
 EMP_CEN   x  x  x  x  x  x  x  x
 LESS_CEN  x  x  x  x  x  x  x  x


     MISSING DATA PATTERN FREQUENCIES

    Pattern   Frequency     Pattern   Frequency     Pattern   Frequency
          1       21609           4       12349           7         571
          2        3201           5         654           8         357
          3         753           6        2438


COVARIANCE COVERAGE OF DATA

Minimum covariance coverage value   0.100


     PROPORTION OF DATA PRESENT


           Covariance Coverage
              CAROWN        Q01D          CARPR_CO      CARPR_ID      INC_CEN
              ________      ________      ________      ________      ________
 CAROWN         1.000
 Q01D           1.000         1.000
 CARPR_CO       1.000         1.000         1.000
 CARPR_ID       1.000         1.000         1.000         1.000
 INC_CEN        0.839         0.839         0.839         0.839         0.839
 EDUH_CEN       0.944         0.944         0.944         0.944         0.810
 LOGMILES       0.596         0.596         0.596         0.596         0.529
 AGE_CEN        1.000         1.000         1.000         1.000         0.839
 GEN_CEN        1.000         1.000         1.000         1.000         0.839
 EMP_CEN        1.000         1.000         1.000         1.000         0.839
 LESS_CEN       1.000         1.000         1.000         1.000         0.839


           Covariance Coverage
              EDUH_CEN      LOGMILES      AGE_CEN       GEN_CEN       EMP_CEN
              ________      ________      ________      ________      ________
 EDUH_CEN       0.944
 LOGMILES       0.573         0.596
 AGE_CEN        0.944         0.596         1.000
 GEN_CEN        0.944         0.596         1.000         1.000
 EMP_CEN        0.944         0.596         1.000         1.000         1.000
 LESS_CEN       0.944         0.596         1.000         1.000         1.000


           Covariance Coverage
              LESS_CEN
              ________
 LESS_CEN       1.000


UNIVARIATE PROPORTIONS AND COUNTS FOR CATEGORICAL VARIABLES

    CAROWN
      Category 1    0.514        21574.000
      Category 2    0.486        20358.000
    Q01D
      Category 1    0.573        24045.000
      Category 2    0.427        17887.000



UNIVARIATE SAMPLE STATISTICS


     UNIVARIATE HIGHER-ORDER MOMENT DESCRIPTIVE STATISTICS

         Variable/         Mean/     Skewness/   Minimum/ % with                Percentiles
        Sample Size      Variance    Kurtosis    Maximum  Min/Max      20%/60%    40%/80%    Median

     CARPR_CO              0.003       0.301      -1.202    1.96%      -0.618     -0.236      0.011
              51.000       0.418      -0.300       1.603    1.96%       0.170      0.500
     CARPR_ID              0.000       1.166      -2.143    0.22%      -1.360     -1.027     -0.353
           41932.000       2.596       0.935       7.267    0.00%       0.024      1.296
     INC_CEN               0.000       2.523     -92.979    0.03%     -17.021     -9.128     -6.375
           35183.000     999.278       8.341     170.298    0.01%      -3.899      7.684
     EDUH_CEN              0.000       0.108      -0.731    0.33%      -0.467     -0.335     -0.299
           39597.000       0.235      -1.764       0.811    0.23%       0.362      0.533
     LOGMILES              3.157      -0.474       1.609   26.09%       1.609      3.401      3.401
           24975.000       1.014      -0.921       4.700    6.41%       3.401      4.317
     AGE_CEN               0.000       0.200     -25.462    0.01%     -11.460     -4.492     -0.498
           41932.000     138.669      -0.764      32.936    0.00%       3.870     10.604
     GEN_CEN               0.000      -0.114      -0.695    0.39%      -0.534     -0.496      0.415
           41932.000       0.248      -1.965       0.559    1.04%       0.448      0.478
     EMP_CEN               0.000       0.246      -0.567    1.04%      -0.463     -0.378     -0.341
           41932.000       0.240      -1.846       0.778    0.27%       0.472      0.544
     LESS_CEN              0.000      -0.746      -8.685    0.09%      -2.090     -0.305      0.354
           41932.000       8.803       0.047       6.461    0.02%       1.151      2.542


THE MODEL ESTIMATION TERMINATED NORMALLY

     USE THE FBITERATIONS OPTION TO INCREASE THE NUMBER OF ITERATIONS BY A FACTOR
     OF AT LEAST TWO TO CHECK CONVERGENCE AND THAT THE PSR VALUE DOES NOT INCREASE.



MODEL FIT INFORMATION

Number of Free Parameters                              61



MODEL RESULTS

                                Posterior  One-Tailed         95% C.I.
                    Estimate       S.D.      P-Value   Lower 2.5%  Upper 2.5%  Significance

Within Level

 CAROWN     ON
    AGE_CEN            0.034       0.001      0.000       0.032       0.035      *
    GEN_CEN            0.096       0.014      0.000       0.069       0.122      *
    INC_CEN            0.006       0.000      0.000       0.005       0.006      *
    EDUH_CEN           0.373       0.015      0.000       0.344       0.403      *
    EMP_CEN            0.503       0.014      0.000       0.475       0.530      *
    LESS_CEN          -0.002       0.002      0.182      -0.007       0.002
    CARPR_ID           0.087       0.004      0.000       0.078       0.095      *

 CARPR_ID   ON
    AGE_CEN           -0.014       0.001      0.000      -0.015      -0.013      *
    GEN_CEN            0.200       0.016      0.000       0.169       0.231      *
    INC_CEN            0.004       0.000      0.000       0.004       0.005      *
    EDUH_CEN           0.190       0.017      0.000       0.156       0.223      *
    EMP_CEN            0.173       0.017      0.000       0.141       0.206      *
    LESS_CEN           0.021       0.003      0.000       0.016       0.026      *

 Q01D       ON
    AGE_CEN           -0.002       0.001      0.008      -0.004       0.000      *
    GEN_CEN            0.122       0.019      0.000       0.085       0.159      *
    INC_CEN            0.001       0.000      0.050       0.000       0.001
    EDUH_CEN           0.028       0.021      0.090      -0.013       0.069
    EMP_CEN            0.066       0.020      0.000       0.027       0.105      *
    LESS_CEN          -0.017       0.003      0.000      -0.024      -0.011      *
    CAROWN             1.223       0.019      0.000       1.187       1.260      *

 LOGMILES   ON
    AGE_CEN            0.005       0.001      0.000       0.004       0.006      *
    GEN_CEN            0.156       0.013      0.000       0.130       0.181      *
    INC_CEN            0.002       0.000      0.000       0.001       0.002      *
    EDUH_CEN           0.014       0.014      0.158      -0.013       0.042
    EMP_CEN            0.082       0.014      0.000       0.055       0.108      *
    LESS_CEN          -0.010       0.002      0.000      -0.015      -0.006      *
    CAROWN             0.059       0.009      0.000       0.041       0.077      *

 LOGMILES WITH
    Q01D               0.061       0.010      0.000       0.042       0.081      *

 Means
    INC_CEN           -0.238       0.169      0.077      -0.569       0.091
    EDUH_CEN          -0.001       0.002      0.312      -0.006       0.004

 Intercepts
    CARPR_ID           0.001       0.008      0.428      -0.014       0.017

 Variances
    INC_CEN          999.082       7.621      0.000     984.189    1014.358      *
    EDUH_CEN           0.235       0.002      0.000       0.232       0.238      *

 Residual Variances
    CARPR_ID           2.518       0.017      0.000       2.484       2.553      *
    LOGMILES           0.970       0.009      0.000       0.953       0.988      *

Between Level

 S1       WITH
    Q01D              -0.018       0.011      0.036      -0.044       0.001
    CAROWN            -0.015       0.008      0.012      -0.033      -0.002      *
    LOGMILES          -0.001       0.002      0.398      -0.005       0.004
    CARPR_CO           0.011       0.009      0.086      -0.007       0.033

 S2       WITH
    Q01D              -0.001       0.008      0.424      -0.021       0.013
    CAROWN            -0.003       0.006      0.250      -0.017       0.006
    LOGMILES          -0.001       0.002      0.210      -0.004       0.002
    CARPR_CO           0.004       0.011      0.220      -0.007       0.020

 LOGMILES WITH
    Q01D               0.031       0.033      0.140      -0.034       0.097
    CAROWN             0.021       0.022      0.139      -0.026       0.064
    CARPR_CO          -0.005       0.045      0.410      -0.055       0.062

 Q01D     WITH
    CAROWN             0.503       0.138      0.000       0.327       0.871      *
    CARPR_CO          -0.140       0.212      0.108      -0.600       0.087

 CAROWN   WITH
    CARPR_CO          -0.100       0.161      0.087      -0.430       0.047

 Means
    CARPR_CO           0.002       0.114      0.493      -0.214       0.222
    LOGMILES           3.080       0.027      0.000       3.028       3.132      *
    S1                 0.036       0.011      0.000       0.014       0.057      *
    S2                 0.016       0.006      0.007       0.003       0.028      *

 Thresholds
    CAROWN$1           0.127       0.085      0.065      -0.039       0.295
    Q01D$1             0.472       0.130      0.000       0.220       0.730      *

 Variances
    CAROWN             0.348       0.103      0.000       0.227       0.620      *
    Q01D               0.829       0.203      0.000       0.551       1.343      *
    CARPR_CO           0.562       0.536      0.000       0.375       1.149      *
    LOGMILES           0.031       0.009      0.000       0.019       0.053      *
    S1                 0.004       0.001      0.000       0.002       0.007      *
    S2                 0.001       0.000      0.000       0.001       0.002      *

New/Additional Parameters
    B1IND              0.106       0.005      0.000       0.095       0.117      *
    B2IND              0.005       0.001      0.000       0.004       0.007      *


STANDARDIZED MODEL RESULTS


STDYX Standardization

                                Posterior  One-Tailed         95% C.I.
                    Estimate       S.D.      P-Value   Lower 2.5%  Upper 2.5%  Significance

Within-Level Standardized Estimates Averaged Over Clusters

 S1 | Q01D ON
    CARPR_ID           0.032       0.006      0.000       0.021       0.044      *

 S2 | LOGMILES ON
    CARPR_ID           0.025       0.007      0.000       0.012       0.038      *

 CAROWN     ON
    AGE_CEN            0.331       0.005      0.000       0.321       0.342      *
    GEN_CEN            0.041       0.006      0.000       0.030       0.052      *
    INC_CEN            0.151       0.007      0.000       0.138       0.164      *
    EDUH_CEN           0.156       0.006      0.000       0.144       0.168      *
    EMP_CEN            0.212       0.006      0.000       0.200       0.223      *
    LESS_CEN          -0.005       0.006      0.190      -0.017       0.006
    CARPR_ID           0.120       0.006      0.000       0.109       0.132      *

 CARPR_ID   ON
    AGE_CEN           -0.098       0.005      0.000      -0.108      -0.089      *
    GEN_CEN            0.062       0.005      0.000       0.052       0.072      *
    INC_CEN            0.087       0.005      0.000       0.076       0.097      *
    EDUH_CEN           0.057       0.005      0.000       0.047       0.068      *
    EMP_CEN            0.052       0.005      0.000       0.043       0.062      *
    LESS_CEN           0.038       0.005      0.000       0.029       0.048      *

 Q01D       ON
    AGE_CEN           -0.014       0.006      0.007      -0.024      -0.003      *
    GEN_CEN            0.035       0.005      0.000       0.024       0.045      *
    INC_CEN            0.010       0.006      0.049      -0.002       0.021
    EDUH_CEN           0.008       0.006      0.094      -0.004       0.019
    EMP_CEN            0.019       0.006      0.001       0.007       0.029      *
    LESS_CEN          -0.030       0.005      0.000      -0.040      -0.019      *
    CAROWN             0.807       0.005      0.000       0.797       0.818      *

 LOGMILES   ON
    AGE_CEN            0.057       0.007      0.000       0.042       0.071      *
    GEN_CEN            0.078       0.006      0.000       0.065       0.090      *
    INC_CEN            0.048       0.007      0.000       0.035       0.060      *
    EDUH_CEN           0.007       0.007      0.166      -0.007       0.021
    EMP_CEN            0.040       0.007      0.000       0.027       0.053      *
    LESS_CEN          -0.030       0.007      0.000      -0.043      -0.017      *
    CAROWN             0.068       0.011      0.000       0.047       0.089      *

 LOGMILES WITH
    Q01D               0.062       0.010      0.000       0.043       0.083      *

 Means
    INC_CEN           -0.008       0.006      0.083      -0.019       0.003
    EDUH_CEN          -0.002       0.005      0.308      -0.012       0.007

 Intercepts
    CARPR_ID           0.001       0.005      0.444      -0.009       0.010

 Variances
    INC_CEN            1.000       0.000      0.000       1.000       1.000
    EDUH_CEN           1.000       0.000      0.000       1.000       1.000

 Residual Variances
    CARPR_ID           0.973       0.002      0.000       0.970       0.975      *
    LOGMILES           0.969       0.002      0.000       0.964       0.974      *

Between Level

 S1       WITH
    Q01D              -0.345       0.174      0.036      -0.641       0.027
    CAROWN            -0.416       0.166      0.012      -0.690      -0.054      *
    LOGMILES          -0.051       0.187      0.398      -0.407       0.318
    CARPR_CO           0.243       0.168      0.086      -0.137       0.535

 S2       WITH
    Q01D              -0.045       0.237      0.424      -0.519       0.407
    CAROWN            -0.158       0.228      0.250      -0.607       0.284
    LOGMILES          -0.180       0.220      0.210      -0.569       0.297
    CARPR_CO           0.172       0.222      0.220      -0.263       0.611

 LOGMILES WITH
    Q01D               0.203       0.178      0.140      -0.187       0.506
    CAROWN             0.204       0.179      0.139      -0.207       0.504
    CARPR_CO          -0.041       0.183      0.410      -0.361       0.343

 Q01D     WITH
    CAROWN             0.941       0.022      0.000       0.885       0.969      *
    CARPR_CO          -0.213       0.168      0.108      -0.542       0.126

 CAROWN   WITH
    CARPR_CO          -0.234       0.170      0.087      -0.586       0.103

 Means
    CARPR_CO           0.003       0.140      0.493      -0.270       0.279
    LOGMILES          17.490       2.239      0.000      13.349      22.116      *
    S1                 0.594       0.202      0.000       0.221       1.011      *
    S2                 0.469       0.199      0.007       0.094       0.871      *

 Variances
    CAROWN             1.000       0.000      0.000       1.000       1.000
    Q01D               1.000       0.000      0.000       1.000       1.000
    CARPR_CO           1.000       0.000      0.000       1.000       1.000
    LOGMILES           1.000       0.000      0.000       1.000       1.000
    S1                 1.000       0.000      0.000       1.000       1.000
    S2                 1.000       0.000      0.000       1.000       1.000


STDY Standardization

                                Posterior  One-Tailed         95% C.I.
                    Estimate       S.D.      P-Value   Lower 2.5%  Upper 2.5%  Significance

Within-Level Standardized Estimates Averaged Over Clusters

 S1 | Q01D ON
    CARPR_ID           0.032       0.006      0.000       0.021       0.044      *

 S2 | LOGMILES ON
    CARPR_ID           0.025       0.007      0.000       0.012       0.038      *

 CAROWN     ON
    AGE_CEN            0.029       0.000      0.000       0.028       0.030      *
    GEN_CEN            0.083       0.012      0.000       0.060       0.106      *
    INC_CEN            0.151       0.007      0.000       0.138       0.164      *
    EDUH_CEN           0.156       0.006      0.000       0.144       0.168      *
    EMP_CEN            0.434       0.012      0.000       0.410       0.457      *
    LESS_CEN          -0.002       0.002      0.190      -0.006       0.002
    CARPR_ID           0.120       0.006      0.000       0.109       0.132      *

 CARPR_ID   ON
    AGE_CEN           -0.009       0.000      0.000      -0.009      -0.008      *
    GEN_CEN            0.125       0.010      0.000       0.105       0.144      *
    INC_CEN            0.087       0.005      0.000       0.076       0.097      *
    EDUH_CEN           0.057       0.005      0.000       0.047       0.068      *
    EMP_CEN            0.108       0.010      0.000       0.087       0.128      *
    LESS_CEN           0.013       0.002      0.000       0.010       0.016      *

 Q01D       ON
    AGE_CEN           -0.001       0.000      0.007      -0.002       0.000      *
    GEN_CEN            0.069       0.011      0.000       0.048       0.091      *
    INC_CEN            0.010       0.006      0.049      -0.002       0.021
    EDUH_CEN           0.008       0.006      0.094      -0.004       0.019
    EMP_CEN            0.039       0.011      0.001       0.015       0.060      *
    LESS_CEN          -0.010       0.002      0.000      -0.013      -0.006      *
    CAROWN             0.807       0.005      0.000       0.797       0.818      *

 LOGMILES   ON
    AGE_CEN            0.005       0.001      0.000       0.004       0.006      *
    GEN_CEN            0.156       0.013      0.000       0.131       0.182      *
    INC_CEN            0.048       0.007      0.000       0.035       0.060      *
    EDUH_CEN           0.007       0.007      0.166      -0.007       0.021
    EMP_CEN            0.082       0.013      0.000       0.055       0.108      *
    LESS_CEN          -0.010       0.002      0.000      -0.015      -0.006      *
    CAROWN             0.068       0.011      0.000       0.047       0.089      *

 LOGMILES WITH
    Q01D               0.062       0.010      0.000       0.043       0.083      *

 Means
    INC_CEN           -0.008       0.006      0.083      -0.019       0.003
    EDUH_CEN          -0.002       0.005      0.308      -0.012       0.007

 Intercepts
    CARPR_ID           0.001       0.005      0.444      -0.009       0.010

 Variances
    INC_CEN            1.000       0.000      0.000       1.000       1.000
    EDUH_CEN           1.000       0.000      0.000       1.000       1.000

 Residual Variances
    CARPR_ID           0.973       0.002      0.000       0.970       0.975      *
    LOGMILES           0.969       0.002      0.000       0.964       0.974      *

Between Level

 S1       WITH
    Q01D              -0.345       0.174      0.036      -0.641       0.027
    CAROWN            -0.416       0.166      0.012      -0.690      -0.054      *
    LOGMILES          -0.051       0.187      0.398      -0.407       0.318
    CARPR_CO           0.243       0.168      0.086      -0.137       0.535

 S2       WITH
    Q01D              -0.045       0.237      0.424      -0.519       0.407
    CAROWN            -0.158       0.228      0.250      -0.607       0.284
    LOGMILES          -0.180       0.220      0.210      -0.569       0.297
    CARPR_CO           0.172       0.222      0.220      -0.263       0.611

 LOGMILES WITH
    Q01D               0.203       0.178      0.140      -0.187       0.506
    CAROWN             0.204       0.179      0.139      -0.207       0.504
    CARPR_CO          -0.041       0.183      0.410      -0.361       0.343

 Q01D     WITH
    CAROWN             0.941       0.022      0.000       0.885       0.969      *
    CARPR_CO          -0.213       0.168      0.108      -0.542       0.126

 CAROWN   WITH
    CARPR_CO          -0.234       0.170      0.087      -0.586       0.103

 Means
    CARPR_CO           0.003       0.140      0.493      -0.270       0.279
    LOGMILES          17.490       2.239      0.000      13.349      22.116      *
    S1                 0.594       0.202      0.000       0.221       1.011      *
    S2                 0.469       0.199      0.007       0.094       0.871      *

 Variances
    CAROWN             1.000       0.000      0.000       1.000       1.000
    Q01D               1.000       0.000      0.000       1.000       1.000
    CARPR_CO           1.000       0.000      0.000       1.000       1.000
    LOGMILES           1.000       0.000      0.000       1.000       1.000
    S1                 1.000       0.000      0.000       1.000       1.000
    S2                 1.000       0.000      0.000       1.000       1.000


STD Standardization

                                Posterior  One-Tailed         95% C.I.
                    Estimate       S.D.      P-Value   Lower 2.5%  Upper 2.5%  Significance

Within-Level Standardized Estimates Averaged Over Clusters

 S1 | Q01D ON
    CARPR_ID           0.036       0.006      0.000       0.023       0.048      *

 S2 | LOGMILES ON
    CARPR_ID           0.016       0.004      0.000       0.008       0.024      *

 CAROWN     ON
    AGE_CEN            0.034       0.001      0.000       0.032       0.035      *
    GEN_CEN            0.096       0.014      0.000       0.069       0.122      *
    INC_CEN            0.006       0.000      0.000       0.005       0.006      *
    EDUH_CEN           0.373       0.015      0.000       0.344       0.401      *
    EMP_CEN            0.502       0.014      0.000       0.474       0.529      *
    LESS_CEN          -0.002       0.002      0.190      -0.007       0.002
    CARPR_ID           0.087       0.004      0.000       0.078       0.095      *

 CARPR_ID   ON
    AGE_CEN           -0.014       0.001      0.000      -0.015      -0.013      *
    GEN_CEN            0.201       0.015      0.000       0.169       0.232      *
    INC_CEN            0.004       0.000      0.000       0.004       0.005      *
    EDUH_CEN           0.190       0.017      0.000       0.155       0.225      *
    EMP_CEN            0.173       0.017      0.000       0.140       0.206      *
    LESS_CEN           0.021       0.003      0.000       0.016       0.026      *

 Q01D       ON
    AGE_CEN           -0.002       0.001      0.007      -0.004       0.000      *
    GEN_CEN            0.122       0.019      0.000       0.084       0.159      *
    INC_CEN            0.001       0.000      0.049       0.000       0.001
    EDUH_CEN           0.028       0.021      0.094      -0.014       0.068
    EMP_CEN            0.067       0.020      0.001       0.026       0.105      *
    LESS_CEN          -0.018       0.003      0.000      -0.024      -0.011      *
    CAROWN             1.223       0.019      0.000       1.187       1.260      *

 LOGMILES   ON
    AGE_CEN            0.005       0.001      0.000       0.004       0.006      *
    GEN_CEN            0.156       0.013      0.000       0.131       0.182      *
    INC_CEN            0.002       0.000      0.000       0.001       0.002      *
    EDUH_CEN           0.014       0.015      0.166      -0.014       0.043
    EMP_CEN            0.082       0.013      0.000       0.055       0.109      *
    LESS_CEN          -0.010       0.002      0.000      -0.015      -0.006      *
    CAROWN             0.059       0.009      0.000       0.041       0.077      *

 LOGMILES WITH
    Q01D               0.062       0.010      0.000       0.043       0.083      *

 Means
    INC_CEN           -0.243       0.174      0.083      -0.596       0.095
    EDUH_CEN          -0.001       0.002      0.308      -0.006       0.004

 Intercepts
    CARPR_ID           0.001       0.008      0.444      -0.014       0.017

 Variances
    INC_CEN          999.072       7.554      0.000     984.331    1014.417      *
    EDUH_CEN           0.235       0.002      0.000       0.232       0.238      *

 Residual Variances
    CARPR_ID           2.519       0.017      0.000       2.485       2.552      *
    LOGMILES           0.970       0.009      0.000       0.953       0.987      *

Between Level

 S1       WITH
    Q01D              -0.345       0.174      0.036      -0.641       0.027
    CAROWN            -0.416       0.166      0.012      -0.690      -0.054      *
    LOGMILES          -0.051       0.187      0.398      -0.407       0.318
    CARPR_CO           0.243       0.168      0.086      -0.137       0.535

 S2       WITH
    Q01D              -0.045       0.237      0.424      -0.519       0.407
    CAROWN            -0.158       0.228      0.250      -0.607       0.284
    LOGMILES          -0.180       0.220      0.210      -0.569       0.297
    CARPR_CO           0.172       0.222      0.220      -0.263       0.611

 LOGMILES WITH
    Q01D               0.203       0.178      0.140      -0.187       0.506
    CAROWN             0.204       0.179      0.139      -0.207       0.504
    CARPR_CO          -0.041       0.183      0.410      -0.361       0.343

 Q01D     WITH
    CAROWN             0.941       0.022      0.000       0.885       0.969      *
    CARPR_CO          -0.213       0.168      0.108      -0.542       0.126

 CAROWN   WITH
    CARPR_CO          -0.234       0.170      0.087      -0.586       0.103

 Means
    CARPR_CO           0.002       0.114      0.493      -0.214       0.222
    LOGMILES           3.080       0.027      0.000       3.028       3.132      *
    S1                 0.594       0.202      0.000       0.221       1.011      *
    S2                 0.469       0.199      0.007       0.094       0.871      *

 Variances
    CAROWN             0.348       0.103      0.000       0.227       0.620      *
    Q01D               0.829       0.203      0.000       0.551       1.343      *
    CARPR_CO           0.562       0.536      0.000       0.375       1.149      *
    LOGMILES           0.031       0.009      0.000       0.019       0.053      *
    S1                 1.000       0.000      0.000       1.000       1.000
    S2                 1.000       0.000      0.000       1.000       1.000


R-SQUARE

Within-Level R-Square Averaged Across Clusters

                                Posterior  One-Tailed         95% C.I.
    Variable        Estimate       S.D.      P-Value   Lower 2.5%  Upper 2.5%

    CAROWN             0.252       0.004      0.000       0.243       0.261
    Q01D               0.674       0.006      0.000       0.662       0.686
    CARPR_ID           0.027       0.002      0.000       0.024       0.030
    LOGMILES           0.031       0.002      0.000       0.026       0.036

Between Level


TECHNICAL 1 OUTPUT


     PARAMETER SPECIFICATION FOR WITHIN


           TAU
              CAROWN$1      Q01D$1
              ________      ________
                    0             0


           NU
              CAROWN        Q01D          CARPR_ID      INC_CEN       EDUH_CEN
              ________      ________      ________      ________      ________
                    0             0             0             0             0


           NU
              LOGMILES      AGE_CEN       GEN_CEN       EMP_CEN       LESS_CEN
              ________      ________      ________      ________      ________
                    0             0             0             0             0


           LAMBDA
              CAROWN        Q01D          CARPR_ID      INC_CEN       EDUH_CEN
              ________      ________      ________      ________      ________
 CAROWN             0             0             0             0             0
 Q01D               0             0             0             0             0
 CARPR_ID           0             0             0             0             0
 INC_CEN            0             0             0             0             0
 EDUH_CEN           0             0             0             0             0
 LOGMILES           0             0             0             0             0
 AGE_CEN            0             0             0             0             0
 GEN_CEN            0             0             0             0             0
 EMP_CEN            0             0             0             0             0
 LESS_CEN           0             0             0             0             0


           LAMBDA
              LOGMILES      AGE_CEN       GEN_CEN       EMP_CEN       LESS_CEN
              ________      ________      ________      ________      ________
 CAROWN             0             0             0             0             0
 Q01D               0             0             0             0             0
 CARPR_ID           0             0             0             0             0
 INC_CEN            0             0             0             0             0
 EDUH_CEN           0             0             0             0             0
 LOGMILES           0             0             0             0             0
 AGE_CEN            0             0             0             0             0
 GEN_CEN            0             0             0             0             0
 EMP_CEN            0             0             0             0             0
 LESS_CEN           0             0             0             0             0


           THETA
              CAROWN        Q01D          CARPR_ID      INC_CEN       EDUH_CEN
              ________      ________      ________      ________      ________
 CAROWN             0
 Q01D               0             0
 CARPR_ID           0             0             0
 INC_CEN            0             0             0             0
 EDUH_CEN           0             0             0             0             0
 LOGMILES           0             0             0             0             0
 AGE_CEN            0             0             0             0             0
 GEN_CEN            0             0             0             0             0
 EMP_CEN            0             0             0             0             0
 LESS_CEN           0             0             0             0             0


           THETA
              LOGMILES      AGE_CEN       GEN_CEN       EMP_CEN       LESS_CEN
              ________      ________      ________      ________      ________
 LOGMILES           0
 AGE_CEN            0             0
 GEN_CEN            0             0             0
 EMP_CEN            0             0             0             0
 LESS_CEN           0             0             0             0             0


           ALPHA
              CAROWN        Q01D          CARPR_ID      INC_CEN       EDUH_CEN
              ________      ________      ________      ________      ________
                    0             0             1             2             3


           ALPHA
              LOGMILES      AGE_CEN       GEN_CEN       EMP_CEN       LESS_CEN
              ________      ________      ________      ________      ________
                    0             0             0             0             0


           BETA
              CAROWN        Q01D          CARPR_ID      INC_CEN       EDUH_CEN
              ________      ________      ________      ________      ________
 CAROWN             0             0             4             5             6
 Q01D              11             0             0            12            13
 CARPR_ID           0             0             0            18            19
 INC_CEN            0             0             0             0             0
 EDUH_CEN           0             0             0             0             0
 LOGMILES          24             0             0            25            26
 AGE_CEN            0             0             0             0             0
 GEN_CEN            0             0             0             0             0
 EMP_CEN            0             0             0             0             0
 LESS_CEN           0             0             0             0             0


           BETA
              LOGMILES      AGE_CEN       GEN_CEN       EMP_CEN       LESS_CEN
              ________      ________      ________      ________      ________
 CAROWN             0             7             8             9            10
 Q01D               0            14            15            16            17
 CARPR_ID           0            20            21            22            23
 INC_CEN            0             0             0             0             0
 EDUH_CEN           0             0             0             0             0
 LOGMILES           0            27            28            29            30
 AGE_CEN            0             0             0             0             0
 GEN_CEN            0             0             0             0             0
 EMP_CEN            0             0             0             0             0
 LESS_CEN           0             0             0             0             0


           PSI
              CAROWN        Q01D          CARPR_ID      INC_CEN       EDUH_CEN
              ________      ________      ________      ________      ________
 CAROWN             0
 Q01D               0             0
 CARPR_ID           0             0            31
 INC_CEN            0             0             0            32
 EDUH_CEN           0             0             0             0            33
 LOGMILES           0            34             0             0             0
 AGE_CEN            0             0             0             0             0
 GEN_CEN            0             0             0             0             0
 EMP_CEN            0             0             0             0             0
 LESS_CEN           0             0             0             0             0


           PSI
              LOGMILES      AGE_CEN       GEN_CEN       EMP_CEN       LESS_CEN
              ________      ________      ________      ________      ________
 LOGMILES          35
 AGE_CEN            0             0
 GEN_CEN            0             0             0
 EMP_CEN            0             0             0             0
 LESS_CEN           0             0             0             0             0


     PARAMETER SPECIFICATION FOR BETWEEN


           TAU
              CAROWN$1      Q01D$1
              ________      ________
                   60            61


           NU
              CAROWN        Q01D          CARPR_CO      LOGMILES
              ________      ________      ________      ________
                    0             0             0             0


           LAMBDA
              S1            S2            CAROWN        Q01D          CARPR_CO
              ________      ________      ________      ________      ________
 CAROWN             0             0             0             0             0
 Q01D               0             0             0             0             0
 CARPR_CO           0             0             0             0             0
 LOGMILES           0             0             0             0             0


           LAMBDA
              LOGMILES
              ________
 CAROWN             0
 Q01D               0
 CARPR_CO           0
 LOGMILES           0


           THETA
              CAROWN        Q01D          CARPR_CO      LOGMILES
              ________      ________      ________      ________
 CAROWN             0
 Q01D               0             0
 CARPR_CO           0             0             0
 LOGMILES           0             0             0             0


           ALPHA
              S1            S2            CAROWN        Q01D          CARPR_CO
              ________      ________      ________      ________      ________
                   36            37             0             0            38


           ALPHA
              LOGMILES
              ________
                   39


           BETA
              S1            S2            CAROWN        Q01D          CARPR_CO
              ________      ________      ________      ________      ________
 S1                 0             0             0             0             0
 S2                 0             0             0             0             0
 CAROWN             0             0             0             0             0
 Q01D               0             0             0             0             0
 CARPR_CO           0             0             0             0             0
 LOGMILES           0             0             0             0             0


           BETA
              LOGMILES
              ________
 S1                 0
 S2                 0
 CAROWN             0
 Q01D               0
 CARPR_CO           0
 LOGMILES           0


           PSI
              S1            S2            CAROWN        Q01D          CARPR_CO
              ________      ________      ________      ________      ________
 S1                40
 S2                 0            41
 CAROWN            42            43            44
 Q01D              45            46            47            48
 CARPR_CO          49            50            51            52            53
 LOGMILES          54            55            56            57            58


           PSI
              LOGMILES
              ________
 LOGMILES          59


     PARAMETER SPECIFICATION FOR THE ADDITIONAL PARAMETERS


           NEW/ADDITIONAL PARAMETERS
              B1IND         B2IND
              ________      ________
                   62            63


     STARTING VALUES FOR WITHIN


           TAU
              CAROWN$1      Q01D$1
              ________      ________
                0.000         0.000


           NU
              CAROWN        Q01D          CARPR_ID      INC_CEN       EDUH_CEN
              ________      ________      ________      ________      ________
                0.000         0.000         0.000         0.000         0.000


           NU
              LOGMILES      AGE_CEN       GEN_CEN       EMP_CEN       LESS_CEN
              ________      ________      ________      ________      ________
                0.000         0.000         0.000         0.000         0.000


           LAMBDA
              CAROWN        Q01D          CARPR_ID      INC_CEN       EDUH_CEN
              ________      ________      ________      ________      ________
 CAROWN         1.000         0.000         0.000         0.000         0.000
 Q01D           0.000         1.000         0.000         0.000         0.000
 CARPR_ID       0.000         0.000         1.000         0.000         0.000
 INC_CEN        0.000         0.000         0.000         1.000         0.000
 EDUH_CEN       0.000         0.000         0.000         0.000         1.000
 LOGMILES       0.000         0.000         0.000         0.000         0.000
 AGE_CEN        0.000         0.000         0.000         0.000         0.000
 GEN_CEN        0.000         0.000         0.000         0.000         0.000
 EMP_CEN        0.000         0.000         0.000         0.000         0.000
 LESS_CEN       0.000         0.000         0.000         0.000         0.000


           LAMBDA
              LOGMILES      AGE_CEN       GEN_CEN       EMP_CEN       LESS_CEN
              ________      ________      ________      ________      ________
 CAROWN         0.000         0.000         0.000         0.000         0.000
 Q01D           0.000         0.000         0.000         0.000         0.000
 CARPR_ID       0.000         0.000         0.000         0.000         0.000
 INC_CEN        0.000         0.000         0.000         0.000         0.000
 EDUH_CEN       0.000         0.000         0.000         0.000         0.000
 LOGMILES       1.000         0.000         0.000         0.000         0.000
 AGE_CEN        0.000         1.000         0.000         0.000         0.000
 GEN_CEN        0.000         0.000         1.000         0.000         0.000
 EMP_CEN        0.000         0.000         0.000         1.000         0.000
 LESS_CEN       0.000         0.000         0.000         0.000         1.000


           THETA
              CAROWN        Q01D          CARPR_ID      INC_CEN       EDUH_CEN
              ________      ________      ________      ________      ________
 CAROWN         0.000
 Q01D           0.000         0.000
 CARPR_ID       0.000         0.000         0.000
 INC_CEN        0.000         0.000         0.000         0.000
 EDUH_CEN       0.000         0.000         0.000         0.000         0.000
 LOGMILES       0.000         0.000         0.000         0.000         0.000
 AGE_CEN        0.000         0.000         0.000         0.000         0.000
 GEN_CEN        0.000         0.000         0.000         0.000         0.000
 EMP_CEN        0.000         0.000         0.000         0.000         0.000
 LESS_CEN       0.000         0.000         0.000         0.000         0.000


           THETA
              LOGMILES      AGE_CEN       GEN_CEN       EMP_CEN       LESS_CEN
              ________      ________      ________      ________      ________
 LOGMILES       0.000
 AGE_CEN        0.000         0.000
 GEN_CEN        0.000         0.000         0.000
 EMP_CEN        0.000         0.000         0.000         0.000
 LESS_CEN       0.000         0.000         0.000         0.000         0.000


           ALPHA
              CAROWN        Q01D          CARPR_ID      INC_CEN       EDUH_CEN
              ________      ________      ________      ________      ________
                0.000         0.000         0.000         0.000         0.000


           ALPHA
              LOGMILES      AGE_CEN       GEN_CEN       EMP_CEN       LESS_CEN
              ________      ________      ________      ________      ________
                0.000         0.000         0.000         0.000         0.000


           BETA
              CAROWN        Q01D          CARPR_ID      INC_CEN       EDUH_CEN
              ________      ________      ________      ________      ________
 CAROWN         0.000         0.000         0.000         0.000         0.000
 Q01D           0.000         0.000         0.000         0.000         0.000
 CARPR_ID       0.000         0.000         0.000         0.000         0.000
 INC_CEN        0.000         0.000         0.000         0.000         0.000
 EDUH_CEN       0.000         0.000         0.000         0.000         0.000
 LOGMILES       0.000         0.000         0.000         0.000         0.000
 AGE_CEN        0.000         0.000         0.000         0.000         0.000
 GEN_CEN        0.000         0.000         0.000         0.000         0.000
 EMP_CEN        0.000         0.000         0.000         0.000         0.000
 LESS_CEN       0.000         0.000         0.000         0.000         0.000


           BETA
              LOGMILES      AGE_CEN       GEN_CEN       EMP_CEN       LESS_CEN
              ________      ________      ________      ________      ________
 CAROWN         0.000         0.000         0.000         0.000         0.000
 Q01D           0.000         0.000         0.000         0.000         0.000
 CARPR_ID       0.000         0.000         0.000         0.000         0.000
 INC_CEN        0.000         0.000         0.000         0.000         0.000
 EDUH_CEN       0.000         0.000         0.000         0.000         0.000
 LOGMILES       0.000         0.000         0.000         0.000         0.000
 AGE_CEN        0.000         0.000         0.000         0.000         0.000
 GEN_CEN        0.000         0.000         0.000         0.000         0.000
 EMP_CEN        0.000         0.000         0.000         0.000         0.000
 LESS_CEN       0.000         0.000         0.000         0.000         0.000


           PSI
              CAROWN        Q01D          CARPR_ID      INC_CEN       EDUH_CEN
              ________      ________      ________      ________      ________
 CAROWN         1.000
 Q01D           0.000         1.000
 CARPR_ID       0.000         0.000         1.298
 INC_CEN        0.000         0.000         0.000       499.639
 EDUH_CEN       0.000         0.000         0.000         0.000         0.118
 LOGMILES       0.000         0.000         0.000         0.000         0.000
 AGE_CEN        0.000         0.000         0.000         0.000         0.000
 GEN_CEN        0.000         0.000         0.000         0.000         0.000
 EMP_CEN        0.000         0.000         0.000         0.000         0.000
 LESS_CEN       0.000         0.000         0.000         0.000         0.000


           PSI
              LOGMILES      AGE_CEN       GEN_CEN       EMP_CEN       LESS_CEN
              ________      ________      ________      ________      ________
 LOGMILES       0.507
 AGE_CEN        0.000        69.334
 GEN_CEN        0.000         0.000         0.124
 EMP_CEN        0.000         0.000         0.000         0.120
 LESS_CEN       0.000         0.000         0.000         0.000         4.402


     STARTING VALUES FOR BETWEEN


           TAU
              CAROWN$1      Q01D$1
              ________      ________
                0.032         0.164


           NU
              CAROWN        Q01D          CARPR_CO      LOGMILES
              ________      ________      ________      ________
                0.000         0.000         0.000         0.000


           LAMBDA
              S1            S2            CAROWN        Q01D          CARPR_CO
              ________      ________      ________      ________      ________
 CAROWN         0.000         0.000         1.000         0.000         0.000
 Q01D           0.000         0.000         0.000         1.000         0.000
 CARPR_CO       0.000         0.000         0.000         0.000         1.000
 LOGMILES       0.000         0.000         0.000         0.000         0.000


           LAMBDA
              LOGMILES
              ________
 CAROWN         0.000
 Q01D           0.000
 CARPR_CO       0.000
 LOGMILES       1.000


           THETA
              CAROWN        Q01D          CARPR_CO      LOGMILES
              ________      ________      ________      ________
 CAROWN         0.000
 Q01D           0.000         0.000
 CARPR_CO       0.000         0.000         0.000
 LOGMILES       0.000         0.000         0.000         0.000


           ALPHA
              S1            S2            CAROWN        Q01D          CARPR_CO
              ________      ________      ________      ________      ________
                0.000         0.000         0.000         0.000        -0.040


           ALPHA
              LOGMILES
              ________
                3.157


           BETA
              S1            S2            CAROWN        Q01D          CARPR_CO
              ________      ________      ________      ________      ________
 S1             0.000         0.000         0.000         0.000         0.000
 S2             0.000         0.000         0.000         0.000         0.000
 CAROWN         0.000         0.000         0.000         0.000         0.000
 Q01D           0.000         0.000         0.000         0.000         0.000
 CARPR_CO       0.000         0.000         0.000         0.000         0.000
 LOGMILES       0.000         0.000         0.000         0.000         0.000


           BETA
              LOGMILES
              ________
 S1             0.000
 S2             0.000
 CAROWN         0.000
 Q01D           0.000
 CARPR_CO       0.000
 LOGMILES       0.000


           PSI
              S1            S2            CAROWN        Q01D          CARPR_CO
              ________      ________      ________      ________      ________
 S1             1.000
 S2             0.000         1.000
 CAROWN         0.000         0.000         1.000
 Q01D           0.000         0.000         0.000         1.000
 CARPR_CO       0.000         0.000         0.000         0.000         0.191
 LOGMILES       0.000         0.000         0.000         0.000         0.000


           PSI
              LOGMILES
              ________
 LOGMILES       0.507


     STARTING VALUES FOR THE ADDITIONAL PARAMETERS


           NEW/ADDITIONAL PARAMETERS
              B1IND         B2IND
              ________      ________
                0.500         0.500



     PRIORS FOR ALL PARAMETERS            PRIOR MEAN      PRIOR VARIANCE     PRIOR STD. DEV.

     Parameter 1~N(0.000,infinity)           0.0000            infinity            infinity
     Parameter 2~N(0.000,infinity)           0.0000            infinity            infinity
     Parameter 3~N(0.000,infinity)           0.0000            infinity            infinity
     Parameter 4~N(0.000,5.000)              0.0000              5.0000              2.2361
     Parameter 5~N(0.000,5.000)              0.0000              5.0000              2.2361
     Parameter 6~N(0.000,5.000)              0.0000              5.0000              2.2361
     Parameter 7~N(0.000,5.000)              0.0000              5.0000              2.2361
     Parameter 8~N(0.000,5.000)              0.0000              5.0000              2.2361
     Parameter 9~N(0.000,5.000)              0.0000              5.0000              2.2361
     Parameter 10~N(0.000,5.000)             0.0000              5.0000              2.2361
     Parameter 11~N(0.000,5.000)             0.0000              5.0000              2.2361
     Parameter 12~N(0.000,5.000)             0.0000              5.0000              2.2361
     Parameter 13~N(0.000,5.000)             0.0000              5.0000              2.2361
     Parameter 14~N(0.000,5.000)             0.0000              5.0000              2.2361
     Parameter 15~N(0.000,5.000)             0.0000              5.0000              2.2361
     Parameter 16~N(0.000,5.000)             0.0000              5.0000              2.2361
     Parameter 17~N(0.000,5.000)             0.0000              5.0000              2.2361
     Parameter 18~N(0.000,infinity)          0.0000            infinity            infinity
     Parameter 19~N(0.000,infinity)          0.0000            infinity            infinity
     Parameter 20~N(0.000,infinity)          0.0000            infinity            infinity
     Parameter 21~N(0.000,infinity)          0.0000            infinity            infinity
     Parameter 22~N(0.000,infinity)          0.0000            infinity            infinity
     Parameter 23~N(0.000,infinity)          0.0000            infinity            infinity
     Parameter 24~N(0.000,infinity)          0.0000            infinity            infinity
     Parameter 25~N(0.000,infinity)          0.0000            infinity            infinity
     Parameter 26~N(0.000,infinity)          0.0000            infinity            infinity
     Parameter 27~N(0.000,infinity)          0.0000            infinity            infinity
     Parameter 28~N(0.000,infinity)          0.0000            infinity            infinity
     Parameter 29~N(0.000,infinity)          0.0000            infinity            infinity
     Parameter 30~N(0.000,infinity)          0.0000            infinity            infinity
     Parameter 31~IG(-1.000,0.000)         infinity            infinity            infinity
     Parameter 32~IG(-1.000,0.000)         infinity            infinity            infinity
     Parameter 33~IG(-1.000,0.000)         infinity            infinity            infinity
     Parameter 34~N(0.000,infinity)          0.0000            infinity            infinity
     Parameter 35~N(0.000,infinity)          0.0000            infinity            infinity
     Parameter 36~N(0.000,infinity)          0.0000            infinity            infinity
     Parameter 37~N(0.000,infinity)          0.0000            infinity            infinity
     Parameter 38~N(0.000,infinity)          0.0000            infinity            infinity
     Parameter 39~N(0.000,infinity)          0.0000            infinity            infinity
     Parameter 40~N(0.000,infinity)          0.0000            infinity            infinity
     Parameter 41~N(0.000,infinity)          0.0000            infinity            infinity
     Parameter 42~N(0.000,infinity)          0.0000            infinity            infinity
     Parameter 43~N(0.000,infinity)          0.0000            infinity            infinity
     Parameter 44~N(0.000,infinity)          0.0000            infinity            infinity
     Parameter 45~N(0.000,infinity)          0.0000            infinity            infinity
     Parameter 46~N(0.000,infinity)          0.0000            infinity            infinity
     Parameter 47~N(0.000,infinity)          0.0000            infinity            infinity
     Parameter 48~N(0.000,infinity)          0.0000            infinity            infinity
     Parameter 49~N(0.000,infinity)          0.0000            infinity            infinity
     Parameter 50~N(0.000,infinity)          0.0000            infinity            infinity
     Parameter 51~N(0.000,infinity)          0.0000            infinity            infinity
     Parameter 52~N(0.000,infinity)          0.0000            infinity            infinity
     Parameter 53~N(0.000,infinity)          0.0000            infinity            infinity
     Parameter 54~N(0.000,infinity)          0.0000            infinity            infinity
     Parameter 55~N(0.000,infinity)          0.0000            infinity            infinity
     Parameter 56~N(0.000,infinity)          0.0000            infinity            infinity
     Parameter 57~N(0.000,infinity)          0.0000            infinity            infinity
     Parameter 58~N(0.000,infinity)          0.0000            infinity            infinity
     Parameter 59~N(0.000,infinity)          0.0000            infinity            infinity
     Parameter 60~N(0.000,5.000)             0.0000              5.0000              2.2361
     Parameter 61~N(0.000,5.000)             0.0000              5.0000              2.2361


SUMMARIES OF PLAUSIBLE VALUES (N = NUMBER OF OBSERVATIONS * NUMBER OF IMPUTATIONS)


     SAMPLE STATISTICS


           Means
              S1            S2            B_CAROWN      B_Q01D        B_LOGMIL
              ________      ________      ________      ________      ________
                0.034         0.016         0.061         0.100         3.075


           Covariances
              S1            S2            B_CAROWN      B_Q01D        B_LOGMIL
              ________      ________      ________      ________      ________
 S1             0.003
 S2             0.000         0.001
 B_CAROWN      -0.010        -0.002         0.231
 B_Q01D        -0.012        -0.001         0.329         0.538
 B_LOGMIL       0.000        -0.001         0.014         0.022         0.024


           Correlations
              S1            S2            B_CAROWN      B_Q01D        B_LOGMIL
              ________      ________      ________      ________      ________
 S1             1.000
 S2            -0.033         1.000
 B_CAROWN      -0.379        -0.129         1.000
 B_Q01D        -0.311        -0.029         0.933         1.000
 B_LOGMIL      -0.027        -0.182         0.189         0.199         1.000


SUMMARY OF PLAUSIBLE STANDARD DEVIATION (N = NUMBER OF OBSERVATIONS)


     SAMPLE STATISTICS


           Means
              S1_SD         S2_SD         B_CAROWN      B_Q01D_S      B_LOGMIL
              ________      ________      ________      ________      ________
                0.031         0.020         0.089         0.134         0.045


           Covariances
              S1_SD         S2_SD         B_CAROWN      B_Q01D_S      B_LOGMIL
              ________      ________      ________      ________      ________
 S1_SD          0.000
 S2_SD          0.000         0.000
 B_CAROWN       0.000         0.000         0.000
 B_Q01D_S       0.000         0.000         0.000         0.000
 B_LOGMIL       0.000         0.000         0.000         0.000         0.000


           Correlations
              S1_SD         S2_SD         B_CAROWN      B_Q01D_S      B_LOGMIL
              ________      ________      ________      ________      ________
 S1_SD          1.000
 S2_SD          0.654         1.000
 B_CAROWN       0.635         0.489         1.000
 B_Q01D_S       0.444         0.420         0.633         1.000
 B_LOGMIL       0.616         0.740         0.533         0.514         1.000


SAVEDATA INFORMATION


  Save file
    Model3_caruse_bayes_rndm.dat

  Order and format of variables

    CAROWN                           F10.3
    Q01D                             F10.3
    CARPR_CO                         F10.3
    CARPR_ID                         F10.3
    INC_CEN                          F10.3
    EDUH_CEN                         F10.3
    LOGMILES                         F10.3
    AGE_CEN                          F10.3
    GEN_CEN                          F10.3
    EMP_CEN                          F10.3
    LESS_CEN                         F10.3
   +S1                               F10.3
    S1 Mean                          F10.3
    S1 Median                        F10.3
    S1 Standard Deviation            F10.3
    S1 2.5% Value                    F10.3
    S1 97.5% Value                   F10.3
   +S2                               F10.3
    S2 Mean                          F10.3
    S2 Median                        F10.3
    S2 Standard Deviation            F10.3
    S2 2.5% Value                    F10.3
    S2 97.5% Value                   F10.3
    B_CAROWN Mean                    F10.3
    B_CAROWN Median                  F10.3
    B_CAROWN Standard Deviation      F10.3
    B_CAROWN 2.5% Value              F10.3
    B_CAROWN 97.5% Value             F10.3
   +B_Q01D                           F10.3
    B_Q01D Mean                      F10.3
    B_Q01D Median                    F10.3
    B_Q01D Standard Deviation        F10.3
    B_Q01D 2.5% Value                F10.3
    B_Q01D 97.5% Value               F10.3
   +B_LOGMILES                       F10.3
    B_LOGMILES Mean                  F10.3
    B_LOGMILES Median                F10.3
    B_LOGMILES Standard Deviation    F10.3
    B_LOGMILES 2.5% Value            F10.3
    B_LOGMILES 97.5% Value           F10.3
    R_ID                             I6
    ISO_NUM                          I3

  + variables that have a value for each of the 50 imputations

  Save file format
    236F10.3 I6 I3

  Save file record length    10000


DIAGRAM INFORMATION

  Mplus diagrams are currently not available for multilevel analysis.
  No diagram output was produced.


     Beginning Time:  10:11:22
        Ending Time:  13:04:26
       Elapsed Time:  02:53:04



MUTHEN & MUTHEN
3463 Stoner Ave.
Los Angeles, CA  90066

Tel: (310) 391-9971
Fax: (310) 391-8971
Web: www.StatModel.com
Support: Support@StatModel.com

Copyright (c) 1998-2018 Muthen & Muthen
