Mplus VERSION 8.1 (Mac)
MUTHEN & MUTHEN
02/27/2019   8:58 PM

INPUT INSTRUCTIONS

  TITLE:   Car Pride MCFA and Regression on Individual Sociodemographics
           !Strong invariance

  DATA:	
  	FILE IS 20190227_DaliaCarPride_Mplus.txt;

  VARIABLE:	
  	NAMES ARE
  	R_ID	iso_num	
  	age	gen	inc	log_inc	
  	edu_high	edu_low	empC	ess	log_ess	
  	carown	caraccess	q09	q01D	
  	developing	GDP_percap_PPP	Gini_index	
  	PassKm_perCap	LogPassKm_Cap	RegVeh_perCap	
  	age_m	inc_m	linc_m	gen_m	
  	eduH_m	eduL_m	emp_m	ess_m	less_m	
  	age_cen	gen_cen	inc_cen	linc_cen	
  	eduH_cen	eduL_cen	emp_cen	ess_cen	less_cen	
  	CARPR_ID	CARPR_CO	
  	q14A	q14B	q14F	q14K	
  	q15A	q15B	q15C	q15D	q15F;
  	
    USEVARIABLES ARE
     	iso_num
      	q14A q14B q14F q14K
      	q15A q15B q15C q15D q15F
      	age_cen	gen_cen	inc_cen	
  	eduH_cen emp_cen less_cen;

    CATEGORICAL ARE
           q14A q14B q14F q14K	
      	q15A q15B q15C q15D q15F;

    WITHIN = age_cen gen_cen	inc_cen	
  	  eduH_cen emp_cen less_cen;

    !BETWEEN = ;

    CLUSTER = iso_num;
    IDVARIABLE = R_ID;	
    MISSING = ALL (-9999);

  ANALYSIS:
      TYPE = TWOLEVEL;
      ESTIMATOR = MLR;
      PROCESSORS = 2;
      !H1ITERATIONS = 7500;
      !MITERATIONS = 5000;

  MODEL:
      %WITHIN%
      CarPr_Id BY q14A@1
      	   q14B (f2)
      	   q14F (f3)
      	   q14K (f4)
      	   q15A (f5)
      	   q15B (f6)
      	   q15C (f7)
      	   q15D (f8)
      	   q15F (f9);
      CarPr_Id*;
      CarPr_Id ON age_cen gen_cen inc_cen	
  	       eduH_cen emp_cen less_cen;
      inc_cen eduH_cen;

      %BETWEEN%
      CarPr_Co BY q14A@1
              q14B (f2)
              q14F (f3)
              q14K (f4)
              q15A (f5)
              q15B (f6)
              q15C (f7)
              q15D (f8)
              q15F (f9);
      CarPr_CO*;
      q14A@0;
      q14B@0;
      q14F@0;
      q14K@0;
      q15A@0;
      q15B@0;
      q15C@0;
      q15D@0;
      q15F@0;

  OUTPUT:
      SVALUES STANDARDIZED SAMPSTAT;



INPUT READING TERMINATED NORMALLY



Multilevel CFA - Dichotomous Car Pride Scale

SUMMARY OF ANALYSIS

Number of groups                                                 1
Number of observations                                       41932

Number of dependent variables                                    9
Number of independent variables                                  6
Number of continuous latent variables                            2

Observed dependent variables

  Binary and ordered categorical (ordinal)
   Q14A        Q14B        Q14F        Q14K        Q15A        Q15B
   Q15C        Q15D        Q15F

Observed independent variables
   AGE_CEN     GEN_CEN     INC_CEN     EDUH_CEN    EMP_CEN     LESS_CEN

Continuous latent variables
   CARPR_ID    CARPR_CO

Variables with special functions

  Cluster variable      ISO_NUM
  ID variable           R_ID

  Within variables
   AGE_CEN     GEN_CEN     INC_CEN     EDUH_CEN    EMP_CEN     LESS_CEN


Estimator                                                      MLR
Information matrix                                        OBSERVED
Optimization Specifications for the Quasi-Newton Algorithm for
Continuous Outcomes
  Maximum number of iterations                                 100
  Convergence criterion                                  0.100D-05
Optimization Specifications for the EM Algorithm
  Maximum number of iterations                                 500
  Convergence criteria
    Loglikelihood change                                 0.100D-02
    Relative loglikelihood change                        0.100D-05
    Derivative                                           0.100D-02
Optimization Specifications for the M step of the EM Algorithm for
Categorical Latent variables
  Number of M step iterations                                    1
  M step convergence criterion                           0.100D-02
  Basis for M step termination                           ITERATION
Optimization Specifications for the M step of the EM Algorithm for
Censored, Binary or Ordered Categorical (Ordinal), Unordered
Categorical (Nominal) and Count Outcomes
  Number of M step iterations                                    1
  M step convergence criterion                           0.100D-02
  Basis for M step termination                           ITERATION
  Maximum value for logit thresholds                            15
  Minimum value for logit thresholds                           -15
  Minimum expected cell size for chi-square              0.100D-01
Maximum number of iterations for H1                           2000
Convergence criterion for H1                             0.100D-03
Optimization algorithm                                         EMA
Integration Specifications
  Type                                                    STANDARD
  Number of integration points                                  15
  Dimensions of numerical integration                            2
  Adaptive quadrature                                           ON
Link                                                         LOGIT
Cholesky                                                       OFF

Input data file(s)
  20190227_DaliaCarPride_Mplus.txt
Input data format  FREE


SUMMARY OF DATA

     Number of missing data patterns             4
     Number of y missing data patterns           4
     Number of u missing data patterns           1
     Number of clusters                         51



COVARIANCE COVERAGE OF DATA

Minimum covariance coverage value   0.100


     PROPORTION OF DATA PRESENT FOR Y


           Covariance Coverage
              INC_CEN       EDUH_CEN      AGE_CEN       GEN_CEN       EMP_CEN
              ________      ________      ________      ________      ________
 INC_CEN        0.839
 EDUH_CEN       0.810         0.944
 AGE_CEN        0.839         0.944         1.000
 GEN_CEN        0.839         0.944         1.000         1.000
 EMP_CEN        0.839         0.944         1.000         1.000         1.000
 LESS_CEN       0.839         0.944         1.000         1.000         1.000


           Covariance Coverage
              LESS_CEN
              ________
 LESS_CEN       1.000


UNIVARIATE PROPORTIONS AND COUNTS FOR CATEGORICAL VARIABLES

    Q14A
      Category 1    0.895        37543.000
      Category 2    0.105         4389.000
    Q14B
      Category 1    0.898        37640.000
      Category 2    0.102         4292.000
    Q14F
      Category 1    0.947        39709.000
      Category 2    0.053         2223.000
    Q14K
      Category 1    0.966        40521.000
      Category 2    0.034         1411.000
    Q15A
      Category 1    0.862        36154.000
      Category 2    0.138         5778.000
    Q15B
      Category 1    0.754        31608.000
      Category 2    0.246        10324.000
    Q15C
      Category 1    0.799        33505.000
      Category 2    0.201         8427.000
    Q15D
      Category 1    0.792        33231.000
      Category 2    0.208         8701.000
    Q15F
      Category 1    0.878        36825.000
      Category 2    0.122         5107.000


SAMPLE STATISTICS


     ESTIMATED SAMPLE STATISTICS


           Means
              INC_CEN       EDUH_CEN      AGE_CEN       GEN_CEN       EMP_CEN
              ________      ________      ________      ________      ________
               -0.379        -0.004         0.000         0.000         0.000


           Means
              LESS_CEN
              ________
                0.000


           Covariances
              INC_CEN       EDUH_CEN      AGE_CEN       GEN_CEN       EMP_CEN
              ________      ________      ________      ________      ________
 INC_CEN      999.620
 EDUH_CEN       2.751         0.235
 AGE_CEN       12.374         0.930       138.669
 GEN_CEN        0.555        -0.012         0.264         0.248
 EMP_CEN        1.538         0.045         1.090         0.033         0.240
 LESS_CEN      13.181         0.261         1.798         0.003         0.137


           Covariances
              LESS_CEN
              ________
 LESS_CEN       8.803


           Correlations
              INC_CEN       EDUH_CEN      AGE_CEN       GEN_CEN       EMP_CEN
              ________      ________      ________      ________      ________
 INC_CEN        1.000
 EDUH_CEN       0.179         1.000
 AGE_CEN        0.033         0.163         1.000
 GEN_CEN        0.035        -0.049         0.045         1.000
 EMP_CEN        0.099         0.189         0.189         0.136         1.000
 LESS_CEN       0.141         0.182         0.051         0.002         0.094


           Correlations
              LESS_CEN
              ________
 LESS_CEN       1.000


     MAXIMUM LOG-LIKELIHOOD VALUE FOR THE UNRESTRICTED (H1) MODEL IS -522834.244


UNIVARIATE SAMPLE STATISTICS


     UNIVARIATE HIGHER-ORDER MOMENT DESCRIPTIVE STATISTICS

         Variable/         Mean/     Skewness/   Minimum/ % with                Percentiles
        Sample Size      Variance    Kurtosis    Maximum  Min/Max      20%/60%    40%/80%    Median

     INC_CEN               0.000       2.523     -92.979    0.03%     -17.021     -9.128     -6.375
           35183.000     999.278       8.341     170.298    0.01%      -3.899      7.684
     EDUH_CEN              0.000       0.108      -0.731    0.33%      -0.467     -0.335     -0.299
           39597.000       0.235      -1.764       0.811    0.23%       0.362      0.533
     AGE_CEN               0.000       0.200     -25.462    0.01%     -11.460     -4.492     -0.498
           41932.000     138.669      -0.764      32.936    0.00%       3.870     10.604
     GEN_CEN               0.000      -0.114      -0.695    0.39%      -0.534     -0.496      0.415
           41932.000       0.248      -1.965       0.559    1.04%       0.448      0.478
     EMP_CEN               0.000       0.246      -0.567    1.04%      -0.463     -0.378     -0.341
           41932.000       0.240      -1.846       0.778    0.27%       0.472      0.544
     LESS_CEN              0.000      -0.746      -8.685    0.09%      -2.090     -0.305      0.354
           41932.000       8.803       0.047       6.461    0.02%       1.151      2.542


THE MODEL ESTIMATION TERMINATED NORMALLY



MODEL FIT INFORMATION

Number of Free Parameters                       29

Loglikelihood

          H0 Value                     -325526.193
          H0 Scaling Correction Factor     10.7314
            for MLR

Information Criteria

          Akaike (AIC)                  651110.386
          Bayesian (BIC)                651361.056
          Sample-Size Adjusted BIC      651268.894
            (n* = (n + 2) / 24)



MODEL RESULTS

                                                    Two-Tailed
                    Estimate       S.E.  Est./S.E.    P-Value

Within Level

 CARPR_ID BY
    Q14A               1.000      0.000    999.000    999.000
    Q14B               0.879      0.037     23.875      0.000
    Q14F               0.848      0.034     25.210      0.000
    Q14K               0.546      0.025     21.524      0.000
    Q15A               0.722      0.029     24.883      0.000
    Q15B               0.497      0.024     20.789      0.000
    Q15C               0.515      0.025     20.920      0.000
    Q15D               0.454      0.037     12.217      0.000
    Q15F               0.642      0.025     25.217      0.000

 CARPR_ID   ON
    AGE_CEN           -0.027      0.003     -8.029      0.000
    GEN_CEN            0.379      0.056      6.751      0.000
    INC_CEN            0.008      0.001      8.424      0.000
    EDUH_CEN           0.359      0.053      6.816      0.000
    EMP_CEN            0.332      0.052      6.424      0.000
    LESS_CEN           0.040      0.007      5.899      0.000

 Means
    INC_CEN           -0.118      0.014     -8.613      0.000
    EDUH_CEN           0.000      0.000     -5.849      0.000

 Variances
    INC_CEN          998.903     91.211     10.952      0.000
    EDUH_CEN           0.235      0.003     89.517      0.000

 Residual Variances
    CARPR_ID           4.543      0.298     15.226      0.000

Between Level

 CARPR_CO BY
    Q14A               1.000      0.000    999.000    999.000
    Q14B               0.879      0.037     23.875      0.000
    Q14F               0.848      0.034     25.210      0.000
    Q14K               0.546      0.025     21.524      0.000
    Q15A               0.722      0.029     24.883      0.000
    Q15B               0.497      0.024     20.789      0.000
    Q15C               0.515      0.025     20.920      0.000
    Q15D               0.454      0.037     12.217      0.000
    Q15F               0.642      0.025     25.217      0.000

 Thresholds
    Q14A$1             3.569      0.118     30.330      0.000
    Q14B$1             3.339      0.099     33.782      0.000
    Q14F$1             4.227      0.119     35.619      0.000
    Q14K$1             4.017      0.093     43.339      0.000
    Q15A$1             2.571      0.087     29.423      0.000
    Q15B$1             1.367      0.081     16.861      0.000
    Q15C$1             1.703      0.090     18.941      0.000
    Q15D$1             1.590      0.119     13.398      0.000
    Q15F$1             2.617      0.087     30.003      0.000

 Variances
    CARPR_CO           0.427      0.084      5.054      0.000

 Residual Variances
    Q14A               0.000      0.000    999.000    999.000
    Q14B               0.000      0.000    999.000    999.000
    Q14F               0.000      0.000    999.000    999.000
    Q14K               0.000      0.000    999.000    999.000
    Q15A               0.000      0.000    999.000    999.000
    Q15B               0.000      0.000    999.000    999.000
    Q15C               0.000      0.000    999.000    999.000
    Q15D               0.000      0.000    999.000    999.000
    Q15F               0.000      0.000    999.000    999.000


STANDARDIZED MODEL RESULTS


STDYX Standardization

                                                    Two-Tailed
                    Estimate       S.E.  Est./S.E.    P-Value

Within Level

 CARPR_ID BY
    Q14A               0.770      0.010     74.539      0.000
    Q14B               0.727      0.010     70.358      0.000
    Q14F               0.715      0.012     62.093      0.000
    Q14K               0.550      0.017     33.098      0.000
    Q15A               0.657      0.015     43.281      0.000
    Q15B               0.514      0.015     33.715      0.000
    Q15C               0.528      0.013     40.720      0.000
    Q15D               0.480      0.028     17.442      0.000
    Q15F               0.612      0.012     51.332      0.000

 CARPR_ID   ON
    AGE_CEN           -0.143      0.017     -8.193      0.000
    GEN_CEN            0.086      0.013      6.849      0.000
    INC_CEN            0.109      0.010     11.098      0.000
    EDUH_CEN           0.079      0.011      7.403      0.000
    EMP_CEN            0.074      0.011      6.464      0.000
    LESS_CEN           0.054      0.009      6.193      0.000

 Means
    INC_CEN           -0.004      0.000     -9.011      0.000
    EDUH_CEN          -0.001      0.000     -5.884      0.000

 Variances
    INC_CEN            1.000      0.000    999.000    999.000
    EDUH_CEN           1.000      0.000    999.000    999.000

 Residual Variances
    CARPR_ID           0.949      0.005    188.779      0.000

Between Level

 CARPR_CO BY
    Q14A               1.000      0.000    999.000    999.000
    Q14B               1.000      0.000    999.000    999.000
    Q14F               1.000      0.000    999.000    999.000
    Q14K               1.000      0.000  *********      0.000
    Q15A               1.000      0.000    999.000    999.000
    Q15B               1.000      0.000  *********      0.000
    Q15C               1.000      0.000  *********      0.000
    Q15D               1.000      0.000  *********      0.000
    Q15F               1.000      0.000    999.000    999.000

 Thresholds
    Q14A$1             5.461      0.576      9.474      0.000
    Q14B$1             5.815      0.588      9.896      0.000
    Q14F$1             7.629      0.802      9.512      0.000
    Q14K$1            11.257      1.104     10.200      0.000
    Q15A$1             5.452      0.547      9.970      0.000
    Q15B$1             4.213      0.503      8.370      0.000
    Q15C$1             5.058      0.570      8.873      0.000
    Q15D$1             5.362      0.591      9.072      0.000
    Q15F$1             6.236      0.632      9.863      0.000

 Variances
    CARPR_CO           1.000      0.000    999.000    999.000

 Residual Variances
    Q14A               0.000    999.000    999.000    999.000
    Q14B               0.000    999.000    999.000    999.000
    Q14F               0.000    999.000    999.000    999.000
    Q14K               0.000    999.000    999.000    999.000
    Q15A               0.000    999.000    999.000    999.000
    Q15B               0.000    999.000    999.000    999.000
    Q15C               0.000    999.000    999.000    999.000
    Q15D               0.000    999.000    999.000    999.000
    Q15F               0.000    999.000    999.000    999.000


STDY Standardization

                                                    Two-Tailed
                    Estimate       S.E.  Est./S.E.    P-Value

Within Level

 CARPR_ID BY
    Q14A               0.770      0.010     74.539      0.000
    Q14B               0.727      0.010     70.358      0.000
    Q14F               0.715      0.012     62.093      0.000
    Q14K               0.550      0.017     33.098      0.000
    Q15A               0.657      0.015     43.281      0.000
    Q15B               0.514      0.015     33.715      0.000
    Q15C               0.528      0.013     40.720      0.000
    Q15D               0.480      0.028     17.442      0.000
    Q15F               0.612      0.012     51.332      0.000

 CARPR_ID   ON
    AGE_CEN           -0.012      0.001     -8.196      0.000
    GEN_CEN            0.173      0.025      6.851      0.000
    INC_CEN            0.109      0.010     11.098      0.000
    EDUH_CEN           0.079      0.011      7.403      0.000
    EMP_CEN            0.152      0.023      6.465      0.000
    LESS_CEN           0.018      0.003      6.194      0.000

 Means
    INC_CEN           -0.004      0.000     -9.011      0.000
    EDUH_CEN          -0.001      0.000     -5.884      0.000

 Variances
    INC_CEN            1.000      0.000    999.000    999.000
    EDUH_CEN           1.000      0.000    999.000    999.000

 Residual Variances
    CARPR_ID           0.949      0.005    188.779      0.000

Between Level

 CARPR_CO BY
    Q14A               1.000      0.000    999.000    999.000
    Q14B               1.000      0.000    999.000    999.000
    Q14F               1.000      0.000    999.000    999.000
    Q14K               1.000      0.000  *********      0.000
    Q15A               1.000      0.000    999.000    999.000
    Q15B               1.000      0.000  *********      0.000
    Q15C               1.000      0.000  *********      0.000
    Q15D               1.000      0.000  *********      0.000
    Q15F               1.000      0.000    999.000    999.000

 Thresholds
    Q14A$1             5.461      0.576      9.474      0.000
    Q14B$1             5.815      0.588      9.896      0.000
    Q14F$1             7.629      0.802      9.512      0.000
    Q14K$1            11.257      1.104     10.200      0.000
    Q15A$1             5.452      0.547      9.970      0.000
    Q15B$1             4.213      0.503      8.370      0.000
    Q15C$1             5.058      0.570      8.873      0.000
    Q15D$1             5.362      0.591      9.072      0.000
    Q15F$1             6.236      0.632      9.863      0.000

 Variances
    CARPR_CO           1.000      0.000    999.000    999.000

 Residual Variances
    Q14A             999.000    999.000    999.000    999.000
    Q14B             999.000    999.000    999.000    999.000
    Q14F             999.000    999.000    999.000    999.000
    Q14K             999.000    999.000    999.000    999.000
    Q15A             999.000    999.000    999.000    999.000
    Q15B             999.000    999.000    999.000    999.000
    Q15C             999.000    999.000    999.000    999.000
    Q15D             999.000    999.000    999.000    999.000
    Q15F             999.000    999.000    999.000    999.000


STD Standardization

                                                    Two-Tailed
                    Estimate       S.E.  Est./S.E.    P-Value

Within Level

 CARPR_ID BY
    Q14A               2.188      0.072     30.360      0.000
    Q14B               1.923      0.058     33.131      0.000
    Q14F               1.855      0.061     30.345      0.000
    Q14K               1.195      0.052     23.082      0.000
    Q15A               1.579      0.064     24.620      0.000
    Q15B               1.086      0.044     24.813      0.000
    Q15C               1.127      0.038     29.374      0.000
    Q15D               0.993      0.074     13.422      0.000
    Q15F               1.405      0.044     32.079      0.000

 CARPR_ID   ON
    AGE_CEN           -0.012      0.001     -8.196      0.000
    GEN_CEN            0.173      0.025      6.851      0.000
    INC_CEN            0.003      0.000      9.026      0.000
    EDUH_CEN           0.164      0.022      7.424      0.000
    EMP_CEN            0.152      0.023      6.465      0.000
    LESS_CEN           0.018      0.003      6.194      0.000

 Means
    INC_CEN           -0.118      0.014     -8.613      0.000
    EDUH_CEN           0.000      0.000     -5.849      0.000

 Variances
    INC_CEN          998.903     91.211     10.952      0.000
    EDUH_CEN           0.235      0.003     89.517      0.000

 Residual Variances
    CARPR_ID           0.949      0.005    188.779      0.000

Between Level

 CARPR_CO BY
    Q14A               0.653      0.065     10.108      0.000
    Q14B               0.574      0.053     10.767      0.000
    Q14F               0.554      0.055     10.023      0.000
    Q14K               0.357      0.035     10.269      0.000
    Q15A               0.472      0.042     11.105      0.000
    Q15B               0.324      0.034      9.535      0.000
    Q15C               0.337      0.033     10.100      0.000
    Q15D               0.296      0.039      7.676      0.000
    Q15F               0.420      0.040     10.485      0.000

 Thresholds
    Q14A$1             3.569      0.118     30.330      0.000
    Q14B$1             3.339      0.099     33.782      0.000
    Q14F$1             4.227      0.119     35.619      0.000
    Q14K$1             4.017      0.093     43.339      0.000
    Q15A$1             2.571      0.087     29.423      0.000
    Q15B$1             1.367      0.081     16.861      0.000
    Q15C$1             1.703      0.090     18.941      0.000
    Q15D$1             1.590      0.119     13.398      0.000
    Q15F$1             2.617      0.087     30.003      0.000

 Variances
    CARPR_CO           1.000      0.000    999.000    999.000

 Residual Variances
    Q14A               0.000    999.000    999.000    999.000
    Q14B               0.000    999.000    999.000    999.000
    Q14F               0.000    999.000    999.000    999.000
    Q14K               0.000    999.000    999.000    999.000
    Q15A               0.000    999.000    999.000    999.000
    Q15B               0.000    999.000    999.000    999.000
    Q15C               0.000    999.000    999.000    999.000
    Q15D               0.000    999.000    999.000    999.000
    Q15F               0.000    999.000    999.000    999.000


R-SQUARE

Within Level

    Observed                                        Two-Tailed
    Variable        Estimate       S.E.  Est./S.E.    P-Value

    Q14A               0.593      0.016     37.269      0.000
    Q14B               0.529      0.015     35.179      0.000
    Q14F               0.511      0.016     31.046      0.000
    Q14K               0.303      0.018     16.549      0.000
    Q15A               0.431      0.020     21.641      0.000
    Q15B               0.264      0.016     16.857      0.000
    Q15C               0.279      0.014     20.360      0.000
    Q15D               0.230      0.026      8.721      0.000
    Q15F               0.375      0.015     25.666      0.000

     Latent                                         Two-Tailed
    Variable        Estimate       S.E.  Est./S.E.    P-Value

    CARPR_ID           0.051      0.005     10.147      0.000

Between Level

    Observed                                        Two-Tailed
    Variable        Estimate       S.E.  Est./S.E.    P-Value

    Q14A               1.000    999.000    999.000    999.000
    Q14B               1.000    999.000    999.000    999.000
    Q14F               1.000    999.000    999.000    999.000
    Q14K               1.000    999.000    999.000    999.000
    Q15A               1.000    999.000    999.000    999.000
    Q15B               1.000    999.000    999.000    999.000
    Q15C               1.000    999.000    999.000    999.000
    Q15D               1.000    999.000    999.000    999.000
    Q15F               1.000    999.000    999.000    999.000


QUALITY OF NUMERICAL RESULTS

     Condition Number for the Information Matrix              0.280E-08
       (ratio of smallest to largest eigenvalue)


MODEL COMMAND WITH FINAL ESTIMATES USED AS STARTING VALUES

     %WITHIN%

     carpr_id BY q14a@1;
     carpr_id BY q14b*0.87874 (f2);
     carpr_id BY q14f*0.84792 (f3);
     carpr_id BY q14k*0.54609 (f4);
     carpr_id BY q15a*0.72174 (f5);
     carpr_id BY q15b*0.49653 (f6);
     carpr_id BY q15c*0.51522 (f7);
     carpr_id BY q15d*0.45368 (f8);
     carpr_id BY q15f*0.64222 (f9);

     carpr_id ON age_cen*-0.02652;
     carpr_id ON gen_cen*0.37909;
     carpr_id ON inc_cen*0.00753;
     carpr_id ON eduh_cen*0.35872;
     carpr_id ON emp_cen*0.33172;
     carpr_id ON less_cen*0.03990;

     [ inc_cen*-0.11783 ];
     [ eduh_cen*-0.00040 ];

     inc_cen*998.90253;
     eduh_cen*0.23502;
     carpr_id*4.54299;

     %BETWEEN%

     carpr_co BY q14a@1;
     carpr_co BY q14b*0.87874 (f2);
     carpr_co BY q14f*0.84792 (f3);
     carpr_co BY q14k*0.54609 (f4);
     carpr_co BY q15a*0.72174 (f5);
     carpr_co BY q15b*0.49653 (f6);
     carpr_co BY q15c*0.51522 (f7);
     carpr_co BY q15d*0.45368 (f8);
     carpr_co BY q15f*0.64222 (f9);

     [ q14a$1*3.56855 ];
     [ q14b$1*3.33865 ];
     [ q14f$1*4.22664 ];
     [ q14k$1*4.01666 ];
     [ q15a$1*2.57125 ];
     [ q15b$1*1.36698 ];
     [ q15c$1*1.70280 ];
     [ q15d$1*1.58952 ];
     [ q15f$1*2.61674 ];

     q14a@0;
     q14b@0;
     q14f@0;
     q14k@0;
     q15a@0;
     q15b@0;
     q15c@0;
     q15d@0;
     q15f@0;
     carpr_co*0.42695;



DIAGRAM INFORMATION

  Mplus diagrams are currently not available for multilevel analysis.
  No diagram output was produced.


     Beginning Time:  20:58:13
        Ending Time:  22:13:01
       Elapsed Time:  01:14:48



MUTHEN & MUTHEN
3463 Stoner Ave.
Los Angeles, CA  90066

Tel: (310) 391-9971
Fax: (310) 391-8971
Web: www.StatModel.com
Support: Support@StatModel.com

Copyright (c) 1998-2018 Muthen & Muthen
