Mplus VERSION 8.1 (Mac)
MUTHEN & MUTHEN
01/07/2019   4:02 PM

INPUT INSTRUCTIONS

  TITLE:	Multilevel CFA - Dichotomous Car Pride Scale

  DATA:	
  	FILE IS CarPrideItems.txt;

  VARIABLE:	
  	NAMES ARE
  	R_ID iso_num
  	q14A	q14B	q14C	q14D	q14E	
  	q14F	q14G	q14H	q14I	q14J	
  	q14K	q14L	q15A	q15B	q15C	
  	q15D	q15E	q15F;

    USEVARIABLES ARE
     	iso_num
      	q14A q14B q14F q14K
      	q15A q15B q15C q15D q15F;

    CATEGORICAL ARE
           q14A q14B q14F q14K	
      	q15A q15B q15C q15D q15F;
    WITHIN = ;
    BETWEEN = ;

    CLUSTER = iso_num;
    IDVARIABLE = R_ID;	
    MISSING = ALL (-9999);

  ANALYSIS:
      TYPE = TWOLEVEL;
      ESTIMATOR = WLSM;
      PROCESSORS = 2;

  MODEL:
      %WITHIN%
      CarPr_Id BY q14A@1
      	   q14B (f2)
      	   q14F
      	   q14K
      	   q15A
      	   q15B
      	   q15C
      	   q15D
      	   q15F;
      CarPr_Id*;

      %BETWEEN%
      CarPr_Co BY q14A@1
              q14B (f2)
              q14F
              q14K
              q15A
              q15B
              q15C
              q15D
              q15F;
      CarPr_CO*;
      q14B@0;

  OUTPUT:
      SVALUES;



INPUT READING TERMINATED NORMALLY



Multilevel CFA - Dichotomous Car Pride Scale

SUMMARY OF ANALYSIS

Number of groups                                                 1
Number of observations                                       41932

Number of dependent variables                                    9
Number of independent variables                                  0
Number of continuous latent variables                            2

Observed dependent variables

  Binary and ordered categorical (ordinal)
   Q14A        Q14B        Q14F        Q14K        Q15A        Q15B
   Q15C        Q15D        Q15F

Continuous latent variables
   CARPR_ID    CARPR_CO

Variables with special functions

  Cluster variable      ISO_NUM
  ID variable           R_ID

Estimator                                                     WLSM
Optimization Specifications for the Quasi-Newton Algorithm for
Continuous Outcomes
  Maximum number of iterations                                1000
  Convergence criterion                                  0.100D-05
Optimization Specifications for the EM Algorithm
  Maximum number of iterations                                 500
  Convergence criteria
    Loglikelihood change                                 0.100D-02
    Relative loglikelihood change                        0.100D-05
    Derivative                                           0.100D-02
Optimization Specifications for the M step of the EM Algorithm for
Categorical Latent variables
  Number of M step iterations                                    1
  M step convergence criterion                           0.100D-02
  Basis for M step termination                           ITERATION
Optimization Specifications for the M step of the EM Algorithm for
Censored, Binary or Ordered Categorical (Ordinal), Unordered
Categorical (Nominal) and Count Outcomes
  Number of M step iterations                                    1
  M step convergence criterion                           0.100D-02
  Basis for M step termination                           ITERATION
  Maximum value for logit thresholds                            10
  Minimum value for logit thresholds                           -10
  Minimum expected cell size for chi-square              0.100D-01
Maximum number of iterations for H1                           2000
Convergence criterion for H1                             0.100D-03
Optimization algorithm                                          FS
Integration Specifications
  Type                                                    STANDARD
  Number of integration points                                   7
  Dimensions of numerical integration                            2
  Adaptive quadrature                                           ON
Link                                                        PROBIT
Cholesky                                                        ON

Input data file(s)
  CarPrideItems.txt
Input data format  FREE


SUMMARY OF DATA

     Number of clusters                         51

     Average cluster size      822.196

     Estimated Intraclass Correlations for the Y Variables

                Intraclass              Intraclass              Intraclass
     Variable  Correlation   Variable  Correlation   Variable  Correlation

     Q14A         0.046      Q14B         0.038      Q14F         0.050
     Q14K         0.022      Q15A         0.031      Q15B         0.059
     Q15C         0.072      Q15D         0.086      Q15F         0.032



COVARIANCE COVERAGE OF DATA

Minimum covariance coverage value   0.100


UNIVARIATE PROPORTIONS AND COUNTS FOR CATEGORICAL VARIABLES

    Q14A
      Category 1    0.895        37543.000
      Category 2    0.105         4389.000
    Q14B
      Category 1    0.898        37640.000
      Category 2    0.102         4292.000
    Q14F
      Category 1    0.947        39709.000
      Category 2    0.053         2223.000
    Q14K
      Category 1    0.966        40521.000
      Category 2    0.034         1411.000
    Q15A
      Category 1    0.862        36154.000
      Category 2    0.138         5778.000
    Q15B
      Category 1    0.754        31608.000
      Category 2    0.246        10324.000
    Q15C
      Category 1    0.799        33505.000
      Category 2    0.201         8427.000
    Q15D
      Category 1    0.792        33231.000
      Category 2    0.208         8701.000
    Q15F
      Category 1    0.878        36825.000
      Category 2    0.122         5107.000



THE MODEL ESTIMATION TERMINATED NORMALLY



MODEL FIT INFORMATION

Number of Free Parameters                       34

Chi-Square Test of Model Fit

          Value                           2097.246*
          Degrees of Freedom                    56
          P-Value                           0.0000
          Scaling Correction Factor         0.5168
            for WLSM

*   The chi-square value for MLM, MLMV, MLR, ULSMV, WLSM and WLSMV cannot be used
    for chi-square difference testing in the regular way.  MLM, MLR and WLSM
    chi-square difference testing is described on the Mplus website.  MLMV, WLSMV,
    and ULSMV difference testing is done using the DIFFTEST option.

RMSEA (Root Mean Square Error Of Approximation)

          Estimate                           0.029

CFI/TLI

          CFI                                0.977
          TLI                                0.971

Chi-Square Test of Model Fit for the Baseline Model

          Value                          89262.592
          Degrees of Freedom                    72
          P-Value                           0.0000

SRMR (Standardized Root Mean Square Residual)

          Value for Within                   0.050
          Value for Between                  0.102



MODEL RESULTS

                                                    Two-Tailed
                    Estimate       S.E.  Est./S.E.    P-Value

Within Level

 CARPR_ID BY
    Q14A               1.000      0.000    999.000    999.000
    Q14B               0.864      0.026     32.723      0.000
    Q14F               0.751      0.015     48.519      0.000
    Q14K               0.440      0.012     36.050      0.000
    Q15A               0.747      0.014     53.147      0.000
    Q15B               0.534      0.012     45.783      0.000
    Q15C               0.471      0.007     63.575      0.000
    Q15D               0.428      0.008     50.482      0.000
    Q15F               0.646      0.015     42.753      0.000

 Variances
    CARPR_ID           1.765      0.054     32.472      0.000

Between Level

 CARPR_CO BY
    Q14A               1.000      0.000    999.000    999.000
    Q14B               0.864      0.026     32.723      0.000
    Q14F               0.929      0.160      5.810      0.000
    Q14K               0.346      0.098      3.532      0.000
    Q15A               0.663      0.123      5.395      0.000
    Q15B               0.432      0.134      3.224      0.001
    Q15C               0.796      0.146      5.466      0.000
    Q15D               0.824      0.173      4.762      0.000
    Q15F               0.686      0.130      5.281      0.000

 Thresholds
    Q14A$1             2.094      0.067     31.448      0.000
    Q14B$1             1.965      0.033     60.142      0.000
    Q14F$1             2.327      0.054     43.372      0.000
    Q14K$1             2.145      0.037     58.053      0.000
    Q15A$1             1.543      0.041     37.983      0.000
    Q15B$1             0.876      0.045     19.491      0.000
    Q15C$1             1.012      0.048     20.960      0.000
    Q15D$1             0.954      0.053     18.048      0.000
    Q15F$1             1.541      0.033     47.047      0.000

 Variances
    CARPR_CO           0.094      0.026      3.614      0.000

 Residual Variances
    Q14A               0.039      0.019      2.071      0.038
    Q14B               0.000      0.000    999.000    999.000
    Q14F               0.025      0.009      2.860      0.004
    Q14K               0.019      0.005      3.899      0.000
    Q15A               0.022      0.006      3.946      0.000
    Q15B               0.077      0.016      4.828      0.000
    Q15C               0.049      0.011      4.257      0.000
    Q15D               0.061      0.010      6.253      0.000
    Q15F               0.014      0.007      1.981      0.048


QUALITY OF NUMERICAL RESULTS

     Condition Number for the Information Matrix              0.680E-03
       (ratio of smallest to largest eigenvalue)


MODEL COMMAND WITH FINAL ESTIMATES USED AS STARTING VALUES

     %WITHIN%

     carpr_id BY q14a@1;
     carpr_id BY q14b*0.86443 (f2);
     carpr_id BY q14f*0.75118;
     carpr_id BY q14k*0.44034;
     carpr_id BY q15a*0.74680;
     carpr_id BY q15b*0.53384;
     carpr_id BY q15c*0.47066;
     carpr_id BY q15d*0.42757;
     carpr_id BY q15f*0.64635;

     carpr_id*1.76507;

     %BETWEEN%

     carpr_co BY q14a@1;
     carpr_co BY q14b*0.86443 (f2);
     carpr_co BY q14f*0.92911;
     carpr_co BY q14k*0.34649;
     carpr_co BY q15a*0.66262;
     carpr_co BY q15b*0.43196;
     carpr_co BY q15c*0.79588;
     carpr_co BY q15d*0.82390;
     carpr_co BY q15f*0.68557;

     [ q14a$1*2.09446 ];
     [ q14b$1*1.96514 ];
     [ q14f$1*2.32731 ];
     [ q14k$1*2.14525 ];
     [ q15a$1*1.54311 ];
     [ q15b$1*0.87574 ];
     [ q15c$1*1.01237 ];
     [ q15d$1*0.95408 ];
     [ q15f$1*1.54114 ];

     q14a*0.03924;
     q14b@0;
     q14f*0.02484;
     q14k*0.01915;
     q15a*0.02198;
     q15b*0.07651;
     q15c*0.04857;
     q15d*0.06066;
     q15f*0.01389;
     carpr_co*0.09385;



DIAGRAM INFORMATION

  Mplus diagrams are currently not available for multilevel analysis.
  No diagram output was produced.


     Beginning Time:  16:02:33
        Ending Time:  16:27:28
       Elapsed Time:  00:24:55



MUTHEN & MUTHEN
3463 Stoner Ave.
Los Angeles, CA  90066

Tel: (310) 391-9971
Fax: (310) 391-8971
Web: www.StatModel.com
Support: Support@StatModel.com

Copyright (c) 1998-2018 Muthen & Muthen
