Mplus VERSION 8.1 (Mac)
MUTHEN & MUTHEN
04/08/2019   1:59 PM

INPUT INSTRUCTIONS

  TITLE: Car Pride by City -- Weak Invariance, Q28_4
  !      (equal factor loadings, and correlated errors)

  DATA:
      	FILE = 20190407_CarPride_CarUse_SEM.txt;

  VARIABLE:
      	NAMES ARE
      	    R_ID	City	Age	Female	White	
      	    HHPers	HHWkPers	Educ	FullTime	
      	    Student	HHIncome	HHCars	
      	    CarOwner	Avg_VO	License	PTPass	
      	    TT_CAR	TT_PT	PT_AV	CarCost	DriveAlone	
      	    CarAlone_Freq	CarPool_Freq	CarAlone_WB	CarPool_WB	
      	    Q28_2	Q28_3	Q28_4	Q28_5	Q28_6	Q28_8	Q28_9	
      	    Q51_1	Q51_2	Q51_3	Q51_4	Q51_5	Q51_6	
      	    Q31_1	Q31_2	Q31_3	Q31_4	Q31_5	
      	    Q53_5	Q53_6	Q53_7	Q53_8	Q53_9	
      	    Q43_1	Q43_2	Q43_3	Q43_4	Q43_5	Q43_6	Q43_7	Q43_8	
      	    Q54_1	Q54_2	Q54_3	Q54_4	Q54_6	Q54_7	Q54_8	
      	    DW	D;

  	USEVARIABLES ARE
  	    Q28_3 Q28_4 Q28_6 Q51_3	
    	    Q51_4 Q51_5 Q31_1 Q31_2
    	    Q31_3 Q31_4 Q53_6 Q53_9;

           IDVARIABLE IS R_ID;

  	MISSING = ALL (-9999);

           GROUPING = CITY (1 = NYC 2 = HOU);

  ANALYSIS:
  	ESTIMATOR = MLR;
  	TYPE = mgroup;

  	
  MODEL:
      ! Define the latent variable by its indicators
          CarPride BY Q28_3@1 	
          		Q28_4 (l2)
          		Q28_6	Q51_3
      		Q51_4	Q51_5	Q31_1	Q31_2
        		Q31_3	Q31_4	Q53_6	Q53_9;

          Q28_3 WITH Q28_6;
          Q51_3 WITH Q51_4 Q51_5;
          Q51_4 WITH Q51_5;
          Q31_4 WITH Q31_2;

          [CarPride@0]
          [Q28_3  Q28_4 Q28_6 Q51_3];
          [Q51_4  Q51_5 Q31_1 Q31_2];
          [Q31_3  Q31_4 Q53_6 Q53_9];

    MODEL NYC:
          CarPride BY Q28_3@1	
          		!Q28_4
          		Q28_6	Q51_3
      		Q51_4	Q51_5	Q31_1	Q31_2
        		Q31_3	Q31_4	Q53_6	Q53_9;

          Q28_3 WITH Q28_6;
          Q51_3 WITH Q51_4 Q51_5;
          Q51_4 WITH Q51_5;
          Q31_4 WITH Q31_2;

          [Q28_3  Q28_4 Q28_6 Q51_3];
          [Q51_4  Q51_5 Q31_1 Q31_2];
          [Q31_3  Q31_4 Q53_6 Q53_9];


  OUTPUT:
        STANDARDIZED SAMPSTAT;



*** WARNING
  Data set contains cases with missing on all variables.
  These cases were not included in the analysis.
  Number of cases with missing on all variables:  14
   1 WARNING(S) FOUND IN THE INPUT INSTRUCTIONS



Car Pride by City -- Weak Invariance, Q28_4

SUMMARY OF ANALYSIS

Number of groups                                                 2
Number of observations
   Group NYC                                                   766
   Group HOU                                                   470
   Total sample size                                          1236

Number of dependent variables                                   12
Number of independent variables                                  0
Number of continuous latent variables                            1

Observed dependent variables

  Continuous
   Q28_3       Q28_4       Q28_6       Q51_3       Q51_4       Q51_5
   Q31_1       Q31_2       Q31_3       Q31_4       Q53_6       Q53_9

Continuous latent variables
   CARPRIDE

Variables with special functions

  Grouping variable     CITY
  ID variable           R_ID

Estimator                                                      MLR
Information matrix                                        OBSERVED
Maximum number of iterations                                  1000
Convergence criterion                                    0.500D-04
Maximum number of steepest descent iterations                   20
Maximum number of iterations for H1                           2000
Convergence criterion for H1                             0.100D-03

Input data file(s)
  20190407_CarPride_CarUse_SEM.txt

Input data format  FREE


SUMMARY OF DATA

   Group NYC
     Number of missing data patterns            54

   Group HOU
     Number of missing data patterns            19


COVARIANCE COVERAGE OF DATA

Minimum covariance coverage value   0.100


     PROPORTION OF DATA PRESENT FOR NYC


           Covariance Coverage
              Q28_3         Q28_4         Q28_6         Q51_3         Q51_4
              ________      ________      ________      ________      ________
 Q28_3          0.918
 Q28_4          0.911         0.923
 Q28_6          0.911         0.918         0.932
 Q51_3          0.909         0.913         0.920         0.945
 Q51_4          0.907         0.911         0.919         0.933         0.939
 Q51_5          0.898         0.907         0.911         0.924         0.922
 Q31_1          0.911         0.916         0.924         0.935         0.928
 Q31_2          0.913         0.918         0.926         0.937         0.931
 Q31_3          0.909         0.914         0.920         0.933         0.927
 Q31_4          0.910         0.915         0.920         0.933         0.927
 Q53_6          0.896         0.903         0.910         0.916         0.913
 Q53_9          0.909         0.914         0.922         0.932         0.926


           Covariance Coverage
              Q51_5         Q31_1         Q31_2         Q31_3         Q31_4
              ________      ________      ________      ________      ________
 Q51_5          0.931
 Q31_1          0.919         0.984
 Q31_2          0.922         0.980         0.984
 Q31_3          0.918         0.975         0.977         0.978
 Q31_4          0.918         0.974         0.977         0.975         0.977
 Q53_6          0.906         0.944         0.945         0.944         0.941
 Q53_9          0.916         0.960         0.961         0.960         0.958


           Covariance Coverage
              Q53_6         Q53_9
              ________      ________
 Q53_6          0.952
 Q53_9          0.943         0.967


     PROPORTION OF DATA PRESENT FOR HOU


           Covariance Coverage
              Q28_3         Q28_4         Q28_6         Q51_3         Q51_4
              ________      ________      ________      ________      ________
 Q28_3          0.985
 Q28_4          0.983         0.985
 Q28_6          0.981         0.981         0.983
 Q51_3          0.981         0.979         0.977         0.989
 Q51_4          0.972         0.972         0.968         0.977         0.979
 Q51_5          0.979         0.979         0.977         0.979         0.972
 Q31_1          0.985         0.985         0.983         0.989         0.979
 Q31_2          0.983         0.983         0.981         0.987         0.977
 Q31_3          0.981         0.981         0.979         0.985         0.974
 Q31_4          0.985         0.985         0.983         0.989         0.979
 Q53_6          0.979         0.979         0.977         0.983         0.972
 Q53_9          0.981         0.981         0.979         0.985         0.974


           Covariance Coverage
              Q51_5         Q31_1         Q31_2         Q31_3         Q31_4
              ________      ________      ________      ________      ________
 Q51_5          0.983
 Q31_1          0.983         1.000
 Q31_2          0.981         0.998         0.998
 Q31_3          0.979         0.996         0.994         0.996
 Q31_4          0.983         1.000         0.998         0.996         1.000
 Q53_6          0.977         0.991         0.989         0.987         0.991
 Q53_9          0.979         0.996         0.994         0.991         0.996


           Covariance Coverage
              Q53_6         Q53_9
              ________      ________
 Q53_6          0.991
 Q53_9          0.989         0.996


SAMPLE STATISTICS


     ESTIMATED SAMPLE STATISTICS FOR NYC


           Means
              Q28_3         Q28_4         Q28_6         Q51_3         Q51_4
              ________      ________      ________      ________      ________
                0.715        -0.293         0.385         0.064        -0.468


           Means
              Q51_5         Q31_1         Q31_2         Q31_3         Q31_4
              ________      ________      ________      ________      ________
               -0.412         0.595         0.607         0.426         0.486


           Means
              Q53_6         Q53_9
              ________      ________
                0.767         0.553


           Covariances
              Q28_3         Q28_4         Q28_6         Q51_3         Q51_4
              ________      ________      ________      ________      ________
 Q28_3          3.188
 Q28_4          2.292         3.962
 Q28_6          2.397         2.250         3.290
 Q51_3          2.107         2.344         2.004         3.460
 Q51_4          2.058         2.758         1.993         2.851         3.899
 Q51_5          2.091         2.762         2.129         2.613         3.214
 Q31_1          1.795         2.003         1.853         1.906         2.056
 Q31_2          1.861         1.898         1.770         1.880         1.921
 Q31_3          1.817         2.115         1.853         1.935         2.072
 Q31_4          1.748         1.900         1.676         1.881         1.941
 Q53_6          2.023         1.931         1.988         1.941         1.975
 Q53_9          1.848         1.917         1.739         1.868         2.026


           Covariances
              Q51_5         Q31_1         Q31_2         Q31_3         Q31_4
              ________      ________      ________      ________      ________
 Q51_5          3.810
 Q31_1          2.160         3.088
 Q31_2          2.002         2.115         2.967
 Q31_3          2.156         2.236         2.139         3.398
 Q31_4          1.948         2.067         2.379         2.227         3.010
 Q53_6          1.978         2.174         2.079         2.004         2.021
 Q53_9          2.020         1.938         2.088         2.132         2.113


           Covariances
              Q53_6         Q53_9
              ________      ________
 Q53_6          2.881
 Q53_9          2.138         3.054


           Correlations
              Q28_3         Q28_4         Q28_6         Q51_3         Q51_4
              ________      ________      ________      ________      ________
 Q28_3          1.000
 Q28_4          0.645         1.000
 Q28_6          0.740         0.623         1.000
 Q51_3          0.634         0.633         0.594         1.000
 Q51_4          0.584         0.702         0.556         0.776         1.000
 Q51_5          0.600         0.711         0.601         0.720         0.834
 Q31_1          0.572         0.573         0.581         0.583         0.592
 Q31_2          0.605         0.554         0.567         0.587         0.565
 Q31_3          0.552         0.576         0.554         0.564         0.569
 Q31_4          0.564         0.550         0.533         0.583         0.567
 Q53_6          0.667         0.572         0.646         0.615         0.589
 Q53_9          0.592         0.551         0.549         0.575         0.587


           Correlations
              Q51_5         Q31_1         Q31_2         Q31_3         Q31_4
              ________      ________      ________      ________      ________
 Q51_5          1.000
 Q31_1          0.630         1.000
 Q31_2          0.595         0.699         1.000
 Q31_3          0.599         0.690         0.674         1.000
 Q31_4          0.575         0.678         0.796         0.697         1.000
 Q53_6          0.597         0.729         0.711         0.640         0.686
 Q53_9          0.592         0.631         0.694         0.662         0.697


           Correlations
              Q53_6         Q53_9
              ________      ________
 Q53_6          1.000
 Q53_9          0.721         1.000


     ESTIMATED SAMPLE STATISTICS FOR HOU


           Means
              Q28_3         Q28_4         Q28_6         Q51_3         Q51_4
              ________      ________      ________      ________      ________
                1.131        -0.307         0.670        -0.212        -0.811


           Means
              Q51_5         Q31_1         Q31_2         Q31_3         Q31_4
              ________      ________      ________      ________      ________
               -0.571         0.762         0.792         0.536         0.796


           Means
              Q53_6         Q53_9
              ________      ________
                1.095         0.847


           Covariances
              Q28_3         Q28_4         Q28_6         Q51_3         Q51_4
              ________      ________      ________      ________      ________
 Q28_3          2.399
 Q28_4          1.279         3.601
 Q28_6          1.579         1.624         2.763
 Q51_3          1.070         1.496         1.274         2.852
 Q51_4          0.910         1.808         1.201         2.315         3.091
 Q51_5          1.082         1.887         1.366         2.153         2.404
 Q31_1          1.182         1.451         1.402         1.276         1.303
 Q31_2          1.297         1.434         1.324         1.287         1.234
 Q31_3          1.065         1.475         1.188         1.365         1.410
 Q31_4          1.107         1.148         1.160         0.964         0.980
 Q53_6          1.243         1.317         1.344         1.103         1.037
 Q53_9          1.197         1.300         1.160         1.122         1.159


           Covariances
              Q51_5         Q31_1         Q31_2         Q31_3         Q31_4
              ________      ________      ________      ________      ________
 Q51_5          3.178
 Q31_1          1.506         2.633
 Q31_2          1.276         1.570         2.592
 Q31_3          1.507         1.571         1.567         2.982
 Q31_4          1.011         1.277         1.794         1.502         2.363
 Q53_6          1.124         1.436         1.486         1.288         1.459
 Q53_9          1.131         1.384         1.687         1.589         1.711


           Covariances
              Q53_6         Q53_9
              ________      ________
 Q53_6          2.115
 Q53_9          1.478         2.930


           Correlations
              Q28_3         Q28_4         Q28_6         Q51_3         Q51_4
              ________      ________      ________      ________      ________
 Q28_3          1.000
 Q28_4          0.435         1.000
 Q28_6          0.613         0.515         1.000
 Q51_3          0.409         0.467         0.454         1.000
 Q51_4          0.334         0.542         0.411         0.780         1.000
 Q51_5          0.392         0.558         0.461         0.715         0.767
 Q31_1          0.471         0.471         0.520         0.466         0.457
 Q31_2          0.520         0.469         0.495         0.473         0.436
 Q31_3          0.398         0.450         0.414         0.468         0.464
 Q31_4          0.465         0.393         0.454         0.371         0.363
 Q53_6          0.552         0.477         0.556         0.449         0.406
 Q53_9          0.451         0.400         0.408         0.388         0.385


           Correlations
              Q51_5         Q31_1         Q31_2         Q31_3         Q31_4
              ________      ________      ________      ________      ________
 Q51_5          1.000
 Q31_1          0.521         1.000
 Q31_2          0.444         0.601         1.000
 Q31_3          0.489         0.561         0.564         1.000
 Q31_4          0.369         0.512         0.725         0.566         1.000
 Q53_6          0.433         0.609         0.635         0.513         0.653
 Q53_9          0.371         0.498         0.612         0.537         0.650


           Correlations
              Q53_6         Q53_9
              ________      ________
 Q53_6          1.000
 Q53_9          0.594         1.000


     MAXIMUM LOG-LIKELIHOOD VALUE FOR THE UNRESTRICTED (H1) MODEL IS -22963.019


UNIVARIATE SAMPLE STATISTICS


     UNIVARIATE HIGHER-ORDER MOMENT DESCRIPTIVE STATISTICS FOR NYC

         Variable/         Mean/     Skewness/   Minimum/ % with                Percentiles
        Sample Size      Variance    Kurtosis    Maximum  Min/Max      20%/60%    40%/80%    Median

     Q28_3                 0.785      -0.650      -3.000    7.54%       0.000      0.000      1.000
             703.000       3.144      -0.453       3.000   17.78%       2.000      2.000
     Q28_4                -0.236       0.048      -3.000   19.52%      -2.000     -1.000      0.000
             707.000       3.937      -1.210       3.000   10.33%       0.000      2.000
     Q28_6                 0.440      -0.435      -3.000    9.94%      -1.000      0.000      1.000
             714.000       3.246      -0.705       3.000   13.31%       1.000      2.000
     Q51_3                 0.116      -0.107      -3.000   10.50%      -2.000      0.000      0.000
             724.000       3.398      -0.999       3.000   11.74%       0.000      2.000
     Q51_4                -0.417       0.261      -3.000   19.33%      -2.000     -1.000      0.000
             719.000       3.851      -1.087       3.000   10.85%       0.000      2.000
     Q51_5                -0.355       0.096      -3.000   19.07%      -2.000     -1.000      0.000
             713.000       3.758      -1.210       3.000    8.13%       0.000      2.000
     Q31_1                 0.597      -0.580      -3.000    8.22%      -1.000      0.000      1.000
             754.000       3.095      -0.540       3.000   13.53%       1.000      2.000
     Q31_2                 0.615      -0.572      -3.000    7.69%       0.000      0.000      1.000
             754.000       2.948      -0.456       3.000   12.73%       1.000      2.000
     Q31_3                 0.437      -0.466      -3.000   10.68%      -2.000      0.000      1.000
             749.000       3.389      -0.805       3.000   12.68%       1.000      2.000
     Q31_4                 0.497      -0.474      -3.000    8.02%      -1.000      0.000      1.000
             748.000       2.993      -0.605       3.000   11.63%       1.000      2.000
     Q53_6                 0.808      -0.688      -3.000    7.00%       0.000      1.000      1.000
             729.000       2.888      -0.214       3.000   16.60%       1.000      2.000
     Q53_9                 0.583      -0.585      -3.000    8.64%      -1.000      0.000      1.000
             741.000       3.037      -0.498       3.000   12.42%       1.000      2.000


     UNIVARIATE HIGHER-ORDER MOMENT DESCRIPTIVE STATISTICS FOR HOU

         Variable/         Mean/     Skewness/   Minimum/ % with                Percentiles
        Sample Size      Variance    Kurtosis    Maximum  Min/Max      20%/60%    40%/80%    Median

     Q28_3                 1.140      -0.882      -3.000    4.32%       0.000      1.000      2.000
             463.000       2.401       0.369       3.000   19.44%       2.000      2.000
     Q28_4                -0.302       0.101      -3.000   17.49%      -2.000     -1.000      0.000
             463.000       3.593      -1.039       3.000    9.94%       0.000      1.000
     Q28_6                 0.677      -0.530      -3.000    6.93%       0.000      0.000      1.000
             462.000       2.768      -0.260       3.000   15.37%       1.000      2.000
     Q51_3                -0.206       0.075      -3.000   11.18%      -2.000      0.000      0.000
             465.000       2.861      -0.674       3.000    7.53%       0.000      1.000
     Q51_4                -0.811       0.455      -3.000   21.30%      -3.000     -2.000     -1.000
             460.000       3.097      -0.738       3.000    5.00%       0.000      1.000
     Q51_5                -0.556       0.212      -3.000   18.61%      -2.000     -1.000      0.000
             462.000       3.186      -0.939       3.000    5.41%       0.000      1.000
     Q31_1                 0.762      -0.664      -3.000    5.96%       0.000      1.000      1.000
             470.000       2.633      -0.096       3.000   14.04%       1.000      2.000
     Q31_2                 0.793      -0.541      -3.000    4.69%       0.000      0.000      1.000
             469.000       2.595      -0.268       3.000   15.99%       1.000      2.000
     Q31_3                 0.536      -0.479      -3.000    7.48%      -1.000      0.000      1.000
             468.000       2.984      -0.569       3.000   13.25%       1.000      2.000
     Q31_4                 0.796      -0.569      -3.000    3.83%       0.000      0.000      1.000
             470.000       2.363      -0.142       3.000   12.98%       1.000      2.000
     Q53_6                 1.094      -0.792      -3.000    2.58%       0.000      1.000      1.000
             466.000       2.124       0.409       3.000   17.17%       2.000      2.000
     Q53_9                 0.850      -0.610      -3.000    5.77%       0.000      1.000      1.000
             468.000       2.918      -0.385       3.000   19.44%       2.000      2.000


THE MODEL ESTIMATION TERMINATED NORMALLY



MODEL FIT INFORMATION

Number of Free Parameters                       81

Loglikelihood

          H0 Value                      -23247.135
          H0 Scaling Correction Factor      1.3320
            for MLR
          H1 Value                      -22963.019
          H1 Scaling Correction Factor      1.3752
            for MLR

Information Criteria

          Akaike (AIC)                   46656.270
          Bayesian (BIC)                 47070.960
          Sample-Size Adjusted BIC       46813.669
            (n* = (n + 2) / 24)

Chi-Square Test of Model Fit

          Value                            402.856*
          Degrees of Freedom                    99
          P-Value                           0.0000
          Scaling Correction Factor         1.4105
            for MLR

Chi-Square Contribution From Each Group

          NYC                              254.680
          HOU                              148.176

*   The chi-square value for MLM, MLMV, MLR, ULSMV, WLSM and WLSMV cannot be used
    for chi-square difference testing in the regular way.  MLM, MLR and WLSM
    chi-square difference testing is described on the Mplus website.  MLMV, WLSMV,
    and ULSMV difference testing is done using the DIFFTEST option.

RMSEA (Root Mean Square Error Of Approximation)

          Estimate                           0.070
          90 Percent C.I.                    0.063  0.078
          Probability RMSEA <= .05           0.000

CFI/TLI

          CFI                                0.955
          TLI                                0.941

Chi-Square Test of Model Fit for the Baseline Model

          Value                           6959.479
          Degrees of Freedom                   132
          P-Value                           0.0000

SRMR (Standardized Root Mean Square Residual)

          Value                              0.042



MODEL RESULTS

                                                    Two-Tailed
                    Estimate       S.E.  Est./S.E.    P-Value

Group NYC

 CARPRIDE BY
    Q28_3              1.000      0.000    999.000    999.000
    Q28_4              1.123      0.045     25.180      0.000
    Q28_6              0.989      0.037     26.933      0.000
    Q51_3              1.036      0.046     22.530      0.000
    Q51_4              1.095      0.050     21.754      0.000
    Q51_5              1.120      0.050     22.390      0.000
    Q31_1              1.085      0.056     19.353      0.000
    Q31_2              1.064      0.050     21.413      0.000
    Q31_3              1.103      0.055     19.963      0.000
    Q31_4              1.052      0.052     20.423      0.000
    Q53_6              1.083      0.045     23.920      0.000
    Q53_9              1.060      0.049     21.795      0.000

 Q28_3    WITH
    Q28_6              0.620      0.097      6.371      0.000

 Q51_3    WITH
    Q51_4              0.844      0.093      9.047      0.000
    Q51_5              0.561      0.092      6.121      0.000

 Q51_4    WITH
    Q51_5              1.051      0.106      9.901      0.000

 Q31_4    WITH
    Q31_2              0.387      0.070      5.552      0.000

 Means
    CARPRIDE           0.000      0.000    999.000    999.000

 Intercepts
    Q28_3              0.712      0.067     10.682      0.000
    Q28_4             -0.312      0.073     -4.252      0.000
    Q28_6              0.380      0.067      5.654      0.000
    Q51_3              0.063      0.068      0.920      0.358
    Q51_4             -0.473      0.072     -6.577      0.000
    Q51_5             -0.419      0.071     -5.889      0.000
    Q31_1              0.596      0.064      9.348      0.000
    Q31_2              0.608      0.062      9.735      0.000
    Q31_3              0.427      0.067      6.377      0.000
    Q31_4              0.487      0.063      7.735      0.000
    Q53_6              0.768      0.062     12.332      0.000
    Q53_9              0.554      0.064      8.687      0.000

 Variances
    CARPRIDE           1.776      0.152     11.697      0.000

 Residual Variances
    Q28_3              1.376      0.111     12.420      0.000
    Q28_4              1.809      0.135     13.402      0.000
    Q28_6              1.549      0.125     12.395      0.000
    Q51_3              1.559      0.113     13.832      0.000
    Q51_4              1.783      0.111     16.125      0.000
    Q51_5              1.601      0.113     14.228      0.000
    Q31_1              1.001      0.094     10.607      0.000
    Q31_2              0.954      0.084     11.416      0.000
    Q31_3              1.234      0.101     12.279      0.000
    Q31_4              1.037      0.086     12.060      0.000
    Q53_6              0.808      0.070     11.617      0.000
    Q53_9              1.057      0.075     14.059      0.000

Group HOU

 CARPRIDE BY
    Q28_3              1.000      0.000    999.000    999.000
    Q28_4              1.123      0.045     25.180      0.000
    Q28_6              1.080      0.075     14.345      0.000
    Q51_3              0.988      0.077     12.860      0.000
    Q51_4              0.988      0.080     12.356      0.000
    Q51_5              1.060      0.079     13.403      0.000
    Q31_1              1.186      0.082     14.520      0.000
    Q31_2              1.243      0.081     15.373      0.000
    Q31_3              1.191      0.097     12.300      0.000
    Q31_4              1.125      0.092     12.257      0.000
    Q53_6              1.136      0.072     15.727      0.000
    Q53_9              1.203      0.092     13.081      0.000

 Q28_3    WITH
    Q28_6              0.483      0.117      4.129      0.000

 Q51_3    WITH
    Q51_4              1.288      0.126     10.240      0.000
    Q51_5              1.053      0.140      7.506      0.000

 Q51_4    WITH
    Q51_5              1.301      0.130     10.033      0.000

 Q31_4    WITH
    Q31_2              0.320      0.101      3.168      0.002

 Means
    CARPRIDE           0.000      0.000    999.000    999.000

 Intercepts
    Q28_3              1.130      0.072     15.713      0.000
    Q28_4             -0.309      0.088     -3.513      0.000
    Q28_6              0.670      0.077      8.673      0.000
    Q51_3             -0.212      0.078     -2.711      0.007
    Q51_4             -0.810      0.081     -9.942      0.000
    Q51_5             -0.570      0.083     -6.894      0.000
    Q31_1              0.762      0.075     10.178      0.000
    Q31_2              0.792      0.074     10.662      0.000
    Q31_3              0.536      0.080      6.717      0.000
    Q31_4              0.796      0.071     11.224      0.000
    Q53_6              1.094      0.067     16.267      0.000
    Q53_9              0.848      0.079     10.734      0.000

 Variances
    CARPRIDE           1.053      0.130      8.130      0.000

 Residual Variances
    Q28_3              1.402      0.131     10.732      0.000
    Q28_4              2.182      0.167     13.091      0.000
    Q28_6              1.560      0.173      9.005      0.000
    Q51_3              1.825      0.147     12.428      0.000
    Q51_4              2.063      0.135     15.301      0.000
    Q51_5              1.993      0.141     14.137      0.000
    Q31_1              1.151      0.120      9.585      0.000
    Q31_2              0.963      0.107      8.993      0.000
    Q31_3              1.492      0.169      8.820      0.000
    Q31_4              1.030      0.108      9.519      0.000
    Q53_6              0.759      0.071     10.761      0.000
    Q53_9              1.402      0.126     11.142      0.000


STANDARDIZED MODEL RESULTS


STDYX Standardization

                                                    Two-Tailed
                    Estimate       S.E.  Est./S.E.    P-Value

Group NYC

 CARPRIDE BY
    Q28_3              0.751      0.023     32.531      0.000
    Q28_4              0.744      0.022     33.610      0.000
    Q28_6              0.727      0.025     28.689      0.000
    Q51_3              0.742      0.022     33.043      0.000
    Q51_4              0.738      0.020     37.295      0.000
    Q51_5              0.763      0.020     38.529      0.000
    Q31_1              0.822      0.019     42.240      0.000
    Q31_2              0.823      0.018     45.750      0.000
    Q31_3              0.798      0.019     41.368      0.000
    Q31_4              0.809      0.018     44.106      0.000
    Q53_6              0.849      0.015     56.481      0.000
    Q53_9              0.809      0.017     48.036      0.000

 Q28_3    WITH
    Q28_6              0.425      0.050      8.563      0.000

 Q51_3    WITH
    Q51_4              0.506      0.042     12.166      0.000
    Q51_5              0.355      0.048      7.425      0.000

 Q51_4    WITH
    Q51_5              0.622      0.037     16.635      0.000

 Q31_4    WITH
    Q31_2              0.389      0.054      7.132      0.000

 Means
    CARPRIDE           0.000      0.000    999.000    999.000

 Intercepts
    Q28_3              0.401      0.043      9.374      0.000
    Q28_4             -0.155      0.037     -4.240      0.000
    Q28_6              0.209      0.039      5.380      0.000
    Q51_3              0.034      0.037      0.918      0.359
    Q51_4             -0.239      0.038     -6.344      0.000
    Q51_5             -0.214      0.037     -5.802      0.000
    Q31_1              0.339      0.040      8.398      0.000
    Q31_2              0.353      0.041      8.701      0.000
    Q31_3              0.232      0.039      6.015      0.000
    Q31_4              0.281      0.039      7.175      0.000
    Q53_6              0.452      0.043     10.434      0.000
    Q53_9              0.317      0.040      7.854      0.000

 Variances
    CARPRIDE           1.000      0.000    999.000    999.000

 Residual Variances
    Q28_3              0.437      0.035     12.603      0.000
    Q28_4              0.447      0.033     13.578      0.000
    Q28_6              0.472      0.037     12.802      0.000
    Q51_3              0.450      0.033     13.511      0.000
    Q51_4              0.456      0.029     15.607      0.000
    Q51_5              0.418      0.030     13.846      0.000
    Q31_1              0.324      0.032     10.121      0.000
    Q31_2              0.322      0.030     10.862      0.000
    Q31_3              0.364      0.031     11.821      0.000
    Q31_4              0.345      0.030     11.631      0.000
    Q53_6              0.280      0.026     10.958      0.000
    Q53_9              0.346      0.027     12.711      0.000

Group HOU

 CARPRIDE BY
    Q28_3              0.655      0.032     20.793      0.000
    Q28_4              0.615      0.033     18.570      0.000
    Q28_6              0.664      0.042     15.711      0.000
    Q51_3              0.600      0.039     15.453      0.000
    Q51_4              0.577      0.036     16.205      0.000
    Q51_5              0.610      0.036     16.827      0.000
    Q31_1              0.750      0.029     25.559      0.000
    Q31_2              0.793      0.026     30.117      0.000
    Q31_3              0.707      0.038     18.641      0.000
    Q31_4              0.751      0.033     22.560      0.000
    Q53_6              0.801      0.022     37.230      0.000
    Q53_9              0.722      0.031     23.483      0.000

 Q28_3    WITH
    Q28_6              0.327      0.064      5.078      0.000

 Q51_3    WITH
    Q51_4              0.663      0.033     19.913      0.000
    Q51_5              0.552      0.049     11.294      0.000

 Q51_4    WITH
    Q51_5              0.642      0.041     15.533      0.000

 Q31_4    WITH
    Q31_2              0.322      0.081      3.958      0.000

 Means
    CARPRIDE           0.000      0.000    999.000    999.000

 Intercepts
    Q28_3              0.721      0.062     11.609      0.000
    Q28_4             -0.165      0.047     -3.511      0.000
    Q28_6              0.401      0.052      7.676      0.000
    Q51_3             -0.125      0.047     -2.691      0.007
    Q51_4             -0.460      0.052     -8.787      0.000
    Q51_5             -0.320      0.049     -6.587      0.000
    Q31_1              0.469      0.055      8.551      0.000
    Q31_2              0.492      0.054      9.107      0.000
    Q31_3              0.310      0.050      6.176      0.000
    Q31_4              0.518      0.055      9.421      0.000
    Q53_6              0.752      0.064     11.689      0.000
    Q53_9              0.496      0.055      9.062      0.000

 Variances
    CARPRIDE           1.000      0.000    999.000    999.000

 Residual Variances
    Q28_3              0.571      0.041     13.836      0.000
    Q28_4              0.622      0.041     15.249      0.000
    Q28_6              0.559      0.056      9.964      0.000
    Q51_3              0.640      0.047     13.722      0.000
    Q51_4              0.667      0.041     16.249      0.000
    Q51_5              0.627      0.044     14.171      0.000
    Q31_1              0.437      0.044      9.934      0.000
    Q31_2              0.372      0.042      8.903      0.000
    Q31_3              0.500      0.054      9.310      0.000
    Q31_4              0.436      0.050      8.715      0.000
    Q53_6              0.358      0.034     10.400      0.000
    Q53_9              0.479      0.044     10.802      0.000


STDY Standardization

                                                    Two-Tailed
                    Estimate       S.E.  Est./S.E.    P-Value

Group NYC

 CARPRIDE BY
    Q28_3              0.751      0.023     32.531      0.000
    Q28_4              0.744      0.022     33.610      0.000
    Q28_6              0.727      0.025     28.689      0.000
    Q51_3              0.742      0.022     33.043      0.000
    Q51_4              0.738      0.020     37.295      0.000
    Q51_5              0.763      0.020     38.529      0.000
    Q31_1              0.822      0.019     42.240      0.000
    Q31_2              0.823      0.018     45.750      0.000
    Q31_3              0.798      0.019     41.368      0.000
    Q31_4              0.809      0.018     44.106      0.000
    Q53_6              0.849      0.015     56.481      0.000
    Q53_9              0.809      0.017     48.036      0.000

 Q28_3    WITH
    Q28_6              0.425      0.050      8.563      0.000

 Q51_3    WITH
    Q51_4              0.506      0.042     12.166      0.000
    Q51_5              0.355      0.048      7.425      0.000

 Q51_4    WITH
    Q51_5              0.622      0.037     16.635      0.000

 Q31_4    WITH
    Q31_2              0.389      0.054      7.132      0.000

 Means
    CARPRIDE           0.000      0.000    999.000    999.000

 Intercepts
    Q28_3              0.401      0.043      9.374      0.000
    Q28_4             -0.155      0.037     -4.240      0.000
    Q28_6              0.209      0.039      5.380      0.000
    Q51_3              0.034      0.037      0.918      0.359
    Q51_4             -0.239      0.038     -6.344      0.000
    Q51_5             -0.214      0.037     -5.802      0.000
    Q31_1              0.339      0.040      8.398      0.000
    Q31_2              0.353      0.041      8.701      0.000
    Q31_3              0.232      0.039      6.015      0.000
    Q31_4              0.281      0.039      7.175      0.000
    Q53_6              0.452      0.043     10.434      0.000
    Q53_9              0.317      0.040      7.854      0.000

 Variances
    CARPRIDE           1.000      0.000    999.000    999.000

 Residual Variances
    Q28_3              0.437      0.035     12.603      0.000
    Q28_4              0.447      0.033     13.578      0.000
    Q28_6              0.472      0.037     12.802      0.000
    Q51_3              0.450      0.033     13.511      0.000
    Q51_4              0.456      0.029     15.607      0.000
    Q51_5              0.418      0.030     13.846      0.000
    Q31_1              0.324      0.032     10.121      0.000
    Q31_2              0.322      0.030     10.862      0.000
    Q31_3              0.364      0.031     11.821      0.000
    Q31_4              0.345      0.030     11.631      0.000
    Q53_6              0.280      0.026     10.958      0.000
    Q53_9              0.346      0.027     12.711      0.000

Group HOU

 CARPRIDE BY
    Q28_3              0.655      0.032     20.793      0.000
    Q28_4              0.615      0.033     18.570      0.000
    Q28_6              0.664      0.042     15.711      0.000
    Q51_3              0.600      0.039     15.453      0.000
    Q51_4              0.577      0.036     16.205      0.000
    Q51_5              0.610      0.036     16.827      0.000
    Q31_1              0.750      0.029     25.559      0.000
    Q31_2              0.793      0.026     30.117      0.000
    Q31_3              0.707      0.038     18.641      0.000
    Q31_4              0.751      0.033     22.560      0.000
    Q53_6              0.801      0.022     37.230      0.000
    Q53_9              0.722      0.031     23.483      0.000

 Q28_3    WITH
    Q28_6              0.327      0.064      5.078      0.000

 Q51_3    WITH
    Q51_4              0.663      0.033     19.913      0.000
    Q51_5              0.552      0.049     11.294      0.000

 Q51_4    WITH
    Q51_5              0.642      0.041     15.533      0.000

 Q31_4    WITH
    Q31_2              0.322      0.081      3.958      0.000

 Means
    CARPRIDE           0.000      0.000    999.000    999.000

 Intercepts
    Q28_3              0.721      0.062     11.609      0.000
    Q28_4             -0.165      0.047     -3.511      0.000
    Q28_6              0.401      0.052      7.676      0.000
    Q51_3             -0.125      0.047     -2.691      0.007
    Q51_4             -0.460      0.052     -8.787      0.000
    Q51_5             -0.320      0.049     -6.587      0.000
    Q31_1              0.469      0.055      8.551      0.000
    Q31_2              0.492      0.054      9.107      0.000
    Q31_3              0.310      0.050      6.176      0.000
    Q31_4              0.518      0.055      9.421      0.000
    Q53_6              0.752      0.064     11.689      0.000
    Q53_9              0.496      0.055      9.062      0.000

 Variances
    CARPRIDE           1.000      0.000    999.000    999.000

 Residual Variances
    Q28_3              0.571      0.041     13.836      0.000
    Q28_4              0.622      0.041     15.249      0.000
    Q28_6              0.559      0.056      9.964      0.000
    Q51_3              0.640      0.047     13.722      0.000
    Q51_4              0.667      0.041     16.249      0.000
    Q51_5              0.627      0.044     14.171      0.000
    Q31_1              0.437      0.044      9.934      0.000
    Q31_2              0.372      0.042      8.903      0.000
    Q31_3              0.500      0.054      9.310      0.000
    Q31_4              0.436      0.050      8.715      0.000
    Q53_6              0.358      0.034     10.400      0.000
    Q53_9              0.479      0.044     10.802      0.000


STD Standardization

                                                    Two-Tailed
                    Estimate       S.E.  Est./S.E.    P-Value

Group NYC

 CARPRIDE BY
    Q28_3              1.333      0.057     23.393      0.000
    Q28_4              1.496      0.056     26.698      0.000
    Q28_6              1.318      0.058     22.536      0.000
    Q51_3              1.381      0.055     24.990      0.000
    Q51_4              1.459      0.054     26.898      0.000
    Q51_5              1.492      0.052     28.709      0.000
    Q31_1              1.445      0.054     26.963      0.000
    Q31_2              1.417      0.052     27.483      0.000
    Q31_3              1.470      0.053     27.976      0.000
    Q31_4              1.402      0.050     27.862      0.000
    Q53_6              1.443      0.050     28.623      0.000
    Q53_9              1.413      0.052     27.279      0.000

 Q28_3    WITH
    Q28_6              0.620      0.097      6.371      0.000

 Q51_3    WITH
    Q51_4              0.844      0.093      9.047      0.000
    Q51_5              0.561      0.092      6.121      0.000

 Q51_4    WITH
    Q51_5              1.051      0.106      9.901      0.000

 Q31_4    WITH
    Q31_2              0.387      0.070      5.552      0.000

 Means
    CARPRIDE           0.000      0.000    999.000    999.000

 Intercepts
    Q28_3              0.712      0.067     10.682      0.000
    Q28_4             -0.312      0.073     -4.252      0.000
    Q28_6              0.380      0.067      5.654      0.000
    Q51_3              0.063      0.068      0.920      0.358
    Q51_4             -0.473      0.072     -6.577      0.000
    Q51_5             -0.419      0.071     -5.889      0.000
    Q31_1              0.596      0.064      9.348      0.000
    Q31_2              0.608      0.062      9.735      0.000
    Q31_3              0.427      0.067      6.377      0.000
    Q31_4              0.487      0.063      7.735      0.000
    Q53_6              0.768      0.062     12.332      0.000
    Q53_9              0.554      0.064      8.687      0.000

 Variances
    CARPRIDE           1.000      0.000    999.000    999.000

 Residual Variances
    Q28_3              1.376      0.111     12.420      0.000
    Q28_4              1.809      0.135     13.402      0.000
    Q28_6              1.549      0.125     12.395      0.000
    Q51_3              1.559      0.113     13.832      0.000
    Q51_4              1.783      0.111     16.125      0.000
    Q51_5              1.601      0.113     14.228      0.000
    Q31_1              1.001      0.094     10.607      0.000
    Q31_2              0.954      0.084     11.416      0.000
    Q31_3              1.234      0.101     12.279      0.000
    Q31_4              1.037      0.086     12.060      0.000
    Q53_6              0.808      0.070     11.617      0.000
    Q53_9              1.057      0.075     14.059      0.000

Group HOU

 CARPRIDE BY
    Q28_3              1.026      0.063     16.259      0.000
    Q28_4              1.153      0.071     16.247      0.000
    Q28_6              1.109      0.082     13.518      0.000
    Q51_3              1.014      0.076     13.311      0.000
    Q51_4              1.014      0.076     13.346      0.000
    Q51_5              1.088      0.077     14.064      0.000
    Q31_1              1.217      0.069     17.721      0.000
    Q31_2              1.276      0.065     19.582      0.000
    Q31_3              1.222      0.078     15.671      0.000
    Q31_4              1.154      0.074     15.565      0.000
    Q53_6              1.166      0.062     18.849      0.000
    Q53_9              1.234      0.074     16.695      0.000

 Q28_3    WITH
    Q28_6              0.483      0.117      4.129      0.000

 Q51_3    WITH
    Q51_4              1.288      0.126     10.240      0.000
    Q51_5              1.053      0.140      7.506      0.000

 Q51_4    WITH
    Q51_5              1.301      0.130     10.033      0.000

 Q31_4    WITH
    Q31_2              0.320      0.101      3.168      0.002

 Means
    CARPRIDE           0.000      0.000    999.000    999.000

 Intercepts
    Q28_3              1.130      0.072     15.713      0.000
    Q28_4             -0.309      0.088     -3.513      0.000
    Q28_6              0.670      0.077      8.673      0.000
    Q51_3             -0.212      0.078     -2.711      0.007
    Q51_4             -0.810      0.081     -9.942      0.000
    Q51_5             -0.570      0.083     -6.894      0.000
    Q31_1              0.762      0.075     10.178      0.000
    Q31_2              0.792      0.074     10.662      0.000
    Q31_3              0.536      0.080      6.717      0.000
    Q31_4              0.796      0.071     11.224      0.000
    Q53_6              1.094      0.067     16.267      0.000
    Q53_9              0.848      0.079     10.734      0.000

 Variances
    CARPRIDE           1.000      0.000    999.000    999.000

 Residual Variances
    Q28_3              1.402      0.131     10.732      0.000
    Q28_4              2.182      0.167     13.091      0.000
    Q28_6              1.560      0.173      9.005      0.000
    Q51_3              1.825      0.147     12.428      0.000
    Q51_4              2.063      0.135     15.301      0.000
    Q51_5              1.993      0.141     14.137      0.000
    Q31_1              1.151      0.120      9.585      0.000
    Q31_2              0.963      0.107      8.993      0.000
    Q31_3              1.492      0.169      8.820      0.000
    Q31_4              1.030      0.108      9.519      0.000
    Q53_6              0.759      0.071     10.761      0.000
    Q53_9              1.402      0.126     11.142      0.000


R-SQUARE

Group NYC

    Observed                                        Two-Tailed
    Variable        Estimate       S.E.  Est./S.E.    P-Value

    Q28_3              0.563      0.035     16.266      0.000
    Q28_4              0.553      0.033     16.805      0.000
    Q28_6              0.528      0.037     14.345      0.000
    Q51_3              0.550      0.033     16.521      0.000
    Q51_4              0.544      0.029     18.647      0.000
    Q51_5              0.582      0.030     19.265      0.000
    Q31_1              0.676      0.032     21.120      0.000
    Q31_2              0.678      0.030     22.875      0.000
    Q31_3              0.636      0.031     20.684      0.000
    Q31_4              0.655      0.030     22.053      0.000
    Q53_6              0.720      0.026     28.241      0.000
    Q53_9              0.654      0.027     24.018      0.000

Group HOU

    Observed                                        Two-Tailed
    Variable        Estimate       S.E.  Est./S.E.    P-Value

    Q28_3              0.429      0.041     10.397      0.000
    Q28_4              0.378      0.041      9.285      0.000
    Q28_6              0.441      0.056      7.856      0.000
    Q51_3              0.360      0.047      7.727      0.000
    Q51_4              0.333      0.041      8.103      0.000
    Q51_5              0.373      0.044      8.413      0.000
    Q31_1              0.563      0.044     12.779      0.000
    Q31_2              0.628      0.042     15.058      0.000
    Q31_3              0.500      0.054      9.320      0.000
    Q31_4              0.564      0.050     11.280      0.000
    Q53_6              0.642      0.034     18.615      0.000
    Q53_9              0.521      0.044     11.742      0.000


QUALITY OF NUMERICAL RESULTS

     Condition Number for the Information Matrix              0.736E-02
       (ratio of smallest to largest eigenvalue)


DIAGRAM INFORMATION

  Use View Diagram under the Diagram menu in the Mplus Editor to view the diagram.
  If running Mplus from the Mplus Diagrammer, the diagram opens automatically.

  Diagram output
    /Users/jcmoody/Dropbox (MIT)/Joanna_Jinhua/Papers/CarPride_Validation_CarOwn/Analysis/20190217_MGFA/CarPride_MGFAcit

     Beginning Time:  13:59:45
        Ending Time:  13:59:45
       Elapsed Time:  00:00:00



MUTHEN & MUTHEN
3463 Stoner Ave.
Los Angeles, CA  90066

Tel: (310) 391-9971
Fax: (310) 391-8971
Web: www.StatModel.com
Support: Support@StatModel.com

Copyright (c) 1998-2018 Muthen & Muthen
