Mplus VERSION 8.1
MUTHEN & MUTHEN
06/15/2020   6:50 PM

INPUT INSTRUCTIONS

  TITLE: Hypothesized Model (Car Pride --> Car Ownership --> Car Use)
         !Car ownership as a mediator in the relation between car pride and car use

  DATA:
    	FILE = 20190407_CarPride_CarUse_SEM.txt;

  VARIABLE:
    	NAMES ARE
  	R_ID	City	Age	Female	White	
  	HHPers	HHWkPers	Educ	FullTime	Student	
  	HHIncome	HHCars	CarOwner	AvgVO	
  	License	PTPass	TT_CAR	TT_PT	PT_AV	CarCost	DriveAlone	
  	!CarAlone_Freq	CarPool_Freq	CarAlone_WB	CarPool_WB
  	CA_Freq CP_Freq CA_WB CP_WB	
  	Q28_2	Q28_3	Q28_4	Q28_5	Q28_6	Q28_8	Q28_9	
  	Q51_1	Q51_2	Q51_3	Q51_4	Q51_5	Q51_6	Q31_1	
  	Q31_2	Q31_3	Q31_4	Q31_5	Q53_5	Q53_6	Q53_7	
  	Q53_8	Q53_9	Q43_1	Q43_2	Q43_3	Q43_4	Q43_5	
  	Q43_6	Q43_7	Q43_8	Q54_1	Q54_2	Q54_3	Q54_4	
  	Q54_6	Q54_7	Q54_8	DW	D;
  			
  	USEVARIABLES = Age Female	White	HHPers HHWkPers
  			Educ	FullTime	Student	HHIncome	
  			CarOwner AvgVO
  			CA_Freq	CA_WB	
  			Q28_3	Q28_4	Q28_6	Q51_3	Q51_4	
    		         Q51_5	Q31_1	Q31_2	Q31_3	Q31_4	
    		         Q53_6	Q53_9
    		         Q54_1	Q54_2	Q54_3	Q54_4	Q54_6	Q54_8
    		         NYC;

      MISSING = ALL (-9999);

      IDVARIABLE = R_ID;

      CATEGORICAL = CarOwner;

  DEFINE:
       NYC = 0;
       if(City == 1) then NYC = 1;

  ANALYSIS:
       ESTIMATOR = WLSMV;
       PARAMETERIZATION = THETA;
       STARTS = 50;

  MODEL:
  !Define the latent variablef by their indicators
        CarPride BY Q28_3	Q28_4	Q28_6	Q51_3	
    		Q51_4	Q51_5	Q31_1	Q31_2
    		Q31_3	Q31_4	Q53_6	Q53_9;
        GenPride BY Q54_1	Q54_2	Q54_3	Q54_4	Q54_6	Q54_8;
  !Add correlated errors for the car pride score
        Q28_3 WITH Q28_6;
        Q51_3 WITH Q51_4 Q51_5;
        Q51_4 WITH Q51_5;
        Q31_4 WITH Q31_2;

        CA_Freq ON Age Female White HHPers HHWkPers
        	  HHIncome Educ FullTime Student NYC
        	  CarOwner !mediator
        	  CA_WB !IV for car usage
        	  CarPride; !direct attitude-to-behavior relation of interest

        CarOwner ON Age Female White HHPers HHWkPers
        	  HHIncome Educ FullTime Student NYC
            AvgVO !IV for car ownership
            CarPride;
        	
        CarPride ON Age Female White HHPers HHWkPers
        	  HHIncome Educ FullTime Student NYC
        	  GenPride !IV for car pride
        	  CA_Freq !behavior-to-attitude relation of interest
        	  CarOwner;

        GenPride ON HHIncome FullTime NYC;

        !explicly model endogenous error terms
        CarPride WITH CarOwner;
        CarPride WITH CA_Freq*7.40720;

  MODEL INDIRECT:
             CA_Freq IND CarOwner CarPride;
             !indirect attitude-to-behavior relation of interest
             CarPride IND CA_Freq CarOwner;


  OUTPUT:
        STANDARDIZED;



*** WARNING
  Data set contains cases with missing on x-variables.
  These cases were not included in the analysis.
  Number of cases with missing on x-variables:  22
   1 WARNING(S) FOUND IN THE INPUT INSTRUCTIONS



Hypothesized Model (Car Pride --> Car Ownership --> Car Use)

SUMMARY OF ANALYSIS

Number of groups                                                 1
Number of observations                                        1228

Number of dependent variables                                   20
Number of independent variables                                 12
Number of continuous latent variables                            2

Observed dependent variables

  Continuous
   CA_FREQ     Q28_3       Q28_4       Q28_6       Q51_3       Q51_4
   Q51_5       Q31_1       Q31_2       Q31_3       Q31_4       Q53_6
   Q53_9       Q54_1       Q54_2       Q54_3       Q54_4       Q54_6
   Q54_8

  Binary and ordered categorical (ordinal)
   CAROWNER

Observed independent variables
   AGE         FEMALE      WHITE       HHPERS      HHWKPERS    EDUC
   FULLTIME    STUDENT     HHINCOME    AVGVO       CA_WB       NYC

Continuous latent variables
   CARPRIDE    GENPRIDE

Variables with special functions

  ID variable           R_ID

Estimator                                                    WLSMV
Maximum number of iterations                                  1000
Convergence criterion                                    0.500D-04
Maximum number of steepest descent iterations                   20
Maximum number of iterations for H1                           2000
Convergence criterion for H1                             0.100D-03
Random Starts Specifications
  Number of random starts                                       50
  Random starts scale                                    0.500D+01
Parameterization                                             THETA
Link                                                        PROBIT

Input data file(s)
  20190407_CarPride_CarUse_SEM.txt

Input data format  FREE


SUMMARY OF DATA

     Number of missing data patterns            58


COVARIANCE COVERAGE OF DATA

Minimum covariance coverage value   0.100


     PROPORTION OF DATA PRESENT


           Covariance Coverage
              CAROWNER      CA_FREQ       Q28_3         Q28_4         Q28_6
              ________      ________      ________      ________      ________
 CAROWNER       1.000
 CA_FREQ        1.000         1.000
 Q28_3          0.932         0.932         0.932
 Q28_4          0.936         0.936         0.928         0.936
 Q28_6          0.941         0.941         0.927         0.931         0.941
 Q51_3          0.951         0.951         0.925         0.927         0.931
 Q51_4          0.943         0.943         0.921         0.923         0.927
 Q51_5          0.940         0.940         0.918         0.923         0.925
 Q31_1          0.979         0.979         0.928         0.932         0.936
 Q31_2          0.978         0.978         0.928         0.932         0.936
 Q31_3          0.973         0.973         0.925         0.928         0.932
 Q31_4          0.974         0.974         0.928         0.931         0.933
 Q53_6          0.955         0.955         0.916         0.921         0.924
 Q53_9          0.967         0.967         0.925         0.928         0.932
 Q54_1          1.000         1.000         0.932         0.936         0.941
 Q54_2          1.000         1.000         0.932         0.936         0.941
 Q54_3          1.000         1.000         0.932         0.936         0.941
 Q54_4          1.000         1.000         0.932         0.936         0.941
 Q54_6          1.000         1.000         0.932         0.936         0.941
 Q54_8          1.000         1.000         0.932         0.936         0.941


           Covariance Coverage
              Q51_3         Q51_4         Q51_5         Q31_1         Q31_2
              ________      ________      ________      ________      ________
 Q51_3          0.951
 Q51_4          0.939         0.943
 Q51_5          0.934         0.930         0.940
 Q31_1          0.945         0.936         0.932         0.979
 Q31_2          0.945         0.937         0.933         0.976         0.978
 Q31_3          0.942         0.934         0.930         0.971         0.971
 Q31_4          0.944         0.936         0.932         0.972         0.973
 Q53_6          0.931         0.924         0.922         0.950         0.950
 Q53_9          0.941         0.933         0.929         0.962         0.962
 Q54_1          0.951         0.943         0.940         0.979         0.978
 Q54_2          0.951         0.943         0.940         0.979         0.978
 Q54_3          0.951         0.943         0.940         0.979         0.978
 Q54_4          0.951         0.943         0.940         0.979         0.978
 Q54_6          0.951         0.943         0.940         0.979         0.978
 Q54_8          0.951         0.943         0.940         0.979         0.978


           Covariance Coverage
              Q31_3         Q31_4         Q53_6         Q53_9         Q54_1
              ________      ________      ________      ________      ________
 Q31_3          0.973
 Q31_4          0.971         0.974
 Q53_6          0.949         0.949         0.955
 Q53_9          0.960         0.961         0.949         0.967
 Q54_1          0.973         0.974         0.955         0.967         1.000
 Q54_2          0.973         0.974         0.955         0.967         1.000
 Q54_3          0.973         0.974         0.955         0.967         1.000
 Q54_4          0.973         0.974         0.955         0.967         1.000
 Q54_6          0.973         0.974         0.955         0.967         1.000
 Q54_8          0.973         0.974         0.955         0.967         1.000


           Covariance Coverage
              Q54_2         Q54_3         Q54_4         Q54_6         Q54_8
              ________      ________      ________      ________      ________
 Q54_2          1.000
 Q54_3          1.000         1.000
 Q54_4          1.000         1.000         1.000
 Q54_6          1.000         1.000         1.000         1.000
 Q54_8          1.000         1.000         1.000         1.000         1.000


UNIVARIATE PROPORTIONS AND COUNTS FOR CATEGORICAL VARIABLES

    CAROWNER
      Category 1    0.125          153.000
      Category 2    0.875         1075.000



UNIVARIATE SAMPLE STATISTICS


     UNIVARIATE HIGHER-ORDER MOMENT DESCRIPTIVE STATISTICS

         Variable/         Mean/     Skewness/   Minimum/ % with                Percentiles
        Sample Size      Variance    Kurtosis    Maximum  Min/Max      20%/60%    40%/80%    Median

     CA_FREQ              13.929      -0.348       0.000   29.80%       0.000     14.000     20.000
            1228.000     105.177      -1.475      28.000    3.26%      20.000     22.000
     Q28_3                 0.914      -0.745      -3.000    6.29%       0.000      1.000      1.000
            1145.000       2.884      -0.182       3.000   18.17%       2.000      2.000
     Q28_4                -0.294       0.078      -3.000   18.89%      -2.000     -1.000      0.000
            1149.000       3.743      -1.137       3.000    9.40%       0.000      2.000
     Q28_6                 0.511      -0.471      -3.000    8.83%      -1.000      0.000      1.000
            1155.000       3.059      -0.548       3.000   13.59%       1.000      2.000
     Q51_3                -0.036      -0.020      -3.000   10.87%      -2.000      0.000      0.000
            1168.000       3.168      -0.886       3.000    9.50%       0.000      2.000
     Q51_4                -0.601       0.362      -3.000   20.21%      -3.000     -2.000     -1.000
            1158.000       3.518      -0.927       3.000    8.03%       0.000      1.000
     Q51_5                -0.464       0.161      -3.000   19.06%      -2.000     -1.000      0.000
            1154.000       3.495      -1.100       3.000    6.67%       0.000      1.000
     Q31_1                 0.636      -0.616      -3.000    7.49%       0.000      0.000      1.000
            1202.000       2.902      -0.374       3.000   12.98%       1.000      2.000
     Q31_2                 0.664      -0.562      -3.000    6.58%       0.000      0.000      1.000
            1201.000       2.799      -0.368       3.000   13.41%       1.000      2.000
     Q31_3                 0.454      -0.468      -3.000    9.46%      -1.000      0.000      1.000
            1195.000       3.210      -0.718       3.000   12.30%       1.000      2.000
     Q31_4                 0.589      -0.521      -3.000    6.52%      -1.000      0.000      1.000
            1196.000       2.762      -0.430       3.000   11.62%       1.000      2.000
     Q53_6                 0.904      -0.742      -3.000    5.20%       0.000      1.000      1.000
            1173.000       2.587       0.037       3.000   16.28%       2.000      2.000
     Q53_9                 0.665      -0.586      -3.000    7.58%      -1.000      0.000      1.000
            1187.000       2.995      -0.457       3.000   14.49%       1.000      2.000
     Q54_1                 1.792      -1.404      -3.000    0.81%       1.000      2.000      2.000
            1228.000       1.461       2.308       3.000   30.21%       2.000      3.000
     Q54_2                 1.780      -1.392      -3.000    0.73%       1.000      2.000      2.000
            1228.000       1.372       2.437       3.000   27.77%       2.000      3.000
     Q54_3                 1.254      -0.780      -3.000    1.14%       0.000      1.000      2.000
            1228.000       1.921       0.217       3.000   18.73%       2.000      2.000
     Q54_4                 1.424      -0.933      -3.000    1.14%       0.000      1.000      2.000
            1228.000       1.778       0.652       3.000   21.42%       2.000      3.000
     Q54_6                 1.903      -1.272      -3.000    0.41%       1.000      2.000      2.000
            1228.000       1.249       1.895       3.000   33.96%       2.000      3.000
     Q54_8                 1.840      -1.340      -3.000    0.81%       1.000      2.000      2.000
            1228.000       1.594       1.732       3.000   35.99%       2.000      3.000
     AGE                  40.832       0.296      18.000    3.01%      25.000     35.000     38.000
            1228.000     232.574      -1.013      82.000    0.08%      45.000     57.000
     FEMALE                0.564      -0.259       0.000   43.57%       0.000      0.000      1.000
            1228.000       0.246      -1.933       1.000   56.43%       1.000      1.000
     WHITE                 0.685      -0.796       0.000   31.51%       0.000      1.000      1.000
            1228.000       0.216      -1.367       1.000   68.49%       1.000      1.000
     HHPERS                2.838       0.691       1.000   21.17%       1.000      2.000      3.000
            1228.000       2.150       0.644      11.000    0.08%       3.000      4.000
     HHWKPERS              1.733       8.835       0.000    3.09%       1.000      1.000      2.000
            1228.000       1.152     179.586      25.000    0.08%       2.000      2.000
     EDUC                  4.775      -0.108       0.000   13.44%       2.000      4.000      6.000
            1228.000       9.182      -1.179       9.000   21.34%       6.000      9.000
     FULLTIME              0.629      -0.533       0.000   37.13%       0.000      1.000      1.000
            1228.000       0.233      -1.716       1.000   62.87%       1.000      1.000
     STUDENT               0.068       3.445       0.000   93.24%       0.000      0.000      0.000
            1228.000       0.063       9.868       1.000    6.76%       0.000      0.000
     HHINCOME             68.994       1.250       5.000    5.54%      30.000     42.500     62.500
            1228.000    2489.186       1.667     225.000    3.58%      62.500     87.500
     AVGVO                 1.350      -0.358       0.000    0.41%       0.418      1.259      1.542
            1228.000       0.554      -1.239       2.808    0.08%       1.772      2.052
     CA_WB                 0.488      -0.245       0.000    6.76%       0.059      0.358      0.614
            1228.000       0.120      -1.634       1.000    0.24%       0.718      0.833
     NYC                   0.616      -0.479       0.000   38.36%       0.000      1.000      1.000
            1228.000       0.236      -1.771       1.000   61.64%       1.000      1.000


RANDOM STARTS RESULTS RANKED FROM THE BEST TO THE WORST FIT FUNCTION VALUES

Fit function values at local maxima and random start numbers:

            822.9624         unperturbed

50 starting value run(s) did not converge.

THE MODEL ESTIMATION TERMINATED NORMALLY



MODEL FIT INFORMATION

Number of Free Parameters                      105

Chi-Square Test of Model Fit

          Value                           1026.064*
          Degrees of Freedom                   364
          P-Value                           0.0000

*   The chi-square value for MLM, MLMV, MLR, ULSMV, WLSM and WLSMV cannot be used
    for chi-square difference testing in the regular way.  MLM, MLR and WLSM
    chi-square difference testing is described on the Mplus website.  MLMV, WLSMV,
    and ULSMV difference testing is done using the DIFFTEST option.

RMSEA (Root Mean Square Error Of Approximation)

          Estimate                           0.038
          90 Percent C.I.                    0.036  0.041
          Probability RMSEA <= .05           1.000

CFI/TLI

          CFI                                0.898
          TLI                                0.879

Chi-Square Test of Model Fit for the Baseline Model

          Value                           6918.957
          Degrees of Freedom                   430
          P-Value                           0.0000

SRMR (Standardized Root Mean Square Residual)

          Value                              0.075

Optimum Function Value for Weighted Least-Squares Estimator

          Value                     0.33508240D+00



MODEL RESULTS

                                                    Two-Tailed
                    Estimate       S.E.  Est./S.E.    P-Value

 CARPRIDE BY
    Q28_3              1.000      0.000    999.000    999.000
    Q28_4              1.081      0.057     18.833      0.000
    Q28_6              0.991      0.045     22.261      0.000
    Q51_3              0.975      0.048     20.308      0.000
    Q51_4              0.972      0.055     17.584      0.000
    Q51_5              1.016      0.056     18.012      0.000
    Q31_1              1.057      0.050     20.939      0.000
    Q31_2              1.092      0.050     21.680      0.000
    Q31_3              1.022      0.054     19.023      0.000
    Q31_4              1.082      0.052     20.837      0.000
    Q53_6              1.116      0.049     22.649      0.000
    Q53_9              1.046      0.053     19.855      0.000

 GENPRIDE BY
    Q54_1              1.000      0.000    999.000    999.000
    Q54_2              0.933      0.029     32.289      0.000
    Q54_3              1.144      0.039     29.559      0.000
    Q54_4              1.095      0.036     30.539      0.000
    Q54_6              0.776      0.030     26.016      0.000
    Q54_8              0.798      0.033     24.453      0.000

 CARPRIDE ON
    GENPRIDE           0.413      0.073      5.660      0.000

 CARPRIDE ON
    AGE               -0.027      0.005     -5.773      0.000
    FEMALE            -0.423      0.141     -2.997      0.003
    WHITE              0.023      0.132      0.177      0.859
    HHPERS             0.237      0.074      3.190      0.001
    HHWKPERS          -0.033      0.063     -0.527      0.598
    HHINCOME           0.007      0.003      2.114      0.035
    EDUC              -0.003      0.021     -0.127      0.899
    FULLTIME          -0.464      0.203     -2.287      0.022
    STUDENT           -0.446      0.223     -2.002      0.045
    NYC                0.043      0.187      0.229      0.819
    CA_FREQ            0.077      0.037      2.074      0.038
    CAROWNER          -0.826      0.402     -2.053      0.040

 GENPRIDE ON
    HHINCOME           0.004      0.001      4.502      0.000
    FULLTIME           0.276      0.071      3.887      0.000
    NYC               -0.171      0.084     -2.043      0.041

 CA_FREQ  ON
    CARPRIDE          -0.190      0.463     -0.411      0.681

 CAROWNER ON
    CARPRIDE           0.699      0.082      8.511      0.000

 CA_FREQ  ON
    AGE               -0.053      0.027     -1.982      0.048
    FEMALE            -1.242      0.658     -1.889      0.059
    WHITE              1.860      0.612      3.039      0.002
    HHPERS             0.107      0.286      0.373      0.709
    HHWKPERS          -0.557      0.314     -1.773      0.076
    HHINCOME          -0.027      0.010     -2.797      0.005
    EDUC               0.270      0.105      2.558      0.011
    FULLTIME           4.296      0.691      6.215      0.000
    STUDENT           -2.581      1.344     -1.921      0.055
    NYC               -0.474      0.931     -0.509      0.611
    CAROWNER           4.436      0.583      7.607      0.000
    CA_WB              9.276      1.404      6.605      0.000

 CAROWNER ON
    AGE                0.016      0.005      3.194      0.001
    FEMALE            -0.103      0.126     -0.815      0.415
    WHITE              0.124      0.116      1.068      0.286
    HHPERS             0.128      0.055      2.306      0.021
    HHWKPERS           0.042      0.070      0.600      0.548
    HHINCOME           0.007      0.002      4.091      0.000
    EDUC               0.021      0.020      1.027      0.304
    FULLTIME           0.082      0.131      0.629      0.529
    STUDENT            0.165      0.219      0.754      0.451
    NYC                0.063      0.195      0.325      0.745
    AVGVO              0.453      0.102      4.449      0.000

 CARPRIDE WITH
    CAROWNER          -0.403      0.232     -1.736      0.083
    CA_FREQ           -2.067      1.854     -1.115      0.265

 Q28_3    WITH
    Q28_6              0.557      0.046     12.050      0.000

 Q51_3    WITH
    Q51_4              0.799      0.060     13.291      0.000
    Q51_5              0.557      0.056      9.971      0.000

 Q51_4    WITH
    Q51_5              0.928      0.066     14.091      0.000

 Q31_4    WITH
    Q31_2              0.369      0.031     12.080      0.000

 Intercepts
    CA_FREQ            2.745      1.260      2.178      0.029
    Q28_3              1.126      0.312      3.609      0.000
    Q28_4              0.774      0.354      2.186      0.029
    Q28_6              1.333      0.312      4.273      0.000
    Q51_3              1.422      0.314      4.529      0.000
    Q51_4              0.827      0.312      2.651      0.008
    Q51_5              1.280      0.325      3.936      0.000
    Q31_1              1.376      0.310      4.437      0.000
    Q31_2              1.350      0.302      4.465      0.000
    Q31_3              1.355      0.328      4.132      0.000
    Q31_4              0.917      0.298      3.082      0.002
    Q53_6              1.088      0.281      3.879      0.000
    Q53_9              1.306      0.305      4.279      0.000
    Q54_1              1.282      0.200      6.423      0.000
    Q54_2              1.292      0.190      6.792      0.000
    Q54_3              0.960      0.221      4.346      0.000
    Q54_4              0.727      0.211      3.440      0.001
    Q54_6              1.143      0.190      6.003      0.000
    Q54_8              1.204      0.207      5.809      0.000

 Thresholds
    CAROWNER$1         0.964      0.274      3.516      0.000

 Residual Variances
    CA_FREQ           50.318      3.577     14.068      0.000
    Q28_3              1.332      0.053     25.088      0.000
    Q28_4              1.806      0.085     21.346      0.000
    Q28_6              1.565      0.071     22.076      0.000
    Q51_3              1.456      0.066     21.991      0.000
    Q51_4              1.632      0.080     20.458      0.000
    Q51_5              1.570      0.078     20.233      0.000
    Q31_1              1.073      0.045     23.965      0.000
    Q31_2              0.953      0.037     25.845      0.000
    Q31_3              1.507      0.064     23.695      0.000
    Q31_4              1.016      0.039     25.765      0.000
    Q53_6              0.727      0.032     22.830      0.000
    Q53_9              1.342      0.054     24.639      0.000
    Q54_1              0.388      0.025     15.791      0.000
    Q54_2              0.447      0.021     21.071      0.000
    Q54_3              0.500      0.036     13.793      0.000
    Q54_4              0.446      0.027     16.397      0.000
    Q54_6              0.572      0.022     25.727      0.000
    Q54_8              0.913      0.034     26.879      0.000
    CARPRIDE           1.593      0.408      3.910      0.000
    GENPRIDE           0.978      0.057     17.280      0.000


STANDARDIZED MODEL RESULTS


STDYX Standardization

                                                    Two-Tailed
                    Estimate       S.E.  Est./S.E.    P-Value

 CARPRIDE BY
    Q28_3              0.736      0.016     47.123      0.000
    Q28_4              0.710      0.019     37.805      0.000
    Q28_6              0.705      0.018     39.763      0.000
    Q51_3              0.712      0.018     40.636      0.000
    Q51_4              0.690      0.021     33.384      0.000
    Q51_5              0.713      0.020     36.177      0.000
    Q31_1              0.788      0.013     58.734      0.000
    Q31_2              0.814      0.012     65.437      0.000
    Q31_3              0.722      0.016     43.903      0.000
    Q31_4              0.802      0.013     63.071      0.000
    Q53_6              0.854      0.010     83.861      0.000
    Q53_9              0.749      0.015     50.490      0.000

 GENPRIDE BY
    Q54_1              0.855      0.012     70.803      0.000
    Q54_2              0.820      0.012     69.346      0.000
    Q54_3              0.857      0.014     61.789      0.000
    Q54_4              0.860      0.011     74.992      0.000
    Q54_6              0.725      0.015     48.316      0.000
    Q54_8              0.651      0.016     40.866      0.000

 CARPRIDE ON
    GENPRIDE           0.338      0.057      5.885      0.000

 CARPRIDE ON
    AGE               -0.328      0.054     -6.047      0.000
    FEMALE            -0.168      0.055     -3.033      0.002
    WHITE              0.009      0.049      0.177      0.859
    HHPERS             0.277      0.086      3.226      0.001
    HHWKPERS          -0.029      0.054     -0.528      0.598
    HHINCOME           0.271      0.128      2.121      0.034
    EDUC              -0.007      0.051     -0.127      0.899
    FULLTIME          -0.179      0.078     -2.298      0.022
    STUDENT           -0.089      0.044     -2.020      0.043
    NYC                0.017      0.073      0.229      0.819
    CA_FREQ            0.637      0.305      2.090      0.037
    CAROWNER          -0.730      0.353     -2.066      0.039

 GENPRIDE ON
    HHINCOME           0.177      0.038      4.626      0.000
    FULLTIME           0.130      0.033      3.954      0.000
    NYC               -0.081      0.039     -2.052      0.040

 CA_FREQ  ON
    CARPRIDE          -0.023      0.056     -0.411      0.681

 CAROWNER ON
    CARPRIDE           0.791      0.155      5.092      0.000

 CA_FREQ  ON
    AGE               -0.078      0.039     -1.982      0.048
    FEMALE            -0.059      0.031     -1.890      0.059
    WHITE              0.083      0.027      3.053      0.002
    HHPERS             0.015      0.040      0.373      0.709
    HHWKPERS          -0.057      0.032     -1.772      0.076
    HHINCOME          -0.129      0.046     -2.824      0.005
    EDUC               0.078      0.031      2.570      0.010
    FULLTIME           0.199      0.031      6.526      0.000
    STUDENT           -0.062      0.032     -1.928      0.054
    NYC               -0.022      0.043     -0.509      0.611
    CAROWNER           0.471      0.073      6.414      0.000
    CA_WB              0.309      0.044      6.997      0.000

 CAROWNER ON
    AGE                0.215      0.078      2.751      0.006
    FEMALE            -0.046      0.055     -0.843      0.399
    WHITE              0.052      0.048      1.085      0.278
    HHPERS             0.170      0.064      2.638      0.008
    HHWKPERS           0.041      0.069      0.595      0.552
    HHINCOME           0.294      0.057      5.146      0.000
    EDUC               0.057      0.055      1.037      0.300
    FULLTIME           0.036      0.057      0.628      0.530
    STUDENT            0.037      0.051      0.739      0.460
    NYC                0.028      0.086      0.323      0.747
    AVGVO              0.305      0.068      4.456      0.000

 CARPRIDE WITH
    CAROWNER          -0.320      0.212     -1.510      0.131
    CA_FREQ           -0.231      0.189     -1.221      0.222

 Q28_3    WITH
    Q28_6              0.386      0.021     18.608      0.000

 Q51_3    WITH
    Q51_4              0.518      0.020     26.301      0.000
    Q51_5              0.369      0.024     15.079      0.000

 Q51_4    WITH
    Q51_5              0.580      0.018     32.778      0.000

 Q31_4    WITH
    Q31_2              0.375      0.021     17.793      0.000

 Intercepts
    CA_FREQ            0.263      0.125      2.112      0.035
    Q28_3              0.661      0.182      3.639      0.000
    Q28_4              0.406      0.185      2.199      0.028
    Q28_6              0.756      0.175      4.316      0.000
    Q51_3              0.828      0.182      4.555      0.000
    Q51_4              0.469      0.176      2.666      0.008
    Q51_5              0.717      0.180      3.985      0.000
    Q31_1              0.819      0.183      4.482      0.000
    Q31_2              0.803      0.177      4.529      0.000
    Q31_3              0.764      0.181      4.212      0.000
    Q31_4              0.543      0.175      3.106      0.002
    Q53_6              0.665      0.169      3.927      0.000
    Q53_9              0.747      0.173      4.329      0.000
    Q54_1              1.068      0.166      6.446      0.000
    Q54_2              1.106      0.163      6.803      0.000
    Q54_3              0.701      0.161      4.362      0.000
    Q54_4              0.556      0.161      3.446      0.001
    Q54_6              1.041      0.172      6.042      0.000
    Q54_8              0.957      0.166      5.753      0.000

 Thresholds
    CAROWNER$1         0.871      0.236      3.686      0.000

 Residual Variances
    CA_FREQ            0.463      0.035     13.067      0.000
    Q28_3              0.459      0.023     19.989      0.000
    Q28_4              0.496      0.027     18.628      0.000
    Q28_6              0.504      0.025     20.166      0.000
    Q51_3              0.494      0.025     19.817      0.000
    Q51_4              0.524      0.029     18.347      0.000
    Q51_5              0.492      0.028     17.510      0.000
    Q31_1              0.379      0.021     17.959      0.000
    Q31_2              0.338      0.020     16.669      0.000
    Q31_3              0.479      0.024     20.167      0.000
    Q31_4              0.356      0.020     17.446      0.000
    Q53_6              0.271      0.017     15.600      0.000
    Q53_9              0.439      0.022     19.740      0.000
    Q54_1              0.269      0.021     13.033      0.000
    Q54_2              0.327      0.019     16.880      0.000
    Q54_3              0.266      0.024     11.215      0.000
    Q54_4              0.261      0.020     13.229      0.000
    Q54_6              0.474      0.022     21.769      0.000
    Q54_8              0.576      0.021     27.788      0.000
    CARPRIDE           1.015      0.244      4.154      0.000
    GENPRIDE           0.929      0.019     49.454      0.000


STDY Standardization

                                                    Two-Tailed
                    Estimate       S.E.  Est./S.E.    P-Value

 CARPRIDE BY
    Q28_3              0.736      0.016     47.123      0.000
    Q28_4              0.710      0.019     37.805      0.000
    Q28_6              0.705      0.018     39.763      0.000
    Q51_3              0.712      0.018     40.636      0.000
    Q51_4              0.690      0.021     33.384      0.000
    Q51_5              0.713      0.020     36.177      0.000
    Q31_1              0.788      0.013     58.734      0.000
    Q31_2              0.814      0.012     65.437      0.000
    Q31_3              0.722      0.016     43.903      0.000
    Q31_4              0.802      0.013     63.071      0.000
    Q53_6              0.854      0.010     83.861      0.000
    Q53_9              0.749      0.015     50.490      0.000

 GENPRIDE BY
    Q54_1              0.855      0.012     70.803      0.000
    Q54_2              0.820      0.012     69.346      0.000
    Q54_3              0.857      0.014     61.789      0.000
    Q54_4              0.860      0.011     74.992      0.000
    Q54_6              0.725      0.015     48.316      0.000
    Q54_8              0.651      0.016     40.866      0.000

 CARPRIDE ON
    GENPRIDE           0.338      0.057      5.885      0.000

 CARPRIDE ON
    AGE               -0.022      0.004     -6.083      0.000
    FEMALE            -0.338      0.111     -3.038      0.002
    WHITE              0.019      0.106      0.177      0.859
    HHPERS             0.189      0.059      3.232      0.001
    HHWKPERS          -0.027      0.051     -0.528      0.598
    HHINCOME           0.005      0.003      2.122      0.034
    EDUC              -0.002      0.017     -0.127      0.899
    FULLTIME          -0.370      0.161     -2.300      0.021
    STUDENT           -0.356      0.176     -2.021      0.043
    NYC                0.034      0.149      0.229      0.819
    CA_FREQ            0.637      0.305      2.090      0.037
    CAROWNER          -0.730      0.353     -2.066      0.039

 GENPRIDE ON
    HHINCOME           0.004      0.001      4.644      0.000
    FULLTIME           0.269      0.068      3.966      0.000
    NYC               -0.166      0.081     -2.054      0.040

 CA_FREQ  ON
    CARPRIDE          -0.023      0.056     -0.411      0.681

 CAROWNER ON
    CARPRIDE           0.791      0.155      5.092      0.000

 CA_FREQ  ON
    AGE               -0.005      0.003     -1.983      0.047
    FEMALE            -0.119      0.063     -1.891      0.059
    WHITE              0.178      0.058      3.058      0.002
    HHPERS             0.010      0.027      0.373      0.709
    HHWKPERS          -0.053      0.030     -1.773      0.076
    HHINCOME          -0.003      0.001     -2.829      0.005
    EDUC               0.026      0.010      2.573      0.010
    FULLTIME           0.412      0.063      6.573      0.000
    STUDENT           -0.248      0.128     -1.929      0.054
    NYC               -0.045      0.089     -0.509      0.611
    CAROWNER           0.471      0.073      6.414      0.000
    CA_WB              0.890      0.126      7.045      0.000

 CAROWNER ON
    AGE                0.014      0.005      2.755      0.006
    FEMALE            -0.093      0.110     -0.843      0.399
    WHITE              0.112      0.103      1.086      0.278
    HHPERS             0.116      0.044      2.641      0.008
    HHWKPERS           0.038      0.064      0.595      0.552
    HHINCOME           0.006      0.001      5.161      0.000
    EDUC               0.019      0.018      1.037      0.300
    FULLTIME           0.074      0.119      0.628      0.530
    STUDENT            0.149      0.202      0.739      0.460
    NYC                0.057      0.177      0.323      0.747
    AVGVO              0.410      0.092      4.472      0.000

 CARPRIDE WITH
    CAROWNER          -0.320      0.212     -1.510      0.131
    CA_FREQ           -0.231      0.189     -1.221      0.222

 Q28_3    WITH
    Q28_6              0.386      0.021     18.608      0.000

 Q51_3    WITH
    Q51_4              0.518      0.020     26.301      0.000
    Q51_5              0.369      0.024     15.079      0.000

 Q51_4    WITH
    Q51_5              0.580      0.018     32.778      0.000

 Q31_4    WITH
    Q31_2              0.375      0.021     17.793      0.000

 Intercepts
    CA_FREQ            0.263      0.125      2.112      0.035
    Q28_3              0.661      0.182      3.639      0.000
    Q28_4              0.406      0.185      2.199      0.028
    Q28_6              0.756      0.175      4.316      0.000
    Q51_3              0.828      0.182      4.555      0.000
    Q51_4              0.469      0.176      2.666      0.008
    Q51_5              0.717      0.180      3.985      0.000
    Q31_1              0.819      0.183      4.482      0.000
    Q31_2              0.803      0.177      4.529      0.000
    Q31_3              0.764      0.181      4.212      0.000
    Q31_4              0.543      0.175      3.106      0.002
    Q53_6              0.665      0.169      3.927      0.000
    Q53_9              0.747      0.173      4.329      0.000
    Q54_1              1.068      0.166      6.446      0.000
    Q54_2              1.106      0.163      6.803      0.000
    Q54_3              0.701      0.161      4.362      0.000
    Q54_4              0.556      0.161      3.446      0.001
    Q54_6              1.041      0.172      6.042      0.000
    Q54_8              0.957      0.166      5.753      0.000

 Thresholds
    CAROWNER$1         0.871      0.236      3.686      0.000

 Residual Variances
    CA_FREQ            0.463      0.035     13.067      0.000
    Q28_3              0.459      0.023     19.989      0.000
    Q28_4              0.496      0.027     18.628      0.000
    Q28_6              0.504      0.025     20.166      0.000
    Q51_3              0.494      0.025     19.817      0.000
    Q51_4              0.524      0.029     18.347      0.000
    Q51_5              0.492      0.028     17.510      0.000
    Q31_1              0.379      0.021     17.959      0.000
    Q31_2              0.338      0.020     16.669      0.000
    Q31_3              0.479      0.024     20.167      0.000
    Q31_4              0.356      0.020     17.446      0.000
    Q53_6              0.271      0.017     15.600      0.000
    Q53_9              0.439      0.022     19.740      0.000
    Q54_1              0.269      0.021     13.033      0.000
    Q54_2              0.327      0.019     16.880      0.000
    Q54_3              0.266      0.024     11.215      0.000
    Q54_4              0.261      0.020     13.229      0.000
    Q54_6              0.474      0.022     21.769      0.000
    Q54_8              0.576      0.021     27.788      0.000
    CARPRIDE           1.015      0.244      4.154      0.000
    GENPRIDE           0.929      0.019     49.454      0.000


STD Standardization

                                                    Two-Tailed
                    Estimate       S.E.  Est./S.E.    P-Value

 CARPRIDE BY
    Q28_3              1.253      0.056     22.519      0.000
    Q28_4              1.354      0.073     18.549      0.000
    Q28_6              1.242      0.059     21.007      0.000
    Q51_3              1.222      0.057     21.587      0.000
    Q51_4              1.218      0.065     18.884      0.000
    Q51_5              1.273      0.067     18.911      0.000
    Q31_1              1.325      0.053     24.898      0.000
    Q31_2              1.368      0.053     25.917      0.000
    Q31_3              1.281      0.060     21.418      0.000
    Q31_4              1.355      0.054     25.072      0.000
    Q53_6              1.398      0.048     29.007      0.000
    Q53_9              1.310      0.057     22.981      0.000

 GENPRIDE BY
    Q54_1              1.026      0.031     33.619      0.000
    Q54_2              0.958      0.029     33.449      0.000
    Q54_3              1.174      0.041     28.822      0.000
    Q54_4              1.124      0.035     32.256      0.000
    Q54_6              0.796      0.028     28.016      0.000
    Q54_8              0.819      0.033     25.101      0.000

 CARPRIDE ON
    GENPRIDE           0.338      0.057      5.885      0.000

 CARPRIDE ON
    AGE               -0.022      0.004     -6.083      0.000
    FEMALE            -0.338      0.111     -3.038      0.002
    WHITE              0.019      0.106      0.177      0.859
    HHPERS             0.189      0.059      3.232      0.001
    HHWKPERS          -0.027      0.051     -0.528      0.598
    HHINCOME           0.005      0.003      2.122      0.034
    EDUC              -0.002      0.017     -0.127      0.899
    FULLTIME          -0.370      0.161     -2.300      0.021
    STUDENT           -0.356      0.176     -2.021      0.043
    NYC                0.034      0.149      0.229      0.819
    CA_FREQ            0.061      0.029      2.081      0.037
    CAROWNER          -0.660      0.320     -2.059      0.039

 GENPRIDE ON
    HHINCOME           0.004      0.001      4.644      0.000
    FULLTIME           0.269      0.068      3.966      0.000
    NYC               -0.166      0.081     -2.054      0.040

 CA_FREQ  ON
    CARPRIDE          -0.238      0.579     -0.411      0.681

 CAROWNER ON
    CARPRIDE           0.875      0.097      9.063      0.000

 CA_FREQ  ON
    AGE               -0.053      0.027     -1.982      0.048
    FEMALE            -1.242      0.658     -1.889      0.059
    WHITE              1.860      0.612      3.039      0.002
    HHPERS             0.107      0.286      0.373      0.709
    HHWKPERS          -0.557      0.314     -1.773      0.076
    HHINCOME          -0.027      0.010     -2.797      0.005
    EDUC               0.270      0.105      2.558      0.011
    FULLTIME           4.296      0.691      6.215      0.000
    STUDENT           -2.581      1.344     -1.921      0.055
    NYC               -0.474      0.931     -0.509      0.611
    CAROWNER           4.436      0.583      7.607      0.000
    CA_WB              9.276      1.404      6.605      0.000

 CAROWNER ON
    AGE                0.016      0.005      3.194      0.001
    FEMALE            -0.103      0.126     -0.815      0.415
    WHITE              0.124      0.116      1.068      0.286
    HHPERS             0.128      0.055      2.306      0.021
    HHWKPERS           0.042      0.070      0.600      0.548
    HHINCOME           0.007      0.002      4.091      0.000
    EDUC               0.021      0.020      1.027      0.304
    FULLTIME           0.082      0.131      0.629      0.529
    STUDENT            0.165      0.219      0.754      0.451
    NYC                0.063      0.195      0.325      0.745
    AVGVO              0.453      0.102      4.449      0.000

 CARPRIDE WITH
    CAROWNER          -0.320      0.212     -1.510      0.131
    CA_FREQ           -1.638      1.328     -1.233      0.217

 Q28_3    WITH
    Q28_6              0.557      0.046     12.050      0.000

 Q51_3    WITH
    Q51_4              0.799      0.060     13.291      0.000
    Q51_5              0.557      0.056      9.971      0.000

 Q51_4    WITH
    Q51_5              0.928      0.066     14.091      0.000

 Q31_4    WITH
    Q31_2              0.369      0.031     12.080      0.000

 Intercepts
    CA_FREQ            2.745      1.260      2.178      0.029
    Q28_3              1.126      0.312      3.609      0.000
    Q28_4              0.774      0.354      2.186      0.029
    Q28_6              1.333      0.312      4.273      0.000
    Q51_3              1.422      0.314      4.529      0.000
    Q51_4              0.827      0.312      2.651      0.008
    Q51_5              1.280      0.325      3.936      0.000
    Q31_1              1.376      0.310      4.437      0.000
    Q31_2              1.350      0.302      4.465      0.000
    Q31_3              1.355      0.328      4.132      0.000
    Q31_4              0.917      0.298      3.082      0.002
    Q53_6              1.088      0.281      3.879      0.000
    Q53_9              1.306      0.305      4.279      0.000
    Q54_1              1.282      0.200      6.423      0.000
    Q54_2              1.292      0.190      6.792      0.000
    Q54_3              0.960      0.221      4.346      0.000
    Q54_4              0.727      0.211      3.440      0.001
    Q54_6              1.143      0.190      6.003      0.000
    Q54_8              1.204      0.207      5.809      0.000

 Thresholds
    CAROWNER$1         0.964      0.274      3.516      0.000

 Residual Variances
    CA_FREQ           50.318      3.577     14.068      0.000
    Q28_3              1.332      0.053     25.088      0.000
    Q28_4              1.806      0.085     21.346      0.000
    Q28_6              1.565      0.071     22.076      0.000
    Q51_3              1.456      0.066     21.991      0.000
    Q51_4              1.632      0.080     20.458      0.000
    Q51_5              1.570      0.078     20.233      0.000
    Q31_1              1.073      0.045     23.965      0.000
    Q31_2              0.953      0.037     25.845      0.000
    Q31_3              1.507      0.064     23.695      0.000
    Q31_4              1.016      0.039     25.765      0.000
    Q53_6              0.727      0.032     22.830      0.000
    Q53_9              1.342      0.054     24.639      0.000
    Q54_1              0.388      0.025     15.791      0.000
    Q54_2              0.447      0.021     21.071      0.000
    Q54_3              0.500      0.036     13.793      0.000
    Q54_4              0.446      0.027     16.397      0.000
    Q54_6              0.572      0.022     25.727      0.000
    Q54_8              0.913      0.034     26.879      0.000
    CARPRIDE           1.015      0.244      4.154      0.000
    GENPRIDE           0.929      0.019     49.454      0.000


R-SQUARE

    Observed                                        Two-Tailed     Scale
    Variable        Estimate       S.E.  Est./S.E.    P-Value     Factors

    CAROWNER           0.183      0.161      1.137      0.256      1.185
    CA_FREQ            0.537      0.035     15.135      0.000
    Q28_3              0.541      0.023     23.562      0.000
    Q28_4              0.504      0.027     18.902      0.000
    Q28_6              0.496      0.025     19.882      0.000
    Q51_3              0.506      0.025     20.318      0.000
    Q51_4              0.476      0.029     16.692      0.000
    Q51_5              0.508      0.028     18.089      0.000
    Q31_1              0.621      0.021     29.367      0.000
    Q31_2              0.662      0.020     32.718      0.000
    Q31_3              0.521      0.024     21.951      0.000
    Q31_4              0.644      0.020     31.536      0.000
    Q53_6              0.729      0.017     41.931      0.000
    Q53_9              0.561      0.022     25.245      0.000
    Q54_1              0.731      0.021     35.401      0.000
    Q54_2              0.673      0.019     34.673      0.000
    Q54_3              0.734      0.024     30.894      0.000
    Q54_4              0.739      0.020     37.496      0.000
    Q54_6              0.526      0.022     24.158      0.000
    Q54_8              0.424      0.021     20.433      0.000

     Latent                                         Two-Tailed
    Variable        Estimate       S.E.  Est./S.E.    P-Value

    CARPRIDE        Undefined  -0.15217E-01
    GENPRIDE           0.071      0.019      3.786      0.000


QUALITY OF NUMERICAL RESULTS

     Condition Number for the Information Matrix              0.912E-07
       (ratio of smallest to largest eigenvalue)


TOTAL, TOTAL INDIRECT, SPECIFIC INDIRECT, AND DIRECT EFFECTS FOR LATENT RESPONSE VARIABLES


                                                    Two-Tailed
                    Estimate       S.E.  Est./S.E.    P-Value

Effects from CARPRIDE to CA_FREQ

  Indirect             3.099      0.534      5.799      0.000

Effects from CAROWNER to CARPRIDE

  Indirect             0.340      0.173      1.969      0.049


TOTAL, INDIRECT, AND DIRECT EFFECTS BASED ON COUNTERFACTUALS (CAUSALLY-DEFINED EFFECTS)


     COUNTERFACTUAL EFFECTS ARE NOT AVAILABLE FOR THIS MODEL.



STANDARDIZED TOTAL, TOTAL INDIRECT, SPECIFIC INDIRECT, AND DIRECT EFFECTS FOR LATENT RESPONSE VARIABLES


STDYX Standardization

                                                    Two-Tailed
                    Estimate       S.E.  Est./S.E.    P-Value

Effects from CARPRIDE to CA_FREQ

  Indirect             0.373      0.060      6.163      0.000

Effects from CAROWNER to CARPRIDE

  Indirect             0.300      0.153      1.955      0.051


STDY Standardization

                                                    Two-Tailed
                    Estimate       S.E.  Est./S.E.    P-Value

Effects from CARPRIDE to CA_FREQ

  Indirect             0.373      0.060      6.163      0.000

Effects from CAROWNER to CARPRIDE

  Indirect             0.300      0.153      1.955      0.051


STD Standardization

                                                    Two-Tailed
                    Estimate       S.E.  Est./S.E.    P-Value

Effects from CARPRIDE to CA_FREQ

  Indirect             3.883      0.653      5.945      0.000

Effects from CAROWNER to CARPRIDE

  Indirect             0.271      0.137      1.976      0.048


STANDARDIZED TOTAL, INDIRECT, AND DIRECT EFFECTS BASED ON COUNTERFACTUALS (CAUSALLY-DEFINED EFFECTS)


STDYX Standardization

                                                    Two-Tailed
                    Estimate       S.E.  Est./S.E.    P-Value

Effects from CARPRIDE to CA_FREQ

NOT AVAILABLE.

Effects from CAROWNER to CARPRIDE

  Tot natural IE       0.300      0.153      1.955      0.051
  Pure natural DE     -0.730      0.353     -2.066      0.039
  Total effect        -0.429      0.237     -1.810      0.070

 Other effects

  Pure natural IE      0.300      0.153      1.955      0.051
  Tot natural DE      -0.730      0.353     -2.066      0.039
  Total effect        -0.429      0.237     -1.810      0.070


STDY Standardization

                                                    Two-Tailed
                    Estimate       S.E.  Est./S.E.    P-Value

Effects from CARPRIDE to CA_FREQ

NOT AVAILABLE.

Effects from CAROWNER to CARPRIDE

  Tot natural IE       0.300      0.153      1.955      0.051
  Pure natural DE     -0.730      0.353     -2.066      0.039
  Total effect        -0.429      0.237     -1.810      0.070

 Other effects

  Pure natural IE      0.300      0.153      1.955      0.051
  Tot natural DE      -0.730      0.353     -2.066      0.039
  Total effect        -0.429      0.237     -1.810      0.070


STD Standardization

                                                    Two-Tailed
                    Estimate       S.E.  Est./S.E.    P-Value

Effects from CARPRIDE to CA_FREQ

NOT AVAILABLE.

Effects from CAROWNER to CARPRIDE

  Tot natural IE       0.271      0.137      1.976      0.048
  Pure natural DE     -0.660      0.320     -2.059      0.039
  Total effect        -0.388      0.217     -1.792      0.073

 Other effects

  Pure natural IE      0.271      0.137      1.976      0.048
  Tot natural DE      -0.660      0.320     -2.059      0.039
  Total effect        -0.388      0.217     -1.792      0.073



DIAGRAM INFORMATION

  Use View Diagram under the Diagram menu in the Mplus Editor to view the diagram.
  If running Mplus from the Mplus Diagrammer, the diagram opens automatically.

  Diagram output
    c:\users\jcmoody\dropbox (mit)\joanna_jinhua\papers\carpride_caruse\models\caruse_mainmodel_rev.dgm

     Beginning Time:  18:50:07
        Ending Time:  18:50:15
       Elapsed Time:  00:00:08



MUTHEN & MUTHEN
3463 Stoner Ave.
Los Angeles, CA  90066

Tel: (310) 391-9971
Fax: (310) 391-8971
Web: www.StatModel.com
Support: Support@StatModel.com

Copyright (c) 1998-2018 Muthen & Muthen
