Mplus VERSION 8.1 (Mac)
MUTHEN & MUTHEN
01/07/2019   7:43 PM

INPUT INSTRUCTIONS

  TITLE:	Multilevel CFA - Dichotomous Car Pride Scale

  DATA:	
  	FILE IS CarPrideItems.txt;

  VARIABLE:	
  	NAMES ARE
  	R_ID iso_num
  	q14A	q14B	q14C	q14D	q14E	
  	q14F	q14G	q14H	q14I	q14J	
  	q14K	q14L	q15A	q15B	q15C	
  	q15D	q15E	q15F;

    USEVARIABLES ARE
     	iso_num
      	q14A q14B q14F q14K
      	q15A q15B
          !q15C q15D
           q15F;

    CATEGORICAL ARE
           q14A q14B q14F q14K	
      	 q15A q15B
           !q15C q15D
           q15F;
    WITHIN = ;
    BETWEEN = ;

    CLUSTER = iso_num;
    IDVARIABLE = R_ID;	
    MISSING = ALL (-9999);

  ANALYSIS:
      TYPE = TWOLEVEL;
      ESTIMATOR = WLSM;
      PROCESSORS = 4;

  MODEL:
      %WITHIN%
      CarPr_Id BY q14A@1 (f1)
      	   q14B (f2)
      	   q14F (f3)
      	   q14K (f4)
      	   q15A (f5)
      	   q15B (f6)
      	   !q15C
      	   !q15D
      	   q15F (f7);
      CarPr_Id*;

      %BETWEEN%
      CarPr_Co BY q14A@1 (f1)
              q14B (f2)
              q14F (f3)
              q14K (f4)
              q15A (f5)
              q15B (f6)
              !q15C
              !q15D
              q15F (f7);
      CarPr_CO*;
      q14A*
      q14B*
      q14F*
      q14K*
      q15A*
      q15B*
      !q15C*
      !q15D*
      q15F*;

  OUTPUT:
      SVALUES;



INPUT READING TERMINATED NORMALLY



Multilevel CFA - Dichotomous Car Pride Scale

SUMMARY OF ANALYSIS

Number of groups                                                 1
Number of observations                                       41932

Number of dependent variables                                    7
Number of independent variables                                  0
Number of continuous latent variables                            2

Observed dependent variables

  Binary and ordered categorical (ordinal)
   Q14A        Q14B        Q14F        Q14K        Q15A        Q15B
   Q15F

Continuous latent variables
   CARPR_ID    CARPR_CO

Variables with special functions

  Cluster variable      ISO_NUM
  ID variable           R_ID

Estimator                                                     WLSM
Optimization Specifications for the Quasi-Newton Algorithm for
Continuous Outcomes
  Maximum number of iterations                                1000
  Convergence criterion                                  0.100D-05
Optimization Specifications for the EM Algorithm
  Maximum number of iterations                                 500
  Convergence criteria
    Loglikelihood change                                 0.100D-02
    Relative loglikelihood change                        0.100D-05
    Derivative                                           0.100D-02
Optimization Specifications for the M step of the EM Algorithm for
Categorical Latent variables
  Number of M step iterations                                    1
  M step convergence criterion                           0.100D-02
  Basis for M step termination                           ITERATION
Optimization Specifications for the M step of the EM Algorithm for
Censored, Binary or Ordered Categorical (Ordinal), Unordered
Categorical (Nominal) and Count Outcomes
  Number of M step iterations                                    1
  M step convergence criterion                           0.100D-02
  Basis for M step termination                           ITERATION
  Maximum value for logit thresholds                            10
  Minimum value for logit thresholds                           -10
  Minimum expected cell size for chi-square              0.100D-01
Maximum number of iterations for H1                           2000
Convergence criterion for H1                             0.100D-03
Optimization algorithm                                          FS
Integration Specifications
  Type                                                    STANDARD
  Number of integration points                                   7
  Dimensions of numerical integration                            2
  Adaptive quadrature                                           ON
Link                                                        PROBIT
Cholesky                                                        ON

Input data file(s)
  CarPrideItems.txt
Input data format  FREE


SUMMARY OF DATA

     Number of clusters                         51

     Average cluster size      822.196

     Estimated Intraclass Correlations for the Y Variables

                Intraclass              Intraclass              Intraclass
     Variable  Correlation   Variable  Correlation   Variable  Correlation

     Q14A         0.046      Q14B         0.038      Q14F         0.050
     Q14K         0.022      Q15A         0.031      Q15B         0.059
     Q15F         0.032



COVARIANCE COVERAGE OF DATA

Minimum covariance coverage value   0.100


UNIVARIATE PROPORTIONS AND COUNTS FOR CATEGORICAL VARIABLES

    Q14A
      Category 1    0.895        37543.000
      Category 2    0.105         4389.000
    Q14B
      Category 1    0.898        37640.000
      Category 2    0.102         4292.000
    Q14F
      Category 1    0.947        39709.000
      Category 2    0.053         2223.000
    Q14K
      Category 1    0.966        40521.000
      Category 2    0.034         1411.000
    Q15A
      Category 1    0.862        36154.000
      Category 2    0.138         5778.000
    Q15B
      Category 1    0.754        31608.000
      Category 2    0.246        10324.000
    Q15F
      Category 1    0.878        36825.000
      Category 2    0.122         5107.000



THE MODEL ESTIMATION TERMINATED NORMALLY



MODEL FIT INFORMATION

Number of Free Parameters                       22

Chi-Square Test of Model Fit

          Value                            861.408*
          Degrees of Freedom                    34
          P-Value                           0.0000
          Scaling Correction Factor         0.6192
            for WLSM

*   The chi-square value for MLM, MLMV, MLR, ULSMV, WLSM and WLSMV cannot be used
    for chi-square difference testing in the regular way.  MLM, MLR and WLSM
    chi-square difference testing is described on the Mplus website.  MLMV, WLSMV,
    and ULSMV difference testing is done using the DIFFTEST option.

RMSEA (Root Mean Square Error Of Approximation)

          Estimate                           0.024

CFI/TLI

          CFI                                0.987
          TLI                                0.985

Chi-Square Test of Model Fit for the Baseline Model

          Value                          66143.058
          Degrees of Freedom                    42
          P-Value                           0.0000

SRMR (Standardized Root Mean Square Residual)

          Value for Within                   0.051
          Value for Between                  0.104



MODEL RESULTS

                                                    Two-Tailed
                    Estimate       S.E.  Est./S.E.    P-Value

Within Level

 CARPR_ID BY
    Q14A               1.000      0.000    999.000    999.000
    Q14B               0.788      0.022     35.406      0.000
    Q14F               0.744      0.016     47.586      0.000
    Q14K               0.436      0.012     35.224      0.000
    Q15A               0.825      0.017     49.358      0.000
    Q15B               0.508      0.011     44.982      0.000
    Q15F               0.665      0.014     46.059      0.000

 Variances
    CARPR_ID           1.755      0.055     32.197      0.000

Between Level

 CARPR_CO BY
    Q14A               1.000      0.000    999.000    999.000
    Q14B               0.788      0.022     35.406      0.000
    Q14F               0.744      0.016     47.586      0.000
    Q14K               0.436      0.012     35.224      0.000
    Q15A               0.825      0.017     49.358      0.000
    Q15B               0.508      0.011     44.982      0.000
    Q15F               0.665      0.014     46.059      0.000

 Thresholds
    Q14A$1             2.091      0.066     31.835      0.000
    Q14B$1             1.866      0.033     55.808      0.000
    Q14F$1             2.313      0.055     42.154      0.000
    Q14K$1             2.138      0.037     57.583      0.000
    Q15A$1             1.623      0.042     39.051      0.000
    Q15B$1             0.861      0.044     19.674      0.000
    Q15F$1             1.558      0.035     45.002      0.000

 Variances
    CARPR_CO           0.088      0.019      4.571      0.000

 Residual Variances
    Q14A               0.045      0.021      2.187      0.029
    Q14B               0.029      0.019      1.549      0.121
    Q14F               0.056      0.018      3.185      0.001
    Q14K               0.014      0.005      2.649      0.008
    Q15A               0.010      0.012      0.823      0.411
    Q15B               0.068      0.021      3.284      0.001
    Q15F               0.021      0.012      1.750      0.080


QUALITY OF NUMERICAL RESULTS

     Condition Number for the Information Matrix              0.514E-02
       (ratio of smallest to largest eigenvalue)


MODEL COMMAND WITH FINAL ESTIMATES USED AS STARTING VALUES

     %WITHIN%

     carpr_id BY q14a@1;
     carpr_id BY q14b*0.78840 (f2);
     carpr_id BY q14f*0.74392 (f3);
     carpr_id BY q14k*0.43605 (f4);
     carpr_id BY q15a*0.82495 (f5);
     carpr_id BY q15b*0.50772 (f6);
     carpr_id BY q15f*0.66504 (f7);

     carpr_id*1.75539;

     %BETWEEN%

     carpr_co BY q14a@1;
     carpr_co BY q14b*0.78840 (f2);
     carpr_co BY q14f*0.74392 (f3);
     carpr_co BY q14k*0.43605 (f4);
     carpr_co BY q15a*0.82495 (f5);
     carpr_co BY q15b*0.50772 (f6);
     carpr_co BY q15f*0.66504 (f7);

     [ q14a$1*2.09080 ];
     [ q14b$1*1.86612 ];
     [ q14f$1*2.31305 ];
     [ q14k$1*2.13847 ];
     [ q15a$1*1.62279 ];
     [ q15b$1*0.86090 ];
     [ q15f$1*1.55833 ];

     q14a*0.04489;
     q14b*0.02871;
     q14f*0.05604;
     q14k*0.01354;
     q15a*0.01017;
     q15b*0.06824;
     q15f*0.02050;
     carpr_co*0.08773;



DIAGRAM INFORMATION

  Mplus diagrams are currently not available for multilevel analysis.
  No diagram output was produced.


     Beginning Time:  19:43:25
        Ending Time:  19:57:41
       Elapsed Time:  00:14:16



MUTHEN & MUTHEN
3463 Stoner Ave.
Los Angeles, CA  90066

Tel: (310) 391-9971
Fax: (310) 391-8971
Web: www.StatModel.com
Support: Support@StatModel.com

Copyright (c) 1998-2018 Muthen & Muthen
