Mplus VERSION 8.1 (Mac)
MUTHEN & MUTHEN
11/07/2018  12:20 PM

INPUT INSTRUCTIONS

  TITLE:	Car Pride MCFA - Two-Level Alpha Reliability

  DATA:	
  	FILE IS CarPrideItems.txt;

  VARIABLE:	
  	NAMES ARE
  	R_ID iso_num
  	q14A	q14B	q14C	q14D	q14E	
  	q14F	q14G	q14H	q14I	q14J	
  	q14K	q14L	q15A	q15B	q15C	
  	q15D	q15E	q15F;

    USEVARIABLES ARE
     	iso_num
      	q14A q14B q14F q14K
      	q15A q15B q15C q15D q15F;

    CATEGORICAL ARE
           q14A q14B q14F q14K	
      	q15A q15B q15C q15D q15F;

    CLUSTER = iso_num;
    IDVARIABLE = R_ID;	
    MISSING = ALL (-9999);

  ANALYSIS:
      TYPE = TWOLEVEL;
      ESTIMATOR = WLSMV;
      PARAMETERIZATION = THETA;

  MODEL:
  %WITHIN%
  !all within-level item covariances/correlations (WCs)
      q14A WITH
         q14B (WC1)
         q14F (WC2)
         q14K (WC3)
         q15A (WC4)
         q15B (WC5)
         q15C (WC6)
         q15D (WC7)
         q15F (WC8);

      q14B WITH
         q14F (WC9)
         q14K (WC10)
         q15A (WC11)
         q15B (WC12)
         q15C (WC13)
         q15D (WC14)
         q15F (WC15);

      q14F WITH
         q14K (WC16)
         q15A (WC17)
         q15B (WC18)
         q15C (WC19)
         q15D (WC20)
         q15F (WC21);

      q14K WITH
         q15A (WC22)
         q15B (WC23)
         q15C (WC24)
         q15D (WC25)
         q15F (WC26);

      q15A WITH
         q15B (WC27)
         q15C (WC28)
         q15D (WC29)
         q15F (WC30);

      q15B WITH
         q15C (WC31)
         q15D (WC32)
         q15F (WC33);

      q15C WITH
         q15D (WC34)
         q15F (WC35);

      q15D WITH
         q15F (WC36);

  !cannot freely estimate within-level item variances (WVs)
  !fixed at 1 for probit and at pi^2/3 for logit
      !q14A (WV1);
      !q14B (WV2);
      !q14F (WV3);
      !q14K (WV4);
      !q15A (WV5);
      !q15B (WV6);
      !q15C (WV7);
      !q15D (WV8);
      !q15F (WV9);

  %BETWEEN%
  !all between-level item covariances/correlations (BCs)
      q14A WITH
         q14B (BC1)
         q14F (BC2)
         q14K (BC3)
         q15A (BC4)
         q15B (BC5)
         q15C (BC6)
         q15D (BC7)
         q15F (BC8);

      q14B WITH
         q14F (BC9)
         q14K (BC10)
         q15A (BC11)
         q15B (BC12)
         q15C (BC13)
         q15D (BC14)
         q15F (BC15);

      q14F WITH
         q14K (BC16)
         q15A (BC17)
         q15B (BC18)
         q15C (BC19)
         q15D (BC20)
         q15F (BC21);

      q14K WITH
         q15A (BC22)
         q15B (BC23)
         q15C (BC24)
         q15D (BC25)
         q15F (BC26);

      q15A WITH
         q15B (BC27)
         q15C (BC28)
         q15D (BC29)
         q15F (BC30);

      q15B WITH
         q15C (BC31)
         q15D (BC32)
         q15F (BC33);

      q15C WITH
         q15D (BC34)
         q15F (BC35);

      q15D WITH
         q15F (BC36);

  !between-level item variances (BVs)
      q14A (BV1);
      q14B (BV2);
      q14F (BV3);
      q14K (BV4);
      q15A (BV5);
      q15B (BV6);
      q15C (BV7);
      q15D (BV8);
      q15F (BV9);

  OUTPUT:
      SAMPSTAT STANDARDIZED;

  MODEL CONSTRAINT:
      NEW(COMP_V_W ALPHA_W COMP_V_B ALPHA_B);
      COMP_V_W = !WV1+WV2+WV3+WV4+WV5+WV6+WV7+WV8+WV9=9(1)
               9+2*(WC1+WC2+WC3+WC4+WC5+WC6+WC7+WC8+WC9+
               WC10+WC11+WC12+WC13+WC14+WC15+WC16+WC17+WC18+
               WC19+WC20+WC21+WC22+WC23+WC24+WC25+WC26+WC27+
               WC28+WC29+WC30+WC31+WC32+WC33+WC34+WC35+WC36);
      ALPHA_W = (((WC1+WC2+WC3+WC4+WC5+WC6+WC7+WC8+WC9+
               WC10+WC11+WC12+WC13+WC14+WC15+WC16+WC17+WC18+
               WC19+WC20+WC21+WC22+WC23+WC24+WC25+WC26+WC27+
               WC28+WC29+WC30+WC31+WC32+WC33+WC34+WC35+WC36)/36)*81)/COMP_V_W;
      COMP_V_B = BV1+BV2+BV3+BV4+BV5+BV6+BV7+BV8+BV9+
               2*(BC1+BC2+BC3+BC4+BC5+BC6+BC7+BC8+BC9+
               BC10+BC11+BC12+BC13+BC14+BC15+BC16+BC17+BC18+
               BC19+BC20+BC21+BC22+BC23+BC24+BC25+BC26+BC27+
               BC28+BC29+BC30+BC31+BC32+BC33+BC34+BC35+BC36);
      ALPHA_B = (((BC1+BC2+BC3+BC4+BC5+BC6+BC7+BC8+BC9+
               BC10+BC11+BC12+BC13+BC14+BC15+BC16+BC17+BC18+
               BC19+BC20+BC21+BC22+BC23+BC24+BC25+BC26+BC27+
               BC28+BC29+BC30+BC31+BC32+BC33+BC34+BC35+BC36)/36)*81)/COMP_V_B;





INPUT READING TERMINATED NORMALLY



Car Pride MCFA - Single Level Alpha Reliability

SUMMARY OF ANALYSIS

Number of groups                                                 1
Number of observations                                       41932

Number of dependent variables                                    9
Number of independent variables                                  0
Number of continuous latent variables                            0

Observed dependent variables

  Binary and ordered categorical (ordinal)
   Q14A        Q14B        Q14F        Q14K        Q15A        Q15B
   Q15C        Q15D        Q15F

Variables with special functions

  Cluster variable      ISO_NUM
  ID variable           R_ID

Estimator                                                    WLSMV
Optimization Specifications for the Quasi-Newton Algorithm for
Continuous Outcomes
  Maximum number of iterations                                1000
  Convergence criterion                                  0.100D-05
Optimization Specifications for the EM Algorithm
  Maximum number of iterations                                 500
  Convergence criteria
    Loglikelihood change                                 0.100D-02
    Relative loglikelihood change                        0.100D-05
    Derivative                                           0.100D-02
Optimization Specifications for the M step of the EM Algorithm for
Categorical Latent variables
  Number of M step iterations                                    1
  M step convergence criterion                           0.100D-02
  Basis for M step termination                           ITERATION
Optimization Specifications for the M step of the EM Algorithm for
Censored, Binary or Ordered Categorical (Ordinal), Unordered
Categorical (Nominal) and Count Outcomes
  Number of M step iterations                                    1
  M step convergence criterion                           0.100D-02
  Basis for M step termination                           ITERATION
  Maximum value for logit thresholds                            10
  Minimum value for logit thresholds                           -10
  Minimum expected cell size for chi-square              0.100D-01
Maximum number of iterations for H1                           2000
Convergence criterion for H1                             0.100D-03
Optimization algorithm                                          FS
Integration Specifications
  Type                                                    STANDARD
  Number of integration points                                   7
  Dimensions of numerical integration                            2
  Adaptive quadrature                                           ON
Link                                                        PROBIT
Cholesky                                                        ON

Input data file(s)
  CarPrideItems.txt
Input data format  FREE


SUMMARY OF DATA

     Number of clusters                         51

     Average cluster size      822.196

     Estimated Intraclass Correlations for the Y Variables

                Intraclass              Intraclass              Intraclass
     Variable  Correlation   Variable  Correlation   Variable  Correlation

     Q14A         0.046      Q14B         0.038      Q14F         0.050
     Q14K         0.022      Q15A         0.031      Q15B         0.059
     Q15C         0.072      Q15D         0.086      Q15F         0.032



COVARIANCE COVERAGE OF DATA

Minimum covariance coverage value   0.100


UNIVARIATE PROPORTIONS AND COUNTS FOR CATEGORICAL VARIABLES

    Q14A
      Category 1    0.895        37543.000
      Category 2    0.105         4389.000
    Q14B
      Category 1    0.898        37640.000
      Category 2    0.102         4292.000
    Q14F
      Category 1    0.947        39709.000
      Category 2    0.053         2223.000
    Q14K
      Category 1    0.966        40521.000
      Category 2    0.034         1411.000
    Q15A
      Category 1    0.862        36154.000
      Category 2    0.138         5778.000
    Q15B
      Category 1    0.754        31608.000
      Category 2    0.246        10324.000
    Q15C
      Category 1    0.799        33505.000
      Category 2    0.201         8427.000
    Q15D
      Category 1    0.792        33231.000
      Category 2    0.208         8701.000
    Q15F
      Category 1    0.878        36825.000
      Category 2    0.122         5107.000


SAMPLE STATISTICS


     ESTIMATED SAMPLE STATISTICS


           MEANS/INTERCEPTS/THRESHOLDS
              Q14A$1        Q14B$1        Q14F$1        Q14K$1        Q15A$1
              ________      ________      ________      ________      ________
                1.260         1.290         1.647         1.852         1.095


           MEANS/INTERCEPTS/THRESHOLDS
              Q15B$1        Q15C$1        Q15D$1        Q15F$1
              ________      ________      ________      ________
                0.714         0.858         0.830         1.169


           WITHIN LEVEL VARIANCE/COVARIANCE
              Q14A          Q14B          Q14F          Q14K          Q15A
              ________      ________      ________      ________      ________
 Q14A           1.000
 Q14B           0.540         1.000
 Q14F           0.515         0.506         1.000
 Q14K           0.330         0.336         0.435         1.000
 Q15A           0.626         0.546         0.501         0.389         1.000
 Q15B           0.465         0.486         0.425         0.249         0.318
 Q15C           0.420         0.446         0.374         0.257         0.301
 Q15D           0.394         0.429         0.375         0.281         0.280
 Q15F           0.537         0.459         0.517         0.418         0.462


           WITHIN LEVEL VARIANCE/COVARIANCE
              Q15B          Q15C          Q15D          Q15F
              ________      ________      ________      ________
 Q15B           1.000
 Q15C           0.400         1.000
 Q15D           0.291         0.299         1.000
 Q15F           0.292         0.311         0.278         1.000


           WITHIN LEVEL CORRELATION
              Q14A          Q14B          Q14F          Q14K          Q15A
              ________      ________      ________      ________      ________
 Q14A           1.000
 Q14B           0.540         1.000
 Q14F           0.515         0.506         1.000
 Q14K           0.330         0.336         0.435         1.000
 Q15A           0.626         0.546         0.501         0.389         1.000
 Q15B           0.465         0.486         0.425         0.249         0.318
 Q15C           0.420         0.446         0.374         0.257         0.301
 Q15D           0.394         0.429         0.375         0.281         0.280
 Q15F           0.537         0.459         0.517         0.418         0.462


           WITHIN LEVEL CORRELATION
              Q15B          Q15C          Q15D          Q15F
              ________      ________      ________      ________
 Q15B           1.000
 Q15C           0.400         1.000
 Q15D           0.291         0.299         1.000
 Q15F           0.292         0.311         0.278         1.000


           BETWEEN LEVEL VARIANCE/COVARIANCE
              Q14A          Q14B          Q14F          Q14K          Q15A
              ________      ________      ________      ________      ________
 Q14A           0.048
 Q14B           0.031         0.040
 Q14F           0.040         0.029         0.053
 Q14K           0.015         0.010         0.023         0.022
 Q15A           0.034         0.023         0.026         0.016         0.032
 Q15B           0.020         0.021         0.030         0.006         0.008
 Q15C           0.039         0.035         0.046         0.013         0.022
 Q15D           0.046         0.037         0.043         0.023         0.031
 Q15F           0.030         0.022         0.029         0.018         0.025


           BETWEEN LEVEL VARIANCE/COVARIANCE
              Q15B          Q15C          Q15D          Q15F
              ________      ________      ________      ________
 Q15B           0.063
 Q15C           0.039         0.078
 Q15D           0.015         0.049         0.094
 Q15F           0.008         0.034         0.038         0.033


           BETWEEN LEVEL CORRELATION
              Q14A          Q14B          Q14F          Q14K          Q15A
              ________      ________      ________      ________      ________
 Q14A           1.000
 Q14B           0.704         1.000
 Q14F           0.788         0.640         1.000
 Q14K           0.442         0.347         0.678         1.000
 Q15A           0.857         0.647         0.644         0.606         1.000
 Q15B           0.371         0.423         0.517         0.163         0.185
 Q15C           0.636         0.634         0.716         0.321         0.448
 Q15D           0.681         0.602         0.605         0.511         0.572
 Q15F           0.739         0.611         0.693         0.673         0.776


           BETWEEN LEVEL CORRELATION
              Q15B          Q15C          Q15D          Q15F
              ________      ________      ________      ________
 Q15B           1.000
 Q15C           0.565         1.000
 Q15D           0.196         0.571         1.000
 Q15F           0.179         0.677         0.677         1.000


THE MODEL ESTIMATION TERMINATED NORMALLY



MODEL FIT INFORMATION

Number of Free Parameters                       90

Chi-Square Test of Model Fit

          Value                              0.000*
          Degrees of Freedom                     0
          P-Value                           0.0000

*   The chi-square value for MLM, MLMV, MLR, ULSMV, WLSM and WLSMV cannot be used
    for chi-square difference testing in the regular way.  MLM, MLR and WLSM
    chi-square difference testing is described on the Mplus website.  MLMV, WLSMV,
    and ULSMV difference testing is done using the DIFFTEST option.

RMSEA (Root Mean Square Error Of Approximation)

          Estimate                           0.000

CFI/TLI

          CFI                                1.000
          TLI                                1.000

Chi-Square Test of Model Fit for the Baseline Model

          Value                          89295.325
          Degrees of Freedom                    72
          P-Value                           0.0000

SRMR (Standardized Root Mean Square Residual)

          Value for Within                   0.000
          Value for Between                  0.000



MODEL RESULTS

                                                    Two-Tailed
                    Estimate       S.E.  Est./S.E.    P-Value

Within Level

 Q14A     WITH
    Q14B               0.540      0.008     67.189      0.000
    Q14F               0.515      0.008     65.762      0.000
    Q14K               0.330      0.010     32.117      0.000
    Q15A               0.626      0.006    110.004      0.000
    Q15B               0.465      0.007     70.901      0.000
    Q15C               0.420      0.008     51.058      0.000
    Q15D               0.394      0.010     41.062      0.000
    Q15F               0.537      0.006     83.305      0.000

 Q14B     WITH
    Q14F               0.506      0.010     52.674      0.000
    Q14K               0.336      0.019     17.295      0.000
    Q15A               0.546      0.008     64.936      0.000
    Q15B               0.486      0.010     49.047      0.000
    Q15C               0.446      0.008     54.453      0.000
    Q15D               0.429      0.008     52.934      0.000
    Q15F               0.459      0.010     43.989      0.000

 Q14F     WITH
    Q14K               0.435      0.017     25.166      0.000
    Q15A               0.501      0.007     67.356      0.000
    Q15B               0.425      0.009     49.721      0.000
    Q15C               0.374      0.009     39.667      0.000
    Q15D               0.375      0.010     36.210      0.000
    Q15F               0.517      0.009     56.776      0.000

 Q14K     WITH
    Q15A               0.389      0.009     43.133      0.000
    Q15B               0.249      0.012     20.158      0.000
    Q15C               0.257      0.012     22.296      0.000
    Q15D               0.281      0.016     17.222      0.000
    Q15F               0.418      0.013     31.353      0.000

 Q15A     WITH
    Q15B               0.318      0.009     33.833      0.000
    Q15C               0.301      0.007     42.451      0.000
    Q15D               0.280      0.007     39.711      0.000
    Q15F               0.462      0.007     66.807      0.000

 Q15B     WITH
    Q15C               0.400      0.008     47.219      0.000
    Q15D               0.291      0.017     17.412      0.000
    Q15F               0.292      0.011     26.204      0.000

 Q15C     WITH
    Q15D               0.299      0.009     33.382      0.000
    Q15F               0.311      0.007     42.139      0.000

 Q15D     WITH
    Q15F               0.278      0.013     22.043      0.000

Between Level

 Q14A     WITH
    Q14B               0.031      0.009      3.530      0.000
    Q14F               0.040      0.010      3.979      0.000
    Q14K               0.015      0.007      2.162      0.031
    Q15A               0.034      0.008      4.204      0.000
    Q15B               0.020      0.012      1.738      0.082
    Q15C               0.039      0.013      3.053      0.002
    Q15D               0.046      0.016      2.931      0.003
    Q15F               0.030      0.008      3.777      0.000

 Q14B     WITH
    Q14F               0.029      0.009      3.247      0.001
    Q14K               0.010      0.005      1.981      0.048
    Q15A               0.023      0.007      3.095      0.002
    Q15B               0.021      0.009      2.308      0.021
    Q15C               0.035      0.011      3.223      0.001
    Q15D               0.037      0.011      3.245      0.001
    Q15F               0.022      0.009      2.536      0.011

 Q14F     WITH
    Q14K               0.023      0.007      3.361      0.001
    Q15A               0.026      0.008      3.337      0.001
    Q15B               0.030      0.012      2.492      0.013
    Q15C               0.046      0.013      3.570      0.000
    Q15D               0.043      0.014      3.018      0.003
    Q15F               0.029      0.008      3.496      0.000

 Q14K     WITH
    Q15A               0.016      0.005      3.027      0.002
    Q15B               0.006      0.009      0.655      0.513
    Q15C               0.013      0.007      1.889      0.059
    Q15D               0.023      0.009      2.546      0.011
    Q15F               0.018      0.005      3.634      0.000

 Q15A     WITH
    Q15B               0.008      0.009      0.918      0.359
    Q15C               0.022      0.011      2.058      0.040
    Q15D               0.031      0.012      2.678      0.007
    Q15F               0.025      0.007      3.655      0.000

 Q15B     WITH
    Q15C               0.039      0.013      3.076      0.002
    Q15D               0.015      0.011      1.338      0.181
    Q15F               0.008      0.015      0.551      0.582

 Q15C     WITH
    Q15D               0.049      0.022      2.254      0.024
    Q15F               0.034      0.017      2.080      0.038

 Q15D     WITH
    Q15F               0.038      0.017      2.231      0.026

 Thresholds
    Q14A$1             1.260      0.035     36.420      0.000
    Q14B$1             1.290      0.031     41.891      0.000
    Q14F$1             1.647      0.035     46.715      0.000
    Q14K$1             1.852      0.029     63.782      0.000
    Q15A$1             1.095      0.027     40.172      0.000
    Q15B$1             0.714      0.036     19.927      0.000
    Q15C$1             0.858      0.040     21.551      0.000
    Q15D$1             0.830      0.044     19.011      0.000
    Q15F$1             1.169      0.029     40.999      0.000

 Variances
    Q14A               0.048      0.011      4.459      0.000
    Q14B               0.040      0.011      3.752      0.000
    Q14F               0.053      0.012      4.293      0.000
    Q14K               0.022      0.004      5.186      0.000
    Q15A               0.032      0.008      3.749      0.000
    Q15B               0.063      0.015      4.303      0.000
    Q15C               0.078      0.017      4.690      0.000
    Q15D               0.094      0.020      4.821      0.000
    Q15F               0.033      0.008      4.000      0.000

New/Additional Parameters
    COMP_V_W          37.978      0.329    115.282      0.000
    ALPHA_W            0.858      0.002    371.188      0.000
    COMP_V_B           2.417      0.494      4.891      0.000
    ALPHA_B            0.910      0.018     50.836      0.000


STANDARDIZED MODEL RESULTS


STDYX Standardization

                                                    Two-Tailed
                    Estimate       S.E.  Est./S.E.    P-Value

Within Level

 Q14A     WITH
    Q14B               0.540      0.008     67.189      0.000
    Q14F               0.515      0.008     65.762      0.000
    Q14K               0.330      0.010     32.117      0.000
    Q15A               0.626      0.006    110.004      0.000
    Q15B               0.465      0.007     70.901      0.000
    Q15C               0.420      0.008     51.058      0.000
    Q15D               0.394      0.010     41.062      0.000
    Q15F               0.537      0.006     83.305      0.000

 Q14B     WITH
    Q14F               0.506      0.010     52.674      0.000
    Q14K               0.336      0.019     17.295      0.000
    Q15A               0.546      0.008     64.936      0.000
    Q15B               0.486      0.010     49.047      0.000
    Q15C               0.446      0.008     54.453      0.000
    Q15D               0.429      0.008     52.934      0.000
    Q15F               0.459      0.010     43.989      0.000

 Q14F     WITH
    Q14K               0.435      0.017     25.166      0.000
    Q15A               0.501      0.007     67.356      0.000
    Q15B               0.425      0.009     49.721      0.000
    Q15C               0.374      0.009     39.667      0.000
    Q15D               0.375      0.010     36.210      0.000
    Q15F               0.517      0.009     56.776      0.000

 Q14K     WITH
    Q15A               0.389      0.009     43.133      0.000
    Q15B               0.249      0.012     20.158      0.000
    Q15C               0.257      0.012     22.296      0.000
    Q15D               0.281      0.016     17.222      0.000
    Q15F               0.418      0.013     31.353      0.000

 Q15A     WITH
    Q15B               0.318      0.009     33.833      0.000
    Q15C               0.301      0.007     42.451      0.000
    Q15D               0.280      0.007     39.711      0.000
    Q15F               0.462      0.007     66.807      0.000

 Q15B     WITH
    Q15C               0.400      0.008     47.219      0.000
    Q15D               0.291      0.017     17.412      0.000
    Q15F               0.292      0.011     26.204      0.000

 Q15C     WITH
    Q15D               0.299      0.009     33.382      0.000
    Q15F               0.311      0.007     42.139      0.000

 Q15D     WITH
    Q15F               0.278      0.013     22.043      0.000

Between Level

 Q14A     WITH
    Q14B               0.704      0.080      8.793      0.000
    Q14F               0.788      0.062     12.656      0.000
    Q14K               0.442      0.201      2.194      0.028
    Q15A               0.857      0.039     21.990      0.000
    Q15B               0.371      0.193      1.922      0.055
    Q15C               0.636      0.139      4.585      0.000
    Q15D               0.681      0.128      5.319      0.000
    Q15F               0.739      0.069     10.778      0.000

 Q14B     WITH
    Q14F               0.640      0.107      6.009      0.000
    Q14K               0.347      0.150      2.321      0.020
    Q15A               0.647      0.110      5.859      0.000
    Q15B               0.423      0.127      3.337      0.001
    Q15C               0.634      0.094      6.771      0.000
    Q15D               0.602      0.123      4.903      0.000
    Q15F               0.611      0.153      3.989      0.000

 Q14F     WITH
    Q14K               0.678      0.109      6.197      0.000
    Q15A               0.644      0.084      7.680      0.000
    Q15B               0.517      0.152      3.399      0.001
    Q15C               0.716      0.115      6.212      0.000
    Q15D               0.605      0.115      5.260      0.000
    Q15F               0.693      0.073      9.545      0.000

 Q14K     WITH
    Q15A               0.606      0.128      4.744      0.000
    Q15B               0.163      0.242      0.671      0.502
    Q15C               0.321      0.150      2.143      0.032
    Q15D               0.511      0.148      3.447      0.001
    Q15F               0.673      0.103      6.546      0.000

 Q15A     WITH
    Q15B               0.185      0.197      0.938      0.348
    Q15C               0.448      0.169      2.652      0.008
    Q15D               0.572      0.151      3.789      0.000
    Q15F               0.776      0.070     11.160      0.000

 Q15B     WITH
    Q15C               0.565      0.122      4.637      0.000
    Q15D               0.196      0.127      1.544      0.123
    Q15F               0.179      0.324      0.554      0.580

 Q15C     WITH
    Q15D               0.571      0.212      2.688      0.007
    Q15F               0.677      0.265      2.551      0.011

 Q15D     WITH
    Q15F               0.677      0.249      2.721      0.007

 Thresholds
    Q14A$1             1.260      0.035     36.420      0.000
    Q14B$1             1.290      0.031     41.891      0.000
    Q14F$1             1.647      0.035     46.715      0.000
    Q14K$1             1.852      0.029     63.782      0.000
    Q15A$1             1.095      0.027     40.172      0.000
    Q15B$1             0.714      0.036     19.927      0.000
    Q15C$1             0.858      0.040     21.551      0.000
    Q15D$1             0.830      0.044     19.011      0.000
    Q15F$1             1.169      0.029     40.999      0.000

 Variances
    Q14A               1.000      0.000    999.000    999.000
    Q14B               1.000      0.000    999.000    999.000
    Q14F               1.000      0.000    999.000    999.000
    Q14K               1.000      0.000    999.000    999.000
    Q15A               1.000      0.000    999.000    999.000
    Q15B               1.000      0.000    999.000    999.000
    Q15C               1.000      0.000    999.000    999.000
    Q15D               1.000      0.000    999.000    999.000
    Q15F               1.000      0.000    999.000    999.000


STDY Standardization

                                                    Two-Tailed
                    Estimate       S.E.  Est./S.E.    P-Value

Within Level

 Q14A     WITH
    Q14B               0.540      0.008     67.189      0.000
    Q14F               0.515      0.008     65.762      0.000
    Q14K               0.330      0.010     32.117      0.000
    Q15A               0.626      0.006    110.004      0.000
    Q15B               0.465      0.007     70.901      0.000
    Q15C               0.420      0.008     51.058      0.000
    Q15D               0.394      0.010     41.062      0.000
    Q15F               0.537      0.006     83.305      0.000

 Q14B     WITH
    Q14F               0.506      0.010     52.674      0.000
    Q14K               0.336      0.019     17.295      0.000
    Q15A               0.546      0.008     64.936      0.000
    Q15B               0.486      0.010     49.047      0.000
    Q15C               0.446      0.008     54.453      0.000
    Q15D               0.429      0.008     52.934      0.000
    Q15F               0.459      0.010     43.989      0.000

 Q14F     WITH
    Q14K               0.435      0.017     25.166      0.000
    Q15A               0.501      0.007     67.356      0.000
    Q15B               0.425      0.009     49.721      0.000
    Q15C               0.374      0.009     39.667      0.000
    Q15D               0.375      0.010     36.210      0.000
    Q15F               0.517      0.009     56.776      0.000

 Q14K     WITH
    Q15A               0.389      0.009     43.133      0.000
    Q15B               0.249      0.012     20.158      0.000
    Q15C               0.257      0.012     22.296      0.000
    Q15D               0.281      0.016     17.222      0.000
    Q15F               0.418      0.013     31.353      0.000

 Q15A     WITH
    Q15B               0.318      0.009     33.833      0.000
    Q15C               0.301      0.007     42.451      0.000
    Q15D               0.280      0.007     39.711      0.000
    Q15F               0.462      0.007     66.807      0.000

 Q15B     WITH
    Q15C               0.400      0.008     47.219      0.000
    Q15D               0.291      0.017     17.412      0.000
    Q15F               0.292      0.011     26.204      0.000

 Q15C     WITH
    Q15D               0.299      0.009     33.382      0.000
    Q15F               0.311      0.007     42.139      0.000

 Q15D     WITH
    Q15F               0.278      0.013     22.043      0.000

Between Level

 Q14A     WITH
    Q14B               0.704      0.080      8.793      0.000
    Q14F               0.788      0.062     12.656      0.000
    Q14K               0.442      0.201      2.194      0.028
    Q15A               0.857      0.039     21.990      0.000
    Q15B               0.371      0.193      1.922      0.055
    Q15C               0.636      0.139      4.585      0.000
    Q15D               0.681      0.128      5.319      0.000
    Q15F               0.739      0.069     10.778      0.000

 Q14B     WITH
    Q14F               0.640      0.107      6.009      0.000
    Q14K               0.347      0.150      2.321      0.020
    Q15A               0.647      0.110      5.859      0.000
    Q15B               0.423      0.127      3.337      0.001
    Q15C               0.634      0.094      6.771      0.000
    Q15D               0.602      0.123      4.903      0.000
    Q15F               0.611      0.153      3.989      0.000

 Q14F     WITH
    Q14K               0.678      0.109      6.197      0.000
    Q15A               0.644      0.084      7.680      0.000
    Q15B               0.517      0.152      3.399      0.001
    Q15C               0.716      0.115      6.212      0.000
    Q15D               0.605      0.115      5.260      0.000
    Q15F               0.693      0.073      9.545      0.000

 Q14K     WITH
    Q15A               0.606      0.128      4.744      0.000
    Q15B               0.163      0.242      0.671      0.502
    Q15C               0.321      0.150      2.143      0.032
    Q15D               0.511      0.148      3.447      0.001
    Q15F               0.673      0.103      6.546      0.000

 Q15A     WITH
    Q15B               0.185      0.197      0.938      0.348
    Q15C               0.448      0.169      2.652      0.008
    Q15D               0.572      0.151      3.789      0.000
    Q15F               0.776      0.070     11.160      0.000

 Q15B     WITH
    Q15C               0.565      0.122      4.637      0.000
    Q15D               0.196      0.127      1.544      0.123
    Q15F               0.179      0.324      0.554      0.580

 Q15C     WITH
    Q15D               0.571      0.212      2.688      0.007
    Q15F               0.677      0.265      2.551      0.011

 Q15D     WITH
    Q15F               0.677      0.249      2.721      0.007

 Thresholds
    Q14A$1             1.260      0.035     36.420      0.000
    Q14B$1             1.290      0.031     41.891      0.000
    Q14F$1             1.647      0.035     46.715      0.000
    Q14K$1             1.852      0.029     63.782      0.000
    Q15A$1             1.095      0.027     40.172      0.000
    Q15B$1             0.714      0.036     19.927      0.000
    Q15C$1             0.858      0.040     21.551      0.000
    Q15D$1             0.830      0.044     19.011      0.000
    Q15F$1             1.169      0.029     40.999      0.000

 Variances
    Q14A               1.000      0.000    999.000    999.000
    Q14B               1.000      0.000    999.000    999.000
    Q14F               1.000      0.000    999.000    999.000
    Q14K               1.000      0.000    999.000    999.000
    Q15A               1.000      0.000    999.000    999.000
    Q15B               1.000      0.000    999.000    999.000
    Q15C               1.000      0.000    999.000    999.000
    Q15D               1.000      0.000    999.000    999.000
    Q15F               1.000      0.000    999.000    999.000


STD Standardization

                                                    Two-Tailed
                    Estimate       S.E.  Est./S.E.    P-Value

Within Level

 Q14A     WITH
    Q14B               0.540      0.008     67.189      0.000
    Q14F               0.515      0.008     65.762      0.000
    Q14K               0.330      0.010     32.117      0.000
    Q15A               0.626      0.006    110.004      0.000
    Q15B               0.465      0.007     70.901      0.000
    Q15C               0.420      0.008     51.058      0.000
    Q15D               0.394      0.010     41.062      0.000
    Q15F               0.537      0.006     83.305      0.000

 Q14B     WITH
    Q14F               0.506      0.010     52.674      0.000
    Q14K               0.336      0.019     17.295      0.000
    Q15A               0.546      0.008     64.936      0.000
    Q15B               0.486      0.010     49.047      0.000
    Q15C               0.446      0.008     54.453      0.000
    Q15D               0.429      0.008     52.934      0.000
    Q15F               0.459      0.010     43.989      0.000

 Q14F     WITH
    Q14K               0.435      0.017     25.166      0.000
    Q15A               0.501      0.007     67.356      0.000
    Q15B               0.425      0.009     49.721      0.000
    Q15C               0.374      0.009     39.667      0.000
    Q15D               0.375      0.010     36.210      0.000
    Q15F               0.517      0.009     56.776      0.000

 Q14K     WITH
    Q15A               0.389      0.009     43.133      0.000
    Q15B               0.249      0.012     20.158      0.000
    Q15C               0.257      0.012     22.296      0.000
    Q15D               0.281      0.016     17.222      0.000
    Q15F               0.418      0.013     31.353      0.000

 Q15A     WITH
    Q15B               0.318      0.009     33.833      0.000
    Q15C               0.301      0.007     42.451      0.000
    Q15D               0.280      0.007     39.711      0.000
    Q15F               0.462      0.007     66.807      0.000

 Q15B     WITH
    Q15C               0.400      0.008     47.219      0.000
    Q15D               0.291      0.017     17.412      0.000
    Q15F               0.292      0.011     26.204      0.000

 Q15C     WITH
    Q15D               0.299      0.009     33.382      0.000
    Q15F               0.311      0.007     42.139      0.000

 Q15D     WITH
    Q15F               0.278      0.013     22.043      0.000

Between Level

 Q14A     WITH
    Q14B               0.031      0.009      3.530      0.000
    Q14F               0.040      0.010      3.979      0.000
    Q14K               0.015      0.007      2.162      0.031
    Q15A               0.034      0.008      4.204      0.000
    Q15B               0.020      0.012      1.738      0.082
    Q15C               0.039      0.013      3.053      0.002
    Q15D               0.046      0.016      2.931      0.003
    Q15F               0.030      0.008      3.777      0.000

 Q14B     WITH
    Q14F               0.029      0.009      3.247      0.001
    Q14K               0.010      0.005      1.981      0.048
    Q15A               0.023      0.007      3.095      0.002
    Q15B               0.021      0.009      2.308      0.021
    Q15C               0.035      0.011      3.223      0.001
    Q15D               0.037      0.011      3.245      0.001
    Q15F               0.022      0.009      2.536      0.011

 Q14F     WITH
    Q14K               0.023      0.007      3.361      0.001
    Q15A               0.026      0.008      3.337      0.001
    Q15B               0.030      0.012      2.492      0.013
    Q15C               0.046      0.013      3.570      0.000
    Q15D               0.043      0.014      3.018      0.003
    Q15F               0.029      0.008      3.496      0.000

 Q14K     WITH
    Q15A               0.016      0.005      3.027      0.002
    Q15B               0.006      0.009      0.655      0.513
    Q15C               0.013      0.007      1.889      0.059
    Q15D               0.023      0.009      2.546      0.011
    Q15F               0.018      0.005      3.634      0.000

 Q15A     WITH
    Q15B               0.008      0.009      0.918      0.359
    Q15C               0.022      0.011      2.058      0.040
    Q15D               0.031      0.012      2.678      0.007
    Q15F               0.025      0.007      3.655      0.000

 Q15B     WITH
    Q15C               0.039      0.013      3.076      0.002
    Q15D               0.015      0.011      1.338      0.181
    Q15F               0.008      0.015      0.551      0.582

 Q15C     WITH
    Q15D               0.049      0.022      2.254      0.024
    Q15F               0.034      0.017      2.080      0.038

 Q15D     WITH
    Q15F               0.038      0.017      2.231      0.026

 Thresholds
    Q14A$1             1.260      0.035     36.420      0.000
    Q14B$1             1.290      0.031     41.891      0.000
    Q14F$1             1.647      0.035     46.715      0.000
    Q14K$1             1.852      0.029     63.782      0.000
    Q15A$1             1.095      0.027     40.172      0.000
    Q15B$1             0.714      0.036     19.927      0.000
    Q15C$1             0.858      0.040     21.551      0.000
    Q15D$1             0.830      0.044     19.011      0.000
    Q15F$1             1.169      0.029     40.999      0.000

 Variances
    Q14A               0.048      0.011      4.459      0.000
    Q14B               0.040      0.011      3.752      0.000
    Q14F               0.053      0.012      4.293      0.000
    Q14K               0.022      0.004      5.186      0.000
    Q15A               0.032      0.008      3.749      0.000
    Q15B               0.063      0.015      4.303      0.000
    Q15C               0.078      0.017      4.690      0.000
    Q15D               0.094      0.020      4.821      0.000
    Q15F               0.033      0.008      4.000      0.000


QUALITY OF NUMERICAL RESULTS

     Condition Number for the Information Matrix              0.187E-04
       (ratio of smallest to largest eigenvalue)


DIAGRAM INFORMATION

  Mplus diagrams are currently not available for multilevel analysis.
  No diagram output was produced.


     Beginning Time:  12:20:12
        Ending Time:  13:01:46
       Elapsed Time:  00:41:34



MUTHEN & MUTHEN
3463 Stoner Ave.
Los Angeles, CA  90066

Tel: (310) 391-9971
Fax: (310) 391-8971
Web: www.StatModel.com
Support: Support@StatModel.com

Copyright (c) 1998-2018 Muthen & Muthen
