Mplus VERSION 8.1
MUTHEN & MUTHEN
01/07/2019   9:10 PM

INPUT INSTRUCTIONS

  TITLE:	Car Prdie MCFA - Two Level Omega/H

  DATA:	
  	FILE IS CarPrideItems.txt;

  VARIABLE:	
  	NAMES ARE
  	R_ID iso_num
  	q14A	q14B	q14C	q14D	q14E	
  	q14F	q14G	q14H	q14I	q14J	
  	q14K	q14L	q15A	q15B	q15C	
  	q15D	q15E	q15F;

    USEVARIABLES ARE
     	iso_num
      	q14A q14B q14F q14K
      	q15A q15B q15C q15D q15F;

    CATEGORICAL ARE
          q14A q14B q14F q14K	
      	q15A q15B q15C q15D q15F;

    CLUSTER = iso_num;
    IDVARIABLE = R_ID;	
    MISSING = ALL (-9999);

  ANALYSIS:
      TYPE = TWOLEVEL;
      ESTIMATOR = WLSMV;
      PARAMETERIZATION = THETA;
      PROCESSORS = 4;


  MODEL:
        %WITHIN%
        !Within-level factor loadings (Ls)
        CarPr_Id BY q14A* (L1)
            q14B (L2)
            q14F (L3)
            q14K (L4)
            q15A (L5)
            q15B (L6)
            q15C (L7)
            q15D (L8)
            q15F (L9);
        CarPr_Id@1;

        !within-level residual variances for the 9 items
        !not freely estimated; fixed at 1 for probit (pi^2/3 for logit)
        !q14A q14B q14F q14K q15A q15B q15C q15D q15F (WR1-WR9);

        %BETWEEN%
        !Between-level loadings are set equal to the within-level loadings (Ls)
        CarPr_Co BY q14A* (L1)
            q14B (L2)
            q14F (L3)
            q14K (L4)
            q15A (L5)
            q15B (L6)
            q15C (L7)
            q15D (L8)
            q15F (L9);
        CarPr_CO@1;

        !Between level item residual variances (BRs)
        q14A* (BR1);
        q14B* (BR2);
        q14F* (BR3);
        q14K* (BR4);
        q15A* (BR5);
        q15B* (BR6);
        q15C* (BR7);
        q15D* (BR8);
        q15F* (BR9);


    OUTPUT:
        SAMPSTAT;

    MODEL CONSTRAINT:
        NEW(NUMW DENOMW OMEGAW HW
            NUMB DENOMB OMEGAB HB);

        NUMW = (L1+L2+L3+L4+L5+L6+L7+L8+L9)**2;
        DENOMW = ((L1+L2+L3+L4+L5+L6+L7+L8+L9)**2)+9;
                 !+(WR1+WR2+WR3+WR4+WR5+WR6+WR7+WR8+WR9)
        OMEGAW = NUMW/DENOMW;
        !HW = 1/(1+(1/((WL1**2/WR1)+(WL2**2/WR2)+(WL3**2/WR3)+(WL4**2/WR4)
        !     +(WL5**2/WR5)+(WL6**2/WR6)+(WL7**2/WR7)+(WL8**2/WR8)+(WL9**2/WR9))));
        HW = 1/(1+(1/((L1**2)+(L2**2)+(L3**2)+(L4**2)+(L5**2)
             +(L6**2)+(L7**2)+(L8**2)+(L9**2))));

        NUMB = (L1+L2+L3+L4+L5+L6+L7+L8+L9)**2;
        DENOMB = ((L1+L2+L3+L4+L5+L6+L7+L8+L9)**2)
                 +(BR1+BR2+BR3+BR4+BR5+BR6+BR7+BR8+BR9);
        OMEGAB = NUMB/DENOMB;
        HB = 1/(1+(1/((L1**2/BR1)+(L2**2/BR2)+(L3**2/BR3)+(L4**2/BR4)+(L5**2/BR5)
             +(L6**2/BR6)+(L7**2/BR7)+(L8**2/BR8)+(L9**2/BR9))));

        !Within residuals fixed at 1, so do not need to constrain to be > 0
        !WR# > 0;

        BR1 > 0;
        BR2 > 0;
        BR3 > 0;
        BR4 > 0;
        BR5 > 0;
        BR6 > 0;
        BR7 > 0;
        BR8 > 0;
        BR9 > 0;



INPUT READING TERMINATED NORMALLY



Car Prdie MCFA - Two Level Omega/H

SUMMARY OF ANALYSIS

Number of groups                                                 1
Number of observations                                       41932

Number of dependent variables                                    9
Number of independent variables                                  0
Number of continuous latent variables                            2

Observed dependent variables

  Binary and ordered categorical (ordinal)
   Q14A        Q14B        Q14F        Q14K        Q15A        Q15B
   Q15C        Q15D        Q15F

Continuous latent variables
   CARPR_ID    CARPR_CO

Variables with special functions

  Cluster variable      ISO_NUM
  ID variable           R_ID

Estimator                                                    WLSMV
Optimization Specifications for the Quasi-Newton Algorithm for
Continuous Outcomes
  Maximum number of iterations                                1000
  Convergence criterion                                  0.100D-05
Optimization Specifications for the EM Algorithm
  Maximum number of iterations                                 500
  Convergence criteria
    Loglikelihood change                                 0.100D-02
    Relative loglikelihood change                        0.100D-05
    Derivative                                           0.100D-02
Optimization Specifications for the M step of the EM Algorithm for
Categorical Latent variables
  Number of M step iterations                                    1
  M step convergence criterion                           0.100D-02
  Basis for M step termination                           ITERATION
Optimization Specifications for the M step of the EM Algorithm for
Censored, Binary or Ordered Categorical (Ordinal), Unordered
Categorical (Nominal) and Count Outcomes
  Number of M step iterations                                    1
  M step convergence criterion                           0.100D-02
  Basis for M step termination                           ITERATION
  Maximum value for logit thresholds                            10
  Minimum value for logit thresholds                           -10
  Minimum expected cell size for chi-square              0.100D-01
Maximum number of iterations for H1                           2000
Convergence criterion for H1                             0.100D-03
Optimization algorithm                                          FS
Integration Specifications
  Type                                                    STANDARD
  Number of integration points                                   7
  Dimensions of numerical integration                            2
  Adaptive quadrature                                           ON
Link                                                        PROBIT
Cholesky                                                        ON

Input data file(s)
  CarPrideItems.txt
Input data format  FREE


SUMMARY OF DATA

     Number of clusters                         51

     Average cluster size      822.196

     Estimated Intraclass Correlations for the Y Variables

                Intraclass              Intraclass              Intraclass
     Variable  Correlation   Variable  Correlation   Variable  Correlation

     Q14A         0.046      Q14B         0.038      Q14F         0.050
     Q14K         0.022      Q15A         0.031      Q15B         0.059
     Q15C         0.072      Q15D         0.086      Q15F         0.032



COVARIANCE COVERAGE OF DATA

Minimum covariance coverage value   0.100


UNIVARIATE PROPORTIONS AND COUNTS FOR CATEGORICAL VARIABLES

    Q14A
      Category 1    0.895        37543.000
      Category 2    0.105         4389.000
    Q14B
      Category 1    0.898        37640.000
      Category 2    0.102         4292.000
    Q14F
      Category 1    0.947        39709.000
      Category 2    0.053         2223.000
    Q14K
      Category 1    0.966        40521.000
      Category 2    0.034         1411.000
    Q15A
      Category 1    0.862        36154.000
      Category 2    0.138         5778.000
    Q15B
      Category 1    0.754        31608.000
      Category 2    0.246        10324.000
    Q15C
      Category 1    0.799        33505.000
      Category 2    0.201         8427.000
    Q15D
      Category 1    0.792        33231.000
      Category 2    0.208         8701.000
    Q15F
      Category 1    0.878        36825.000
      Category 2    0.122         5107.000


SAMPLE STATISTICS


     ESTIMATED SAMPLE STATISTICS


           MEANS/INTERCEPTS/THRESHOLDS
              Q14A$1        Q14B$1        Q14F$1        Q14K$1        Q15A$1
              ________      ________      ________      ________      ________
                1.260         1.290         1.647         1.852         1.095


           MEANS/INTERCEPTS/THRESHOLDS
              Q15B$1        Q15C$1        Q15D$1        Q15F$1
              ________      ________      ________      ________
                0.714         0.858         0.830         1.169


           WITHIN LEVEL VARIANCE/COVARIANCE
              Q14A          Q14B          Q14F          Q14K          Q15A
              ________      ________      ________      ________      ________
 Q14A           1.000
 Q14B           0.540         1.000
 Q14F           0.515         0.506         1.000
 Q14K           0.330         0.336         0.435         1.000
 Q15A           0.626         0.546         0.501         0.389         1.000
 Q15B           0.465         0.486         0.425         0.249         0.318
 Q15C           0.420         0.446         0.374         0.257         0.301
 Q15D           0.394         0.429         0.375         0.281         0.280
 Q15F           0.537         0.459         0.517         0.418         0.462


           WITHIN LEVEL VARIANCE/COVARIANCE
              Q15B          Q15C          Q15D          Q15F
              ________      ________      ________      ________
 Q15B           1.000
 Q15C           0.400         1.000
 Q15D           0.291         0.299         1.000
 Q15F           0.292         0.311         0.278         1.000


           WITHIN LEVEL CORRELATION
              Q14A          Q14B          Q14F          Q14K          Q15A
              ________      ________      ________      ________      ________
 Q14A           1.000
 Q14B           0.540         1.000
 Q14F           0.515         0.506         1.000
 Q14K           0.330         0.336         0.435         1.000
 Q15A           0.626         0.546         0.501         0.389         1.000
 Q15B           0.465         0.486         0.425         0.249         0.318
 Q15C           0.420         0.446         0.374         0.257         0.301
 Q15D           0.394         0.429         0.375         0.281         0.280
 Q15F           0.537         0.459         0.517         0.418         0.462


           WITHIN LEVEL CORRELATION
              Q15B          Q15C          Q15D          Q15F
              ________      ________      ________      ________
 Q15B           1.000
 Q15C           0.400         1.000
 Q15D           0.291         0.299         1.000
 Q15F           0.292         0.311         0.278         1.000


           BETWEEN LEVEL VARIANCE/COVARIANCE
              Q14A          Q14B          Q14F          Q14K          Q15A
              ________      ________      ________      ________      ________
 Q14A           0.048
 Q14B           0.031         0.040
 Q14F           0.040         0.029         0.053
 Q14K           0.015         0.010         0.024         0.023
 Q15A           0.034         0.023         0.027         0.016         0.032
 Q15B           0.020         0.021         0.030         0.006         0.008
 Q15C           0.039         0.035         0.046         0.014         0.022
 Q15D           0.046         0.037         0.043         0.024         0.031
 Q15F           0.030         0.022         0.029         0.019         0.025


           BETWEEN LEVEL VARIANCE/COVARIANCE
              Q15B          Q15C          Q15D          Q15F
              ________      ________      ________      ________
 Q15B           0.063
 Q15C           0.039         0.078
 Q15D           0.015         0.049         0.094
 Q15F           0.008         0.034         0.038         0.033


           BETWEEN LEVEL CORRELATION
              Q14A          Q14B          Q14F          Q14K          Q15A
              ________      ________      ________      ________      ________
 Q14A           1.000
 Q14B           0.704         1.000
 Q14F           0.788         0.640         1.000
 Q14K           0.443         0.348         0.680         1.000
 Q15A           0.857         0.647         0.645         0.608         1.000
 Q15B           0.371         0.423         0.517         0.163         0.185
 Q15C           0.636         0.634         0.717         0.322         0.448
 Q15D           0.681         0.602         0.605         0.513         0.572
 Q15F           0.739         0.611         0.693         0.674         0.776


           BETWEEN LEVEL CORRELATION
              Q15B          Q15C          Q15D          Q15F
              ________      ________      ________      ________
 Q15B           1.000
 Q15C           0.565         1.000
 Q15D           0.196         0.571         1.000
 Q15F           0.179         0.677         0.677         1.000


THE MODEL ESTIMATION TERMINATED NORMALLY

     THE STANDARD ERRORS OF THE MODEL PARAMETER ESTIMATES COULD NOT BE
     COMPUTED.  THE MODEL MAY NOT BE IDENTIFIED.  CHECK YOUR MODEL.
     PROBLEM INVOLVING PARAMETER 42.

     THE CONDITION NUMBER IS       0.150D-10.





MODEL RESULTS

                    Estimate

Within Level

 CARPR_ID BY
    Q14A               0.837
    Q14B               0.541
    Q14F               0.600
    Q14K               0.166
    Q15A               0.572
    Q15B               0.532
    Q15C               0.599
    Q15D               0.523
    Q15F               0.497

 Variances
    CARPR_ID           1.000

Between Level

 CARPR_CO BY
    Q14A               0.837
    Q14B               0.541
    Q14F               0.600
    Q14K               0.166
    Q15A               0.572
    Q15B               0.532
    Q15C               0.599
    Q15D               0.523
    Q15F               0.497

 Thresholds
    Q14A$1             1.643
    Q14B$1             1.467
    Q14F$1             1.921
    Q14K$1             1.877
    Q15A$1             1.262
    Q15B$1             0.809
    Q15C$1             1.000
    Q15D$1             0.936
    Q15F$1             1.306

 Variances
    CARPR_CO           1.000

 Residual Variances
    Q14A               0.000
    Q14B               0.000
    Q14F               0.000
    Q14K               0.000
    Q15A               0.000
    Q15B               0.000
    Q15C               0.000
    Q15D               0.000
    Q15F               0.000

New/Additional Parameters
    NUMW              23.702
    DENOMW            32.702
    OMEGAW             0.725
    HW                 0.742
    NUMB              23.702
    DENOMB            23.703
    OMEGAB             1.000
    HB                 1.000


MODEL COMMAND WITH FINAL ESTIMATES USED AS STARTING VALUES

     %WITHIN%

     carpr_id BY q14a*0.83718 (l1);
     carpr_id BY q14b*0.54143 (l2);
     carpr_id BY q14f*0.60040 (l3);
     carpr_id BY q14k*0.16629 (l4);
     carpr_id BY q15a*0.57188 (l5);
     carpr_id BY q15b*0.53189 (l6);
     carpr_id BY q15c*0.59868 (l7);
     carpr_id BY q15d*0.52330 (l8);
     carpr_id BY q15f*0.49743 (l9);

     carpr_id@1;

     %BETWEEN%

     carpr_co BY q14a*0.83718 (l1);
     carpr_co BY q14b*0.54143 (l2);
     carpr_co BY q14f*0.60040 (l3);
     carpr_co BY q14k*0.16629 (l4);
     carpr_co BY q15a*0.57188 (l5);
     carpr_co BY q15b*0.53189 (l6);
     carpr_co BY q15c*0.59868 (l7);
     carpr_co BY q15d*0.52330 (l8);
     carpr_co BY q15f*0.49743 (l9);

     [ q14a$1*1.64268 ];
     [ q14b$1*1.46749 ];
     [ q14f$1*1.92149 ];
     [ q14k$1*1.87708 ];
     [ q15a$1*1.26189 ];
     [ q15b$1*0.80908 ];
     [ q15c$1*1.00045 ];
     [ q15d$1*0.93627 ];
     [ q15f$1*1.30587 ];

     q14a*0.00009 (br1);
     q14b*0.00007 (br2);
     q14f*0.00005 (br3);
     q14k*0.00007 (br4);
     q15a*0.00009 (br5);
     q15b*0.00006 (br6);
     q15c*0.00002 (br7);
     q15d*0.00008 (br8);
     q15f*0.00009 (br9);
     carpr_co@1;

     ! NEW statements in MODEL CONSTRAINT
     NEW(numw*23.70209);
     NEW(denomw*32.70208);
     NEW(omegaw*0.72479);
     NEW(hw*0.74172);
     NEW(numb*23.70209);
     NEW(denomb*23.70271);
     NEW(omegab*0.99997);
     NEW(hb*0.99998);




TECHNICAL 1 OUTPUT


     PARAMETER SPECIFICATION FOR WITHIN


           TAU
              Q14A$1        Q14B$1        Q14F$1        Q14K$1        Q15A$1
              ________      ________      ________      ________      ________
                    0             0             0             0             0


           TAU
              Q15B$1        Q15C$1        Q15D$1        Q15F$1
              ________      ________      ________      ________
                    0             0             0             0


           NU
              Q14A          Q14B          Q14F          Q14K          Q15A
              ________      ________      ________      ________      ________
                    0             0             0             0             0


           NU
              Q15B          Q15C          Q15D          Q15F
              ________      ________      ________      ________
                    0             0             0             0


           LAMBDA
              CARPR_ID
              ________
 Q14A               1
 Q14B               2
 Q14F               3
 Q14K               4
 Q15A               5
 Q15B               6
 Q15C               7
 Q15D               8
 Q15F               9


           THETA
              Q14A          Q14B          Q14F          Q14K          Q15A
              ________      ________      ________      ________      ________
 Q14A               0
 Q14B               0             0
 Q14F               0             0             0
 Q14K               0             0             0             0
 Q15A               0             0             0             0             0
 Q15B               0             0             0             0             0
 Q15C               0             0             0             0             0
 Q15D               0             0             0             0             0
 Q15F               0             0             0             0             0


           THETA
              Q15B          Q15C          Q15D          Q15F
              ________      ________      ________      ________
 Q15B               0
 Q15C               0             0
 Q15D               0             0             0
 Q15F               0             0             0             0


           ALPHA
              CARPR_ID
              ________
                    0


           BETA
              CARPR_ID
              ________
 CARPR_ID           0


           PSI
              CARPR_ID
              ________
 CARPR_ID           0


     PARAMETER SPECIFICATION FOR BETWEEN


           TAU
              Q14A$1        Q14B$1        Q14F$1        Q14K$1        Q15A$1
              ________      ________      ________      ________      ________
                   19            20            21            22            23


           TAU
              Q15B$1        Q15C$1        Q15D$1        Q15F$1
              ________      ________      ________      ________
                   24            25            26            27


           NU
              Q14A          Q14B          Q14F          Q14K          Q15A
              ________      ________      ________      ________      ________
                    0             0             0             0             0


           NU
              Q15B          Q15C          Q15D          Q15F
              ________      ________      ________      ________
                    0             0             0             0


           LAMBDA
              CARPR_CO
              ________
 Q14A               1
 Q14B               2
 Q14F               3
 Q14K               4
 Q15A               5
 Q15B               6
 Q15C               7
 Q15D               8
 Q15F               9


           THETA
              Q14A          Q14B          Q14F          Q14K          Q15A
              ________      ________      ________      ________      ________
 Q14A              10
 Q14B               0            11
 Q14F               0             0            12
 Q14K               0             0             0            13
 Q15A               0             0             0             0            14
 Q15B               0             0             0             0             0
 Q15C               0             0             0             0             0
 Q15D               0             0             0             0             0
 Q15F               0             0             0             0             0


           THETA
              Q15B          Q15C          Q15D          Q15F
              ________      ________      ________      ________
 Q15B              15
 Q15C               0            16
 Q15D               0             0            17
 Q15F               0             0             0            18


           ALPHA
              CARPR_CO
              ________
                    0


           BETA
              CARPR_CO
              ________
 CARPR_CO           0


           PSI
              CARPR_CO
              ________
 CARPR_CO           0


     PARAMETER SPECIFICATION FOR THE ADDITIONAL PARAMETERS


           NEW/ADDITIONAL PARAMETERS
              NUMW          DENOMW        OMEGAW        HW            NUMB
              ________      ________      ________      ________      ________
                   28            29            30            31            32


           NEW/ADDITIONAL PARAMETERS
              DENOMB        OMEGAB        HB
              ________      ________      ________
                   33            34            35


     STARTING VALUES FOR WITHIN


           TAU
              Q14A$1        Q14B$1        Q14F$1        Q14K$1        Q15A$1
              ________      ________      ________      ________      ________
                0.000         0.000         0.000         0.000         0.000


           TAU
              Q15B$1        Q15C$1        Q15D$1        Q15F$1
              ________      ________      ________      ________
                0.000         0.000         0.000         0.000


           NU
              Q14A          Q14B          Q14F          Q14K          Q15A
              ________      ________      ________      ________      ________
                0.000         0.000         0.000         0.000         0.000


           NU
              Q15B          Q15C          Q15D          Q15F
              ________      ________      ________      ________
                0.000         0.000         0.000         0.000


           LAMBDA
              CARPR_ID
              ________
 Q14A           1.000
 Q14B           1.000
 Q14F           1.000
 Q14K           1.000
 Q15A           1.000
 Q15B           1.000
 Q15C           1.000
 Q15D           1.000
 Q15F           1.000


           THETA
              Q14A          Q14B          Q14F          Q14K          Q15A
              ________      ________      ________      ________      ________
 Q14A           1.000
 Q14B           0.000         1.000
 Q14F           0.000         0.000         1.000
 Q14K           0.000         0.000         0.000         1.000
 Q15A           0.000         0.000         0.000         0.000         1.000
 Q15B           0.000         0.000         0.000         0.000         0.000
 Q15C           0.000         0.000         0.000         0.000         0.000
 Q15D           0.000         0.000         0.000         0.000         0.000
 Q15F           0.000         0.000         0.000         0.000         0.000


           THETA
              Q15B          Q15C          Q15D          Q15F
              ________      ________      ________      ________
 Q15B           1.000
 Q15C           0.000         1.000
 Q15D           0.000         0.000         1.000
 Q15F           0.000         0.000         0.000         1.000


           ALPHA
              CARPR_ID
              ________
                0.000


           BETA
              CARPR_ID
              ________
 CARPR_ID       0.000


           PSI
              CARPR_ID
              ________
 CARPR_ID       1.000


     STARTING VALUES FOR BETWEEN


           TAU
              Q14A$1        Q14B$1        Q14F$1        Q14K$1        Q15A$1
              ________      ________      ________      ________      ________
                1.192         1.206         1.602         1.865         1.019


           TAU
              Q15B$1        Q15C$1        Q15D$1        Q15F$1
              ________      ________      ________      ________
                0.622         0.767         0.744         1.098


           NU
              Q14A          Q14B          Q14F          Q14K          Q15A
              ________      ________      ________      ________      ________
                0.000         0.000         0.000         0.000         0.000


           NU
              Q15B          Q15C          Q15D          Q15F
              ________      ________      ________      ________
                0.000         0.000         0.000         0.000


           LAMBDA
              CARPR_CO
              ________
 Q14A           1.000
 Q14B           1.000
 Q14F           1.000
 Q14K           1.000
 Q15A           1.000
 Q15B           1.000
 Q15C           1.000
 Q15D           1.000
 Q15F           1.000


           THETA
              Q14A          Q14B          Q14F          Q14K          Q15A
              ________      ________      ________      ________      ________
 Q14A           1.000
 Q14B           0.000         1.000
 Q14F           0.000         0.000         1.000
 Q14K           0.000         0.000         0.000         1.000
 Q15A           0.000         0.000         0.000         0.000         1.000
 Q15B           0.000         0.000         0.000         0.000         0.000
 Q15C           0.000         0.000         0.000         0.000         0.000
 Q15D           0.000         0.000         0.000         0.000         0.000
 Q15F           0.000         0.000         0.000         0.000         0.000


           THETA
              Q15B          Q15C          Q15D          Q15F
              ________      ________      ________      ________
 Q15B           1.000
 Q15C           0.000         1.000
 Q15D           0.000         0.000         1.000
 Q15F           0.000         0.000         0.000         1.000


           ALPHA
              CARPR_CO
              ________
                0.000


           BETA
              CARPR_CO
              ________
 CARPR_CO       0.000


           PSI
              CARPR_CO
              ________
 CARPR_CO       1.000


     STARTING VALUES FOR THE ADDITIONAL PARAMETERS


           NEW/ADDITIONAL PARAMETERS
              NUMW          DENOMW        OMEGAW        HW            NUMB
              ________      ________      ________      ________      ________
                0.500         0.500         0.500         0.500         0.500


           NEW/ADDITIONAL PARAMETERS
              DENOMB        OMEGAB        HB
              ________      ________      ________
                0.500         0.500         0.500


DIAGRAM INFORMATION

  Mplus diagrams are currently not available for multilevel analysis.
  No diagram output was produced.


     Beginning Time:  21:10:51
        Ending Time:  21:20:21
       Elapsed Time:  00:09:30



MUTHEN & MUTHEN
3463 Stoner Ave.
Los Angeles, CA  90066

Tel: (310) 391-9971
Fax: (310) 391-8971
Web: www.StatModel.com
Support: Support@StatModel.com

Copyright (c) 1998-2018 Muthen & Muthen
